======================================================
 Job started on host1085.jc.rl.ac.uk at Sat 29 Nov 12:12:57 GMT 2025
======================================================
Running ensemble nowcast inference:
 Lead time : 1
 Year      : 2019
 Month     : 09
 Hour      : 20
======================================================
Running on CPU with 8 threads
Loaded 5 ensemble models on CPU
Detected 109 inputs for 2019-09 20 UTC
Skipping 2019-09-01 20:00: [Errno 2] No such file or directory: '/gws/ssde/j25b/swift/nflics_nowcasts/2019/09/01/2000/Nowcast_201909012000_000.nc'
Skipping 2019-09-01 20:15: [Errno 2] No such file or directory: '/gws/ssde/j25b/swift/nflics_nowcasts/2019/09/01/2015/Nowcast_201909012015_000.nc'
Skipping 2019-09-01 20:30: [Errno 2] No such file or directory: '/gws/ssde/j25b/swift/nflics_nowcasts/2019/09/01/2030/Nowcast_201909012030_000.nc'
Skipping 2019-09-01 20:45: [Errno 2] No such file or directory: '/gws/ssde/j25b/swift/nflics_nowcasts/2019/09/01/2045/Nowcast_201909012045_000.nc'
Skipping 2019-09-02 20:00: [Errno 2] No such file or directory: '/gws/ssde/j25b/swift/nflics_nowcasts/2019/09/02/2000/Nowcast_201909022000_000.nc'
Skipping 2019-09-02 20:15: [Errno 2] No such file or directory: '/gws/ssde/j25b/swift/nflics_nowcasts/2019/09/02/2015/Nowcast_201909022015_000.nc'
Skipping 2019-09-02 20:30: [Errno 2] No such file or directory: '/gws/ssde/j25b/swift/nflics_nowcasts/2019/09/02/2030/Nowcast_201909022030_000.nc'
Skipping 2019-09-02 20:45: [Errno 2] No such file or directory: '/gws/ssde/j25b/swift/nflics_nowcasts/2019/09/02/2045/Nowcast_201909022045_000.nc'
Skipping 2019-09-03 20:00: [Errno 2] No such file or directory: '/gws/ssde/j25b/swift/nflics_nowcasts/2019/09/03/2000/Nowcast_201909032000_000.nc'
Skipping 2019-09-03 20:15: [Errno 2] No such file or directory: '/gws/ssde/j25b/swift/nflics_nowcasts/2019/09/03/2015/Nowcast_201909032015_000.nc'
Skipping 2019-09-03 20:30: [Errno 2] No such file or directory: '/gws/ssde/j25b/swift/nflics_nowcasts/2019/09/03/2030/Nowcast_201909032030_000.nc'
Skipping 2019-09-03 20:45: [Errno 2] No such file or directory: '/gws/ssde/j25b/swift/nflics_nowcasts/2019/09/03/2045/Nowcast_201909032045_000.nc'
Skipping 2019-09-04 20:00: [Errno 2] No such file or directory: '/gws/ssde/j25b/swift/nflics_nowcasts/2019/09/04/2000/Nowcast_201909042000_000.nc'
Skipping 2019-09-04 20:15: [Errno 2] No such file or directory: '/gws/ssde/j25b/swift/nflics_nowcasts/2019/09/04/2015/Nowcast_201909042015_000.nc'
Skipping 2019-09-04 20:30: [Errno 2] No such file or directory: '/gws/ssde/j25b/swift/nflics_nowcasts/2019/09/04/2030/Nowcast_201909042030_000.nc'
Skipping 2019-09-04 20:45: [Errno 2] No such file or directory: '/gws/ssde/j25b/swift/nflics_nowcasts/2019/09/04/2045/Nowcast_201909042045_000.nc'
Skipping 2019-09-05 20:00: [Errno 2] No such file or directory: '/gws/ssde/j25b/swift/nflics_nowcasts/2019/09/05/2000/Nowcast_201909052000_000.nc'
Skipping 2019-09-05 20:15: [Errno 2] No such file or directory: '/gws/ssde/j25b/swift/nflics_nowcasts/2019/09/05/2015/Nowcast_201909052015_000.nc'
Skipping 2019-09-05 20:30: [Errno 2] No such file or directory: '/gws/ssde/j25b/swift/nflics_nowcasts/2019/09/05/2030/Nowcast_201909052030_000.nc'
Skipping 2019-09-05 20:45: [Errno 2] No such file or directory: '/gws/ssde/j25b/swift/nflics_nowcasts/2019/09/05/2045/Nowcast_201909052045_000.nc'
Skipping 2019-09-06 20:00: [Errno 2] No such file or directory: '/gws/ssde/j25b/swift/nflics_nowcasts/2019/09/06/2000/Nowcast_201909062000_000.nc'
Skipping 2019-09-06 20:15: [Errno 2] No such file or directory: '/gws/ssde/j25b/swift/nflics_nowcasts/2019/09/06/2015/Nowcast_201909062015_000.nc'
Skipping 2019-09-06 20:30: [Errno 2] No such file or directory: '/gws/ssde/j25b/swift/nflics_nowcasts/2019/09/06/2030/Nowcast_201909062030_000.nc'
Skipping 2019-09-06 20:45: [Errno 2] No such file or directory: '/gws/ssde/j25b/swift/nflics_nowcasts/2019/09/06/2045/Nowcast_201909062045_000.nc'
Skipping 2019-09-08 20:00: [Errno 2] No such file or directory: '/gws/ssde/j25b/swift/nflics_nowcasts/2019/09/08/2000/Nowcast_201909082000_000.nc'
Skipping 2019-09-08 20:15: [Errno 2] No such file or directory: '/gws/ssde/j25b/swift/nflics_nowcasts/2019/09/08/2015/Nowcast_201909082015_000.nc'
Skipping 2019-09-08 20:30: [Errno 2] No such file or directory: '/gws/ssde/j25b/swift/nflics_nowcasts/2019/09/08/2030/Nowcast_201909082030_000.nc'
Skipping 2019-09-08 20:45: [Errno 2] No such file or directory: '/gws/ssde/j25b/swift/nflics_nowcasts/2019/09/08/2045/Nowcast_201909082045_000.nc'
Skipping 2019-09-09 20:00: [Errno 2] No such file or directory: '/gws/ssde/j25b/swift/nflics_nowcasts/2019/09/09/2000/Nowcast_201909092000_000.nc'
Skipping 2019-09-09 20:15: [Errno 2] No such file or directory: '/gws/ssde/j25b/swift/nflics_nowcasts/2019/09/09/2015/Nowcast_201909092015_000.nc'
Skipping 2019-09-09 20:30: [Errno 2] No such file or directory: '/gws/ssde/j25b/swift/nflics_nowcasts/2019/09/09/2030/Nowcast_201909092030_000.nc'
Skipping 2019-09-09 20:45: [Errno 2] No such file or directory: '/gws/ssde/j25b/swift/nflics_nowcasts/2019/09/09/2045/Nowcast_201909092045_000.nc'
Skipping 2019-09-10 20:00: [Errno 2] No such file or directory: '/gws/ssde/j25b/swift/nflics_nowcasts/2019/09/10/2000/Nowcast_201909102000_000.nc'
Skipping 2019-09-10 20:15: [Errno 2] No such file or directory: '/gws/ssde/j25b/swift/nflics_nowcasts/2019/09/10/2015/Nowcast_201909102015_000.nc'
Skipping 2019-09-10 20:30: [Errno 2] No such file or directory: '/gws/ssde/j25b/swift/nflics_nowcasts/2019/09/10/2030/Nowcast_201909102030_000.nc'
Skipping 2019-09-10 20:45: [Errno 2] No such file or directory: '/gws/ssde/j25b/swift/nflics_nowcasts/2019/09/10/2045/Nowcast_201909102045_000.nc'
Skipping 2019-09-11 20:00: [Errno 2] No such file or directory: '/gws/ssde/j25b/swift/nflics_nowcasts/2019/09/11/2000/Nowcast_201909112000_000.nc'
Skipping 2019-09-11 20:15: [Errno 2] No such file or directory: '/gws/ssde/j25b/swift/nflics_nowcasts/2019/09/11/2015/Nowcast_201909112015_000.nc'
Skipping 2019-09-11 20:30: [Errno 2] No such file or directory: '/gws/ssde/j25b/swift/nflics_nowcasts/2019/09/11/2030/Nowcast_201909112030_000.nc'
Skipping 2019-09-11 20:45: [Errno 2] No such file or directory: '/gws/ssde/j25b/swift/nflics_nowcasts/2019/09/11/2045/Nowcast_201909112045_000.nc'
Skipping 2019-09-13 20:00: [Errno 2] No such file or directory: '/gws/ssde/j25b/swift/nflics_nowcasts/2019/09/13/2000/Nowcast_201909132000_000.nc'
Skipping 2019-09-13 20:15: [Errno 2] No such file or directory: '/gws/ssde/j25b/swift/nflics_nowcasts/2019/09/13/2015/Nowcast_201909132015_000.nc'
Skipping 2019-09-13 20:30: [Errno 2] No such file or directory: '/gws/ssde/j25b/swift/nflics_nowcasts/2019/09/13/2030/Nowcast_201909132030_000.nc'
Skipping 2019-09-13 20:45: [Errno 2] No such file or directory: '/gws/ssde/j25b/swift/nflics_nowcasts/2019/09/13/2045/Nowcast_201909132045_000.nc'
Skipping 2019-09-14 20:00: [Errno 2] No such file or directory: '/gws/ssde/j25b/swift/nflics_nowcasts/2019/09/14/2000/Nowcast_201909142000_000.nc'
Skipping 2019-09-14 20:15: [Errno 2] No such file or directory: '/gws/ssde/j25b/swift/nflics_nowcasts/2019/09/14/2015/Nowcast_201909142015_000.nc'
Skipping 2019-09-14 20:30: [Errno 2] No such file or directory: '/gws/ssde/j25b/swift/nflics_nowcasts/2019/09/14/2030/Nowcast_201909142030_000.nc'
Skipping 2019-09-14 20:45: [Errno 2] No such file or directory: '/gws/ssde/j25b/swift/nflics_nowcasts/2019/09/14/2045/Nowcast_201909142045_000.nc'
Skipping 2019-09-15 20:00: [Errno 2] No such file or directory: '/gws/ssde/j25b/swift/nflics_nowcasts/2019/09/15/2000/Nowcast_201909152000_000.nc'
Skipping 2019-09-15 20:15: [Errno 2] No such file or directory: '/gws/ssde/j25b/swift/nflics_nowcasts/2019/09/15/2015/Nowcast_201909152015_000.nc'
Skipping 2019-09-15 20:30: [Errno 2] No such file or directory: '/gws/ssde/j25b/swift/nflics_nowcasts/2019/09/15/2030/Nowcast_201909152030_000.nc'
Skipping 2019-09-15 20:45: [Errno 2] No such file or directory: '/gws/ssde/j25b/swift/nflics_nowcasts/2019/09/15/2045/Nowcast_201909152045_000.nc'
Skipping 2019-09-16 20:00: [Errno 2] No such file or directory: '/gws/ssde/j25b/swift/nflics_nowcasts/2019/09/16/2000/Nowcast_201909162000_000.nc'
Skipping 2019-09-16 20:15: [Errno 2] No such file or directory: '/gws/ssde/j25b/swift/nflics_nowcasts/2019/09/16/2015/Nowcast_201909162015_000.nc'
Skipping 2019-09-16 20:30: [Errno 2] No such file or directory: '/gws/ssde/j25b/swift/nflics_nowcasts/2019/09/16/2030/Nowcast_201909162030_000.nc'
Skipping 2019-09-16 20:45: [Errno 2] No such file or directory: '/gws/ssde/j25b/swift/nflics_nowcasts/2019/09/16/2045/Nowcast_201909162045_000.nc'
Skipping 2019-09-17 20:00: [Errno 2] No such file or directory: '/gws/ssde/j25b/swift/nflics_nowcasts/2019/09/17/2000/Nowcast_201909172000_000.nc'
Skipping 2019-09-17 20:15: [Errno 2] No such file or directory: '/gws/ssde/j25b/swift/nflics_nowcasts/2019/09/17/2015/Nowcast_201909172015_000.nc'
Skipping 2019-09-17 20:30: [Errno 2] No such file or directory: '/gws/ssde/j25b/swift/nflics_nowcasts/2019/09/17/2030/Nowcast_201909172030_000.nc'
Skipping 2019-09-17 20:45: [Errno 2] No such file or directory: '/gws/ssde/j25b/swift/nflics_nowcasts/2019/09/17/2045/Nowcast_201909172045_000.nc'
Skipping 2019-09-18 20:00: [Errno 2] No such file or directory: '/gws/ssde/j25b/swift/nflics_nowcasts/2019/09/18/2000/Nowcast_201909182000_000.nc'
Skipping 2019-09-18 20:15: [Errno 2] No such file or directory: '/gws/ssde/j25b/swift/nflics_nowcasts/2019/09/18/2015/Nowcast_201909182015_000.nc'
Skipping 2019-09-18 20:30: [Errno 2] No such file or directory: '/gws/ssde/j25b/swift/nflics_nowcasts/2019/09/18/2030/Nowcast_201909182030_000.nc'
Skipping 2019-09-18 20:45: [Errno 2] No such file or directory: '/gws/ssde/j25b/swift/nflics_nowcasts/2019/09/18/2045/Nowcast_201909182045_000.nc'
Skipping 2019-09-19 20:00: [Errno 2] No such file or directory: '/gws/ssde/j25b/swift/nflics_nowcasts/2019/09/19/2000/Nowcast_201909192000_000.nc'
Skipping 2019-09-19 20:15: [Errno 2] No such file or directory: '/gws/ssde/j25b/swift/nflics_nowcasts/2019/09/19/2015/Nowcast_201909192015_000.nc'
Skipping 2019-09-19 20:30: [Errno 2] No such file or directory: '/gws/ssde/j25b/swift/nflics_nowcasts/2019/09/19/2030/Nowcast_201909192030_000.nc'
Skipping 2019-09-19 20:45: [Errno 2] No such file or directory: '/gws/ssde/j25b/swift/nflics_nowcasts/2019/09/19/2045/Nowcast_201909192045_000.nc'
Skipping 2019-09-20 20:00: [Errno 2] No such file or directory: '/gws/ssde/j25b/swift/nflics_nowcasts/2019/09/20/2000/Nowcast_201909202000_000.nc'
Skipping 2019-09-20 20:15: [Errno 2] No such file or directory: '/gws/ssde/j25b/swift/nflics_nowcasts/2019/09/20/2015/Nowcast_201909202015_000.nc'
Skipping 2019-09-20 20:30: [Errno 2] No such file or directory: '/gws/ssde/j25b/swift/nflics_nowcasts/2019/09/20/2030/Nowcast_201909202030_000.nc'
Skipping 2019-09-20 20:45: [Errno 2] No such file or directory: '/gws/ssde/j25b/swift/nflics_nowcasts/2019/09/20/2045/Nowcast_201909202045_000.nc'
Skipping 2019-09-21 20:00: [Errno 2] No such file or directory: '/gws/ssde/j25b/swift/nflics_nowcasts/2019/09/21/2000/Nowcast_201909212000_000.nc'
Skipping 2019-09-21 20:15: [Errno 2] No such file or directory: '/gws/ssde/j25b/swift/nflics_nowcasts/2019/09/21/2015/Nowcast_201909212015_000.nc'
Skipping 2019-09-21 20:30: [Errno 2] No such file or directory: '/gws/ssde/j25b/swift/nflics_nowcasts/2019/09/21/2030/Nowcast_201909212030_000.nc'
Skipping 2019-09-21 20:45: [Errno 2] No such file or directory: '/gws/ssde/j25b/swift/nflics_nowcasts/2019/09/21/2045/Nowcast_201909212045_000.nc'
Skipping 2019-09-22 20:00: [Errno 2] No such file or directory: '/gws/ssde/j25b/swift/nflics_nowcasts/2019/09/22/2000/Nowcast_201909222000_000.nc'
Skipping 2019-09-22 20:15: [Errno 2] No such file or directory: '/gws/ssde/j25b/swift/nflics_nowcasts/2019/09/22/2015/Nowcast_201909222015_000.nc'
Skipping 2019-09-22 20:30: [Errno 2] No such file or directory: '/gws/ssde/j25b/swift/nflics_nowcasts/2019/09/22/2030/Nowcast_201909222030_000.nc'
Skipping 2019-09-22 20:45: [Errno 2] No such file or directory: '/gws/ssde/j25b/swift/nflics_nowcasts/2019/09/22/2045/Nowcast_201909222045_000.nc'
Skipping 2019-09-23 20:00: [Errno 2] No such file or directory: '/gws/ssde/j25b/swift/nflics_nowcasts/2019/09/23/2000/Nowcast_201909232000_000.nc'
Skipping 2019-09-23 20:15: [Errno 2] No such file or directory: '/gws/ssde/j25b/swift/nflics_nowcasts/2019/09/23/2015/Nowcast_201909232015_000.nc'
Skipping 2019-09-23 20:30: [Errno 2] No such file or directory: '/gws/ssde/j25b/swift/nflics_nowcasts/2019/09/23/2030/Nowcast_201909232030_000.nc'
Skipping 2019-09-23 20:45: [Errno 2] No such file or directory: '/gws/ssde/j25b/swift/nflics_nowcasts/2019/09/23/2045/Nowcast_201909232045_000.nc'
Skipping 2019-09-24 20:00: [Errno 2] No such file or directory: '/gws/ssde/j25b/swift/nflics_nowcasts/2019/09/24/2000/Nowcast_201909242000_000.nc'
Skipping 2019-09-24 20:15: [Errno 2] No such file or directory: '/gws/ssde/j25b/swift/nflics_nowcasts/2019/09/24/2015/Nowcast_201909242015_000.nc'
Skipping 2019-09-24 20:30: [Errno 2] No such file or directory: '/gws/ssde/j25b/swift/nflics_nowcasts/2019/09/24/2030/Nowcast_201909242030_000.nc'
Skipping 2019-09-24 20:45: [Errno 2] No such file or directory: '/gws/ssde/j25b/swift/nflics_nowcasts/2019/09/24/2045/Nowcast_201909242045_000.nc'
Skipping 2019-09-25 20:00: [Errno 2] No such file or directory: '/gws/ssde/j25b/swift/nflics_nowcasts/2019/09/25/2000/Nowcast_201909252000_000.nc'
Skipping 2019-09-25 20:15: [Errno 2] No such file or directory: '/gws/ssde/j25b/swift/nflics_nowcasts/2019/09/25/2015/Nowcast_201909252015_000.nc'
Skipping 2019-09-25 20:30: [Errno 2] No such file or directory: '/gws/ssde/j25b/swift/nflics_nowcasts/2019/09/25/2030/Nowcast_201909252030_000.nc'
Skipping 2019-09-25 20:45: [Errno 2] No such file or directory: '/gws/ssde/j25b/swift/nflics_nowcasts/2019/09/25/2045/Nowcast_201909252045_000.nc'
Skipping 2019-09-26 20:00: [Errno 2] No such file or directory: '/gws/ssde/j25b/swift/nflics_nowcasts/2019/09/26/2000/Nowcast_201909262000_000.nc'
Skipping 2019-09-26 20:15: [Errno 2] No such file or directory: '/gws/ssde/j25b/swift/nflics_nowcasts/2019/09/26/2015/Nowcast_201909262015_000.nc'
Skipping 2019-09-27 20:00: [Errno 2] No such file or directory: '/gws/ssde/j25b/swift/nflics_nowcasts/2019/09/27/2000/Nowcast_201909272000_000.nc'
Skipping 2019-09-27 20:15: [Errno 2] No such file or directory: '/gws/ssde/j25b/swift/nflics_nowcasts/2019/09/27/2015/Nowcast_201909272015_000.nc'
Skipping 2019-09-27 20:30: [Errno 2] No such file or directory: '/gws/ssde/j25b/swift/nflics_nowcasts/2019/09/27/2030/Nowcast_201909272030_000.nc'
Skipping 2019-09-27 20:45: [Errno 2] No such file or directory: '/gws/ssde/j25b/swift/nflics_nowcasts/2019/09/27/2045/Nowcast_201909272045_000.nc'
Skipping 2019-09-28 20:00: [Errno 2] No such file or directory: '/gws/ssde/j25b/swift/nflics_nowcasts/2019/09/28/2000/Nowcast_201909282000_000.nc'
Skipping 2019-09-28 20:15: [Errno 2] No such file or directory: '/gws/ssde/j25b/swift/nflics_nowcasts/2019/09/28/2015/Nowcast_201909282015_000.nc'
Skipping 2019-09-28 20:30: [Errno 2] No such file or directory: '/gws/ssde/j25b/swift/nflics_nowcasts/2019/09/28/2030/Nowcast_201909282030_000.nc'
Skipping 2019-09-29 20:00: [Errno 2] No such file or directory: '/gws/ssde/j25b/swift/nflics_nowcasts/2019/09/29/2000/Nowcast_201909292000_000.nc'
Skipping 2019-09-29 20:15: [Errno 2] No such file or directory: '/gws/ssde/j25b/swift/nflics_nowcasts/2019/09/29/2015/Nowcast_201909292015_000.nc'
Skipping 2019-09-29 20:30: [Errno 2] No such file or directory: '/gws/ssde/j25b/swift/nflics_nowcasts/2019/09/29/2030/Nowcast_201909292030_000.nc'
Skipping 2019-09-29 20:45: [Errno 2] No such file or directory: '/gws/ssde/j25b/swift/nflics_nowcasts/2019/09/29/2045/Nowcast_201909292045_000.nc'
Skipping 2019-09-30 20:00: [Errno 2] No such file or directory: '/gws/ssde/j25b/swift/nflics_nowcasts/2019/09/30/2000/Nowcast_201909302000_000.nc'
Skipping 2019-09-30 20:15: [Errno 2] No such file or directory: '/gws/ssde/j25b/swift/nflics_nowcasts/2019/09/30/2015/Nowcast_201909302015_000.nc'
Skipping 2019-09-30 20:30: [Errno 2] No such file or directory: '/gws/ssde/j25b/swift/nflics_nowcasts/2019/09/30/2030/Nowcast_201909302030_000.nc'
Skipping 2019-09-30 20:45: [Errno 2] No such file or directory: '/gws/ssde/j25b/swift/nflics_nowcasts/2019/09/30/2045/Nowcast_201909302045_000.nc'
All ensemble nowcasts completed on CPU.
======================================================
 Job completed successfully at Sat 29 Nov 12:13:04 GMT 2025
======================================================
