======================================================
 Job started on host1081.jc.rl.ac.uk at Sat 29 Nov 12:11:36 GMT 2025
======================================================
Running ensemble nowcast inference:
 Lead time : 1
 Year      : 2019
 Month     : 07
 Hour      : 10
======================================================
Running on CPU with 8 threads
Loaded 5 ensemble models on CPU
Detected 51 inputs for 2019-07 10 UTC
Skipping 2019-07-02 10:15: [Errno 2] No such file or directory: '/gws/ssde/j25b/swift/nflics_nowcasts/2019/07/02/1015/Nowcast_201907021015_000.nc'
Skipping 2019-07-02 10:30: [Errno 2] No such file or directory: '/gws/ssde/j25b/swift/nflics_nowcasts/2019/07/02/1030/Nowcast_201907021030_000.nc'
Skipping 2019-07-02 10:45: [Errno 2] No such file or directory: '/gws/ssde/j25b/swift/nflics_nowcasts/2019/07/02/1045/Nowcast_201907021045_000.nc'
Skipping 2019-07-03 10:00: [Errno 2] No such file or directory: '/gws/ssde/j25b/swift/nflics_nowcasts/2019/07/03/1000/Nowcast_201907031000_000.nc'
Skipping 2019-07-03 10:15: [Errno 2] No such file or directory: '/gws/ssde/j25b/swift/nflics_nowcasts/2019/07/03/1015/Nowcast_201907031015_000.nc'
Skipping 2019-07-04 10:30: [Errno 2] No such file or directory: '/gws/ssde/j25b/swift/nflics_nowcasts/2019/07/04/1030/Nowcast_201907041030_000.nc'
Skipping 2019-07-05 10:00: [Errno 2] No such file or directory: '/gws/ssde/j25b/swift/nflics_nowcasts/2019/07/05/1000/Nowcast_201907051000_000.nc'
Skipping 2019-07-05 10:15: [Errno 2] No such file or directory: '/gws/ssde/j25b/swift/nflics_nowcasts/2019/07/05/1015/Nowcast_201907051015_000.nc'
Skipping 2019-07-05 10:30: [Errno 2] No such file or directory: '/gws/ssde/j25b/swift/nflics_nowcasts/2019/07/05/1030/Nowcast_201907051030_000.nc'
Skipping 2019-07-05 10:45: [Errno 2] No such file or directory: '/gws/ssde/j25b/swift/nflics_nowcasts/2019/07/05/1045/Nowcast_201907051045_000.nc'
Skipping 2019-07-07 10:15: [Errno 2] No such file or directory: '/gws/ssde/j25b/swift/nflics_nowcasts/2019/07/07/1015/Nowcast_201907071015_000.nc'
Skipping 2019-07-07 10:30: [Errno 2] No such file or directory: '/gws/ssde/j25b/swift/nflics_nowcasts/2019/07/07/1030/Nowcast_201907071030_000.nc'
Skipping 2019-07-07 10:45: [Errno 2] No such file or directory: '/gws/ssde/j25b/swift/nflics_nowcasts/2019/07/07/1045/Nowcast_201907071045_000.nc'
Skipping 2019-07-08 10:00: [Errno 2] No such file or directory: '/gws/ssde/j25b/swift/nflics_nowcasts/2019/07/08/1000/Nowcast_201907081000_000.nc'
Skipping 2019-07-08 10:15: [Errno 2] No such file or directory: '/gws/ssde/j25b/swift/nflics_nowcasts/2019/07/08/1015/Nowcast_201907081015_000.nc'
Skipping 2019-07-08 10:30: [Errno 2] No such file or directory: '/gws/ssde/j25b/swift/nflics_nowcasts/2019/07/08/1030/Nowcast_201907081030_000.nc'
Skipping 2019-07-08 10:45: [Errno 2] No such file or directory: '/gws/ssde/j25b/swift/nflics_nowcasts/2019/07/08/1045/Nowcast_201907081045_000.nc'
Skipping 2019-07-12 10:30: [Errno 2] No such file or directory: '/gws/ssde/j25b/swift/nflics_nowcasts/2019/07/12/1030/Nowcast_201907121030_000.nc'
Skipping 2019-07-12 10:45: [Errno 2] No such file or directory: '/gws/ssde/j25b/swift/nflics_nowcasts/2019/07/12/1045/Nowcast_201907121045_000.nc'
Skipping 2019-07-13 10:45: [Errno 2] No such file or directory: '/gws/ssde/j25b/swift/nflics_nowcasts/2019/07/13/1045/Nowcast_201907131045_000.nc'
Skipping 2019-07-15 10:45: [Errno 2] No such file or directory: '/gws/ssde/j25b/swift/nflics_nowcasts/2019/07/15/1045/Nowcast_201907151045_000.nc'
Skipping 2019-07-16 10:00: [Errno 2] No such file or directory: '/gws/ssde/j25b/swift/nflics_nowcasts/2019/07/16/1000/Nowcast_201907161000_000.nc'
Skipping 2019-07-16 10:15: [Errno 2] No such file or directory: '/gws/ssde/j25b/swift/nflics_nowcasts/2019/07/16/1015/Nowcast_201907161015_000.nc'
Skipping 2019-07-16 10:30: [Errno 2] No such file or directory: '/gws/ssde/j25b/swift/nflics_nowcasts/2019/07/16/1030/Nowcast_201907161030_000.nc'
Skipping 2019-07-16 10:45: [Errno 2] No such file or directory: '/gws/ssde/j25b/swift/nflics_nowcasts/2019/07/16/1045/Nowcast_201907161045_000.nc'
Skipping 2019-07-19 10:00: [Errno 2] No such file or directory: '/gws/ssde/j25b/swift/nflics_nowcasts/2019/07/19/1000/Nowcast_201907191000_000.nc'
Skipping 2019-07-19 10:15: [Errno 2] No such file or directory: '/gws/ssde/j25b/swift/nflics_nowcasts/2019/07/19/1015/Nowcast_201907191015_000.nc'
Skipping 2019-07-19 10:30: [Errno 2] No such file or directory: '/gws/ssde/j25b/swift/nflics_nowcasts/2019/07/19/1030/Nowcast_201907191030_000.nc'
Skipping 2019-07-19 10:45: [Errno 2] No such file or directory: '/gws/ssde/j25b/swift/nflics_nowcasts/2019/07/19/1045/Nowcast_201907191045_000.nc'
Skipping 2019-07-23 10:00: [Errno 2] No such file or directory: '/gws/ssde/j25b/swift/nflics_nowcasts/2019/07/23/1000/Nowcast_201907231000_000.nc'
Skipping 2019-07-23 10:15: [Errno 2] No such file or directory: '/gws/ssde/j25b/swift/nflics_nowcasts/2019/07/23/1015/Nowcast_201907231015_000.nc'
Skipping 2019-07-23 10:30: [Errno 2] No such file or directory: '/gws/ssde/j25b/swift/nflics_nowcasts/2019/07/23/1030/Nowcast_201907231030_000.nc'
Skipping 2019-07-23 10:45: [Errno 2] No such file or directory: '/gws/ssde/j25b/swift/nflics_nowcasts/2019/07/23/1045/Nowcast_201907231045_000.nc'
Skipping 2019-07-24 10:15: [Errno 2] No such file or directory: '/gws/ssde/j25b/swift/nflics_nowcasts/2019/07/24/1015/Nowcast_201907241015_000.nc'
Skipping 2019-07-24 10:45: [Errno 2] No such file or directory: '/gws/ssde/j25b/swift/nflics_nowcasts/2019/07/24/1045/Nowcast_201907241045_000.nc'
Skipping 2019-07-26 10:00: [Errno 2] No such file or directory: '/gws/ssde/j25b/swift/nflics_nowcasts/2019/07/26/1000/Nowcast_201907261000_000.nc'
Skipping 2019-07-26 10:15: [Errno 2] No such file or directory: '/gws/ssde/j25b/swift/nflics_nowcasts/2019/07/26/1015/Nowcast_201907261015_000.nc'
Skipping 2019-07-26 10:30: [Errno 2] No such file or directory: '/gws/ssde/j25b/swift/nflics_nowcasts/2019/07/26/1030/Nowcast_201907261030_000.nc'
Skipping 2019-07-26 10:45: [Errno 2] No such file or directory: '/gws/ssde/j25b/swift/nflics_nowcasts/2019/07/26/1045/Nowcast_201907261045_000.nc'
Skipping 2019-07-27 10:15: [Errno 2] No such file or directory: '/gws/ssde/j25b/swift/nflics_nowcasts/2019/07/27/1015/Nowcast_201907271015_000.nc'
Skipping 2019-07-27 10:30: [Errno 2] No such file or directory: '/gws/ssde/j25b/swift/nflics_nowcasts/2019/07/27/1030/Nowcast_201907271030_000.nc'
Skipping 2019-07-27 10:45: [Errno 2] No such file or directory: '/gws/ssde/j25b/swift/nflics_nowcasts/2019/07/27/1045/Nowcast_201907271045_000.nc'
Skipping 2019-07-28 10:00: [Errno 2] No such file or directory: '/gws/ssde/j25b/swift/nflics_nowcasts/2019/07/28/1000/Nowcast_201907281000_000.nc'
Skipping 2019-07-28 10:15: [Errno 2] No such file or directory: '/gws/ssde/j25b/swift/nflics_nowcasts/2019/07/28/1015/Nowcast_201907281015_000.nc'
Skipping 2019-07-28 10:30: [Errno 2] No such file or directory: '/gws/ssde/j25b/swift/nflics_nowcasts/2019/07/28/1030/Nowcast_201907281030_000.nc'
Skipping 2019-07-28 10:45: [Errno 2] No such file or directory: '/gws/ssde/j25b/swift/nflics_nowcasts/2019/07/28/1045/Nowcast_201907281045_000.nc'
Skipping 2019-07-29 10:00: [Errno 2] No such file or directory: '/gws/ssde/j25b/swift/nflics_nowcasts/2019/07/29/1000/Nowcast_201907291000_000.nc'
Skipping 2019-07-31 10:00: [Errno 2] No such file or directory: '/gws/ssde/j25b/swift/nflics_nowcasts/2019/07/31/1000/Nowcast_201907311000_000.nc'
Skipping 2019-07-31 10:15: [Errno 2] No such file or directory: '/gws/ssde/j25b/swift/nflics_nowcasts/2019/07/31/1015/Nowcast_201907311015_000.nc'
Skipping 2019-07-31 10:30: [Errno 2] No such file or directory: '/gws/ssde/j25b/swift/nflics_nowcasts/2019/07/31/1030/Nowcast_201907311030_000.nc'
Skipping 2019-07-31 10:45: [Errno 2] No such file or directory: '/gws/ssde/j25b/swift/nflics_nowcasts/2019/07/31/1045/Nowcast_201907311045_000.nc'
All ensemble nowcasts completed on CPU.
======================================================
 Job completed successfully at Sat 29 Nov 12:11:43 GMT 2025
======================================================
