======================================================
 Job started on host1085.jc.rl.ac.uk at Sat 29 Nov 12:11:36 GMT 2025
======================================================
Running ensemble nowcast inference:
 Lead time : 3
 Year      : 2019
 Month     : 07
 Hour      : 18
======================================================
Running on CPU with 8 threads
Loaded 5 ensemble models on CPU
Detected 114 inputs for 2019-07 18 UTC
Skipping 2019-07-01 18:00: [Errno 2] No such file or directory: '/gws/ssde/j25b/swift/nflics_nowcasts/2019/07/01/1800/Nowcast_201907011800_000.nc'
Skipping 2019-07-01 18:15: [Errno 2] No such file or directory: '/gws/ssde/j25b/swift/nflics_nowcasts/2019/07/01/1815/Nowcast_201907011815_000.nc'
Skipping 2019-07-01 18:30: [Errno 2] No such file or directory: '/gws/ssde/j25b/swift/nflics_nowcasts/2019/07/01/1830/Nowcast_201907011830_000.nc'
Skipping 2019-07-01 18:45: [Errno 2] No such file or directory: '/gws/ssde/j25b/swift/nflics_nowcasts/2019/07/01/1845/Nowcast_201907011845_000.nc'
Skipping 2019-07-02 18:00: [Errno 2] No such file or directory: '/gws/ssde/j25b/swift/nflics_nowcasts/2019/07/02/1800/Nowcast_201907021800_000.nc'
Skipping 2019-07-02 18:15: [Errno 2] No such file or directory: '/gws/ssde/j25b/swift/nflics_nowcasts/2019/07/02/1815/Nowcast_201907021815_000.nc'
Skipping 2019-07-02 18:30: [Errno 2] No such file or directory: '/gws/ssde/j25b/swift/nflics_nowcasts/2019/07/02/1830/Nowcast_201907021830_000.nc'
Skipping 2019-07-02 18:45: [Errno 2] No such file or directory: '/gws/ssde/j25b/swift/nflics_nowcasts/2019/07/02/1845/Nowcast_201907021845_000.nc'
Skipping 2019-07-03 18:00: [Errno 2] No such file or directory: '/gws/ssde/j25b/swift/nflics_nowcasts/2019/07/03/1800/Nowcast_201907031800_000.nc'
Skipping 2019-07-03 18:15: [Errno 2] No such file or directory: '/gws/ssde/j25b/swift/nflics_nowcasts/2019/07/03/1815/Nowcast_201907031815_000.nc'
Skipping 2019-07-03 18:30: [Errno 2] No such file or directory: '/gws/ssde/j25b/swift/nflics_nowcasts/2019/07/03/1830/Nowcast_201907031830_000.nc'
Skipping 2019-07-03 18:45: [Errno 2] No such file or directory: '/gws/ssde/j25b/swift/nflics_nowcasts/2019/07/03/1845/Nowcast_201907031845_000.nc'
Skipping 2019-07-04 18:00: [Errno 2] No such file or directory: '/gws/ssde/j25b/swift/nflics_nowcasts/2019/07/04/1800/Nowcast_201907041800_000.nc'
Skipping 2019-07-04 18:15: [Errno 2] No such file or directory: '/gws/ssde/j25b/swift/nflics_nowcasts/2019/07/04/1815/Nowcast_201907041815_000.nc'
Skipping 2019-07-04 18:30: [Errno 2] No such file or directory: '/gws/ssde/j25b/swift/nflics_nowcasts/2019/07/04/1830/Nowcast_201907041830_000.nc'
Skipping 2019-07-04 18:45: [Errno 2] No such file or directory: '/gws/ssde/j25b/swift/nflics_nowcasts/2019/07/04/1845/Nowcast_201907041845_000.nc'
Skipping 2019-07-05 18:00: [Errno 2] No such file or directory: '/gws/ssde/j25b/swift/nflics_nowcasts/2019/07/05/1800/Nowcast_201907051800_000.nc'
Skipping 2019-07-05 18:15: [Errno 2] No such file or directory: '/gws/ssde/j25b/swift/nflics_nowcasts/2019/07/05/1815/Nowcast_201907051815_000.nc'
Skipping 2019-07-05 18:30: [Errno 2] No such file or directory: '/gws/ssde/j25b/swift/nflics_nowcasts/2019/07/05/1830/Nowcast_201907051830_000.nc'
Skipping 2019-07-05 18:45: [Errno 2] No such file or directory: '/gws/ssde/j25b/swift/nflics_nowcasts/2019/07/05/1845/Nowcast_201907051845_000.nc'
Skipping 2019-07-07 18:00: [Errno 2] No such file or directory: '/gws/ssde/j25b/swift/nflics_nowcasts/2019/07/07/1800/Nowcast_201907071800_000.nc'
Skipping 2019-07-07 18:15: [Errno 2] No such file or directory: '/gws/ssde/j25b/swift/nflics_nowcasts/2019/07/07/1815/Nowcast_201907071815_000.nc'
Skipping 2019-07-07 18:30: [Errno 2] No such file or directory: '/gws/ssde/j25b/swift/nflics_nowcasts/2019/07/07/1830/Nowcast_201907071830_000.nc'
Skipping 2019-07-07 18:45: [Errno 2] No such file or directory: '/gws/ssde/j25b/swift/nflics_nowcasts/2019/07/07/1845/Nowcast_201907071845_000.nc'
Skipping 2019-07-08 18:00: [Errno 2] No such file or directory: '/gws/ssde/j25b/swift/nflics_nowcasts/2019/07/08/1800/Nowcast_201907081800_000.nc'
Skipping 2019-07-08 18:15: [Errno 2] No such file or directory: '/gws/ssde/j25b/swift/nflics_nowcasts/2019/07/08/1815/Nowcast_201907081815_000.nc'
Skipping 2019-07-08 18:30: [Errno 2] No such file or directory: '/gws/ssde/j25b/swift/nflics_nowcasts/2019/07/08/1830/Nowcast_201907081830_000.nc'
Skipping 2019-07-08 18:45: [Errno 2] No such file or directory: '/gws/ssde/j25b/swift/nflics_nowcasts/2019/07/08/1845/Nowcast_201907081845_000.nc'
Skipping 2019-07-09 18:00: [Errno 2] No such file or directory: '/gws/ssde/j25b/swift/nflics_nowcasts/2019/07/09/1800/Nowcast_201907091800_000.nc'
Skipping 2019-07-09 18:15: [Errno 2] No such file or directory: '/gws/ssde/j25b/swift/nflics_nowcasts/2019/07/09/1815/Nowcast_201907091815_000.nc'
Skipping 2019-07-11 18:00: [Errno 2] No such file or directory: '/gws/ssde/j25b/swift/nflics_nowcasts/2019/07/11/1800/Nowcast_201907111800_000.nc'
Skipping 2019-07-11 18:15: [Errno 2] No such file or directory: '/gws/ssde/j25b/swift/nflics_nowcasts/2019/07/11/1815/Nowcast_201907111815_000.nc'
Skipping 2019-07-11 18:30: [Errno 2] No such file or directory: '/gws/ssde/j25b/swift/nflics_nowcasts/2019/07/11/1830/Nowcast_201907111830_000.nc'
Skipping 2019-07-11 18:45: [Errno 2] No such file or directory: '/gws/ssde/j25b/swift/nflics_nowcasts/2019/07/11/1845/Nowcast_201907111845_000.nc'
Skipping 2019-07-12 18:00: [Errno 2] No such file or directory: '/gws/ssde/j25b/swift/nflics_nowcasts/2019/07/12/1800/Nowcast_201907121800_000.nc'
Skipping 2019-07-12 18:15: [Errno 2] No such file or directory: '/gws/ssde/j25b/swift/nflics_nowcasts/2019/07/12/1815/Nowcast_201907121815_000.nc'
Skipping 2019-07-12 18:30: [Errno 2] No such file or directory: '/gws/ssde/j25b/swift/nflics_nowcasts/2019/07/12/1830/Nowcast_201907121830_000.nc'
Skipping 2019-07-12 18:45: [Errno 2] No such file or directory: '/gws/ssde/j25b/swift/nflics_nowcasts/2019/07/12/1845/Nowcast_201907121845_000.nc'
Skipping 2019-07-13 18:00: [Errno 2] No such file or directory: '/gws/ssde/j25b/swift/nflics_nowcasts/2019/07/13/1800/Nowcast_201907131800_000.nc'
Skipping 2019-07-13 18:15: [Errno 2] No such file or directory: '/gws/ssde/j25b/swift/nflics_nowcasts/2019/07/13/1815/Nowcast_201907131815_000.nc'
Skipping 2019-07-13 18:30: [Errno 2] No such file or directory: '/gws/ssde/j25b/swift/nflics_nowcasts/2019/07/13/1830/Nowcast_201907131830_000.nc'
Skipping 2019-07-13 18:45: [Errno 2] No such file or directory: '/gws/ssde/j25b/swift/nflics_nowcasts/2019/07/13/1845/Nowcast_201907131845_000.nc'
Skipping 2019-07-14 18:00: [Errno 2] No such file or directory: '/gws/ssde/j25b/swift/nflics_nowcasts/2019/07/14/1800/Nowcast_201907141800_000.nc'
Skipping 2019-07-14 18:15: [Errno 2] No such file or directory: '/gws/ssde/j25b/swift/nflics_nowcasts/2019/07/14/1815/Nowcast_201907141815_000.nc'
Skipping 2019-07-14 18:30: [Errno 2] No such file or directory: '/gws/ssde/j25b/swift/nflics_nowcasts/2019/07/14/1830/Nowcast_201907141830_000.nc'
Skipping 2019-07-14 18:45: [Errno 2] No such file or directory: '/gws/ssde/j25b/swift/nflics_nowcasts/2019/07/14/1845/Nowcast_201907141845_000.nc'
Skipping 2019-07-15 18:00: [Errno 2] No such file or directory: '/gws/ssde/j25b/swift/nflics_nowcasts/2019/07/15/1800/Nowcast_201907151800_000.nc'
Skipping 2019-07-15 18:15: [Errno 2] No such file or directory: '/gws/ssde/j25b/swift/nflics_nowcasts/2019/07/15/1815/Nowcast_201907151815_000.nc'
Skipping 2019-07-15 18:30: [Errno 2] No such file or directory: '/gws/ssde/j25b/swift/nflics_nowcasts/2019/07/15/1830/Nowcast_201907151830_000.nc'
Skipping 2019-07-15 18:45: [Errno 2] No such file or directory: '/gws/ssde/j25b/swift/nflics_nowcasts/2019/07/15/1845/Nowcast_201907151845_000.nc'
Skipping 2019-07-16 18:00: [Errno 2] No such file or directory: '/gws/ssde/j25b/swift/nflics_nowcasts/2019/07/16/1800/Nowcast_201907161800_000.nc'
Skipping 2019-07-16 18:15: [Errno 2] No such file or directory: '/gws/ssde/j25b/swift/nflics_nowcasts/2019/07/16/1815/Nowcast_201907161815_000.nc'
Skipping 2019-07-16 18:30: [Errno 2] No such file or directory: '/gws/ssde/j25b/swift/nflics_nowcasts/2019/07/16/1830/Nowcast_201907161830_000.nc'
Skipping 2019-07-16 18:45: [Errno 2] No such file or directory: '/gws/ssde/j25b/swift/nflics_nowcasts/2019/07/16/1845/Nowcast_201907161845_000.nc'
Skipping 2019-07-17 18:00: [Errno 2] No such file or directory: '/gws/ssde/j25b/swift/nflics_nowcasts/2019/07/17/1800/Nowcast_201907171800_000.nc'
Skipping 2019-07-17 18:15: [Errno 2] No such file or directory: '/gws/ssde/j25b/swift/nflics_nowcasts/2019/07/17/1815/Nowcast_201907171815_000.nc'
Skipping 2019-07-17 18:30: [Errno 2] No such file or directory: '/gws/ssde/j25b/swift/nflics_nowcasts/2019/07/17/1830/Nowcast_201907171830_000.nc'
Skipping 2019-07-17 18:45: [Errno 2] No such file or directory: '/gws/ssde/j25b/swift/nflics_nowcasts/2019/07/17/1845/Nowcast_201907171845_000.nc'
Skipping 2019-07-18 18:00: [Errno 2] No such file or directory: '/gws/ssde/j25b/swift/nflics_nowcasts/2019/07/18/1800/Nowcast_201907181800_000.nc'
Skipping 2019-07-18 18:15: [Errno 2] No such file or directory: '/gws/ssde/j25b/swift/nflics_nowcasts/2019/07/18/1815/Nowcast_201907181815_000.nc'
Skipping 2019-07-18 18:30: [Errno 2] No such file or directory: '/gws/ssde/j25b/swift/nflics_nowcasts/2019/07/18/1830/Nowcast_201907181830_000.nc'
Skipping 2019-07-18 18:45: [Errno 2] No such file or directory: '/gws/ssde/j25b/swift/nflics_nowcasts/2019/07/18/1845/Nowcast_201907181845_000.nc'
Skipping 2019-07-19 18:00: [Errno 2] No such file or directory: '/gws/ssde/j25b/swift/nflics_nowcasts/2019/07/19/1800/Nowcast_201907191800_000.nc'
Skipping 2019-07-19 18:15: [Errno 2] No such file or directory: '/gws/ssde/j25b/swift/nflics_nowcasts/2019/07/19/1815/Nowcast_201907191815_000.nc'
Skipping 2019-07-19 18:30: [Errno 2] No such file or directory: '/gws/ssde/j25b/swift/nflics_nowcasts/2019/07/19/1830/Nowcast_201907191830_000.nc'
Skipping 2019-07-19 18:45: [Errno 2] No such file or directory: '/gws/ssde/j25b/swift/nflics_nowcasts/2019/07/19/1845/Nowcast_201907191845_000.nc'
Skipping 2019-07-20 18:00: [Errno 2] No such file or directory: '/gws/ssde/j25b/swift/nflics_nowcasts/2019/07/20/1800/Nowcast_201907201800_000.nc'
Skipping 2019-07-20 18:15: [Errno 2] No such file or directory: '/gws/ssde/j25b/swift/nflics_nowcasts/2019/07/20/1815/Nowcast_201907201815_000.nc'
Skipping 2019-07-20 18:30: [Errno 2] No such file or directory: '/gws/ssde/j25b/swift/nflics_nowcasts/2019/07/20/1830/Nowcast_201907201830_000.nc'
Skipping 2019-07-20 18:45: [Errno 2] No such file or directory: '/gws/ssde/j25b/swift/nflics_nowcasts/2019/07/20/1845/Nowcast_201907201845_000.nc'
Skipping 2019-07-21 18:00: [Errno 2] No such file or directory: '/gws/ssde/j25b/swift/nflics_nowcasts/2019/07/21/1800/Nowcast_201907211800_000.nc'
Skipping 2019-07-21 18:15: [Errno 2] No such file or directory: '/gws/ssde/j25b/swift/nflics_nowcasts/2019/07/21/1815/Nowcast_201907211815_000.nc'
Skipping 2019-07-21 18:30: [Errno 2] No such file or directory: '/gws/ssde/j25b/swift/nflics_nowcasts/2019/07/21/1830/Nowcast_201907211830_000.nc'
Skipping 2019-07-21 18:45: [Errno 2] No such file or directory: '/gws/ssde/j25b/swift/nflics_nowcasts/2019/07/21/1845/Nowcast_201907211845_000.nc'
Skipping 2019-07-22 18:00: [Errno 2] No such file or directory: '/gws/ssde/j25b/swift/nflics_nowcasts/2019/07/22/1800/Nowcast_201907221800_000.nc'
Skipping 2019-07-22 18:15: [Errno 2] No such file or directory: '/gws/ssde/j25b/swift/nflics_nowcasts/2019/07/22/1815/Nowcast_201907221815_000.nc'
Skipping 2019-07-22 18:30: [Errno 2] No such file or directory: '/gws/ssde/j25b/swift/nflics_nowcasts/2019/07/22/1830/Nowcast_201907221830_000.nc'
Skipping 2019-07-22 18:45: [Errno 2] No such file or directory: '/gws/ssde/j25b/swift/nflics_nowcasts/2019/07/22/1845/Nowcast_201907221845_000.nc'
Skipping 2019-07-23 18:00: [Errno 2] No such file or directory: '/gws/ssde/j25b/swift/nflics_nowcasts/2019/07/23/1800/Nowcast_201907231800_000.nc'
Skipping 2019-07-23 18:15: [Errno 2] No such file or directory: '/gws/ssde/j25b/swift/nflics_nowcasts/2019/07/23/1815/Nowcast_201907231815_000.nc'
Skipping 2019-07-23 18:30: [Errno 2] No such file or directory: '/gws/ssde/j25b/swift/nflics_nowcasts/2019/07/23/1830/Nowcast_201907231830_000.nc'
Skipping 2019-07-23 18:45: [Errno 2] No such file or directory: '/gws/ssde/j25b/swift/nflics_nowcasts/2019/07/23/1845/Nowcast_201907231845_000.nc'
Skipping 2019-07-24 18:00: [Errno 2] No such file or directory: '/gws/ssde/j25b/swift/nflics_nowcasts/2019/07/24/1800/Nowcast_201907241800_000.nc'
Skipping 2019-07-24 18:15: [Errno 2] No such file or directory: '/gws/ssde/j25b/swift/nflics_nowcasts/2019/07/24/1815/Nowcast_201907241815_000.nc'
Skipping 2019-07-24 18:30: [Errno 2] No such file or directory: '/gws/ssde/j25b/swift/nflics_nowcasts/2019/07/24/1830/Nowcast_201907241830_000.nc'
Skipping 2019-07-24 18:45: [Errno 2] No such file or directory: '/gws/ssde/j25b/swift/nflics_nowcasts/2019/07/24/1845/Nowcast_201907241845_000.nc'
Skipping 2019-07-25 18:00: [Errno 2] No such file or directory: '/gws/ssde/j25b/swift/nflics_nowcasts/2019/07/25/1800/Nowcast_201907251800_000.nc'
Skipping 2019-07-25 18:15: [Errno 2] No such file or directory: '/gws/ssde/j25b/swift/nflics_nowcasts/2019/07/25/1815/Nowcast_201907251815_000.nc'
Skipping 2019-07-25 18:30: [Errno 2] No such file or directory: '/gws/ssde/j25b/swift/nflics_nowcasts/2019/07/25/1830/Nowcast_201907251830_000.nc'
Skipping 2019-07-25 18:45: [Errno 2] No such file or directory: '/gws/ssde/j25b/swift/nflics_nowcasts/2019/07/25/1845/Nowcast_201907251845_000.nc'
Skipping 2019-07-26 18:00: [Errno 2] No such file or directory: '/gws/ssde/j25b/swift/nflics_nowcasts/2019/07/26/1800/Nowcast_201907261800_000.nc'
Skipping 2019-07-26 18:15: [Errno 2] No such file or directory: '/gws/ssde/j25b/swift/nflics_nowcasts/2019/07/26/1815/Nowcast_201907261815_000.nc'
Skipping 2019-07-26 18:30: [Errno 2] No such file or directory: '/gws/ssde/j25b/swift/nflics_nowcasts/2019/07/26/1830/Nowcast_201907261830_000.nc'
Skipping 2019-07-26 18:45: [Errno 2] No such file or directory: '/gws/ssde/j25b/swift/nflics_nowcasts/2019/07/26/1845/Nowcast_201907261845_000.nc'
Skipping 2019-07-27 18:00: [Errno 2] No such file or directory: '/gws/ssde/j25b/swift/nflics_nowcasts/2019/07/27/1800/Nowcast_201907271800_000.nc'
Skipping 2019-07-27 18:15: [Errno 2] No such file or directory: '/gws/ssde/j25b/swift/nflics_nowcasts/2019/07/27/1815/Nowcast_201907271815_000.nc'
Skipping 2019-07-27 18:30: [Errno 2] No such file or directory: '/gws/ssde/j25b/swift/nflics_nowcasts/2019/07/27/1830/Nowcast_201907271830_000.nc'
Skipping 2019-07-27 18:45: [Errno 2] No such file or directory: '/gws/ssde/j25b/swift/nflics_nowcasts/2019/07/27/1845/Nowcast_201907271845_000.nc'
Skipping 2019-07-28 18:00: [Errno 2] No such file or directory: '/gws/ssde/j25b/swift/nflics_nowcasts/2019/07/28/1800/Nowcast_201907281800_000.nc'
Skipping 2019-07-28 18:15: [Errno 2] No such file or directory: '/gws/ssde/j25b/swift/nflics_nowcasts/2019/07/28/1815/Nowcast_201907281815_000.nc'
Skipping 2019-07-28 18:30: [Errno 2] No such file or directory: '/gws/ssde/j25b/swift/nflics_nowcasts/2019/07/28/1830/Nowcast_201907281830_000.nc'
Skipping 2019-07-28 18:45: [Errno 2] No such file or directory: '/gws/ssde/j25b/swift/nflics_nowcasts/2019/07/28/1845/Nowcast_201907281845_000.nc'
Skipping 2019-07-29 18:00: [Errno 2] No such file or directory: '/gws/ssde/j25b/swift/nflics_nowcasts/2019/07/29/1800/Nowcast_201907291800_000.nc'
Skipping 2019-07-29 18:15: [Errno 2] No such file or directory: '/gws/ssde/j25b/swift/nflics_nowcasts/2019/07/29/1815/Nowcast_201907291815_000.nc'
Skipping 2019-07-29 18:30: [Errno 2] No such file or directory: '/gws/ssde/j25b/swift/nflics_nowcasts/2019/07/29/1830/Nowcast_201907291830_000.nc'
Skipping 2019-07-29 18:45: [Errno 2] No such file or directory: '/gws/ssde/j25b/swift/nflics_nowcasts/2019/07/29/1845/Nowcast_201907291845_000.nc'
Skipping 2019-07-30 18:00: [Errno 2] No such file or directory: '/gws/ssde/j25b/swift/nflics_nowcasts/2019/07/30/1800/Nowcast_201907301800_000.nc'
Skipping 2019-07-30 18:15: [Errno 2] No such file or directory: '/gws/ssde/j25b/swift/nflics_nowcasts/2019/07/30/1815/Nowcast_201907301815_000.nc'
Skipping 2019-07-30 18:30: [Errno 2] No such file or directory: '/gws/ssde/j25b/swift/nflics_nowcasts/2019/07/30/1830/Nowcast_201907301830_000.nc'
Skipping 2019-07-30 18:45: [Errno 2] No such file or directory: '/gws/ssde/j25b/swift/nflics_nowcasts/2019/07/30/1845/Nowcast_201907301845_000.nc'
Skipping 2019-07-31 18:00: [Errno 2] No such file or directory: '/gws/ssde/j25b/swift/nflics_nowcasts/2019/07/31/1800/Nowcast_201907311800_000.nc'
Skipping 2019-07-31 18:15: [Errno 2] No such file or directory: '/gws/ssde/j25b/swift/nflics_nowcasts/2019/07/31/1815/Nowcast_201907311815_000.nc'
Skipping 2019-07-31 18:30: [Errno 2] No such file or directory: '/gws/ssde/j25b/swift/nflics_nowcasts/2019/07/31/1830/Nowcast_201907311830_000.nc'
Skipping 2019-07-31 18:45: [Errno 2] No such file or directory: '/gws/ssde/j25b/swift/nflics_nowcasts/2019/07/31/1845/Nowcast_201907311845_000.nc'
All ensemble nowcasts completed on CPU.
======================================================
 Job completed successfully at Sat 29 Nov 12:11:44 GMT 2025
======================================================
