======================================================
 Job started on host1085.jc.rl.ac.uk at Sat 29 Nov 12:12:57 GMT 2025
======================================================
Running ensemble nowcast inference:
 Lead time : 6
 Year      : 2019
 Month     : 09
 Hour      : 16
======================================================
Running on CPU with 8 threads
Loaded 5 ensemble models on CPU
Detected 120 inputs for 2019-09 16 UTC
Skipping 2019-09-01 16:00: [Errno 2] No such file or directory: '/gws/ssde/j25b/swift/nflics_nowcasts/2019/09/01/1600/Nowcast_201909011600_000.nc'
Skipping 2019-09-01 16:15: [Errno 2] No such file or directory: '/gws/ssde/j25b/swift/nflics_nowcasts/2019/09/01/1615/Nowcast_201909011615_000.nc'
Skipping 2019-09-01 16:30: [Errno 2] No such file or directory: '/gws/ssde/j25b/swift/nflics_nowcasts/2019/09/01/1630/Nowcast_201909011630_000.nc'
Skipping 2019-09-01 16:45: [Errno 2] No such file or directory: '/gws/ssde/j25b/swift/nflics_nowcasts/2019/09/01/1645/Nowcast_201909011645_000.nc'
Skipping 2019-09-02 16:00: [Errno 2] No such file or directory: '/gws/ssde/j25b/swift/nflics_nowcasts/2019/09/02/1600/Nowcast_201909021600_000.nc'
Skipping 2019-09-02 16:15: [Errno 2] No such file or directory: '/gws/ssde/j25b/swift/nflics_nowcasts/2019/09/02/1615/Nowcast_201909021615_000.nc'
Skipping 2019-09-02 16:30: [Errno 2] No such file or directory: '/gws/ssde/j25b/swift/nflics_nowcasts/2019/09/02/1630/Nowcast_201909021630_000.nc'
Skipping 2019-09-02 16:45: [Errno 2] No such file or directory: '/gws/ssde/j25b/swift/nflics_nowcasts/2019/09/02/1645/Nowcast_201909021645_000.nc'
Skipping 2019-09-03 16:00: [Errno 2] No such file or directory: '/gws/ssde/j25b/swift/nflics_nowcasts/2019/09/03/1600/Nowcast_201909031600_000.nc'
Skipping 2019-09-03 16:15: [Errno 2] No such file or directory: '/gws/ssde/j25b/swift/nflics_nowcasts/2019/09/03/1615/Nowcast_201909031615_000.nc'
Skipping 2019-09-03 16:30: [Errno 2] No such file or directory: '/gws/ssde/j25b/swift/nflics_nowcasts/2019/09/03/1630/Nowcast_201909031630_000.nc'
Skipping 2019-09-03 16:45: [Errno 2] No such file or directory: '/gws/ssde/j25b/swift/nflics_nowcasts/2019/09/03/1645/Nowcast_201909031645_000.nc'
Skipping 2019-09-04 16:00: [Errno 2] No such file or directory: '/gws/ssde/j25b/swift/nflics_nowcasts/2019/09/04/1600/Nowcast_201909041600_000.nc'
Skipping 2019-09-04 16:15: [Errno 2] No such file or directory: '/gws/ssde/j25b/swift/nflics_nowcasts/2019/09/04/1615/Nowcast_201909041615_000.nc'
Skipping 2019-09-04 16:30: [Errno 2] No such file or directory: '/gws/ssde/j25b/swift/nflics_nowcasts/2019/09/04/1630/Nowcast_201909041630_000.nc'
Skipping 2019-09-04 16:45: [Errno 2] No such file or directory: '/gws/ssde/j25b/swift/nflics_nowcasts/2019/09/04/1645/Nowcast_201909041645_000.nc'
Skipping 2019-09-05 16:00: [Errno 2] No such file or directory: '/gws/ssde/j25b/swift/nflics_nowcasts/2019/09/05/1600/Nowcast_201909051600_000.nc'
Skipping 2019-09-05 16:15: [Errno 2] No such file or directory: '/gws/ssde/j25b/swift/nflics_nowcasts/2019/09/05/1615/Nowcast_201909051615_000.nc'
Skipping 2019-09-05 16:30: [Errno 2] No such file or directory: '/gws/ssde/j25b/swift/nflics_nowcasts/2019/09/05/1630/Nowcast_201909051630_000.nc'
Skipping 2019-09-05 16:45: [Errno 2] No such file or directory: '/gws/ssde/j25b/swift/nflics_nowcasts/2019/09/05/1645/Nowcast_201909051645_000.nc'
Skipping 2019-09-06 16:00: [Errno 2] No such file or directory: '/gws/ssde/j25b/swift/nflics_nowcasts/2019/09/06/1600/Nowcast_201909061600_000.nc'
Skipping 2019-09-06 16:15: [Errno 2] No such file or directory: '/gws/ssde/j25b/swift/nflics_nowcasts/2019/09/06/1615/Nowcast_201909061615_000.nc'
Skipping 2019-09-06 16:30: [Errno 2] No such file or directory: '/gws/ssde/j25b/swift/nflics_nowcasts/2019/09/06/1630/Nowcast_201909061630_000.nc'
Skipping 2019-09-06 16:45: [Errno 2] No such file or directory: '/gws/ssde/j25b/swift/nflics_nowcasts/2019/09/06/1645/Nowcast_201909061645_000.nc'
Skipping 2019-09-07 16:00: [Errno 2] No such file or directory: '/gws/ssde/j25b/swift/nflics_nowcasts/2019/09/07/1600/Nowcast_201909071600_000.nc'
Skipping 2019-09-07 16:15: [Errno 2] No such file or directory: '/gws/ssde/j25b/swift/nflics_nowcasts/2019/09/07/1615/Nowcast_201909071615_000.nc'
Skipping 2019-09-07 16:30: [Errno 2] No such file or directory: '/gws/ssde/j25b/swift/nflics_nowcasts/2019/09/07/1630/Nowcast_201909071630_000.nc'
Skipping 2019-09-07 16:45: [Errno 2] No such file or directory: '/gws/ssde/j25b/swift/nflics_nowcasts/2019/09/07/1645/Nowcast_201909071645_000.nc'
Skipping 2019-09-08 16:00: [Errno 2] No such file or directory: '/gws/ssde/j25b/swift/nflics_nowcasts/2019/09/08/1600/Nowcast_201909081600_000.nc'
Skipping 2019-09-08 16:15: [Errno 2] No such file or directory: '/gws/ssde/j25b/swift/nflics_nowcasts/2019/09/08/1615/Nowcast_201909081615_000.nc'
Skipping 2019-09-08 16:30: [Errno 2] No such file or directory: '/gws/ssde/j25b/swift/nflics_nowcasts/2019/09/08/1630/Nowcast_201909081630_000.nc'
Skipping 2019-09-08 16:45: [Errno 2] No such file or directory: '/gws/ssde/j25b/swift/nflics_nowcasts/2019/09/08/1645/Nowcast_201909081645_000.nc'
Skipping 2019-09-09 16:00: [Errno 2] No such file or directory: '/gws/ssde/j25b/swift/nflics_nowcasts/2019/09/09/1600/Nowcast_201909091600_000.nc'
Skipping 2019-09-09 16:15: [Errno 2] No such file or directory: '/gws/ssde/j25b/swift/nflics_nowcasts/2019/09/09/1615/Nowcast_201909091615_000.nc'
Skipping 2019-09-09 16:30: [Errno 2] No such file or directory: '/gws/ssde/j25b/swift/nflics_nowcasts/2019/09/09/1630/Nowcast_201909091630_000.nc'
Skipping 2019-09-09 16:45: [Errno 2] No such file or directory: '/gws/ssde/j25b/swift/nflics_nowcasts/2019/09/09/1645/Nowcast_201909091645_000.nc'
Skipping 2019-09-10 16:00: [Errno 2] No such file or directory: '/gws/ssde/j25b/swift/nflics_nowcasts/2019/09/10/1600/Nowcast_201909101600_000.nc'
Skipping 2019-09-10 16:15: [Errno 2] No such file or directory: '/gws/ssde/j25b/swift/nflics_nowcasts/2019/09/10/1615/Nowcast_201909101615_000.nc'
Skipping 2019-09-10 16:30: [Errno 2] No such file or directory: '/gws/ssde/j25b/swift/nflics_nowcasts/2019/09/10/1630/Nowcast_201909101630_000.nc'
Skipping 2019-09-10 16:45: [Errno 2] No such file or directory: '/gws/ssde/j25b/swift/nflics_nowcasts/2019/09/10/1645/Nowcast_201909101645_000.nc'
Skipping 2019-09-11 16:00: [Errno 2] No such file or directory: '/gws/ssde/j25b/swift/nflics_nowcasts/2019/09/11/1600/Nowcast_201909111600_000.nc'
Skipping 2019-09-11 16:15: [Errno 2] No such file or directory: '/gws/ssde/j25b/swift/nflics_nowcasts/2019/09/11/1615/Nowcast_201909111615_000.nc'
Skipping 2019-09-11 16:30: [Errno 2] No such file or directory: '/gws/ssde/j25b/swift/nflics_nowcasts/2019/09/11/1630/Nowcast_201909111630_000.nc'
Skipping 2019-09-11 16:45: [Errno 2] No such file or directory: '/gws/ssde/j25b/swift/nflics_nowcasts/2019/09/11/1645/Nowcast_201909111645_000.nc'
Skipping 2019-09-12 16:00: [Errno 2] No such file or directory: '/gws/ssde/j25b/swift/nflics_nowcasts/2019/09/12/1600/Nowcast_201909121600_000.nc'
Skipping 2019-09-12 16:15: [Errno 2] No such file or directory: '/gws/ssde/j25b/swift/nflics_nowcasts/2019/09/12/1615/Nowcast_201909121615_000.nc'
Skipping 2019-09-12 16:30: [Errno 2] No such file or directory: '/gws/ssde/j25b/swift/nflics_nowcasts/2019/09/12/1630/Nowcast_201909121630_000.nc'
Skipping 2019-09-12 16:45: [Errno 2] No such file or directory: '/gws/ssde/j25b/swift/nflics_nowcasts/2019/09/12/1645/Nowcast_201909121645_000.nc'
Skipping 2019-09-13 16:00: [Errno 2] No such file or directory: '/gws/ssde/j25b/swift/nflics_nowcasts/2019/09/13/1600/Nowcast_201909131600_000.nc'
Skipping 2019-09-13 16:15: [Errno 2] No such file or directory: '/gws/ssde/j25b/swift/nflics_nowcasts/2019/09/13/1615/Nowcast_201909131615_000.nc'
Skipping 2019-09-13 16:30: [Errno 2] No such file or directory: '/gws/ssde/j25b/swift/nflics_nowcasts/2019/09/13/1630/Nowcast_201909131630_000.nc'
Skipping 2019-09-13 16:45: [Errno 2] No such file or directory: '/gws/ssde/j25b/swift/nflics_nowcasts/2019/09/13/1645/Nowcast_201909131645_000.nc'
Skipping 2019-09-14 16:00: [Errno 2] No such file or directory: '/gws/ssde/j25b/swift/nflics_nowcasts/2019/09/14/1600/Nowcast_201909141600_000.nc'
Skipping 2019-09-14 16:15: [Errno 2] No such file or directory: '/gws/ssde/j25b/swift/nflics_nowcasts/2019/09/14/1615/Nowcast_201909141615_000.nc'
Skipping 2019-09-14 16:30: [Errno 2] No such file or directory: '/gws/ssde/j25b/swift/nflics_nowcasts/2019/09/14/1630/Nowcast_201909141630_000.nc'
Skipping 2019-09-14 16:45: [Errno 2] No such file or directory: '/gws/ssde/j25b/swift/nflics_nowcasts/2019/09/14/1645/Nowcast_201909141645_000.nc'
Skipping 2019-09-15 16:00: [Errno 2] No such file or directory: '/gws/ssde/j25b/swift/nflics_nowcasts/2019/09/15/1600/Nowcast_201909151600_000.nc'
Skipping 2019-09-15 16:15: [Errno 2] No such file or directory: '/gws/ssde/j25b/swift/nflics_nowcasts/2019/09/15/1615/Nowcast_201909151615_000.nc'
Skipping 2019-09-15 16:30: [Errno 2] No such file or directory: '/gws/ssde/j25b/swift/nflics_nowcasts/2019/09/15/1630/Nowcast_201909151630_000.nc'
Skipping 2019-09-15 16:45: [Errno 2] No such file or directory: '/gws/ssde/j25b/swift/nflics_nowcasts/2019/09/15/1645/Nowcast_201909151645_000.nc'
Skipping 2019-09-16 16:00: [Errno 2] No such file or directory: '/gws/ssde/j25b/swift/nflics_nowcasts/2019/09/16/1600/Nowcast_201909161600_000.nc'
Skipping 2019-09-16 16:15: [Errno 2] No such file or directory: '/gws/ssde/j25b/swift/nflics_nowcasts/2019/09/16/1615/Nowcast_201909161615_000.nc'
Skipping 2019-09-16 16:30: [Errno 2] No such file or directory: '/gws/ssde/j25b/swift/nflics_nowcasts/2019/09/16/1630/Nowcast_201909161630_000.nc'
Skipping 2019-09-16 16:45: [Errno 2] No such file or directory: '/gws/ssde/j25b/swift/nflics_nowcasts/2019/09/16/1645/Nowcast_201909161645_000.nc'
Skipping 2019-09-17 16:00: [Errno 2] No such file or directory: '/gws/ssde/j25b/swift/nflics_nowcasts/2019/09/17/1600/Nowcast_201909171600_000.nc'
Skipping 2019-09-17 16:15: [Errno 2] No such file or directory: '/gws/ssde/j25b/swift/nflics_nowcasts/2019/09/17/1615/Nowcast_201909171615_000.nc'
Skipping 2019-09-17 16:30: [Errno 2] No such file or directory: '/gws/ssde/j25b/swift/nflics_nowcasts/2019/09/17/1630/Nowcast_201909171630_000.nc'
Skipping 2019-09-17 16:45: [Errno 2] No such file or directory: '/gws/ssde/j25b/swift/nflics_nowcasts/2019/09/17/1645/Nowcast_201909171645_000.nc'
Skipping 2019-09-18 16:00: [Errno 2] No such file or directory: '/gws/ssde/j25b/swift/nflics_nowcasts/2019/09/18/1600/Nowcast_201909181600_000.nc'
Skipping 2019-09-18 16:15: [Errno 2] No such file or directory: '/gws/ssde/j25b/swift/nflics_nowcasts/2019/09/18/1615/Nowcast_201909181615_000.nc'
Skipping 2019-09-18 16:30: [Errno 2] No such file or directory: '/gws/ssde/j25b/swift/nflics_nowcasts/2019/09/18/1630/Nowcast_201909181630_000.nc'
Skipping 2019-09-18 16:45: [Errno 2] No such file or directory: '/gws/ssde/j25b/swift/nflics_nowcasts/2019/09/18/1645/Nowcast_201909181645_000.nc'
Skipping 2019-09-19 16:00: [Errno 2] No such file or directory: '/gws/ssde/j25b/swift/nflics_nowcasts/2019/09/19/1600/Nowcast_201909191600_000.nc'
Skipping 2019-09-19 16:15: [Errno 2] No such file or directory: '/gws/ssde/j25b/swift/nflics_nowcasts/2019/09/19/1615/Nowcast_201909191615_000.nc'
Skipping 2019-09-19 16:30: [Errno 2] No such file or directory: '/gws/ssde/j25b/swift/nflics_nowcasts/2019/09/19/1630/Nowcast_201909191630_000.nc'
Skipping 2019-09-19 16:45: [Errno 2] No such file or directory: '/gws/ssde/j25b/swift/nflics_nowcasts/2019/09/19/1645/Nowcast_201909191645_000.nc'
Skipping 2019-09-20 16:00: [Errno 2] No such file or directory: '/gws/ssde/j25b/swift/nflics_nowcasts/2019/09/20/1600/Nowcast_201909201600_000.nc'
Skipping 2019-09-20 16:15: [Errno 2] No such file or directory: '/gws/ssde/j25b/swift/nflics_nowcasts/2019/09/20/1615/Nowcast_201909201615_000.nc'
Skipping 2019-09-20 16:30: [Errno 2] No such file or directory: '/gws/ssde/j25b/swift/nflics_nowcasts/2019/09/20/1630/Nowcast_201909201630_000.nc'
Skipping 2019-09-20 16:45: [Errno 2] No such file or directory: '/gws/ssde/j25b/swift/nflics_nowcasts/2019/09/20/1645/Nowcast_201909201645_000.nc'
Skipping 2019-09-21 16:00: [Errno 2] No such file or directory: '/gws/ssde/j25b/swift/nflics_nowcasts/2019/09/21/1600/Nowcast_201909211600_000.nc'
Skipping 2019-09-21 16:15: [Errno 2] No such file or directory: '/gws/ssde/j25b/swift/nflics_nowcasts/2019/09/21/1615/Nowcast_201909211615_000.nc'
Skipping 2019-09-21 16:30: [Errno 2] No such file or directory: '/gws/ssde/j25b/swift/nflics_nowcasts/2019/09/21/1630/Nowcast_201909211630_000.nc'
Skipping 2019-09-21 16:45: [Errno 2] No such file or directory: '/gws/ssde/j25b/swift/nflics_nowcasts/2019/09/21/1645/Nowcast_201909211645_000.nc'
Skipping 2019-09-22 16:00: [Errno 2] No such file or directory: '/gws/ssde/j25b/swift/nflics_nowcasts/2019/09/22/1600/Nowcast_201909221600_000.nc'
Skipping 2019-09-22 16:15: [Errno 2] No such file or directory: '/gws/ssde/j25b/swift/nflics_nowcasts/2019/09/22/1615/Nowcast_201909221615_000.nc'
Skipping 2019-09-22 16:30: [Errno 2] No such file or directory: '/gws/ssde/j25b/swift/nflics_nowcasts/2019/09/22/1630/Nowcast_201909221630_000.nc'
Skipping 2019-09-22 16:45: [Errno 2] No such file or directory: '/gws/ssde/j25b/swift/nflics_nowcasts/2019/09/22/1645/Nowcast_201909221645_000.nc'
Skipping 2019-09-23 16:00: [Errno 2] No such file or directory: '/gws/ssde/j25b/swift/nflics_nowcasts/2019/09/23/1600/Nowcast_201909231600_000.nc'
Skipping 2019-09-23 16:15: [Errno 2] No such file or directory: '/gws/ssde/j25b/swift/nflics_nowcasts/2019/09/23/1615/Nowcast_201909231615_000.nc'
Skipping 2019-09-23 16:30: [Errno 2] No such file or directory: '/gws/ssde/j25b/swift/nflics_nowcasts/2019/09/23/1630/Nowcast_201909231630_000.nc'
Skipping 2019-09-23 16:45: [Errno 2] No such file or directory: '/gws/ssde/j25b/swift/nflics_nowcasts/2019/09/23/1645/Nowcast_201909231645_000.nc'
Skipping 2019-09-24 16:00: [Errno 2] No such file or directory: '/gws/ssde/j25b/swift/nflics_nowcasts/2019/09/24/1600/Nowcast_201909241600_000.nc'
Skipping 2019-09-24 16:15: [Errno 2] No such file or directory: '/gws/ssde/j25b/swift/nflics_nowcasts/2019/09/24/1615/Nowcast_201909241615_000.nc'
Skipping 2019-09-24 16:30: [Errno 2] No such file or directory: '/gws/ssde/j25b/swift/nflics_nowcasts/2019/09/24/1630/Nowcast_201909241630_000.nc'
Skipping 2019-09-24 16:45: [Errno 2] No such file or directory: '/gws/ssde/j25b/swift/nflics_nowcasts/2019/09/24/1645/Nowcast_201909241645_000.nc'
Skipping 2019-09-25 16:00: [Errno 2] No such file or directory: '/gws/ssde/j25b/swift/nflics_nowcasts/2019/09/25/1600/Nowcast_201909251600_000.nc'
Skipping 2019-09-25 16:15: [Errno 2] No such file or directory: '/gws/ssde/j25b/swift/nflics_nowcasts/2019/09/25/1615/Nowcast_201909251615_000.nc'
Skipping 2019-09-25 16:30: [Errno 2] No such file or directory: '/gws/ssde/j25b/swift/nflics_nowcasts/2019/09/25/1630/Nowcast_201909251630_000.nc'
Skipping 2019-09-25 16:45: [Errno 2] No such file or directory: '/gws/ssde/j25b/swift/nflics_nowcasts/2019/09/25/1645/Nowcast_201909251645_000.nc'
Skipping 2019-09-26 16:00: [Errno 2] No such file or directory: '/gws/ssde/j25b/swift/nflics_nowcasts/2019/09/26/1600/Nowcast_201909261600_000.nc'
Skipping 2019-09-26 16:15: [Errno 2] No such file or directory: '/gws/ssde/j25b/swift/nflics_nowcasts/2019/09/26/1615/Nowcast_201909261615_000.nc'
Skipping 2019-09-26 16:30: [Errno 2] No such file or directory: '/gws/ssde/j25b/swift/nflics_nowcasts/2019/09/26/1630/Nowcast_201909261630_000.nc'
Skipping 2019-09-26 16:45: [Errno 2] No such file or directory: '/gws/ssde/j25b/swift/nflics_nowcasts/2019/09/26/1645/Nowcast_201909261645_000.nc'
Skipping 2019-09-27 16:00: [Errno 2] No such file or directory: '/gws/ssde/j25b/swift/nflics_nowcasts/2019/09/27/1600/Nowcast_201909271600_000.nc'
Skipping 2019-09-27 16:15: [Errno 2] No such file or directory: '/gws/ssde/j25b/swift/nflics_nowcasts/2019/09/27/1615/Nowcast_201909271615_000.nc'
Skipping 2019-09-27 16:30: [Errno 2] No such file or directory: '/gws/ssde/j25b/swift/nflics_nowcasts/2019/09/27/1630/Nowcast_201909271630_000.nc'
Skipping 2019-09-27 16:45: [Errno 2] No such file or directory: '/gws/ssde/j25b/swift/nflics_nowcasts/2019/09/27/1645/Nowcast_201909271645_000.nc'
Skipping 2019-09-28 16:00: [Errno 2] No such file or directory: '/gws/ssde/j25b/swift/nflics_nowcasts/2019/09/28/1600/Nowcast_201909281600_000.nc'
Skipping 2019-09-28 16:15: [Errno 2] No such file or directory: '/gws/ssde/j25b/swift/nflics_nowcasts/2019/09/28/1615/Nowcast_201909281615_000.nc'
Skipping 2019-09-28 16:30: [Errno 2] No such file or directory: '/gws/ssde/j25b/swift/nflics_nowcasts/2019/09/28/1630/Nowcast_201909281630_000.nc'
Skipping 2019-09-28 16:45: [Errno 2] No such file or directory: '/gws/ssde/j25b/swift/nflics_nowcasts/2019/09/28/1645/Nowcast_201909281645_000.nc'
Skipping 2019-09-29 16:00: [Errno 2] No such file or directory: '/gws/ssde/j25b/swift/nflics_nowcasts/2019/09/29/1600/Nowcast_201909291600_000.nc'
Skipping 2019-09-29 16:15: [Errno 2] No such file or directory: '/gws/ssde/j25b/swift/nflics_nowcasts/2019/09/29/1615/Nowcast_201909291615_000.nc'
Skipping 2019-09-29 16:30: [Errno 2] No such file or directory: '/gws/ssde/j25b/swift/nflics_nowcasts/2019/09/29/1630/Nowcast_201909291630_000.nc'
Skipping 2019-09-29 16:45: [Errno 2] No such file or directory: '/gws/ssde/j25b/swift/nflics_nowcasts/2019/09/29/1645/Nowcast_201909291645_000.nc'
Skipping 2019-09-30 16:00: [Errno 2] No such file or directory: '/gws/ssde/j25b/swift/nflics_nowcasts/2019/09/30/1600/Nowcast_201909301600_000.nc'
Skipping 2019-09-30 16:15: [Errno 2] No such file or directory: '/gws/ssde/j25b/swift/nflics_nowcasts/2019/09/30/1615/Nowcast_201909301615_000.nc'
Skipping 2019-09-30 16:30: [Errno 2] No such file or directory: '/gws/ssde/j25b/swift/nflics_nowcasts/2019/09/30/1630/Nowcast_201909301630_000.nc'
Skipping 2019-09-30 16:45: [Errno 2] No such file or directory: '/gws/ssde/j25b/swift/nflics_nowcasts/2019/09/30/1645/Nowcast_201909301645_000.nc'
All ensemble nowcasts completed on CPU.
======================================================
 Job completed successfully at Sat 29 Nov 12:13:04 GMT 2025
======================================================
