======================================================
 Job started on host1085.jc.rl.ac.uk at Sat 29 Nov 12:11:36 GMT 2025
======================================================
Running ensemble nowcast inference:
 Lead time : 3
 Year      : 2019
 Month     : 07
 Hour      : 17
======================================================
Running on CPU with 8 threads
Loaded 5 ensemble models on CPU
Detected 117 inputs for 2019-07 17 UTC
Skipping 2019-07-01 17:00: [Errno 2] No such file or directory: '/gws/ssde/j25b/swift/nflics_nowcasts/2019/07/01/1700/Nowcast_201907011700_000.nc'
Skipping 2019-07-01 17:15: [Errno 2] No such file or directory: '/gws/ssde/j25b/swift/nflics_nowcasts/2019/07/01/1715/Nowcast_201907011715_000.nc'
Skipping 2019-07-01 17:30: [Errno 2] No such file or directory: '/gws/ssde/j25b/swift/nflics_nowcasts/2019/07/01/1730/Nowcast_201907011730_000.nc'
Skipping 2019-07-01 17:45: [Errno 2] No such file or directory: '/gws/ssde/j25b/swift/nflics_nowcasts/2019/07/01/1745/Nowcast_201907011745_000.nc'
Skipping 2019-07-02 17:00: [Errno 2] No such file or directory: '/gws/ssde/j25b/swift/nflics_nowcasts/2019/07/02/1700/Nowcast_201907021700_000.nc'
Skipping 2019-07-02 17:15: [Errno 2] No such file or directory: '/gws/ssde/j25b/swift/nflics_nowcasts/2019/07/02/1715/Nowcast_201907021715_000.nc'
Skipping 2019-07-02 17:30: [Errno 2] No such file or directory: '/gws/ssde/j25b/swift/nflics_nowcasts/2019/07/02/1730/Nowcast_201907021730_000.nc'
Skipping 2019-07-02 17:45: [Errno 2] No such file or directory: '/gws/ssde/j25b/swift/nflics_nowcasts/2019/07/02/1745/Nowcast_201907021745_000.nc'
Skipping 2019-07-03 17:00: [Errno 2] No such file or directory: '/gws/ssde/j25b/swift/nflics_nowcasts/2019/07/03/1700/Nowcast_201907031700_000.nc'
Skipping 2019-07-03 17:15: [Errno 2] No such file or directory: '/gws/ssde/j25b/swift/nflics_nowcasts/2019/07/03/1715/Nowcast_201907031715_000.nc'
Skipping 2019-07-03 17:30: [Errno 2] No such file or directory: '/gws/ssde/j25b/swift/nflics_nowcasts/2019/07/03/1730/Nowcast_201907031730_000.nc'
Skipping 2019-07-03 17:45: [Errno 2] No such file or directory: '/gws/ssde/j25b/swift/nflics_nowcasts/2019/07/03/1745/Nowcast_201907031745_000.nc'
Skipping 2019-07-04 17:00: [Errno 2] No such file or directory: '/gws/ssde/j25b/swift/nflics_nowcasts/2019/07/04/1700/Nowcast_201907041700_000.nc'
Skipping 2019-07-04 17:15: [Errno 2] No such file or directory: '/gws/ssde/j25b/swift/nflics_nowcasts/2019/07/04/1715/Nowcast_201907041715_000.nc'
Skipping 2019-07-04 17:30: [Errno 2] No such file or directory: '/gws/ssde/j25b/swift/nflics_nowcasts/2019/07/04/1730/Nowcast_201907041730_000.nc'
Skipping 2019-07-04 17:45: [Errno 2] No such file or directory: '/gws/ssde/j25b/swift/nflics_nowcasts/2019/07/04/1745/Nowcast_201907041745_000.nc'
Skipping 2019-07-05 17:00: [Errno 2] No such file or directory: '/gws/ssde/j25b/swift/nflics_nowcasts/2019/07/05/1700/Nowcast_201907051700_000.nc'
Skipping 2019-07-05 17:15: [Errno 2] No such file or directory: '/gws/ssde/j25b/swift/nflics_nowcasts/2019/07/05/1715/Nowcast_201907051715_000.nc'
Skipping 2019-07-05 17:30: [Errno 2] No such file or directory: '/gws/ssde/j25b/swift/nflics_nowcasts/2019/07/05/1730/Nowcast_201907051730_000.nc'
Skipping 2019-07-05 17:45: [Errno 2] No such file or directory: '/gws/ssde/j25b/swift/nflics_nowcasts/2019/07/05/1745/Nowcast_201907051745_000.nc'
Skipping 2019-07-06 17:00: [Errno 2] No such file or directory: '/gws/ssde/j25b/swift/nflics_nowcasts/2019/07/06/1700/Nowcast_201907061700_000.nc'
Skipping 2019-07-06 17:15: [Errno 2] No such file or directory: '/gws/ssde/j25b/swift/nflics_nowcasts/2019/07/06/1715/Nowcast_201907061715_000.nc'
Skipping 2019-07-07 17:00: [Errno 2] No such file or directory: '/gws/ssde/j25b/swift/nflics_nowcasts/2019/07/07/1700/Nowcast_201907071700_000.nc'
Skipping 2019-07-07 17:15: [Errno 2] No such file or directory: '/gws/ssde/j25b/swift/nflics_nowcasts/2019/07/07/1715/Nowcast_201907071715_000.nc'
Skipping 2019-07-07 17:30: [Errno 2] No such file or directory: '/gws/ssde/j25b/swift/nflics_nowcasts/2019/07/07/1730/Nowcast_201907071730_000.nc'
Skipping 2019-07-07 17:45: [Errno 2] No such file or directory: '/gws/ssde/j25b/swift/nflics_nowcasts/2019/07/07/1745/Nowcast_201907071745_000.nc'
Skipping 2019-07-08 17:00: [Errno 2] No such file or directory: '/gws/ssde/j25b/swift/nflics_nowcasts/2019/07/08/1700/Nowcast_201907081700_000.nc'
Skipping 2019-07-08 17:15: [Errno 2] No such file or directory: '/gws/ssde/j25b/swift/nflics_nowcasts/2019/07/08/1715/Nowcast_201907081715_000.nc'
Skipping 2019-07-08 17:30: [Errno 2] No such file or directory: '/gws/ssde/j25b/swift/nflics_nowcasts/2019/07/08/1730/Nowcast_201907081730_000.nc'
Skipping 2019-07-08 17:45: [Errno 2] No such file or directory: '/gws/ssde/j25b/swift/nflics_nowcasts/2019/07/08/1745/Nowcast_201907081745_000.nc'
Skipping 2019-07-09 17:00: [Errno 2] No such file or directory: '/gws/ssde/j25b/swift/nflics_nowcasts/2019/07/09/1700/Nowcast_201907091700_000.nc'
Skipping 2019-07-09 17:15: [Errno 2] No such file or directory: '/gws/ssde/j25b/swift/nflics_nowcasts/2019/07/09/1715/Nowcast_201907091715_000.nc'
Skipping 2019-07-09 17:45: [Errno 2] No such file or directory: '/gws/ssde/j25b/swift/nflics_nowcasts/2019/07/09/1745/Nowcast_201907091745_000.nc'
Skipping 2019-07-11 17:00: [Errno 2] No such file or directory: '/gws/ssde/j25b/swift/nflics_nowcasts/2019/07/11/1700/Nowcast_201907111700_000.nc'
Skipping 2019-07-11 17:15: [Errno 2] No such file or directory: '/gws/ssde/j25b/swift/nflics_nowcasts/2019/07/11/1715/Nowcast_201907111715_000.nc'
Skipping 2019-07-11 17:30: [Errno 2] No such file or directory: '/gws/ssde/j25b/swift/nflics_nowcasts/2019/07/11/1730/Nowcast_201907111730_000.nc'
Skipping 2019-07-11 17:45: [Errno 2] No such file or directory: '/gws/ssde/j25b/swift/nflics_nowcasts/2019/07/11/1745/Nowcast_201907111745_000.nc'
Skipping 2019-07-12 17:00: [Errno 2] No such file or directory: '/gws/ssde/j25b/swift/nflics_nowcasts/2019/07/12/1700/Nowcast_201907121700_000.nc'
Skipping 2019-07-12 17:15: [Errno 2] No such file or directory: '/gws/ssde/j25b/swift/nflics_nowcasts/2019/07/12/1715/Nowcast_201907121715_000.nc'
Skipping 2019-07-12 17:30: [Errno 2] No such file or directory: '/gws/ssde/j25b/swift/nflics_nowcasts/2019/07/12/1730/Nowcast_201907121730_000.nc'
Skipping 2019-07-12 17:45: [Errno 2] No such file or directory: '/gws/ssde/j25b/swift/nflics_nowcasts/2019/07/12/1745/Nowcast_201907121745_000.nc'
Skipping 2019-07-13 17:00: [Errno 2] No such file or directory: '/gws/ssde/j25b/swift/nflics_nowcasts/2019/07/13/1700/Nowcast_201907131700_000.nc'
Skipping 2019-07-13 17:15: [Errno 2] No such file or directory: '/gws/ssde/j25b/swift/nflics_nowcasts/2019/07/13/1715/Nowcast_201907131715_000.nc'
Skipping 2019-07-13 17:30: [Errno 2] No such file or directory: '/gws/ssde/j25b/swift/nflics_nowcasts/2019/07/13/1730/Nowcast_201907131730_000.nc'
Skipping 2019-07-13 17:45: [Errno 2] No such file or directory: '/gws/ssde/j25b/swift/nflics_nowcasts/2019/07/13/1745/Nowcast_201907131745_000.nc'
Skipping 2019-07-14 17:00: [Errno 2] No such file or directory: '/gws/ssde/j25b/swift/nflics_nowcasts/2019/07/14/1700/Nowcast_201907141700_000.nc'
Skipping 2019-07-14 17:15: [Errno 2] No such file or directory: '/gws/ssde/j25b/swift/nflics_nowcasts/2019/07/14/1715/Nowcast_201907141715_000.nc'
Skipping 2019-07-14 17:30: [Errno 2] No such file or directory: '/gws/ssde/j25b/swift/nflics_nowcasts/2019/07/14/1730/Nowcast_201907141730_000.nc'
Skipping 2019-07-14 17:45: [Errno 2] No such file or directory: '/gws/ssde/j25b/swift/nflics_nowcasts/2019/07/14/1745/Nowcast_201907141745_000.nc'
Skipping 2019-07-15 17:00: [Errno 2] No such file or directory: '/gws/ssde/j25b/swift/nflics_nowcasts/2019/07/15/1700/Nowcast_201907151700_000.nc'
Skipping 2019-07-15 17:15: [Errno 2] No such file or directory: '/gws/ssde/j25b/swift/nflics_nowcasts/2019/07/15/1715/Nowcast_201907151715_000.nc'
Skipping 2019-07-15 17:30: [Errno 2] No such file or directory: '/gws/ssde/j25b/swift/nflics_nowcasts/2019/07/15/1730/Nowcast_201907151730_000.nc'
Skipping 2019-07-15 17:45: [Errno 2] No such file or directory: '/gws/ssde/j25b/swift/nflics_nowcasts/2019/07/15/1745/Nowcast_201907151745_000.nc'
Skipping 2019-07-16 17:00: [Errno 2] No such file or directory: '/gws/ssde/j25b/swift/nflics_nowcasts/2019/07/16/1700/Nowcast_201907161700_000.nc'
Skipping 2019-07-16 17:15: [Errno 2] No such file or directory: '/gws/ssde/j25b/swift/nflics_nowcasts/2019/07/16/1715/Nowcast_201907161715_000.nc'
Skipping 2019-07-16 17:30: [Errno 2] No such file or directory: '/gws/ssde/j25b/swift/nflics_nowcasts/2019/07/16/1730/Nowcast_201907161730_000.nc'
Skipping 2019-07-16 17:45: [Errno 2] No such file or directory: '/gws/ssde/j25b/swift/nflics_nowcasts/2019/07/16/1745/Nowcast_201907161745_000.nc'
Skipping 2019-07-17 17:00: [Errno 2] No such file or directory: '/gws/ssde/j25b/swift/nflics_nowcasts/2019/07/17/1700/Nowcast_201907171700_000.nc'
Skipping 2019-07-17 17:15: [Errno 2] No such file or directory: '/gws/ssde/j25b/swift/nflics_nowcasts/2019/07/17/1715/Nowcast_201907171715_000.nc'
Skipping 2019-07-17 17:30: [Errno 2] No such file or directory: '/gws/ssde/j25b/swift/nflics_nowcasts/2019/07/17/1730/Nowcast_201907171730_000.nc'
Skipping 2019-07-17 17:45: [Errno 2] No such file or directory: '/gws/ssde/j25b/swift/nflics_nowcasts/2019/07/17/1745/Nowcast_201907171745_000.nc'
Skipping 2019-07-18 17:00: [Errno 2] No such file or directory: '/gws/ssde/j25b/swift/nflics_nowcasts/2019/07/18/1700/Nowcast_201907181700_000.nc'
Skipping 2019-07-18 17:15: [Errno 2] No such file or directory: '/gws/ssde/j25b/swift/nflics_nowcasts/2019/07/18/1715/Nowcast_201907181715_000.nc'
Skipping 2019-07-18 17:30: [Errno 2] No such file or directory: '/gws/ssde/j25b/swift/nflics_nowcasts/2019/07/18/1730/Nowcast_201907181730_000.nc'
Skipping 2019-07-18 17:45: [Errno 2] No such file or directory: '/gws/ssde/j25b/swift/nflics_nowcasts/2019/07/18/1745/Nowcast_201907181745_000.nc'
Skipping 2019-07-19 17:00: [Errno 2] No such file or directory: '/gws/ssde/j25b/swift/nflics_nowcasts/2019/07/19/1700/Nowcast_201907191700_000.nc'
Skipping 2019-07-19 17:15: [Errno 2] No such file or directory: '/gws/ssde/j25b/swift/nflics_nowcasts/2019/07/19/1715/Nowcast_201907191715_000.nc'
Skipping 2019-07-19 17:30: [Errno 2] No such file or directory: '/gws/ssde/j25b/swift/nflics_nowcasts/2019/07/19/1730/Nowcast_201907191730_000.nc'
Skipping 2019-07-19 17:45: [Errno 2] No such file or directory: '/gws/ssde/j25b/swift/nflics_nowcasts/2019/07/19/1745/Nowcast_201907191745_000.nc'
Skipping 2019-07-20 17:00: [Errno 2] No such file or directory: '/gws/ssde/j25b/swift/nflics_nowcasts/2019/07/20/1700/Nowcast_201907201700_000.nc'
Skipping 2019-07-20 17:15: [Errno 2] No such file or directory: '/gws/ssde/j25b/swift/nflics_nowcasts/2019/07/20/1715/Nowcast_201907201715_000.nc'
Skipping 2019-07-20 17:30: [Errno 2] No such file or directory: '/gws/ssde/j25b/swift/nflics_nowcasts/2019/07/20/1730/Nowcast_201907201730_000.nc'
Skipping 2019-07-20 17:45: [Errno 2] No such file or directory: '/gws/ssde/j25b/swift/nflics_nowcasts/2019/07/20/1745/Nowcast_201907201745_000.nc'
Skipping 2019-07-21 17:00: [Errno 2] No such file or directory: '/gws/ssde/j25b/swift/nflics_nowcasts/2019/07/21/1700/Nowcast_201907211700_000.nc'
Skipping 2019-07-21 17:15: [Errno 2] No such file or directory: '/gws/ssde/j25b/swift/nflics_nowcasts/2019/07/21/1715/Nowcast_201907211715_000.nc'
Skipping 2019-07-21 17:30: [Errno 2] No such file or directory: '/gws/ssde/j25b/swift/nflics_nowcasts/2019/07/21/1730/Nowcast_201907211730_000.nc'
Skipping 2019-07-21 17:45: [Errno 2] No such file or directory: '/gws/ssde/j25b/swift/nflics_nowcasts/2019/07/21/1745/Nowcast_201907211745_000.nc'
Skipping 2019-07-22 17:00: [Errno 2] No such file or directory: '/gws/ssde/j25b/swift/nflics_nowcasts/2019/07/22/1700/Nowcast_201907221700_000.nc'
Skipping 2019-07-22 17:15: [Errno 2] No such file or directory: '/gws/ssde/j25b/swift/nflics_nowcasts/2019/07/22/1715/Nowcast_201907221715_000.nc'
Skipping 2019-07-22 17:30: [Errno 2] No such file or directory: '/gws/ssde/j25b/swift/nflics_nowcasts/2019/07/22/1730/Nowcast_201907221730_000.nc'
Skipping 2019-07-22 17:45: [Errno 2] No such file or directory: '/gws/ssde/j25b/swift/nflics_nowcasts/2019/07/22/1745/Nowcast_201907221745_000.nc'
Skipping 2019-07-23 17:00: [Errno 2] No such file or directory: '/gws/ssde/j25b/swift/nflics_nowcasts/2019/07/23/1700/Nowcast_201907231700_000.nc'
Skipping 2019-07-23 17:15: [Errno 2] No such file or directory: '/gws/ssde/j25b/swift/nflics_nowcasts/2019/07/23/1715/Nowcast_201907231715_000.nc'
Skipping 2019-07-23 17:30: [Errno 2] No such file or directory: '/gws/ssde/j25b/swift/nflics_nowcasts/2019/07/23/1730/Nowcast_201907231730_000.nc'
Skipping 2019-07-23 17:45: [Errno 2] No such file or directory: '/gws/ssde/j25b/swift/nflics_nowcasts/2019/07/23/1745/Nowcast_201907231745_000.nc'
Skipping 2019-07-24 17:00: [Errno 2] No such file or directory: '/gws/ssde/j25b/swift/nflics_nowcasts/2019/07/24/1700/Nowcast_201907241700_000.nc'
Skipping 2019-07-24 17:15: [Errno 2] No such file or directory: '/gws/ssde/j25b/swift/nflics_nowcasts/2019/07/24/1715/Nowcast_201907241715_000.nc'
Skipping 2019-07-24 17:30: [Errno 2] No such file or directory: '/gws/ssde/j25b/swift/nflics_nowcasts/2019/07/24/1730/Nowcast_201907241730_000.nc'
Skipping 2019-07-24 17:45: [Errno 2] No such file or directory: '/gws/ssde/j25b/swift/nflics_nowcasts/2019/07/24/1745/Nowcast_201907241745_000.nc'
Skipping 2019-07-25 17:00: [Errno 2] No such file or directory: '/gws/ssde/j25b/swift/nflics_nowcasts/2019/07/25/1700/Nowcast_201907251700_000.nc'
Skipping 2019-07-25 17:15: [Errno 2] No such file or directory: '/gws/ssde/j25b/swift/nflics_nowcasts/2019/07/25/1715/Nowcast_201907251715_000.nc'
Skipping 2019-07-25 17:30: [Errno 2] No such file or directory: '/gws/ssde/j25b/swift/nflics_nowcasts/2019/07/25/1730/Nowcast_201907251730_000.nc'
Skipping 2019-07-25 17:45: [Errno 2] No such file or directory: '/gws/ssde/j25b/swift/nflics_nowcasts/2019/07/25/1745/Nowcast_201907251745_000.nc'
Skipping 2019-07-26 17:00: [Errno 2] No such file or directory: '/gws/ssde/j25b/swift/nflics_nowcasts/2019/07/26/1700/Nowcast_201907261700_000.nc'
Skipping 2019-07-26 17:15: [Errno 2] No such file or directory: '/gws/ssde/j25b/swift/nflics_nowcasts/2019/07/26/1715/Nowcast_201907261715_000.nc'
Skipping 2019-07-26 17:30: [Errno 2] No such file or directory: '/gws/ssde/j25b/swift/nflics_nowcasts/2019/07/26/1730/Nowcast_201907261730_000.nc'
Skipping 2019-07-26 17:45: [Errno 2] No such file or directory: '/gws/ssde/j25b/swift/nflics_nowcasts/2019/07/26/1745/Nowcast_201907261745_000.nc'
Skipping 2019-07-27 17:00: [Errno 2] No such file or directory: '/gws/ssde/j25b/swift/nflics_nowcasts/2019/07/27/1700/Nowcast_201907271700_000.nc'
Skipping 2019-07-27 17:15: [Errno 2] No such file or directory: '/gws/ssde/j25b/swift/nflics_nowcasts/2019/07/27/1715/Nowcast_201907271715_000.nc'
Skipping 2019-07-27 17:30: [Errno 2] No such file or directory: '/gws/ssde/j25b/swift/nflics_nowcasts/2019/07/27/1730/Nowcast_201907271730_000.nc'
Skipping 2019-07-27 17:45: [Errno 2] No such file or directory: '/gws/ssde/j25b/swift/nflics_nowcasts/2019/07/27/1745/Nowcast_201907271745_000.nc'
Skipping 2019-07-28 17:00: [Errno 2] No such file or directory: '/gws/ssde/j25b/swift/nflics_nowcasts/2019/07/28/1700/Nowcast_201907281700_000.nc'
Skipping 2019-07-28 17:15: [Errno 2] No such file or directory: '/gws/ssde/j25b/swift/nflics_nowcasts/2019/07/28/1715/Nowcast_201907281715_000.nc'
Skipping 2019-07-28 17:30: [Errno 2] No such file or directory: '/gws/ssde/j25b/swift/nflics_nowcasts/2019/07/28/1730/Nowcast_201907281730_000.nc'
Skipping 2019-07-28 17:45: [Errno 2] No such file or directory: '/gws/ssde/j25b/swift/nflics_nowcasts/2019/07/28/1745/Nowcast_201907281745_000.nc'
Skipping 2019-07-29 17:00: [Errno 2] No such file or directory: '/gws/ssde/j25b/swift/nflics_nowcasts/2019/07/29/1700/Nowcast_201907291700_000.nc'
Skipping 2019-07-29 17:15: [Errno 2] No such file or directory: '/gws/ssde/j25b/swift/nflics_nowcasts/2019/07/29/1715/Nowcast_201907291715_000.nc'
Skipping 2019-07-29 17:30: [Errno 2] No such file or directory: '/gws/ssde/j25b/swift/nflics_nowcasts/2019/07/29/1730/Nowcast_201907291730_000.nc'
Skipping 2019-07-29 17:45: [Errno 2] No such file or directory: '/gws/ssde/j25b/swift/nflics_nowcasts/2019/07/29/1745/Nowcast_201907291745_000.nc'
Skipping 2019-07-30 17:00: [Errno 2] No such file or directory: '/gws/ssde/j25b/swift/nflics_nowcasts/2019/07/30/1700/Nowcast_201907301700_000.nc'
Skipping 2019-07-30 17:15: [Errno 2] No such file or directory: '/gws/ssde/j25b/swift/nflics_nowcasts/2019/07/30/1715/Nowcast_201907301715_000.nc'
Skipping 2019-07-30 17:30: [Errno 2] No such file or directory: '/gws/ssde/j25b/swift/nflics_nowcasts/2019/07/30/1730/Nowcast_201907301730_000.nc'
Skipping 2019-07-30 17:45: [Errno 2] No such file or directory: '/gws/ssde/j25b/swift/nflics_nowcasts/2019/07/30/1745/Nowcast_201907301745_000.nc'
Skipping 2019-07-31 17:00: [Errno 2] No such file or directory: '/gws/ssde/j25b/swift/nflics_nowcasts/2019/07/31/1700/Nowcast_201907311700_000.nc'
Skipping 2019-07-31 17:15: [Errno 2] No such file or directory: '/gws/ssde/j25b/swift/nflics_nowcasts/2019/07/31/1715/Nowcast_201907311715_000.nc'
Skipping 2019-07-31 17:30: [Errno 2] No such file or directory: '/gws/ssde/j25b/swift/nflics_nowcasts/2019/07/31/1730/Nowcast_201907311730_000.nc'
Skipping 2019-07-31 17:45: [Errno 2] No such file or directory: '/gws/ssde/j25b/swift/nflics_nowcasts/2019/07/31/1745/Nowcast_201907311745_000.nc'
All ensemble nowcasts completed on CPU.
======================================================
 Job completed successfully at Sat 29 Nov 12:11:44 GMT 2025
======================================================
