======================================================
 Job started on host1111.jc.rl.ac.uk at Sat 29 Nov 12:11:16 GMT 2025
======================================================
Running ensemble nowcast inference:
 Lead time : 6
 Year      : 2019
 Month     : 06
 Hour      : 20
======================================================
Running on CPU with 8 threads
Loaded 5 ensemble models on CPU
Detected 91 inputs for 2019-06 20 UTC
Skipping 2019-06-01 20:00: [Errno 2] No such file or directory: '/gws/ssde/j25b/swift/nflics_nowcasts/2019/06/01/2000/Nowcast_201906012000_000.nc'
Skipping 2019-06-01 20:15: [Errno 2] No such file or directory: '/gws/ssde/j25b/swift/nflics_nowcasts/2019/06/01/2015/Nowcast_201906012015_000.nc'
Skipping 2019-06-01 20:30: [Errno 2] No such file or directory: '/gws/ssde/j25b/swift/nflics_nowcasts/2019/06/01/2030/Nowcast_201906012030_000.nc'
Skipping 2019-06-01 20:45: [Errno 2] No such file or directory: '/gws/ssde/j25b/swift/nflics_nowcasts/2019/06/01/2045/Nowcast_201906012045_000.nc'
Skipping 2019-06-02 20:00: [Errno 2] No such file or directory: '/gws/ssde/j25b/swift/nflics_nowcasts/2019/06/02/2000/Nowcast_201906022000_000.nc'
Skipping 2019-06-02 20:15: [Errno 2] No such file or directory: '/gws/ssde/j25b/swift/nflics_nowcasts/2019/06/02/2015/Nowcast_201906022015_000.nc'
Skipping 2019-06-02 20:30: [Errno 2] No such file or directory: '/gws/ssde/j25b/swift/nflics_nowcasts/2019/06/02/2030/Nowcast_201906022030_000.nc'
Skipping 2019-06-02 20:45: [Errno 2] No such file or directory: '/gws/ssde/j25b/swift/nflics_nowcasts/2019/06/02/2045/Nowcast_201906022045_000.nc'
Skipping 2019-06-03 20:00: [Errno 2] No such file or directory: '/gws/ssde/j25b/swift/nflics_nowcasts/2019/06/03/2000/Nowcast_201906032000_000.nc'
Skipping 2019-06-03 20:15: [Errno 2] No such file or directory: '/gws/ssde/j25b/swift/nflics_nowcasts/2019/06/03/2015/Nowcast_201906032015_000.nc'
Skipping 2019-06-03 20:30: [Errno 2] No such file or directory: '/gws/ssde/j25b/swift/nflics_nowcasts/2019/06/03/2030/Nowcast_201906032030_000.nc'
Skipping 2019-06-03 20:45: [Errno 2] No such file or directory: '/gws/ssde/j25b/swift/nflics_nowcasts/2019/06/03/2045/Nowcast_201906032045_000.nc'
Skipping 2019-06-05 20:15: [Errno 2] No such file or directory: '/gws/ssde/j25b/swift/nflics_nowcasts/2019/06/05/2015/Nowcast_201906052015_000.nc'
Skipping 2019-06-07 20:00: [Errno 2] No such file or directory: '/gws/ssde/j25b/swift/nflics_nowcasts/2019/06/07/2000/Nowcast_201906072000_000.nc'
Skipping 2019-06-07 20:15: [Errno 2] No such file or directory: '/gws/ssde/j25b/swift/nflics_nowcasts/2019/06/07/2015/Nowcast_201906072015_000.nc'
Skipping 2019-06-07 20:30: [Errno 2] No such file or directory: '/gws/ssde/j25b/swift/nflics_nowcasts/2019/06/07/2030/Nowcast_201906072030_000.nc'
Skipping 2019-06-07 20:45: [Errno 2] No such file or directory: '/gws/ssde/j25b/swift/nflics_nowcasts/2019/06/07/2045/Nowcast_201906072045_000.nc'
Skipping 2019-06-09 20:00: [Errno 2] No such file or directory: '/gws/ssde/j25b/swift/nflics_nowcasts/2019/06/09/2000/Nowcast_201906092000_000.nc'
Skipping 2019-06-09 20:15: [Errno 2] No such file or directory: '/gws/ssde/j25b/swift/nflics_nowcasts/2019/06/09/2015/Nowcast_201906092015_000.nc'
Skipping 2019-06-09 20:30: [Errno 2] No such file or directory: '/gws/ssde/j25b/swift/nflics_nowcasts/2019/06/09/2030/Nowcast_201906092030_000.nc'
Skipping 2019-06-09 20:45: [Errno 2] No such file or directory: '/gws/ssde/j25b/swift/nflics_nowcasts/2019/06/09/2045/Nowcast_201906092045_000.nc'
Skipping 2019-06-10 20:00: [Errno 2] No such file or directory: '/gws/ssde/j25b/swift/nflics_nowcasts/2019/06/10/2000/Nowcast_201906102000_000.nc'
Skipping 2019-06-10 20:15: [Errno 2] No such file or directory: '/gws/ssde/j25b/swift/nflics_nowcasts/2019/06/10/2015/Nowcast_201906102015_000.nc'
Skipping 2019-06-10 20:30: [Errno 2] No such file or directory: '/gws/ssde/j25b/swift/nflics_nowcasts/2019/06/10/2030/Nowcast_201906102030_000.nc'
Skipping 2019-06-10 20:45: [Errno 2] No such file or directory: '/gws/ssde/j25b/swift/nflics_nowcasts/2019/06/10/2045/Nowcast_201906102045_000.nc'
Skipping 2019-06-11 20:00: [Errno 2] No such file or directory: '/gws/ssde/j25b/swift/nflics_nowcasts/2019/06/11/2000/Nowcast_201906112000_000.nc'
Skipping 2019-06-11 20:15: [Errno 2] No such file or directory: '/gws/ssde/j25b/swift/nflics_nowcasts/2019/06/11/2015/Nowcast_201906112015_000.nc'
Skipping 2019-06-11 20:30: [Errno 2] No such file or directory: '/gws/ssde/j25b/swift/nflics_nowcasts/2019/06/11/2030/Nowcast_201906112030_000.nc'
Skipping 2019-06-11 20:45: [Errno 2] No such file or directory: '/gws/ssde/j25b/swift/nflics_nowcasts/2019/06/11/2045/Nowcast_201906112045_000.nc'
Skipping 2019-06-13 20:00: [Errno 2] No such file or directory: '/gws/ssde/j25b/swift/nflics_nowcasts/2019/06/13/2000/Nowcast_201906132000_000.nc'
Skipping 2019-06-13 20:15: [Errno 2] No such file or directory: '/gws/ssde/j25b/swift/nflics_nowcasts/2019/06/13/2015/Nowcast_201906132015_000.nc'
Skipping 2019-06-13 20:30: [Errno 2] No such file or directory: '/gws/ssde/j25b/swift/nflics_nowcasts/2019/06/13/2030/Nowcast_201906132030_000.nc'
Skipping 2019-06-13 20:45: [Errno 2] No such file or directory: '/gws/ssde/j25b/swift/nflics_nowcasts/2019/06/13/2045/Nowcast_201906132045_000.nc'
Skipping 2019-06-14 20:00: [Errno 2] No such file or directory: '/gws/ssde/j25b/swift/nflics_nowcasts/2019/06/14/2000/Nowcast_201906142000_000.nc'
Skipping 2019-06-14 20:15: [Errno 2] No such file or directory: '/gws/ssde/j25b/swift/nflics_nowcasts/2019/06/14/2015/Nowcast_201906142015_000.nc'
Skipping 2019-06-14 20:30: [Errno 2] No such file or directory: '/gws/ssde/j25b/swift/nflics_nowcasts/2019/06/14/2030/Nowcast_201906142030_000.nc'
Skipping 2019-06-14 20:45: [Errno 2] No such file or directory: '/gws/ssde/j25b/swift/nflics_nowcasts/2019/06/14/2045/Nowcast_201906142045_000.nc'
Skipping 2019-06-15 20:00: [Errno 2] No such file or directory: '/gws/ssde/j25b/swift/nflics_nowcasts/2019/06/15/2000/Nowcast_201906152000_000.nc'
Skipping 2019-06-15 20:15: [Errno 2] No such file or directory: '/gws/ssde/j25b/swift/nflics_nowcasts/2019/06/15/2015/Nowcast_201906152015_000.nc'
Skipping 2019-06-15 20:30: [Errno 2] No such file or directory: '/gws/ssde/j25b/swift/nflics_nowcasts/2019/06/15/2030/Nowcast_201906152030_000.nc'
Skipping 2019-06-15 20:45: [Errno 2] No such file or directory: '/gws/ssde/j25b/swift/nflics_nowcasts/2019/06/15/2045/Nowcast_201906152045_000.nc'
Skipping 2019-06-16 20:00: [Errno 2] No such file or directory: '/gws/ssde/j25b/swift/nflics_nowcasts/2019/06/16/2000/Nowcast_201906162000_000.nc'
Skipping 2019-06-16 20:15: [Errno 2] No such file or directory: '/gws/ssde/j25b/swift/nflics_nowcasts/2019/06/16/2015/Nowcast_201906162015_000.nc'
Skipping 2019-06-16 20:30: [Errno 2] No such file or directory: '/gws/ssde/j25b/swift/nflics_nowcasts/2019/06/16/2030/Nowcast_201906162030_000.nc'
Skipping 2019-06-16 20:45: [Errno 2] No such file or directory: '/gws/ssde/j25b/swift/nflics_nowcasts/2019/06/16/2045/Nowcast_201906162045_000.nc'
Skipping 2019-06-17 20:00: [Errno 2] No such file or directory: '/gws/ssde/j25b/swift/nflics_nowcasts/2019/06/17/2000/Nowcast_201906172000_000.nc'
Skipping 2019-06-17 20:15: [Errno 2] No such file or directory: '/gws/ssde/j25b/swift/nflics_nowcasts/2019/06/17/2015/Nowcast_201906172015_000.nc'
Skipping 2019-06-17 20:30: [Errno 2] No such file or directory: '/gws/ssde/j25b/swift/nflics_nowcasts/2019/06/17/2030/Nowcast_201906172030_000.nc'
Skipping 2019-06-17 20:45: [Errno 2] No such file or directory: '/gws/ssde/j25b/swift/nflics_nowcasts/2019/06/17/2045/Nowcast_201906172045_000.nc'
Skipping 2019-06-19 20:00: [Errno 2] No such file or directory: '/gws/ssde/j25b/swift/nflics_nowcasts/2019/06/19/2000/Nowcast_201906192000_000.nc'
Skipping 2019-06-19 20:15: [Errno 2] No such file or directory: '/gws/ssde/j25b/swift/nflics_nowcasts/2019/06/19/2015/Nowcast_201906192015_000.nc'
Skipping 2019-06-19 20:30: [Errno 2] No such file or directory: '/gws/ssde/j25b/swift/nflics_nowcasts/2019/06/19/2030/Nowcast_201906192030_000.nc'
Skipping 2019-06-19 20:45: [Errno 2] No such file or directory: '/gws/ssde/j25b/swift/nflics_nowcasts/2019/06/19/2045/Nowcast_201906192045_000.nc'
Skipping 2019-06-20 20:00: [Errno 2] No such file or directory: '/gws/ssde/j25b/swift/nflics_nowcasts/2019/06/20/2000/Nowcast_201906202000_000.nc'
Skipping 2019-06-20 20:15: [Errno 2] No such file or directory: '/gws/ssde/j25b/swift/nflics_nowcasts/2019/06/20/2015/Nowcast_201906202015_000.nc'
Skipping 2019-06-20 20:30: [Errno 2] No such file or directory: '/gws/ssde/j25b/swift/nflics_nowcasts/2019/06/20/2030/Nowcast_201906202030_000.nc'
Skipping 2019-06-20 20:45: [Errno 2] No such file or directory: '/gws/ssde/j25b/swift/nflics_nowcasts/2019/06/20/2045/Nowcast_201906202045_000.nc'
Skipping 2019-06-21 20:00: [Errno 2] No such file or directory: '/gws/ssde/j25b/swift/nflics_nowcasts/2019/06/21/2000/Nowcast_201906212000_000.nc'
Skipping 2019-06-21 20:15: [Errno 2] No such file or directory: '/gws/ssde/j25b/swift/nflics_nowcasts/2019/06/21/2015/Nowcast_201906212015_000.nc'
Skipping 2019-06-21 20:30: [Errno 2] No such file or directory: '/gws/ssde/j25b/swift/nflics_nowcasts/2019/06/21/2030/Nowcast_201906212030_000.nc'
Skipping 2019-06-21 20:45: [Errno 2] No such file or directory: '/gws/ssde/j25b/swift/nflics_nowcasts/2019/06/21/2045/Nowcast_201906212045_000.nc'
Skipping 2019-06-22 20:00: [Errno 2] No such file or directory: '/gws/ssde/j25b/swift/nflics_nowcasts/2019/06/22/2000/Nowcast_201906222000_000.nc'
Skipping 2019-06-22 20:15: [Errno 2] No such file or directory: '/gws/ssde/j25b/swift/nflics_nowcasts/2019/06/22/2015/Nowcast_201906222015_000.nc'
Skipping 2019-06-22 20:30: [Errno 2] No such file or directory: '/gws/ssde/j25b/swift/nflics_nowcasts/2019/06/22/2030/Nowcast_201906222030_000.nc'
Skipping 2019-06-22 20:45: [Errno 2] No such file or directory: '/gws/ssde/j25b/swift/nflics_nowcasts/2019/06/22/2045/Nowcast_201906222045_000.nc'
Skipping 2019-06-23 20:00: [Errno 2] No such file or directory: '/gws/ssde/j25b/swift/nflics_nowcasts/2019/06/23/2000/Nowcast_201906232000_000.nc'
Skipping 2019-06-23 20:15: [Errno 2] No such file or directory: '/gws/ssde/j25b/swift/nflics_nowcasts/2019/06/23/2015/Nowcast_201906232015_000.nc'
Skipping 2019-06-23 20:30: [Errno 2] No such file or directory: '/gws/ssde/j25b/swift/nflics_nowcasts/2019/06/23/2030/Nowcast_201906232030_000.nc'
Skipping 2019-06-23 20:45: [Errno 2] No such file or directory: '/gws/ssde/j25b/swift/nflics_nowcasts/2019/06/23/2045/Nowcast_201906232045_000.nc'
Skipping 2019-06-24 20:00: [Errno 2] No such file or directory: '/gws/ssde/j25b/swift/nflics_nowcasts/2019/06/24/2000/Nowcast_201906242000_000.nc'
Skipping 2019-06-24 20:15: [Errno 2] No such file or directory: '/gws/ssde/j25b/swift/nflics_nowcasts/2019/06/24/2015/Nowcast_201906242015_000.nc'
Skipping 2019-06-26 20:00: [Errno 2] No such file or directory: '/gws/ssde/j25b/swift/nflics_nowcasts/2019/06/26/2000/Nowcast_201906262000_000.nc'
Skipping 2019-06-26 20:15: [Errno 2] No such file or directory: '/gws/ssde/j25b/swift/nflics_nowcasts/2019/06/26/2015/Nowcast_201906262015_000.nc'
Skipping 2019-06-26 20:30: [Errno 2] No such file or directory: '/gws/ssde/j25b/swift/nflics_nowcasts/2019/06/26/2030/Nowcast_201906262030_000.nc'
Skipping 2019-06-26 20:45: [Errno 2] No such file or directory: '/gws/ssde/j25b/swift/nflics_nowcasts/2019/06/26/2045/Nowcast_201906262045_000.nc'
Skipping 2019-06-27 20:00: [Errno 2] No such file or directory: '/gws/ssde/j25b/swift/nflics_nowcasts/2019/06/27/2000/Nowcast_201906272000_000.nc'
Skipping 2019-06-27 20:15: [Errno 2] No such file or directory: '/gws/ssde/j25b/swift/nflics_nowcasts/2019/06/27/2015/Nowcast_201906272015_000.nc'
Skipping 2019-06-27 20:30: [Errno 2] No such file or directory: '/gws/ssde/j25b/swift/nflics_nowcasts/2019/06/27/2030/Nowcast_201906272030_000.nc'
Skipping 2019-06-27 20:45: [Errno 2] No such file or directory: '/gws/ssde/j25b/swift/nflics_nowcasts/2019/06/27/2045/Nowcast_201906272045_000.nc'
Skipping 2019-06-28 20:00: [Errno 2] No such file or directory: '/gws/ssde/j25b/swift/nflics_nowcasts/2019/06/28/2000/Nowcast_201906282000_000.nc'
Skipping 2019-06-28 20:15: [Errno 2] No such file or directory: '/gws/ssde/j25b/swift/nflics_nowcasts/2019/06/28/2015/Nowcast_201906282015_000.nc'
Skipping 2019-06-28 20:30: [Errno 2] No such file or directory: '/gws/ssde/j25b/swift/nflics_nowcasts/2019/06/28/2030/Nowcast_201906282030_000.nc'
Skipping 2019-06-28 20:45: [Errno 2] No such file or directory: '/gws/ssde/j25b/swift/nflics_nowcasts/2019/06/28/2045/Nowcast_201906282045_000.nc'
Skipping 2019-06-29 20:00: [Errno 2] No such file or directory: '/gws/ssde/j25b/swift/nflics_nowcasts/2019/06/29/2000/Nowcast_201906292000_000.nc'
Skipping 2019-06-29 20:15: [Errno 2] No such file or directory: '/gws/ssde/j25b/swift/nflics_nowcasts/2019/06/29/2015/Nowcast_201906292015_000.nc'
Skipping 2019-06-29 20:30: [Errno 2] No such file or directory: '/gws/ssde/j25b/swift/nflics_nowcasts/2019/06/29/2030/Nowcast_201906292030_000.nc'
Skipping 2019-06-29 20:45: [Errno 2] No such file or directory: '/gws/ssde/j25b/swift/nflics_nowcasts/2019/06/29/2045/Nowcast_201906292045_000.nc'
Skipping 2019-06-30 20:00: [Errno 2] No such file or directory: '/gws/ssde/j25b/swift/nflics_nowcasts/2019/06/30/2000/Nowcast_201906302000_000.nc'
Skipping 2019-06-30 20:15: [Errno 2] No such file or directory: '/gws/ssde/j25b/swift/nflics_nowcasts/2019/06/30/2015/Nowcast_201906302015_000.nc'
Skipping 2019-06-30 20:30: [Errno 2] No such file or directory: '/gws/ssde/j25b/swift/nflics_nowcasts/2019/06/30/2030/Nowcast_201906302030_000.nc'
Skipping 2019-06-30 20:45: [Errno 2] No such file or directory: '/gws/ssde/j25b/swift/nflics_nowcasts/2019/06/30/2045/Nowcast_201906302045_000.nc'
All ensemble nowcasts completed on CPU.
======================================================
 Job completed successfully at Sat 29 Nov 12:11:25 GMT 2025
======================================================
