======================================================
 Job started on host1081.jc.rl.ac.uk at Sat 29 Nov 12:11:16 GMT 2025
======================================================
Running ensemble nowcast inference:
 Lead time : 1
 Year      : 2019
 Month     : 06
 Hour      : 23
======================================================
Running on CPU with 8 threads
Loaded 5 ensemble models on CPU
Detected 78 inputs for 2019-06 23 UTC
Skipping 2019-06-01 23:00: [Errno 2] No such file or directory: '/gws/ssde/j25b/swift/nflics_nowcasts/2019/06/01/2300/Nowcast_201906012300_000.nc'
Skipping 2019-06-01 23:15: [Errno 2] No such file or directory: '/gws/ssde/j25b/swift/nflics_nowcasts/2019/06/01/2315/Nowcast_201906012315_000.nc'
Skipping 2019-06-01 23:30: [Errno 2] No such file or directory: '/gws/ssde/j25b/swift/nflics_nowcasts/2019/06/01/2330/Nowcast_201906012330_000.nc'
Skipping 2019-06-01 23:45: [Errno 2] No such file or directory: '/gws/ssde/j25b/swift/nflics_nowcasts/2019/06/01/2345/Nowcast_201906012345_000.nc'
Skipping 2019-06-02 23:00: [Errno 2] No such file or directory: '/gws/ssde/j25b/swift/nflics_nowcasts/2019/06/02/2300/Nowcast_201906022300_000.nc'
Skipping 2019-06-02 23:15: [Errno 2] No such file or directory: '/gws/ssde/j25b/swift/nflics_nowcasts/2019/06/02/2315/Nowcast_201906022315_000.nc'
Skipping 2019-06-02 23:30: [Errno 2] No such file or directory: '/gws/ssde/j25b/swift/nflics_nowcasts/2019/06/02/2330/Nowcast_201906022330_000.nc'
Skipping 2019-06-02 23:45: [Errno 2] No such file or directory: '/gws/ssde/j25b/swift/nflics_nowcasts/2019/06/02/2345/Nowcast_201906022345_000.nc'
Skipping 2019-06-03 23:00: [Errno 2] No such file or directory: '/gws/ssde/j25b/swift/nflics_nowcasts/2019/06/03/2300/Nowcast_201906032300_000.nc'
Skipping 2019-06-03 23:15: [Errno 2] No such file or directory: '/gws/ssde/j25b/swift/nflics_nowcasts/2019/06/03/2315/Nowcast_201906032315_000.nc'
Skipping 2019-06-03 23:30: [Errno 2] No such file or directory: '/gws/ssde/j25b/swift/nflics_nowcasts/2019/06/03/2330/Nowcast_201906032330_000.nc'
Skipping 2019-06-03 23:45: [Errno 2] No such file or directory: '/gws/ssde/j25b/swift/nflics_nowcasts/2019/06/03/2345/Nowcast_201906032345_000.nc'
Skipping 2019-06-07 23:00: [Errno 2] No such file or directory: '/gws/ssde/j25b/swift/nflics_nowcasts/2019/06/07/2300/Nowcast_201906072300_000.nc'
Skipping 2019-06-07 23:15: [Errno 2] No such file or directory: '/gws/ssde/j25b/swift/nflics_nowcasts/2019/06/07/2315/Nowcast_201906072315_000.nc'
Skipping 2019-06-07 23:30: [Errno 2] No such file or directory: '/gws/ssde/j25b/swift/nflics_nowcasts/2019/06/07/2330/Nowcast_201906072330_000.nc'
Skipping 2019-06-07 23:45: [Errno 2] No such file or directory: '/gws/ssde/j25b/swift/nflics_nowcasts/2019/06/07/2345/Nowcast_201906072345_000.nc'
Skipping 2019-06-09 23:00: [Errno 2] No such file or directory: '/gws/ssde/j25b/swift/nflics_nowcasts/2019/06/09/2300/Nowcast_201906092300_000.nc'
Skipping 2019-06-09 23:15: [Errno 2] No such file or directory: '/gws/ssde/j25b/swift/nflics_nowcasts/2019/06/09/2315/Nowcast_201906092315_000.nc'
Skipping 2019-06-09 23:30: [Errno 2] No such file or directory: '/gws/ssde/j25b/swift/nflics_nowcasts/2019/06/09/2330/Nowcast_201906092330_000.nc'
Skipping 2019-06-09 23:45: [Errno 2] No such file or directory: '/gws/ssde/j25b/swift/nflics_nowcasts/2019/06/09/2345/Nowcast_201906092345_000.nc'
Skipping 2019-06-10 23:00: [Errno 2] No such file or directory: '/gws/ssde/j25b/swift/nflics_nowcasts/2019/06/10/2300/Nowcast_201906102300_000.nc'
Skipping 2019-06-10 23:15: [Errno 2] No such file or directory: '/gws/ssde/j25b/swift/nflics_nowcasts/2019/06/10/2315/Nowcast_201906102315_000.nc'
Skipping 2019-06-10 23:30: [Errno 2] No such file or directory: '/gws/ssde/j25b/swift/nflics_nowcasts/2019/06/10/2330/Nowcast_201906102330_000.nc'
Skipping 2019-06-10 23:45: [Errno 2] No such file or directory: '/gws/ssde/j25b/swift/nflics_nowcasts/2019/06/10/2345/Nowcast_201906102345_000.nc'
Skipping 2019-06-11 23:00: [Errno 2] No such file or directory: '/gws/ssde/j25b/swift/nflics_nowcasts/2019/06/11/2300/Nowcast_201906112300_000.nc'
Skipping 2019-06-11 23:15: [Errno 2] No such file or directory: '/gws/ssde/j25b/swift/nflics_nowcasts/2019/06/11/2315/Nowcast_201906112315_000.nc'
Skipping 2019-06-11 23:30: [Errno 2] No such file or directory: '/gws/ssde/j25b/swift/nflics_nowcasts/2019/06/11/2330/Nowcast_201906112330_000.nc'
Skipping 2019-06-11 23:45: [Errno 2] No such file or directory: '/gws/ssde/j25b/swift/nflics_nowcasts/2019/06/11/2345/Nowcast_201906112345_000.nc'
Skipping 2019-06-13 23:30: [Errno 2] No such file or directory: '/gws/ssde/j25b/swift/nflics_nowcasts/2019/06/13/2330/Nowcast_201906132330_000.nc'
Skipping 2019-06-13 23:45: [Errno 2] No such file or directory: '/gws/ssde/j25b/swift/nflics_nowcasts/2019/06/13/2345/Nowcast_201906132345_000.nc'
Skipping 2019-06-14 23:00: [Errno 2] No such file or directory: '/gws/ssde/j25b/swift/nflics_nowcasts/2019/06/14/2300/Nowcast_201906142300_000.nc'
Skipping 2019-06-14 23:15: [Errno 2] No such file or directory: '/gws/ssde/j25b/swift/nflics_nowcasts/2019/06/14/2315/Nowcast_201906142315_000.nc'
Skipping 2019-06-14 23:30: [Errno 2] No such file or directory: '/gws/ssde/j25b/swift/nflics_nowcasts/2019/06/14/2330/Nowcast_201906142330_000.nc'
Skipping 2019-06-14 23:45: [Errno 2] No such file or directory: '/gws/ssde/j25b/swift/nflics_nowcasts/2019/06/14/2345/Nowcast_201906142345_000.nc'
Skipping 2019-06-15 23:00: [Errno 2] No such file or directory: '/gws/ssde/j25b/swift/nflics_nowcasts/2019/06/15/2300/Nowcast_201906152300_000.nc'
Skipping 2019-06-15 23:15: [Errno 2] No such file or directory: '/gws/ssde/j25b/swift/nflics_nowcasts/2019/06/15/2315/Nowcast_201906152315_000.nc'
Skipping 2019-06-15 23:30: [Errno 2] No such file or directory: '/gws/ssde/j25b/swift/nflics_nowcasts/2019/06/15/2330/Nowcast_201906152330_000.nc'
Skipping 2019-06-15 23:45: [Errno 2] No such file or directory: '/gws/ssde/j25b/swift/nflics_nowcasts/2019/06/15/2345/Nowcast_201906152345_000.nc'
Skipping 2019-06-16 23:00: [Errno 2] No such file or directory: '/gws/ssde/j25b/swift/nflics_nowcasts/2019/06/16/2300/Nowcast_201906162300_000.nc'
Skipping 2019-06-16 23:15: [Errno 2] No such file or directory: '/gws/ssde/j25b/swift/nflics_nowcasts/2019/06/16/2315/Nowcast_201906162315_000.nc'
Skipping 2019-06-16 23:30: [Errno 2] No such file or directory: '/gws/ssde/j25b/swift/nflics_nowcasts/2019/06/16/2330/Nowcast_201906162330_000.nc'
Skipping 2019-06-16 23:45: [Errno 2] No such file or directory: '/gws/ssde/j25b/swift/nflics_nowcasts/2019/06/16/2345/Nowcast_201906162345_000.nc'
Skipping 2019-06-17 23:00: [Errno 2] No such file or directory: '/gws/ssde/j25b/swift/nflics_nowcasts/2019/06/17/2300/Nowcast_201906172300_000.nc'
Skipping 2019-06-17 23:15: [Errno 2] No such file or directory: '/gws/ssde/j25b/swift/nflics_nowcasts/2019/06/17/2315/Nowcast_201906172315_000.nc'
Skipping 2019-06-17 23:30: [Errno 2] No such file or directory: '/gws/ssde/j25b/swift/nflics_nowcasts/2019/06/17/2330/Nowcast_201906172330_000.nc'
Skipping 2019-06-17 23:45: [Errno 2] No such file or directory: '/gws/ssde/j25b/swift/nflics_nowcasts/2019/06/17/2345/Nowcast_201906172345_000.nc'
Skipping 2019-06-19 23:00: [Errno 2] No such file or directory: '/gws/ssde/j25b/swift/nflics_nowcasts/2019/06/19/2300/Nowcast_201906192300_000.nc'
Skipping 2019-06-19 23:15: [Errno 2] No such file or directory: '/gws/ssde/j25b/swift/nflics_nowcasts/2019/06/19/2315/Nowcast_201906192315_000.nc'
Skipping 2019-06-19 23:30: [Errno 2] No such file or directory: '/gws/ssde/j25b/swift/nflics_nowcasts/2019/06/19/2330/Nowcast_201906192330_000.nc'
Skipping 2019-06-19 23:45: [Errno 2] No such file or directory: '/gws/ssde/j25b/swift/nflics_nowcasts/2019/06/19/2345/Nowcast_201906192345_000.nc'
Skipping 2019-06-20 23:00: [Errno 2] No such file or directory: '/gws/ssde/j25b/swift/nflics_nowcasts/2019/06/20/2300/Nowcast_201906202300_000.nc'
Skipping 2019-06-20 23:15: [Errno 2] No such file or directory: '/gws/ssde/j25b/swift/nflics_nowcasts/2019/06/20/2315/Nowcast_201906202315_000.nc'
Skipping 2019-06-20 23:30: [Errno 2] No such file or directory: '/gws/ssde/j25b/swift/nflics_nowcasts/2019/06/20/2330/Nowcast_201906202330_000.nc'
Skipping 2019-06-20 23:45: [Errno 2] No such file or directory: '/gws/ssde/j25b/swift/nflics_nowcasts/2019/06/20/2345/Nowcast_201906202345_000.nc'
Skipping 2019-06-21 23:30: [Errno 2] No such file or directory: '/gws/ssde/j25b/swift/nflics_nowcasts/2019/06/21/2330/Nowcast_201906212330_000.nc'
Skipping 2019-06-22 23:00: [Errno 2] No such file or directory: '/gws/ssde/j25b/swift/nflics_nowcasts/2019/06/22/2300/Nowcast_201906222300_000.nc'
Skipping 2019-06-22 23:15: [Errno 2] No such file or directory: '/gws/ssde/j25b/swift/nflics_nowcasts/2019/06/22/2315/Nowcast_201906222315_000.nc'
Skipping 2019-06-22 23:30: [Errno 2] No such file or directory: '/gws/ssde/j25b/swift/nflics_nowcasts/2019/06/22/2330/Nowcast_201906222330_000.nc'
Skipping 2019-06-22 23:45: [Errno 2] No such file or directory: '/gws/ssde/j25b/swift/nflics_nowcasts/2019/06/22/2345/Nowcast_201906222345_000.nc'
Skipping 2019-06-26 23:00: [Errno 2] No such file or directory: '/gws/ssde/j25b/swift/nflics_nowcasts/2019/06/26/2300/Nowcast_201906262300_000.nc'
Skipping 2019-06-26 23:15: [Errno 2] No such file or directory: '/gws/ssde/j25b/swift/nflics_nowcasts/2019/06/26/2315/Nowcast_201906262315_000.nc'
Skipping 2019-06-26 23:30: [Errno 2] No such file or directory: '/gws/ssde/j25b/swift/nflics_nowcasts/2019/06/26/2330/Nowcast_201906262330_000.nc'
Skipping 2019-06-26 23:45: [Errno 2] No such file or directory: '/gws/ssde/j25b/swift/nflics_nowcasts/2019/06/26/2345/Nowcast_201906262345_000.nc'
Skipping 2019-06-27 23:00: [Errno 2] No such file or directory: '/gws/ssde/j25b/swift/nflics_nowcasts/2019/06/27/2300/Nowcast_201906272300_000.nc'
Skipping 2019-06-27 23:15: [Errno 2] No such file or directory: '/gws/ssde/j25b/swift/nflics_nowcasts/2019/06/27/2315/Nowcast_201906272315_000.nc'
Skipping 2019-06-27 23:30: [Errno 2] No such file or directory: '/gws/ssde/j25b/swift/nflics_nowcasts/2019/06/27/2330/Nowcast_201906272330_000.nc'
Skipping 2019-06-27 23:45: [Errno 2] No such file or directory: '/gws/ssde/j25b/swift/nflics_nowcasts/2019/06/27/2345/Nowcast_201906272345_000.nc'
Skipping 2019-06-28 23:00: [Errno 2] No such file or directory: '/gws/ssde/j25b/swift/nflics_nowcasts/2019/06/28/2300/Nowcast_201906282300_000.nc'
Skipping 2019-06-28 23:15: [Errno 2] No such file or directory: '/gws/ssde/j25b/swift/nflics_nowcasts/2019/06/28/2315/Nowcast_201906282315_000.nc'
Skipping 2019-06-28 23:30: [Errno 2] No such file or directory: '/gws/ssde/j25b/swift/nflics_nowcasts/2019/06/28/2330/Nowcast_201906282330_000.nc'
Skipping 2019-06-28 23:45: [Errno 2] No such file or directory: '/gws/ssde/j25b/swift/nflics_nowcasts/2019/06/28/2345/Nowcast_201906282345_000.nc'
Skipping 2019-06-29 23:00: [Errno 2] No such file or directory: '/gws/ssde/j25b/swift/nflics_nowcasts/2019/06/29/2300/Nowcast_201906292300_000.nc'
Skipping 2019-06-29 23:15: [Errno 2] No such file or directory: '/gws/ssde/j25b/swift/nflics_nowcasts/2019/06/29/2315/Nowcast_201906292315_000.nc'
Skipping 2019-06-29 23:30: [Errno 2] No such file or directory: '/gws/ssde/j25b/swift/nflics_nowcasts/2019/06/29/2330/Nowcast_201906292330_000.nc'
Skipping 2019-06-30 23:00: [Errno 2] No such file or directory: '/gws/ssde/j25b/swift/nflics_nowcasts/2019/06/30/2300/Nowcast_201906302300_000.nc'
Skipping 2019-06-30 23:15: [Errno 2] No such file or directory: '/gws/ssde/j25b/swift/nflics_nowcasts/2019/06/30/2315/Nowcast_201906302315_000.nc'
Skipping 2019-06-30 23:30: [Errno 2] No such file or directory: '/gws/ssde/j25b/swift/nflics_nowcasts/2019/06/30/2330/Nowcast_201906302330_000.nc'
Skipping 2019-06-30 23:45: [Errno 2] No such file or directory: '/gws/ssde/j25b/swift/nflics_nowcasts/2019/06/30/2345/Nowcast_201906302345_000.nc'
All ensemble nowcasts completed on CPU.
======================================================
 Job completed successfully at Sat 29 Nov 12:11:24 GMT 2025
======================================================
