======================================================
 Job started on host1086.jc.rl.ac.uk at Sat 29 Nov 12:10:37 GMT 2025
======================================================
Running ensemble nowcast inference:
 Lead time : 1
 Year      : 2019
 Month     : 06
 Hour      : 07
======================================================
Running on CPU with 8 threads
Loaded 5 ensemble models on CPU
Detected 41 inputs for 2019-06 07 UTC
Skipping 2019-06-02 07:00: [Errno 2] No such file or directory: '/gws/ssde/j25b/swift/nflics_nowcasts/2019/06/02/0700/Nowcast_201906020700_000.nc'
Skipping 2019-06-02 07:15: [Errno 2] No such file or directory: '/gws/ssde/j25b/swift/nflics_nowcasts/2019/06/02/0715/Nowcast_201906020715_000.nc'
Skipping 2019-06-02 07:30: [Errno 2] No such file or directory: '/gws/ssde/j25b/swift/nflics_nowcasts/2019/06/02/0730/Nowcast_201906020730_000.nc'
Skipping 2019-06-02 07:45: [Errno 2] No such file or directory: '/gws/ssde/j25b/swift/nflics_nowcasts/2019/06/02/0745/Nowcast_201906020745_000.nc'
Skipping 2019-06-03 07:00: [Errno 2] No such file or directory: '/gws/ssde/j25b/swift/nflics_nowcasts/2019/06/03/0700/Nowcast_201906030700_000.nc'
Skipping 2019-06-03 07:15: [Errno 2] No such file or directory: '/gws/ssde/j25b/swift/nflics_nowcasts/2019/06/03/0715/Nowcast_201906030715_000.nc'
Skipping 2019-06-03 07:30: [Errno 2] No such file or directory: '/gws/ssde/j25b/swift/nflics_nowcasts/2019/06/03/0730/Nowcast_201906030730_000.nc'
Skipping 2019-06-03 07:45: [Errno 2] No such file or directory: '/gws/ssde/j25b/swift/nflics_nowcasts/2019/06/03/0745/Nowcast_201906030745_000.nc'
Skipping 2019-06-04 07:00: [Errno 2] No such file or directory: '/gws/ssde/j25b/swift/nflics_nowcasts/2019/06/04/0700/Nowcast_201906040700_000.nc'
Skipping 2019-06-04 07:15: [Errno 2] No such file or directory: '/gws/ssde/j25b/swift/nflics_nowcasts/2019/06/04/0715/Nowcast_201906040715_000.nc'
Skipping 2019-06-04 07:30: [Errno 2] No such file or directory: '/gws/ssde/j25b/swift/nflics_nowcasts/2019/06/04/0730/Nowcast_201906040730_000.nc'
Skipping 2019-06-04 07:45: [Errno 2] No such file or directory: '/gws/ssde/j25b/swift/nflics_nowcasts/2019/06/04/0745/Nowcast_201906040745_000.nc'
Skipping 2019-06-08 07:00: [Errno 2] No such file or directory: '/gws/ssde/j25b/swift/nflics_nowcasts/2019/06/08/0700/Nowcast_201906080700_000.nc'
Skipping 2019-06-08 07:15: [Errno 2] No such file or directory: '/gws/ssde/j25b/swift/nflics_nowcasts/2019/06/08/0715/Nowcast_201906080715_000.nc'
Skipping 2019-06-08 07:30: [Errno 2] No such file or directory: '/gws/ssde/j25b/swift/nflics_nowcasts/2019/06/08/0730/Nowcast_201906080730_000.nc'
Skipping 2019-06-08 07:45: [Errno 2] No such file or directory: '/gws/ssde/j25b/swift/nflics_nowcasts/2019/06/08/0745/Nowcast_201906080745_000.nc'
Skipping 2019-06-09 07:00: [Errno 2] No such file or directory: '/gws/ssde/j25b/swift/nflics_nowcasts/2019/06/09/0700/Nowcast_201906090700_000.nc'
Skipping 2019-06-09 07:15: [Errno 2] No such file or directory: '/gws/ssde/j25b/swift/nflics_nowcasts/2019/06/09/0715/Nowcast_201906090715_000.nc'
Skipping 2019-06-09 07:30: [Errno 2] No such file or directory: '/gws/ssde/j25b/swift/nflics_nowcasts/2019/06/09/0730/Nowcast_201906090730_000.nc'
Skipping 2019-06-09 07:45: [Errno 2] No such file or directory: '/gws/ssde/j25b/swift/nflics_nowcasts/2019/06/09/0745/Nowcast_201906090745_000.nc'
Skipping 2019-06-10 07:00: [Errno 2] No such file or directory: '/gws/ssde/j25b/swift/nflics_nowcasts/2019/06/10/0700/Nowcast_201906100700_000.nc'
Skipping 2019-06-10 07:15: [Errno 2] No such file or directory: '/gws/ssde/j25b/swift/nflics_nowcasts/2019/06/10/0715/Nowcast_201906100715_000.nc'
Skipping 2019-06-10 07:30: [Errno 2] No such file or directory: '/gws/ssde/j25b/swift/nflics_nowcasts/2019/06/10/0730/Nowcast_201906100730_000.nc'
Skipping 2019-06-10 07:45: [Errno 2] No such file or directory: '/gws/ssde/j25b/swift/nflics_nowcasts/2019/06/10/0745/Nowcast_201906100745_000.nc'
Skipping 2019-06-11 07:00: [Errno 2] No such file or directory: '/gws/ssde/j25b/swift/nflics_nowcasts/2019/06/11/0700/Nowcast_201906110700_000.nc'
Skipping 2019-06-11 07:15: [Errno 2] No such file or directory: '/gws/ssde/j25b/swift/nflics_nowcasts/2019/06/11/0715/Nowcast_201906110715_000.nc'
Skipping 2019-06-11 07:30: [Errno 2] No such file or directory: '/gws/ssde/j25b/swift/nflics_nowcasts/2019/06/11/0730/Nowcast_201906110730_000.nc'
Skipping 2019-06-11 07:45: [Errno 2] No such file or directory: '/gws/ssde/j25b/swift/nflics_nowcasts/2019/06/11/0745/Nowcast_201906110745_000.nc'
Skipping 2019-06-12 07:45: [Errno 2] No such file or directory: '/gws/ssde/j25b/swift/nflics_nowcasts/2019/06/12/0745/Nowcast_201906120745_000.nc'
Skipping 2019-06-15 07:00: [Errno 2] No such file or directory: '/gws/ssde/j25b/swift/nflics_nowcasts/2019/06/15/0700/Nowcast_201906150700_000.nc'
Skipping 2019-06-15 07:15: [Errno 2] No such file or directory: '/gws/ssde/j25b/swift/nflics_nowcasts/2019/06/15/0715/Nowcast_201906150715_000.nc'
Skipping 2019-06-15 07:30: [Errno 2] No such file or directory: '/gws/ssde/j25b/swift/nflics_nowcasts/2019/06/15/0730/Nowcast_201906150730_000.nc'
Skipping 2019-06-15 07:45: [Errno 2] No such file or directory: '/gws/ssde/j25b/swift/nflics_nowcasts/2019/06/15/0745/Nowcast_201906150745_000.nc'
Skipping 2019-06-21 07:00: [Errno 2] No such file or directory: '/gws/ssde/j25b/swift/nflics_nowcasts/2019/06/21/0700/Nowcast_201906210700_000.nc'
Skipping 2019-06-21 07:15: [Errno 2] No such file or directory: '/gws/ssde/j25b/swift/nflics_nowcasts/2019/06/21/0715/Nowcast_201906210715_000.nc'
Skipping 2019-06-21 07:30: [Errno 2] No such file or directory: '/gws/ssde/j25b/swift/nflics_nowcasts/2019/06/21/0730/Nowcast_201906210730_000.nc'
Skipping 2019-06-21 07:45: [Errno 2] No such file or directory: '/gws/ssde/j25b/swift/nflics_nowcasts/2019/06/21/0745/Nowcast_201906210745_000.nc'
Skipping 2019-06-27 07:00: [Errno 2] No such file or directory: '/gws/ssde/j25b/swift/nflics_nowcasts/2019/06/27/0700/Nowcast_201906270700_000.nc'
Skipping 2019-06-29 07:00: [Errno 2] No such file or directory: '/gws/ssde/j25b/swift/nflics_nowcasts/2019/06/29/0700/Nowcast_201906290700_000.nc'
Skipping 2019-06-29 07:30: [Errno 2] No such file or directory: '/gws/ssde/j25b/swift/nflics_nowcasts/2019/06/29/0730/Nowcast_201906290730_000.nc'
Skipping 2019-06-29 07:45: [Errno 2] No such file or directory: '/gws/ssde/j25b/swift/nflics_nowcasts/2019/06/29/0745/Nowcast_201906290745_000.nc'
All ensemble nowcasts completed on CPU.
======================================================
 Job completed successfully at Sat 29 Nov 12:10:55 GMT 2025
======================================================
