======================================================
 Job started on host1085.jc.rl.ac.uk at Sat 29 Nov 12:12:38 GMT 2025
======================================================
Running ensemble nowcast inference:
 Lead time : 6
 Year      : 2019
 Month     : 09
 Hour      : 02
======================================================
Running on CPU with 8 threads
Loaded 5 ensemble models on CPU
Detected 72 inputs for 2019-09 02 UTC
Skipping 2019-09-01 02:30: [Errno 2] No such file or directory: '/gws/ssde/j25b/swift/nflics_nowcasts/2019/09/01/0230/Nowcast_201909010230_000.nc'
Skipping 2019-09-02 02:00: [Errno 2] No such file or directory: '/gws/ssde/j25b/swift/nflics_nowcasts/2019/09/02/0200/Nowcast_201909020200_000.nc'
Skipping 2019-09-02 02:15: [Errno 2] No such file or directory: '/gws/ssde/j25b/swift/nflics_nowcasts/2019/09/02/0215/Nowcast_201909020215_000.nc'
Skipping 2019-09-02 02:30: [Errno 2] No such file or directory: '/gws/ssde/j25b/swift/nflics_nowcasts/2019/09/02/0230/Nowcast_201909020230_000.nc'
Skipping 2019-09-02 02:45: [Errno 2] No such file or directory: '/gws/ssde/j25b/swift/nflics_nowcasts/2019/09/02/0245/Nowcast_201909020245_000.nc'
Skipping 2019-09-03 02:00: [Errno 2] No such file or directory: '/gws/ssde/j25b/swift/nflics_nowcasts/2019/09/03/0200/Nowcast_201909030200_000.nc'
Skipping 2019-09-03 02:15: [Errno 2] No such file or directory: '/gws/ssde/j25b/swift/nflics_nowcasts/2019/09/03/0215/Nowcast_201909030215_000.nc'
Skipping 2019-09-03 02:30: [Errno 2] No such file or directory: '/gws/ssde/j25b/swift/nflics_nowcasts/2019/09/03/0230/Nowcast_201909030230_000.nc'
Skipping 2019-09-03 02:45: [Errno 2] No such file or directory: '/gws/ssde/j25b/swift/nflics_nowcasts/2019/09/03/0245/Nowcast_201909030245_000.nc'
Skipping 2019-09-04 02:00: [Errno 2] No such file or directory: '/gws/ssde/j25b/swift/nflics_nowcasts/2019/09/04/0200/Nowcast_201909040200_000.nc'
Skipping 2019-09-04 02:15: [Errno 2] No such file or directory: '/gws/ssde/j25b/swift/nflics_nowcasts/2019/09/04/0215/Nowcast_201909040215_000.nc'
Skipping 2019-09-04 02:30: [Errno 2] No such file or directory: '/gws/ssde/j25b/swift/nflics_nowcasts/2019/09/04/0230/Nowcast_201909040230_000.nc'
Skipping 2019-09-04 02:45: [Errno 2] No such file or directory: '/gws/ssde/j25b/swift/nflics_nowcasts/2019/09/04/0245/Nowcast_201909040245_000.nc'
Skipping 2019-09-07 02:00: [Errno 2] No such file or directory: '/gws/ssde/j25b/swift/nflics_nowcasts/2019/09/07/0200/Nowcast_201909070200_000.nc'
Skipping 2019-09-07 02:15: [Errno 2] No such file or directory: '/gws/ssde/j25b/swift/nflics_nowcasts/2019/09/07/0215/Nowcast_201909070215_000.nc'
Skipping 2019-09-07 02:30: [Errno 2] No such file or directory: '/gws/ssde/j25b/swift/nflics_nowcasts/2019/09/07/0230/Nowcast_201909070230_000.nc'
Skipping 2019-09-07 02:45: [Errno 2] No such file or directory: '/gws/ssde/j25b/swift/nflics_nowcasts/2019/09/07/0245/Nowcast_201909070245_000.nc'
Skipping 2019-09-09 02:00: [Errno 2] No such file or directory: '/gws/ssde/j25b/swift/nflics_nowcasts/2019/09/09/0200/Nowcast_201909090200_000.nc'
Skipping 2019-09-09 02:15: [Errno 2] No such file or directory: '/gws/ssde/j25b/swift/nflics_nowcasts/2019/09/09/0215/Nowcast_201909090215_000.nc'
Skipping 2019-09-09 02:30: [Errno 2] No such file or directory: '/gws/ssde/j25b/swift/nflics_nowcasts/2019/09/09/0230/Nowcast_201909090230_000.nc'
Skipping 2019-09-09 02:45: [Errno 2] No such file or directory: '/gws/ssde/j25b/swift/nflics_nowcasts/2019/09/09/0245/Nowcast_201909090245_000.nc'
Skipping 2019-09-10 02:00: [Errno 2] No such file or directory: '/gws/ssde/j25b/swift/nflics_nowcasts/2019/09/10/0200/Nowcast_201909100200_000.nc'
Skipping 2019-09-10 02:15: [Errno 2] No such file or directory: '/gws/ssde/j25b/swift/nflics_nowcasts/2019/09/10/0215/Nowcast_201909100215_000.nc'
Skipping 2019-09-10 02:30: [Errno 2] No such file or directory: '/gws/ssde/j25b/swift/nflics_nowcasts/2019/09/10/0230/Nowcast_201909100230_000.nc'
Skipping 2019-09-10 02:45: [Errno 2] No such file or directory: '/gws/ssde/j25b/swift/nflics_nowcasts/2019/09/10/0245/Nowcast_201909100245_000.nc'
Skipping 2019-09-12 02:00: [Errno 2] No such file or directory: '/gws/ssde/j25b/swift/nflics_nowcasts/2019/09/12/0200/Nowcast_201909120200_000.nc'
Skipping 2019-09-12 02:15: [Errno 2] No such file or directory: '/gws/ssde/j25b/swift/nflics_nowcasts/2019/09/12/0215/Nowcast_201909120215_000.nc'
Skipping 2019-09-12 02:30: [Errno 2] No such file or directory: '/gws/ssde/j25b/swift/nflics_nowcasts/2019/09/12/0230/Nowcast_201909120230_000.nc'
Skipping 2019-09-12 02:45: [Errno 2] No such file or directory: '/gws/ssde/j25b/swift/nflics_nowcasts/2019/09/12/0245/Nowcast_201909120245_000.nc'
Skipping 2019-09-16 02:00: [Errno 2] No such file or directory: '/gws/ssde/j25b/swift/nflics_nowcasts/2019/09/16/0200/Nowcast_201909160200_000.nc'
Skipping 2019-09-16 02:15: [Errno 2] No such file or directory: '/gws/ssde/j25b/swift/nflics_nowcasts/2019/09/16/0215/Nowcast_201909160215_000.nc'
Skipping 2019-09-16 02:30: [Errno 2] No such file or directory: '/gws/ssde/j25b/swift/nflics_nowcasts/2019/09/16/0230/Nowcast_201909160230_000.nc'
Skipping 2019-09-16 02:45: [Errno 2] No such file or directory: '/gws/ssde/j25b/swift/nflics_nowcasts/2019/09/16/0245/Nowcast_201909160245_000.nc'
Skipping 2019-09-17 02:00: [Errno 2] No such file or directory: '/gws/ssde/j25b/swift/nflics_nowcasts/2019/09/17/0200/Nowcast_201909170200_000.nc'
Skipping 2019-09-17 02:15: [Errno 2] No such file or directory: '/gws/ssde/j25b/swift/nflics_nowcasts/2019/09/17/0215/Nowcast_201909170215_000.nc'
Skipping 2019-09-17 02:30: [Errno 2] No such file or directory: '/gws/ssde/j25b/swift/nflics_nowcasts/2019/09/17/0230/Nowcast_201909170230_000.nc'
Skipping 2019-09-17 02:45: [Errno 2] No such file or directory: '/gws/ssde/j25b/swift/nflics_nowcasts/2019/09/17/0245/Nowcast_201909170245_000.nc'
Skipping 2019-09-20 02:00: [Errno 2] No such file or directory: '/gws/ssde/j25b/swift/nflics_nowcasts/2019/09/20/0200/Nowcast_201909200200_000.nc'
Skipping 2019-09-20 02:15: [Errno 2] No such file or directory: '/gws/ssde/j25b/swift/nflics_nowcasts/2019/09/20/0215/Nowcast_201909200215_000.nc'
Skipping 2019-09-20 02:30: [Errno 2] No such file or directory: '/gws/ssde/j25b/swift/nflics_nowcasts/2019/09/20/0230/Nowcast_201909200230_000.nc'
Skipping 2019-09-20 02:45: [Errno 2] No such file or directory: '/gws/ssde/j25b/swift/nflics_nowcasts/2019/09/20/0245/Nowcast_201909200245_000.nc'
Skipping 2019-09-21 02:00: [Errno 2] No such file or directory: '/gws/ssde/j25b/swift/nflics_nowcasts/2019/09/21/0200/Nowcast_201909210200_000.nc'
Skipping 2019-09-21 02:15: [Errno 2] No such file or directory: '/gws/ssde/j25b/swift/nflics_nowcasts/2019/09/21/0215/Nowcast_201909210215_000.nc'
Skipping 2019-09-21 02:30: [Errno 2] No such file or directory: '/gws/ssde/j25b/swift/nflics_nowcasts/2019/09/21/0230/Nowcast_201909210230_000.nc'
Skipping 2019-09-21 02:45: [Errno 2] No such file or directory: '/gws/ssde/j25b/swift/nflics_nowcasts/2019/09/21/0245/Nowcast_201909210245_000.nc'
Skipping 2019-09-22 02:00: [Errno 2] No such file or directory: '/gws/ssde/j25b/swift/nflics_nowcasts/2019/09/22/0200/Nowcast_201909220200_000.nc'
Skipping 2019-09-22 02:15: [Errno 2] No such file or directory: '/gws/ssde/j25b/swift/nflics_nowcasts/2019/09/22/0215/Nowcast_201909220215_000.nc'
Skipping 2019-09-22 02:30: [Errno 2] No such file or directory: '/gws/ssde/j25b/swift/nflics_nowcasts/2019/09/22/0230/Nowcast_201909220230_000.nc'
Skipping 2019-09-22 02:45: [Errno 2] No such file or directory: '/gws/ssde/j25b/swift/nflics_nowcasts/2019/09/22/0245/Nowcast_201909220245_000.nc'
Skipping 2019-09-23 02:00: [Errno 2] No such file or directory: '/gws/ssde/j25b/swift/nflics_nowcasts/2019/09/23/0200/Nowcast_201909230200_000.nc'
Skipping 2019-09-23 02:15: [Errno 2] No such file or directory: '/gws/ssde/j25b/swift/nflics_nowcasts/2019/09/23/0215/Nowcast_201909230215_000.nc'
Skipping 2019-09-23 02:30: [Errno 2] No such file or directory: '/gws/ssde/j25b/swift/nflics_nowcasts/2019/09/23/0230/Nowcast_201909230230_000.nc'
Skipping 2019-09-23 02:45: [Errno 2] No such file or directory: '/gws/ssde/j25b/swift/nflics_nowcasts/2019/09/23/0245/Nowcast_201909230245_000.nc'
Skipping 2019-09-24 02:00: [Errno 2] No such file or directory: '/gws/ssde/j25b/swift/nflics_nowcasts/2019/09/24/0200/Nowcast_201909240200_000.nc'
Skipping 2019-09-24 02:15: [Errno 2] No such file or directory: '/gws/ssde/j25b/swift/nflics_nowcasts/2019/09/24/0215/Nowcast_201909240215_000.nc'
Skipping 2019-09-24 02:30: [Errno 2] No such file or directory: '/gws/ssde/j25b/swift/nflics_nowcasts/2019/09/24/0230/Nowcast_201909240230_000.nc'
Skipping 2019-09-24 02:45: [Errno 2] No such file or directory: '/gws/ssde/j25b/swift/nflics_nowcasts/2019/09/24/0245/Nowcast_201909240245_000.nc'
Skipping 2019-09-25 02:00: [Errno 2] No such file or directory: '/gws/ssde/j25b/swift/nflics_nowcasts/2019/09/25/0200/Nowcast_201909250200_000.nc'
Skipping 2019-09-25 02:15: [Errno 2] No such file or directory: '/gws/ssde/j25b/swift/nflics_nowcasts/2019/09/25/0215/Nowcast_201909250215_000.nc'
Skipping 2019-09-25 02:30: [Errno 2] No such file or directory: '/gws/ssde/j25b/swift/nflics_nowcasts/2019/09/25/0230/Nowcast_201909250230_000.nc'
Skipping 2019-09-26 02:00: [Errno 2] No such file or directory: '/gws/ssde/j25b/swift/nflics_nowcasts/2019/09/26/0200/Nowcast_201909260200_000.nc'
Skipping 2019-09-26 02:15: [Errno 2] No such file or directory: '/gws/ssde/j25b/swift/nflics_nowcasts/2019/09/26/0215/Nowcast_201909260215_000.nc'
Skipping 2019-09-26 02:30: [Errno 2] No such file or directory: '/gws/ssde/j25b/swift/nflics_nowcasts/2019/09/26/0230/Nowcast_201909260230_000.nc'
Skipping 2019-09-26 02:45: [Errno 2] No such file or directory: '/gws/ssde/j25b/swift/nflics_nowcasts/2019/09/26/0245/Nowcast_201909260245_000.nc'
Skipping 2019-09-28 02:00: [Errno 2] No such file or directory: '/gws/ssde/j25b/swift/nflics_nowcasts/2019/09/28/0200/Nowcast_201909280200_000.nc'
Skipping 2019-09-28 02:15: [Errno 2] No such file or directory: '/gws/ssde/j25b/swift/nflics_nowcasts/2019/09/28/0215/Nowcast_201909280215_000.nc'
Skipping 2019-09-28 02:30: [Errno 2] No such file or directory: '/gws/ssde/j25b/swift/nflics_nowcasts/2019/09/28/0230/Nowcast_201909280230_000.nc'
Skipping 2019-09-28 02:45: [Errno 2] No such file or directory: '/gws/ssde/j25b/swift/nflics_nowcasts/2019/09/28/0245/Nowcast_201909280245_000.nc'
Skipping 2019-09-29 02:30: [Errno 2] No such file or directory: '/gws/ssde/j25b/swift/nflics_nowcasts/2019/09/29/0230/Nowcast_201909290230_000.nc'
Skipping 2019-09-29 02:45: [Errno 2] No such file or directory: '/gws/ssde/j25b/swift/nflics_nowcasts/2019/09/29/0245/Nowcast_201909290245_000.nc'
Skipping 2019-09-30 02:15: [Errno 2] No such file or directory: '/gws/ssde/j25b/swift/nflics_nowcasts/2019/09/30/0215/Nowcast_201909300215_000.nc'
Skipping 2019-09-30 02:30: [Errno 2] No such file or directory: '/gws/ssde/j25b/swift/nflics_nowcasts/2019/09/30/0230/Nowcast_201909300230_000.nc'
All ensemble nowcasts completed on CPU.
======================================================
 Job completed successfully at Sat 29 Nov 12:12:45 GMT 2025
======================================================
