======================================================
 Job started on host1085.jc.rl.ac.uk at Sat 29 Nov 12:11:16 GMT 2025
======================================================
Running ensemble nowcast inference:
 Lead time : 6
 Year      : 2019
 Month     : 07
 Hour      : 02
======================================================
Running on CPU with 8 threads
Loaded 5 ensemble models on CPU
Detected 74 inputs for 2019-07 02 UTC
Skipping 2019-07-01 02:00: [Errno 2] No such file or directory: '/gws/ssde/j25b/swift/nflics_nowcasts/2019/07/01/0200/Nowcast_201907010200_000.nc'
Skipping 2019-07-01 02:15: [Errno 2] No such file or directory: '/gws/ssde/j25b/swift/nflics_nowcasts/2019/07/01/0215/Nowcast_201907010215_000.nc'
Skipping 2019-07-01 02:30: [Errno 2] No such file or directory: '/gws/ssde/j25b/swift/nflics_nowcasts/2019/07/01/0230/Nowcast_201907010230_000.nc'
Skipping 2019-07-01 02:45: [Errno 2] No such file or directory: '/gws/ssde/j25b/swift/nflics_nowcasts/2019/07/01/0245/Nowcast_201907010245_000.nc'
Skipping 2019-07-02 02:00: [Errno 2] No such file or directory: '/gws/ssde/j25b/swift/nflics_nowcasts/2019/07/02/0200/Nowcast_201907020200_000.nc'
Skipping 2019-07-02 02:15: [Errno 2] No such file or directory: '/gws/ssde/j25b/swift/nflics_nowcasts/2019/07/02/0215/Nowcast_201907020215_000.nc'
Skipping 2019-07-02 02:30: [Errno 2] No such file or directory: '/gws/ssde/j25b/swift/nflics_nowcasts/2019/07/02/0230/Nowcast_201907020230_000.nc'
Skipping 2019-07-03 02:00: [Errno 2] No such file or directory: '/gws/ssde/j25b/swift/nflics_nowcasts/2019/07/03/0200/Nowcast_201907030200_000.nc'
Skipping 2019-07-03 02:15: [Errno 2] No such file or directory: '/gws/ssde/j25b/swift/nflics_nowcasts/2019/07/03/0215/Nowcast_201907030215_000.nc'
Skipping 2019-07-03 02:30: [Errno 2] No such file or directory: '/gws/ssde/j25b/swift/nflics_nowcasts/2019/07/03/0230/Nowcast_201907030230_000.nc'
Skipping 2019-07-03 02:45: [Errno 2] No such file or directory: '/gws/ssde/j25b/swift/nflics_nowcasts/2019/07/03/0245/Nowcast_201907030245_000.nc'
Skipping 2019-07-05 02:00: [Errno 2] No such file or directory: '/gws/ssde/j25b/swift/nflics_nowcasts/2019/07/05/0200/Nowcast_201907050200_000.nc'
Skipping 2019-07-05 02:15: [Errno 2] No such file or directory: '/gws/ssde/j25b/swift/nflics_nowcasts/2019/07/05/0215/Nowcast_201907050215_000.nc'
Skipping 2019-07-05 02:30: [Errno 2] No such file or directory: '/gws/ssde/j25b/swift/nflics_nowcasts/2019/07/05/0230/Nowcast_201907050230_000.nc'
Skipping 2019-07-05 02:45: [Errno 2] No such file or directory: '/gws/ssde/j25b/swift/nflics_nowcasts/2019/07/05/0245/Nowcast_201907050245_000.nc'
Skipping 2019-07-06 02:45: [Errno 2] No such file or directory: '/gws/ssde/j25b/swift/nflics_nowcasts/2019/07/06/0245/Nowcast_201907060245_000.nc'
Skipping 2019-07-08 02:00: [Errno 2] No such file or directory: '/gws/ssde/j25b/swift/nflics_nowcasts/2019/07/08/0200/Nowcast_201907080200_000.nc'
Skipping 2019-07-08 02:15: [Errno 2] No such file or directory: '/gws/ssde/j25b/swift/nflics_nowcasts/2019/07/08/0215/Nowcast_201907080215_000.nc'
Skipping 2019-07-08 02:30: [Errno 2] No such file or directory: '/gws/ssde/j25b/swift/nflics_nowcasts/2019/07/08/0230/Nowcast_201907080230_000.nc'
Skipping 2019-07-08 02:45: [Errno 2] No such file or directory: '/gws/ssde/j25b/swift/nflics_nowcasts/2019/07/08/0245/Nowcast_201907080245_000.nc'
Skipping 2019-07-09 02:00: [Errno 2] No such file or directory: '/gws/ssde/j25b/swift/nflics_nowcasts/2019/07/09/0200/Nowcast_201907090200_000.nc'
Skipping 2019-07-09 02:15: [Errno 2] No such file or directory: '/gws/ssde/j25b/swift/nflics_nowcasts/2019/07/09/0215/Nowcast_201907090215_000.nc'
Skipping 2019-07-09 02:30: [Errno 2] No such file or directory: '/gws/ssde/j25b/swift/nflics_nowcasts/2019/07/09/0230/Nowcast_201907090230_000.nc'
Skipping 2019-07-09 02:45: [Errno 2] No such file or directory: '/gws/ssde/j25b/swift/nflics_nowcasts/2019/07/09/0245/Nowcast_201907090245_000.nc'
Skipping 2019-07-11 02:00: [Errno 2] No such file or directory: '/gws/ssde/j25b/swift/nflics_nowcasts/2019/07/11/0200/Nowcast_201907110200_000.nc'
Skipping 2019-07-13 02:00: [Errno 2] No such file or directory: '/gws/ssde/j25b/swift/nflics_nowcasts/2019/07/13/0200/Nowcast_201907130200_000.nc'
Skipping 2019-07-13 02:15: [Errno 2] No such file or directory: '/gws/ssde/j25b/swift/nflics_nowcasts/2019/07/13/0215/Nowcast_201907130215_000.nc'
Skipping 2019-07-13 02:30: [Errno 2] No such file or directory: '/gws/ssde/j25b/swift/nflics_nowcasts/2019/07/13/0230/Nowcast_201907130230_000.nc'
Skipping 2019-07-13 02:45: [Errno 2] No such file or directory: '/gws/ssde/j25b/swift/nflics_nowcasts/2019/07/13/0245/Nowcast_201907130245_000.nc'
Skipping 2019-07-16 02:00: [Errno 2] No such file or directory: '/gws/ssde/j25b/swift/nflics_nowcasts/2019/07/16/0200/Nowcast_201907160200_000.nc'
Skipping 2019-07-16 02:15: [Errno 2] No such file or directory: '/gws/ssde/j25b/swift/nflics_nowcasts/2019/07/16/0215/Nowcast_201907160215_000.nc'
Skipping 2019-07-16 02:30: [Errno 2] No such file or directory: '/gws/ssde/j25b/swift/nflics_nowcasts/2019/07/16/0230/Nowcast_201907160230_000.nc'
Skipping 2019-07-16 02:45: [Errno 2] No such file or directory: '/gws/ssde/j25b/swift/nflics_nowcasts/2019/07/16/0245/Nowcast_201907160245_000.nc'
Skipping 2019-07-17 02:30: [Errno 2] No such file or directory: '/gws/ssde/j25b/swift/nflics_nowcasts/2019/07/17/0230/Nowcast_201907170230_000.nc'
Skipping 2019-07-17 02:45: [Errno 2] No such file or directory: '/gws/ssde/j25b/swift/nflics_nowcasts/2019/07/17/0245/Nowcast_201907170245_000.nc'
Skipping 2019-07-19 02:00: [Errno 2] No such file or directory: '/gws/ssde/j25b/swift/nflics_nowcasts/2019/07/19/0200/Nowcast_201907190200_000.nc'
Skipping 2019-07-19 02:15: [Errno 2] No such file or directory: '/gws/ssde/j25b/swift/nflics_nowcasts/2019/07/19/0215/Nowcast_201907190215_000.nc'
Skipping 2019-07-19 02:30: [Errno 2] No such file or directory: '/gws/ssde/j25b/swift/nflics_nowcasts/2019/07/19/0230/Nowcast_201907190230_000.nc'
Skipping 2019-07-19 02:45: [Errno 2] No such file or directory: '/gws/ssde/j25b/swift/nflics_nowcasts/2019/07/19/0245/Nowcast_201907190245_000.nc'
Skipping 2019-07-22 02:00: [Errno 2] No such file or directory: '/gws/ssde/j25b/swift/nflics_nowcasts/2019/07/22/0200/Nowcast_201907220200_000.nc'
Skipping 2019-07-22 02:15: [Errno 2] No such file or directory: '/gws/ssde/j25b/swift/nflics_nowcasts/2019/07/22/0215/Nowcast_201907220215_000.nc'
Skipping 2019-07-22 02:30: [Errno 2] No such file or directory: '/gws/ssde/j25b/swift/nflics_nowcasts/2019/07/22/0230/Nowcast_201907220230_000.nc'
Skipping 2019-07-23 02:00: [Errno 2] No such file or directory: '/gws/ssde/j25b/swift/nflics_nowcasts/2019/07/23/0200/Nowcast_201907230200_000.nc'
Skipping 2019-07-23 02:15: [Errno 2] No such file or directory: '/gws/ssde/j25b/swift/nflics_nowcasts/2019/07/23/0215/Nowcast_201907230215_000.nc'
Skipping 2019-07-23 02:30: [Errno 2] No such file or directory: '/gws/ssde/j25b/swift/nflics_nowcasts/2019/07/23/0230/Nowcast_201907230230_000.nc'
Skipping 2019-07-23 02:45: [Errno 2] No such file or directory: '/gws/ssde/j25b/swift/nflics_nowcasts/2019/07/23/0245/Nowcast_201907230245_000.nc'
Skipping 2019-07-24 02:00: [Errno 2] No such file or directory: '/gws/ssde/j25b/swift/nflics_nowcasts/2019/07/24/0200/Nowcast_201907240200_000.nc'
Skipping 2019-07-24 02:15: [Errno 2] No such file or directory: '/gws/ssde/j25b/swift/nflics_nowcasts/2019/07/24/0215/Nowcast_201907240215_000.nc'
Skipping 2019-07-24 02:30: [Errno 2] No such file or directory: '/gws/ssde/j25b/swift/nflics_nowcasts/2019/07/24/0230/Nowcast_201907240230_000.nc'
Skipping 2019-07-24 02:45: [Errno 2] No such file or directory: '/gws/ssde/j25b/swift/nflics_nowcasts/2019/07/24/0245/Nowcast_201907240245_000.nc'
Skipping 2019-07-25 02:00: [Errno 2] No such file or directory: '/gws/ssde/j25b/swift/nflics_nowcasts/2019/07/25/0200/Nowcast_201907250200_000.nc'
Skipping 2019-07-25 02:15: [Errno 2] No such file or directory: '/gws/ssde/j25b/swift/nflics_nowcasts/2019/07/25/0215/Nowcast_201907250215_000.nc'
Skipping 2019-07-25 02:30: [Errno 2] No such file or directory: '/gws/ssde/j25b/swift/nflics_nowcasts/2019/07/25/0230/Nowcast_201907250230_000.nc'
Skipping 2019-07-26 02:00: [Errno 2] No such file or directory: '/gws/ssde/j25b/swift/nflics_nowcasts/2019/07/26/0200/Nowcast_201907260200_000.nc'
Skipping 2019-07-26 02:15: [Errno 2] No such file or directory: '/gws/ssde/j25b/swift/nflics_nowcasts/2019/07/26/0215/Nowcast_201907260215_000.nc'
Skipping 2019-07-26 02:30: [Errno 2] No such file or directory: '/gws/ssde/j25b/swift/nflics_nowcasts/2019/07/26/0230/Nowcast_201907260230_000.nc'
Skipping 2019-07-26 02:45: [Errno 2] No such file or directory: '/gws/ssde/j25b/swift/nflics_nowcasts/2019/07/26/0245/Nowcast_201907260245_000.nc'
Skipping 2019-07-27 02:00: [Errno 2] No such file or directory: '/gws/ssde/j25b/swift/nflics_nowcasts/2019/07/27/0200/Nowcast_201907270200_000.nc'
Skipping 2019-07-27 02:15: [Errno 2] No such file or directory: '/gws/ssde/j25b/swift/nflics_nowcasts/2019/07/27/0215/Nowcast_201907270215_000.nc'
Skipping 2019-07-27 02:30: [Errno 2] No such file or directory: '/gws/ssde/j25b/swift/nflics_nowcasts/2019/07/27/0230/Nowcast_201907270230_000.nc'
Skipping 2019-07-27 02:45: [Errno 2] No such file or directory: '/gws/ssde/j25b/swift/nflics_nowcasts/2019/07/27/0245/Nowcast_201907270245_000.nc'
Skipping 2019-07-28 02:00: [Errno 2] No such file or directory: '/gws/ssde/j25b/swift/nflics_nowcasts/2019/07/28/0200/Nowcast_201907280200_000.nc'
Skipping 2019-07-28 02:15: [Errno 2] No such file or directory: '/gws/ssde/j25b/swift/nflics_nowcasts/2019/07/28/0215/Nowcast_201907280215_000.nc'
Skipping 2019-07-28 02:30: [Errno 2] No such file or directory: '/gws/ssde/j25b/swift/nflics_nowcasts/2019/07/28/0230/Nowcast_201907280230_000.nc'
Skipping 2019-07-28 02:45: [Errno 2] No such file or directory: '/gws/ssde/j25b/swift/nflics_nowcasts/2019/07/28/0245/Nowcast_201907280245_000.nc'
Skipping 2019-07-29 02:00: [Errno 2] No such file or directory: '/gws/ssde/j25b/swift/nflics_nowcasts/2019/07/29/0200/Nowcast_201907290200_000.nc'
Skipping 2019-07-29 02:15: [Errno 2] No such file or directory: '/gws/ssde/j25b/swift/nflics_nowcasts/2019/07/29/0215/Nowcast_201907290215_000.nc'
Skipping 2019-07-29 02:30: [Errno 2] No such file or directory: '/gws/ssde/j25b/swift/nflics_nowcasts/2019/07/29/0230/Nowcast_201907290230_000.nc'
Skipping 2019-07-29 02:45: [Errno 2] No such file or directory: '/gws/ssde/j25b/swift/nflics_nowcasts/2019/07/29/0245/Nowcast_201907290245_000.nc'
Skipping 2019-07-30 02:15: [Errno 2] No such file or directory: '/gws/ssde/j25b/swift/nflics_nowcasts/2019/07/30/0215/Nowcast_201907300215_000.nc'
Skipping 2019-07-30 02:30: [Errno 2] No such file or directory: '/gws/ssde/j25b/swift/nflics_nowcasts/2019/07/30/0230/Nowcast_201907300230_000.nc'
Skipping 2019-07-31 02:15: [Errno 2] No such file or directory: '/gws/ssde/j25b/swift/nflics_nowcasts/2019/07/31/0215/Nowcast_201907310215_000.nc'
Skipping 2019-07-31 02:30: [Errno 2] No such file or directory: '/gws/ssde/j25b/swift/nflics_nowcasts/2019/07/31/0230/Nowcast_201907310230_000.nc'
Skipping 2019-07-31 02:45: [Errno 2] No such file or directory: '/gws/ssde/j25b/swift/nflics_nowcasts/2019/07/31/0245/Nowcast_201907310245_000.nc'
All ensemble nowcasts completed on CPU.
======================================================
 Job completed successfully at Sat 29 Nov 12:11:23 GMT 2025
======================================================
