======================================================
 Job started on host1085.jc.rl.ac.uk at Sat 29 Nov 12:11:16 GMT 2025
======================================================
Running ensemble nowcast inference:
 Lead time : 3
 Year      : 2019
 Month     : 07
 Hour      : 05
======================================================
Running on CPU with 8 threads
Loaded 5 ensemble models on CPU
Detected 60 inputs for 2019-07 05 UTC
Skipping 2019-07-01 05:45: [Errno 2] No such file or directory: '/gws/ssde/j25b/swift/nflics_nowcasts/2019/07/01/0545/Nowcast_201907010545_000.nc'
Skipping 2019-07-02 05:00: [Errno 2] No such file or directory: '/gws/ssde/j25b/swift/nflics_nowcasts/2019/07/02/0500/Nowcast_201907020500_000.nc'
Skipping 2019-07-02 05:15: [Errno 2] No such file or directory: '/gws/ssde/j25b/swift/nflics_nowcasts/2019/07/02/0515/Nowcast_201907020515_000.nc'
Skipping 2019-07-02 05:30: [Errno 2] No such file or directory: '/gws/ssde/j25b/swift/nflics_nowcasts/2019/07/02/0530/Nowcast_201907020530_000.nc'
Skipping 2019-07-03 05:00: [Errno 2] No such file or directory: '/gws/ssde/j25b/swift/nflics_nowcasts/2019/07/03/0500/Nowcast_201907030500_000.nc'
Skipping 2019-07-03 05:15: [Errno 2] No such file or directory: '/gws/ssde/j25b/swift/nflics_nowcasts/2019/07/03/0515/Nowcast_201907030515_000.nc'
Skipping 2019-07-03 05:30: [Errno 2] No such file or directory: '/gws/ssde/j25b/swift/nflics_nowcasts/2019/07/03/0530/Nowcast_201907030530_000.nc'
Skipping 2019-07-03 05:45: [Errno 2] No such file or directory: '/gws/ssde/j25b/swift/nflics_nowcasts/2019/07/03/0545/Nowcast_201907030545_000.nc'
Skipping 2019-07-04 05:00: [Errno 2] No such file or directory: '/gws/ssde/j25b/swift/nflics_nowcasts/2019/07/04/0500/Nowcast_201907040500_000.nc'
Skipping 2019-07-04 05:15: [Errno 2] No such file or directory: '/gws/ssde/j25b/swift/nflics_nowcasts/2019/07/04/0515/Nowcast_201907040515_000.nc'
Skipping 2019-07-04 05:30: [Errno 2] No such file or directory: '/gws/ssde/j25b/swift/nflics_nowcasts/2019/07/04/0530/Nowcast_201907040530_000.nc'
Skipping 2019-07-05 05:00: [Errno 2] No such file or directory: '/gws/ssde/j25b/swift/nflics_nowcasts/2019/07/05/0500/Nowcast_201907050500_000.nc'
Skipping 2019-07-05 05:15: [Errno 2] No such file or directory: '/gws/ssde/j25b/swift/nflics_nowcasts/2019/07/05/0515/Nowcast_201907050515_000.nc'
Skipping 2019-07-05 05:30: [Errno 2] No such file or directory: '/gws/ssde/j25b/swift/nflics_nowcasts/2019/07/05/0530/Nowcast_201907050530_000.nc'
Skipping 2019-07-05 05:45: [Errno 2] No such file or directory: '/gws/ssde/j25b/swift/nflics_nowcasts/2019/07/05/0545/Nowcast_201907050545_000.nc'
Skipping 2019-07-08 05:00: [Errno 2] No such file or directory: '/gws/ssde/j25b/swift/nflics_nowcasts/2019/07/08/0500/Nowcast_201907080500_000.nc'
Skipping 2019-07-08 05:15: [Errno 2] No such file or directory: '/gws/ssde/j25b/swift/nflics_nowcasts/2019/07/08/0515/Nowcast_201907080515_000.nc'
Skipping 2019-07-08 05:30: [Errno 2] No such file or directory: '/gws/ssde/j25b/swift/nflics_nowcasts/2019/07/08/0530/Nowcast_201907080530_000.nc'
Skipping 2019-07-08 05:45: [Errno 2] No such file or directory: '/gws/ssde/j25b/swift/nflics_nowcasts/2019/07/08/0545/Nowcast_201907080545_000.nc'
Skipping 2019-07-09 05:30: [Errno 2] No such file or directory: '/gws/ssde/j25b/swift/nflics_nowcasts/2019/07/09/0530/Nowcast_201907090530_000.nc'
Skipping 2019-07-13 05:00: [Errno 2] No such file or directory: '/gws/ssde/j25b/swift/nflics_nowcasts/2019/07/13/0500/Nowcast_201907130500_000.nc'
Skipping 2019-07-13 05:15: [Errno 2] No such file or directory: '/gws/ssde/j25b/swift/nflics_nowcasts/2019/07/13/0515/Nowcast_201907130515_000.nc'
Skipping 2019-07-13 05:30: [Errno 2] No such file or directory: '/gws/ssde/j25b/swift/nflics_nowcasts/2019/07/13/0530/Nowcast_201907130530_000.nc'
Skipping 2019-07-13 05:45: [Errno 2] No such file or directory: '/gws/ssde/j25b/swift/nflics_nowcasts/2019/07/13/0545/Nowcast_201907130545_000.nc'
Skipping 2019-07-15 05:30: [Errno 2] No such file or directory: '/gws/ssde/j25b/swift/nflics_nowcasts/2019/07/15/0530/Nowcast_201907150530_000.nc'
Skipping 2019-07-16 05:00: [Errno 2] No such file or directory: '/gws/ssde/j25b/swift/nflics_nowcasts/2019/07/16/0500/Nowcast_201907160500_000.nc'
Skipping 2019-07-16 05:15: [Errno 2] No such file or directory: '/gws/ssde/j25b/swift/nflics_nowcasts/2019/07/16/0515/Nowcast_201907160515_000.nc'
Skipping 2019-07-16 05:30: [Errno 2] No such file or directory: '/gws/ssde/j25b/swift/nflics_nowcasts/2019/07/16/0530/Nowcast_201907160530_000.nc'
Skipping 2019-07-16 05:45: [Errno 2] No such file or directory: '/gws/ssde/j25b/swift/nflics_nowcasts/2019/07/16/0545/Nowcast_201907160545_000.nc'
Skipping 2019-07-17 05:30: [Errno 2] No such file or directory: '/gws/ssde/j25b/swift/nflics_nowcasts/2019/07/17/0530/Nowcast_201907170530_000.nc'
Skipping 2019-07-17 05:45: [Errno 2] No such file or directory: '/gws/ssde/j25b/swift/nflics_nowcasts/2019/07/17/0545/Nowcast_201907170545_000.nc'
Skipping 2019-07-19 05:00: [Errno 2] No such file or directory: '/gws/ssde/j25b/swift/nflics_nowcasts/2019/07/19/0500/Nowcast_201907190500_000.nc'
Skipping 2019-07-19 05:15: [Errno 2] No such file or directory: '/gws/ssde/j25b/swift/nflics_nowcasts/2019/07/19/0515/Nowcast_201907190515_000.nc'
Skipping 2019-07-19 05:30: [Errno 2] No such file or directory: '/gws/ssde/j25b/swift/nflics_nowcasts/2019/07/19/0530/Nowcast_201907190530_000.nc'
Skipping 2019-07-19 05:45: [Errno 2] No such file or directory: '/gws/ssde/j25b/swift/nflics_nowcasts/2019/07/19/0545/Nowcast_201907190545_000.nc'
Skipping 2019-07-23 05:00: [Errno 2] No such file or directory: '/gws/ssde/j25b/swift/nflics_nowcasts/2019/07/23/0500/Nowcast_201907230500_000.nc'
Skipping 2019-07-23 05:15: [Errno 2] No such file or directory: '/gws/ssde/j25b/swift/nflics_nowcasts/2019/07/23/0515/Nowcast_201907230515_000.nc'
Skipping 2019-07-23 05:30: [Errno 2] No such file or directory: '/gws/ssde/j25b/swift/nflics_nowcasts/2019/07/23/0530/Nowcast_201907230530_000.nc'
Skipping 2019-07-23 05:45: [Errno 2] No such file or directory: '/gws/ssde/j25b/swift/nflics_nowcasts/2019/07/23/0545/Nowcast_201907230545_000.nc'
Skipping 2019-07-24 05:00: [Errno 2] No such file or directory: '/gws/ssde/j25b/swift/nflics_nowcasts/2019/07/24/0500/Nowcast_201907240500_000.nc'
Skipping 2019-07-24 05:15: [Errno 2] No such file or directory: '/gws/ssde/j25b/swift/nflics_nowcasts/2019/07/24/0515/Nowcast_201907240515_000.nc'
Skipping 2019-07-24 05:30: [Errno 2] No such file or directory: '/gws/ssde/j25b/swift/nflics_nowcasts/2019/07/24/0530/Nowcast_201907240530_000.nc'
Skipping 2019-07-24 05:45: [Errno 2] No such file or directory: '/gws/ssde/j25b/swift/nflics_nowcasts/2019/07/24/0545/Nowcast_201907240545_000.nc'
Skipping 2019-07-26 05:00: [Errno 2] No such file or directory: '/gws/ssde/j25b/swift/nflics_nowcasts/2019/07/26/0500/Nowcast_201907260500_000.nc'
Skipping 2019-07-26 05:15: [Errno 2] No such file or directory: '/gws/ssde/j25b/swift/nflics_nowcasts/2019/07/26/0515/Nowcast_201907260515_000.nc'
Skipping 2019-07-26 05:30: [Errno 2] No such file or directory: '/gws/ssde/j25b/swift/nflics_nowcasts/2019/07/26/0530/Nowcast_201907260530_000.nc'
Skipping 2019-07-26 05:45: [Errno 2] No such file or directory: '/gws/ssde/j25b/swift/nflics_nowcasts/2019/07/26/0545/Nowcast_201907260545_000.nc'
Skipping 2019-07-27 05:15: [Errno 2] No such file or directory: '/gws/ssde/j25b/swift/nflics_nowcasts/2019/07/27/0515/Nowcast_201907270515_000.nc'
Skipping 2019-07-27 05:30: [Errno 2] No such file or directory: '/gws/ssde/j25b/swift/nflics_nowcasts/2019/07/27/0530/Nowcast_201907270530_000.nc'
Skipping 2019-07-27 05:45: [Errno 2] No such file or directory: '/gws/ssde/j25b/swift/nflics_nowcasts/2019/07/27/0545/Nowcast_201907270545_000.nc'
Skipping 2019-07-28 05:00: [Errno 2] No such file or directory: '/gws/ssde/j25b/swift/nflics_nowcasts/2019/07/28/0500/Nowcast_201907280500_000.nc'
Skipping 2019-07-28 05:15: [Errno 2] No such file or directory: '/gws/ssde/j25b/swift/nflics_nowcasts/2019/07/28/0515/Nowcast_201907280515_000.nc'
Skipping 2019-07-28 05:30: [Errno 2] No such file or directory: '/gws/ssde/j25b/swift/nflics_nowcasts/2019/07/28/0530/Nowcast_201907280530_000.nc'
Skipping 2019-07-28 05:45: [Errno 2] No such file or directory: '/gws/ssde/j25b/swift/nflics_nowcasts/2019/07/28/0545/Nowcast_201907280545_000.nc'
Skipping 2019-07-29 05:00: [Errno 2] No such file or directory: '/gws/ssde/j25b/swift/nflics_nowcasts/2019/07/29/0500/Nowcast_201907290500_000.nc'
Skipping 2019-07-30 05:15: [Errno 2] No such file or directory: '/gws/ssde/j25b/swift/nflics_nowcasts/2019/07/30/0515/Nowcast_201907300515_000.nc'
Skipping 2019-07-30 05:30: [Errno 2] No such file or directory: '/gws/ssde/j25b/swift/nflics_nowcasts/2019/07/30/0530/Nowcast_201907300530_000.nc'
Skipping 2019-07-31 05:15: [Errno 2] No such file or directory: '/gws/ssde/j25b/swift/nflics_nowcasts/2019/07/31/0515/Nowcast_201907310515_000.nc'
Skipping 2019-07-31 05:30: [Errno 2] No such file or directory: '/gws/ssde/j25b/swift/nflics_nowcasts/2019/07/31/0530/Nowcast_201907310530_000.nc'
Skipping 2019-07-31 05:45: [Errno 2] No such file or directory: '/gws/ssde/j25b/swift/nflics_nowcasts/2019/07/31/0545/Nowcast_201907310545_000.nc'
All ensemble nowcasts completed on CPU.
======================================================
 Job completed successfully at Sat 29 Nov 12:11:23 GMT 2025
======================================================
