======================================================
 Job started on host1081.jc.rl.ac.uk at Sat 29 Nov 12:12:38 GMT 2025
======================================================
Running ensemble nowcast inference:
 Lead time : 1
 Year      : 2019
 Month     : 08
 Hour      : 23
======================================================
Running on CPU with 8 threads
Loaded 5 ensemble models on CPU
Detected 76 inputs for 2019-08 23 UTC
Skipping 2019-08-01 23:00: [Errno 2] No such file or directory: '/gws/ssde/j25b/swift/nflics_nowcasts/2019/08/01/2300/Nowcast_201908012300_000.nc'
Skipping 2019-08-01 23:15: [Errno 2] No such file or directory: '/gws/ssde/j25b/swift/nflics_nowcasts/2019/08/01/2315/Nowcast_201908012315_000.nc'
Skipping 2019-08-01 23:30: [Errno 2] No such file or directory: '/gws/ssde/j25b/swift/nflics_nowcasts/2019/08/01/2330/Nowcast_201908012330_000.nc'
Skipping 2019-08-01 23:45: [Errno 2] No such file or directory: '/gws/ssde/j25b/swift/nflics_nowcasts/2019/08/01/2345/Nowcast_201908012345_000.nc'
Skipping 2019-08-02 23:00: [Errno 2] No such file or directory: '/gws/ssde/j25b/swift/nflics_nowcasts/2019/08/02/2300/Nowcast_201908022300_000.nc'
Skipping 2019-08-02 23:15: [Errno 2] No such file or directory: '/gws/ssde/j25b/swift/nflics_nowcasts/2019/08/02/2315/Nowcast_201908022315_000.nc'
Skipping 2019-08-02 23:30: [Errno 2] No such file or directory: '/gws/ssde/j25b/swift/nflics_nowcasts/2019/08/02/2330/Nowcast_201908022330_000.nc'
Skipping 2019-08-02 23:45: [Errno 2] No such file or directory: '/gws/ssde/j25b/swift/nflics_nowcasts/2019/08/02/2345/Nowcast_201908022345_000.nc'
Skipping 2019-08-03 23:15: [Errno 2] No such file or directory: '/gws/ssde/j25b/swift/nflics_nowcasts/2019/08/03/2315/Nowcast_201908032315_000.nc'
Skipping 2019-08-05 23:00: [Errno 2] No such file or directory: '/gws/ssde/j25b/swift/nflics_nowcasts/2019/08/05/2300/Nowcast_201908052300_000.nc'
Skipping 2019-08-05 23:15: [Errno 2] No such file or directory: '/gws/ssde/j25b/swift/nflics_nowcasts/2019/08/05/2315/Nowcast_201908052315_000.nc'
Skipping 2019-08-05 23:30: [Errno 2] No such file or directory: '/gws/ssde/j25b/swift/nflics_nowcasts/2019/08/05/2330/Nowcast_201908052330_000.nc'
Skipping 2019-08-05 23:45: [Errno 2] No such file or directory: '/gws/ssde/j25b/swift/nflics_nowcasts/2019/08/05/2345/Nowcast_201908052345_000.nc'
Skipping 2019-08-06 23:00: [Errno 2] No such file or directory: '/gws/ssde/j25b/swift/nflics_nowcasts/2019/08/06/2300/Nowcast_201908062300_000.nc'
Skipping 2019-08-06 23:15: [Errno 2] No such file or directory: '/gws/ssde/j25b/swift/nflics_nowcasts/2019/08/06/2315/Nowcast_201908062315_000.nc'
Skipping 2019-08-06 23:30: [Errno 2] No such file or directory: '/gws/ssde/j25b/swift/nflics_nowcasts/2019/08/06/2330/Nowcast_201908062330_000.nc'
Skipping 2019-08-06 23:45: [Errno 2] No such file or directory: '/gws/ssde/j25b/swift/nflics_nowcasts/2019/08/06/2345/Nowcast_201908062345_000.nc'
Skipping 2019-08-10 23:00: [Errno 2] No such file or directory: '/gws/ssde/j25b/swift/nflics_nowcasts/2019/08/10/2300/Nowcast_201908102300_000.nc'
Skipping 2019-08-10 23:15: [Errno 2] No such file or directory: '/gws/ssde/j25b/swift/nflics_nowcasts/2019/08/10/2315/Nowcast_201908102315_000.nc'
Skipping 2019-08-10 23:30: [Errno 2] No such file or directory: '/gws/ssde/j25b/swift/nflics_nowcasts/2019/08/10/2330/Nowcast_201908102330_000.nc'
Skipping 2019-08-10 23:45: [Errno 2] No such file or directory: '/gws/ssde/j25b/swift/nflics_nowcasts/2019/08/10/2345/Nowcast_201908102345_000.nc'
Skipping 2019-08-13 23:00: [Errno 2] No such file or directory: '/gws/ssde/j25b/swift/nflics_nowcasts/2019/08/13/2300/Nowcast_201908132300_000.nc'
Skipping 2019-08-13 23:45: [Errno 2] No such file or directory: '/gws/ssde/j25b/swift/nflics_nowcasts/2019/08/13/2345/Nowcast_201908132345_000.nc'
Skipping 2019-08-14 23:00: [Errno 2] No such file or directory: '/gws/ssde/j25b/swift/nflics_nowcasts/2019/08/14/2300/Nowcast_201908142300_000.nc'
Skipping 2019-08-14 23:30: [Errno 2] No such file or directory: '/gws/ssde/j25b/swift/nflics_nowcasts/2019/08/14/2330/Nowcast_201908142330_000.nc'
Skipping 2019-08-14 23:45: [Errno 2] No such file or directory: '/gws/ssde/j25b/swift/nflics_nowcasts/2019/08/14/2345/Nowcast_201908142345_000.nc'
Skipping 2019-08-15 23:00: [Errno 2] No such file or directory: '/gws/ssde/j25b/swift/nflics_nowcasts/2019/08/15/2300/Nowcast_201908152300_000.nc'
Skipping 2019-08-15 23:15: [Errno 2] No such file or directory: '/gws/ssde/j25b/swift/nflics_nowcasts/2019/08/15/2315/Nowcast_201908152315_000.nc'
Skipping 2019-08-15 23:30: [Errno 2] No such file or directory: '/gws/ssde/j25b/swift/nflics_nowcasts/2019/08/15/2330/Nowcast_201908152330_000.nc'
Skipping 2019-08-15 23:45: [Errno 2] No such file or directory: '/gws/ssde/j25b/swift/nflics_nowcasts/2019/08/15/2345/Nowcast_201908152345_000.nc'
Skipping 2019-08-17 23:00: [Errno 2] No such file or directory: '/gws/ssde/j25b/swift/nflics_nowcasts/2019/08/17/2300/Nowcast_201908172300_000.nc'
Skipping 2019-08-17 23:15: [Errno 2] No such file or directory: '/gws/ssde/j25b/swift/nflics_nowcasts/2019/08/17/2315/Nowcast_201908172315_000.nc'
Skipping 2019-08-17 23:30: [Errno 2] No such file or directory: '/gws/ssde/j25b/swift/nflics_nowcasts/2019/08/17/2330/Nowcast_201908172330_000.nc'
Skipping 2019-08-17 23:45: [Errno 2] No such file or directory: '/gws/ssde/j25b/swift/nflics_nowcasts/2019/08/17/2345/Nowcast_201908172345_000.nc'
Skipping 2019-08-18 23:00: [Errno 2] No such file or directory: '/gws/ssde/j25b/swift/nflics_nowcasts/2019/08/18/2300/Nowcast_201908182300_000.nc'
Skipping 2019-08-18 23:15: [Errno 2] No such file or directory: '/gws/ssde/j25b/swift/nflics_nowcasts/2019/08/18/2315/Nowcast_201908182315_000.nc'
Skipping 2019-08-18 23:30: [Errno 2] No such file or directory: '/gws/ssde/j25b/swift/nflics_nowcasts/2019/08/18/2330/Nowcast_201908182330_000.nc'
Skipping 2019-08-18 23:45: [Errno 2] No such file or directory: '/gws/ssde/j25b/swift/nflics_nowcasts/2019/08/18/2345/Nowcast_201908182345_000.nc'
Skipping 2019-08-19 23:15: [Errno 2] No such file or directory: '/gws/ssde/j25b/swift/nflics_nowcasts/2019/08/19/2315/Nowcast_201908192315_000.nc'
Skipping 2019-08-19 23:30: [Errno 2] No such file or directory: '/gws/ssde/j25b/swift/nflics_nowcasts/2019/08/19/2330/Nowcast_201908192330_000.nc'
Skipping 2019-08-19 23:45: [Errno 2] No such file or directory: '/gws/ssde/j25b/swift/nflics_nowcasts/2019/08/19/2345/Nowcast_201908192345_000.nc'
Skipping 2019-08-20 23:00: [Errno 2] No such file or directory: '/gws/ssde/j25b/swift/nflics_nowcasts/2019/08/20/2300/Nowcast_201908202300_000.nc'
Skipping 2019-08-20 23:15: [Errno 2] No such file or directory: '/gws/ssde/j25b/swift/nflics_nowcasts/2019/08/20/2315/Nowcast_201908202315_000.nc'
Skipping 2019-08-20 23:30: [Errno 2] No such file or directory: '/gws/ssde/j25b/swift/nflics_nowcasts/2019/08/20/2330/Nowcast_201908202330_000.nc'
Skipping 2019-08-20 23:45: [Errno 2] No such file or directory: '/gws/ssde/j25b/swift/nflics_nowcasts/2019/08/20/2345/Nowcast_201908202345_000.nc'
Skipping 2019-08-21 23:00: [Errno 2] No such file or directory: '/gws/ssde/j25b/swift/nflics_nowcasts/2019/08/21/2300/Nowcast_201908212300_000.nc'
Skipping 2019-08-21 23:15: [Errno 2] No such file or directory: '/gws/ssde/j25b/swift/nflics_nowcasts/2019/08/21/2315/Nowcast_201908212315_000.nc'
Skipping 2019-08-21 23:30: [Errno 2] No such file or directory: '/gws/ssde/j25b/swift/nflics_nowcasts/2019/08/21/2330/Nowcast_201908212330_000.nc'
Skipping 2019-08-21 23:45: [Errno 2] No such file or directory: '/gws/ssde/j25b/swift/nflics_nowcasts/2019/08/21/2345/Nowcast_201908212345_000.nc'
Skipping 2019-08-23 23:00: [Errno 2] No such file or directory: '/gws/ssde/j25b/swift/nflics_nowcasts/2019/08/23/2300/Nowcast_201908232300_000.nc'
Skipping 2019-08-23 23:15: [Errno 2] No such file or directory: '/gws/ssde/j25b/swift/nflics_nowcasts/2019/08/23/2315/Nowcast_201908232315_000.nc'
Skipping 2019-08-23 23:30: [Errno 2] No such file or directory: '/gws/ssde/j25b/swift/nflics_nowcasts/2019/08/23/2330/Nowcast_201908232330_000.nc'
Skipping 2019-08-23 23:45: [Errno 2] No such file or directory: '/gws/ssde/j25b/swift/nflics_nowcasts/2019/08/23/2345/Nowcast_201908232345_000.nc'
Skipping 2019-08-24 23:00: [Errno 2] No such file or directory: '/gws/ssde/j25b/swift/nflics_nowcasts/2019/08/24/2300/Nowcast_201908242300_000.nc'
Skipping 2019-08-24 23:15: [Errno 2] No such file or directory: '/gws/ssde/j25b/swift/nflics_nowcasts/2019/08/24/2315/Nowcast_201908242315_000.nc'
Skipping 2019-08-24 23:30: [Errno 2] No such file or directory: '/gws/ssde/j25b/swift/nflics_nowcasts/2019/08/24/2330/Nowcast_201908242330_000.nc'
Skipping 2019-08-24 23:45: [Errno 2] No such file or directory: '/gws/ssde/j25b/swift/nflics_nowcasts/2019/08/24/2345/Nowcast_201908242345_000.nc'
Skipping 2019-08-26 23:30: [Errno 2] No such file or directory: '/gws/ssde/j25b/swift/nflics_nowcasts/2019/08/26/2330/Nowcast_201908262330_000.nc'
Skipping 2019-08-27 23:00: [Errno 2] No such file or directory: '/gws/ssde/j25b/swift/nflics_nowcasts/2019/08/27/2300/Nowcast_201908272300_000.nc'
Skipping 2019-08-27 23:15: [Errno 2] No such file or directory: '/gws/ssde/j25b/swift/nflics_nowcasts/2019/08/27/2315/Nowcast_201908272315_000.nc'
Skipping 2019-08-27 23:30: [Errno 2] No such file or directory: '/gws/ssde/j25b/swift/nflics_nowcasts/2019/08/27/2330/Nowcast_201908272330_000.nc'
Skipping 2019-08-27 23:45: [Errno 2] No such file or directory: '/gws/ssde/j25b/swift/nflics_nowcasts/2019/08/27/2345/Nowcast_201908272345_000.nc'
Skipping 2019-08-28 23:00: [Errno 2] No such file or directory: '/gws/ssde/j25b/swift/nflics_nowcasts/2019/08/28/2300/Nowcast_201908282300_000.nc'
Skipping 2019-08-28 23:15: [Errno 2] No such file or directory: '/gws/ssde/j25b/swift/nflics_nowcasts/2019/08/28/2315/Nowcast_201908282315_000.nc'
Skipping 2019-08-28 23:30: [Errno 2] No such file or directory: '/gws/ssde/j25b/swift/nflics_nowcasts/2019/08/28/2330/Nowcast_201908282330_000.nc'
Skipping 2019-08-28 23:45: [Errno 2] No such file or directory: '/gws/ssde/j25b/swift/nflics_nowcasts/2019/08/28/2345/Nowcast_201908282345_000.nc'
Skipping 2019-08-29 23:00: [Errno 2] No such file or directory: '/gws/ssde/j25b/swift/nflics_nowcasts/2019/08/29/2300/Nowcast_201908292300_000.nc'
Skipping 2019-08-29 23:15: [Errno 2] No such file or directory: '/gws/ssde/j25b/swift/nflics_nowcasts/2019/08/29/2315/Nowcast_201908292315_000.nc'
Skipping 2019-08-29 23:30: [Errno 2] No such file or directory: '/gws/ssde/j25b/swift/nflics_nowcasts/2019/08/29/2330/Nowcast_201908292330_000.nc'
Skipping 2019-08-30 23:00: [Errno 2] No such file or directory: '/gws/ssde/j25b/swift/nflics_nowcasts/2019/08/30/2300/Nowcast_201908302300_000.nc'
Skipping 2019-08-30 23:15: [Errno 2] No such file or directory: '/gws/ssde/j25b/swift/nflics_nowcasts/2019/08/30/2315/Nowcast_201908302315_000.nc'
Skipping 2019-08-30 23:30: [Errno 2] No such file or directory: '/gws/ssde/j25b/swift/nflics_nowcasts/2019/08/30/2330/Nowcast_201908302330_000.nc'
Skipping 2019-08-30 23:45: [Errno 2] No such file or directory: '/gws/ssde/j25b/swift/nflics_nowcasts/2019/08/30/2345/Nowcast_201908302345_000.nc'
Skipping 2019-08-31 23:00: [Errno 2] No such file or directory: '/gws/ssde/j25b/swift/nflics_nowcasts/2019/08/31/2300/Nowcast_201908312300_000.nc'
Skipping 2019-08-31 23:15: [Errno 2] No such file or directory: '/gws/ssde/j25b/swift/nflics_nowcasts/2019/08/31/2315/Nowcast_201908312315_000.nc'
Skipping 2019-08-31 23:30: [Errno 2] No such file or directory: '/gws/ssde/j25b/swift/nflics_nowcasts/2019/08/31/2330/Nowcast_201908312330_000.nc'
All ensemble nowcasts completed on CPU.
======================================================
 Job completed successfully at Sat 29 Nov 12:12:45 GMT 2025
======================================================
