======================================================
 Job started on host1086.jc.rl.ac.uk at Sat 29 Nov 12:12:58 GMT 2025
======================================================
Running ensemble nowcast inference:
 Lead time : 3
 Year      : 2019
 Month     : 09
 Hour      : 23
======================================================
Running on CPU with 8 threads
Loaded 5 ensemble models on CPU
Detected 95 inputs for 2019-09 23 UTC
Skipping 2019-09-01 23:00: [Errno 2] No such file or directory: '/gws/ssde/j25b/swift/nflics_nowcasts/2019/09/01/2300/Nowcast_201909012300_000.nc'
Skipping 2019-09-01 23:15: [Errno 2] No such file or directory: '/gws/ssde/j25b/swift/nflics_nowcasts/2019/09/01/2315/Nowcast_201909012315_000.nc'
Skipping 2019-09-01 23:30: [Errno 2] No such file or directory: '/gws/ssde/j25b/swift/nflics_nowcasts/2019/09/01/2330/Nowcast_201909012330_000.nc'
Skipping 2019-09-01 23:45: [Errno 2] No such file or directory: '/gws/ssde/j25b/swift/nflics_nowcasts/2019/09/01/2345/Nowcast_201909012345_000.nc'
Skipping 2019-09-02 23:00: [Errno 2] No such file or directory: '/gws/ssde/j25b/swift/nflics_nowcasts/2019/09/02/2300/Nowcast_201909022300_000.nc'
Skipping 2019-09-02 23:15: [Errno 2] No such file or directory: '/gws/ssde/j25b/swift/nflics_nowcasts/2019/09/02/2315/Nowcast_201909022315_000.nc'
Skipping 2019-09-02 23:30: [Errno 2] No such file or directory: '/gws/ssde/j25b/swift/nflics_nowcasts/2019/09/02/2330/Nowcast_201909022330_000.nc'
Skipping 2019-09-02 23:45: [Errno 2] No such file or directory: '/gws/ssde/j25b/swift/nflics_nowcasts/2019/09/02/2345/Nowcast_201909022345_000.nc'
Skipping 2019-09-03 23:00: [Errno 2] No such file or directory: '/gws/ssde/j25b/swift/nflics_nowcasts/2019/09/03/2300/Nowcast_201909032300_000.nc'
Skipping 2019-09-03 23:15: [Errno 2] No such file or directory: '/gws/ssde/j25b/swift/nflics_nowcasts/2019/09/03/2315/Nowcast_201909032315_000.nc'
Skipping 2019-09-03 23:30: [Errno 2] No such file or directory: '/gws/ssde/j25b/swift/nflics_nowcasts/2019/09/03/2330/Nowcast_201909032330_000.nc'
Skipping 2019-09-03 23:45: [Errno 2] No such file or directory: '/gws/ssde/j25b/swift/nflics_nowcasts/2019/09/03/2345/Nowcast_201909032345_000.nc'
Skipping 2019-09-04 23:00: [Errno 2] No such file or directory: '/gws/ssde/j25b/swift/nflics_nowcasts/2019/09/04/2300/Nowcast_201909042300_000.nc'
Skipping 2019-09-05 23:00: [Errno 2] No such file or directory: '/gws/ssde/j25b/swift/nflics_nowcasts/2019/09/05/2300/Nowcast_201909052300_000.nc'
Skipping 2019-09-05 23:15: [Errno 2] No such file or directory: '/gws/ssde/j25b/swift/nflics_nowcasts/2019/09/05/2315/Nowcast_201909052315_000.nc'
Skipping 2019-09-05 23:30: [Errno 2] No such file or directory: '/gws/ssde/j25b/swift/nflics_nowcasts/2019/09/05/2330/Nowcast_201909052330_000.nc'
Skipping 2019-09-05 23:45: [Errno 2] No such file or directory: '/gws/ssde/j25b/swift/nflics_nowcasts/2019/09/05/2345/Nowcast_201909052345_000.nc'
Skipping 2019-09-06 23:00: [Errno 2] No such file or directory: '/gws/ssde/j25b/swift/nflics_nowcasts/2019/09/06/2300/Nowcast_201909062300_000.nc'
Skipping 2019-09-06 23:15: [Errno 2] No such file or directory: '/gws/ssde/j25b/swift/nflics_nowcasts/2019/09/06/2315/Nowcast_201909062315_000.nc'
Skipping 2019-09-06 23:30: [Errno 2] No such file or directory: '/gws/ssde/j25b/swift/nflics_nowcasts/2019/09/06/2330/Nowcast_201909062330_000.nc'
Skipping 2019-09-06 23:45: [Errno 2] No such file or directory: '/gws/ssde/j25b/swift/nflics_nowcasts/2019/09/06/2345/Nowcast_201909062345_000.nc'
Skipping 2019-09-08 23:00: [Errno 2] No such file or directory: '/gws/ssde/j25b/swift/nflics_nowcasts/2019/09/08/2300/Nowcast_201909082300_000.nc'
Skipping 2019-09-08 23:15: [Errno 2] No such file or directory: '/gws/ssde/j25b/swift/nflics_nowcasts/2019/09/08/2315/Nowcast_201909082315_000.nc'
Skipping 2019-09-08 23:30: [Errno 2] No such file or directory: '/gws/ssde/j25b/swift/nflics_nowcasts/2019/09/08/2330/Nowcast_201909082330_000.nc'
Skipping 2019-09-08 23:45: [Errno 2] No such file or directory: '/gws/ssde/j25b/swift/nflics_nowcasts/2019/09/08/2345/Nowcast_201909082345_000.nc'
Skipping 2019-09-09 23:00: [Errno 2] No such file or directory: '/gws/ssde/j25b/swift/nflics_nowcasts/2019/09/09/2300/Nowcast_201909092300_000.nc'
Skipping 2019-09-09 23:15: [Errno 2] No such file or directory: '/gws/ssde/j25b/swift/nflics_nowcasts/2019/09/09/2315/Nowcast_201909092315_000.nc'
Skipping 2019-09-09 23:30: [Errno 2] No such file or directory: '/gws/ssde/j25b/swift/nflics_nowcasts/2019/09/09/2330/Nowcast_201909092330_000.nc'
Skipping 2019-09-09 23:45: [Errno 2] No such file or directory: '/gws/ssde/j25b/swift/nflics_nowcasts/2019/09/09/2345/Nowcast_201909092345_000.nc'
Skipping 2019-09-11 23:00: [Errno 2] No such file or directory: '/gws/ssde/j25b/swift/nflics_nowcasts/2019/09/11/2300/Nowcast_201909112300_000.nc'
Skipping 2019-09-11 23:15: [Errno 2] No such file or directory: '/gws/ssde/j25b/swift/nflics_nowcasts/2019/09/11/2315/Nowcast_201909112315_000.nc'
Skipping 2019-09-11 23:30: [Errno 2] No such file or directory: '/gws/ssde/j25b/swift/nflics_nowcasts/2019/09/11/2330/Nowcast_201909112330_000.nc'
Skipping 2019-09-11 23:45: [Errno 2] No such file or directory: '/gws/ssde/j25b/swift/nflics_nowcasts/2019/09/11/2345/Nowcast_201909112345_000.nc'
Skipping 2019-09-13 23:00: [Errno 2] No such file or directory: '/gws/ssde/j25b/swift/nflics_nowcasts/2019/09/13/2300/Nowcast_201909132300_000.nc'
Skipping 2019-09-13 23:15: [Errno 2] No such file or directory: '/gws/ssde/j25b/swift/nflics_nowcasts/2019/09/13/2315/Nowcast_201909132315_000.nc'
Skipping 2019-09-13 23:30: [Errno 2] No such file or directory: '/gws/ssde/j25b/swift/nflics_nowcasts/2019/09/13/2330/Nowcast_201909132330_000.nc'
Skipping 2019-09-13 23:45: [Errno 2] No such file or directory: '/gws/ssde/j25b/swift/nflics_nowcasts/2019/09/13/2345/Nowcast_201909132345_000.nc'
Skipping 2019-09-14 23:00: [Errno 2] No such file or directory: '/gws/ssde/j25b/swift/nflics_nowcasts/2019/09/14/2300/Nowcast_201909142300_000.nc'
Skipping 2019-09-14 23:15: [Errno 2] No such file or directory: '/gws/ssde/j25b/swift/nflics_nowcasts/2019/09/14/2315/Nowcast_201909142315_000.nc'
Skipping 2019-09-14 23:30: [Errno 2] No such file or directory: '/gws/ssde/j25b/swift/nflics_nowcasts/2019/09/14/2330/Nowcast_201909142330_000.nc'
Skipping 2019-09-14 23:45: [Errno 2] No such file or directory: '/gws/ssde/j25b/swift/nflics_nowcasts/2019/09/14/2345/Nowcast_201909142345_000.nc'
Skipping 2019-09-15 23:00: [Errno 2] No such file or directory: '/gws/ssde/j25b/swift/nflics_nowcasts/2019/09/15/2300/Nowcast_201909152300_000.nc'
Skipping 2019-09-15 23:15: [Errno 2] No such file or directory: '/gws/ssde/j25b/swift/nflics_nowcasts/2019/09/15/2315/Nowcast_201909152315_000.nc'
Skipping 2019-09-15 23:30: [Errno 2] No such file or directory: '/gws/ssde/j25b/swift/nflics_nowcasts/2019/09/15/2330/Nowcast_201909152330_000.nc'
Skipping 2019-09-15 23:45: [Errno 2] No such file or directory: '/gws/ssde/j25b/swift/nflics_nowcasts/2019/09/15/2345/Nowcast_201909152345_000.nc'
Skipping 2019-09-16 23:00: [Errno 2] No such file or directory: '/gws/ssde/j25b/swift/nflics_nowcasts/2019/09/16/2300/Nowcast_201909162300_000.nc'
Skipping 2019-09-16 23:15: [Errno 2] No such file or directory: '/gws/ssde/j25b/swift/nflics_nowcasts/2019/09/16/2315/Nowcast_201909162315_000.nc'
Skipping 2019-09-16 23:30: [Errno 2] No such file or directory: '/gws/ssde/j25b/swift/nflics_nowcasts/2019/09/16/2330/Nowcast_201909162330_000.nc'
Skipping 2019-09-16 23:45: [Errno 2] No such file or directory: '/gws/ssde/j25b/swift/nflics_nowcasts/2019/09/16/2345/Nowcast_201909162345_000.nc'
Skipping 2019-09-18 23:00: [Errno 2] No such file or directory: '/gws/ssde/j25b/swift/nflics_nowcasts/2019/09/18/2300/Nowcast_201909182300_000.nc'
Skipping 2019-09-18 23:15: [Errno 2] No such file or directory: '/gws/ssde/j25b/swift/nflics_nowcasts/2019/09/18/2315/Nowcast_201909182315_000.nc'
Skipping 2019-09-18 23:30: [Errno 2] No such file or directory: '/gws/ssde/j25b/swift/nflics_nowcasts/2019/09/18/2330/Nowcast_201909182330_000.nc'
Skipping 2019-09-18 23:45: [Errno 2] No such file or directory: '/gws/ssde/j25b/swift/nflics_nowcasts/2019/09/18/2345/Nowcast_201909182345_000.nc'
Skipping 2019-09-19 23:00: [Errno 2] No such file or directory: '/gws/ssde/j25b/swift/nflics_nowcasts/2019/09/19/2300/Nowcast_201909192300_000.nc'
Skipping 2019-09-19 23:15: [Errno 2] No such file or directory: '/gws/ssde/j25b/swift/nflics_nowcasts/2019/09/19/2315/Nowcast_201909192315_000.nc'
Skipping 2019-09-19 23:30: [Errno 2] No such file or directory: '/gws/ssde/j25b/swift/nflics_nowcasts/2019/09/19/2330/Nowcast_201909192330_000.nc'
Skipping 2019-09-19 23:45: [Errno 2] No such file or directory: '/gws/ssde/j25b/swift/nflics_nowcasts/2019/09/19/2345/Nowcast_201909192345_000.nc'
Skipping 2019-09-20 23:00: [Errno 2] No such file or directory: '/gws/ssde/j25b/swift/nflics_nowcasts/2019/09/20/2300/Nowcast_201909202300_000.nc'
Skipping 2019-09-20 23:15: [Errno 2] No such file or directory: '/gws/ssde/j25b/swift/nflics_nowcasts/2019/09/20/2315/Nowcast_201909202315_000.nc'
Skipping 2019-09-20 23:30: [Errno 2] No such file or directory: '/gws/ssde/j25b/swift/nflics_nowcasts/2019/09/20/2330/Nowcast_201909202330_000.nc'
Skipping 2019-09-20 23:45: [Errno 2] No such file or directory: '/gws/ssde/j25b/swift/nflics_nowcasts/2019/09/20/2345/Nowcast_201909202345_000.nc'
Skipping 2019-09-21 23:00: [Errno 2] No such file or directory: '/gws/ssde/j25b/swift/nflics_nowcasts/2019/09/21/2300/Nowcast_201909212300_000.nc'
Skipping 2019-09-21 23:15: [Errno 2] No such file or directory: '/gws/ssde/j25b/swift/nflics_nowcasts/2019/09/21/2315/Nowcast_201909212315_000.nc'
Skipping 2019-09-21 23:30: [Errno 2] No such file or directory: '/gws/ssde/j25b/swift/nflics_nowcasts/2019/09/21/2330/Nowcast_201909212330_000.nc'
Skipping 2019-09-21 23:45: [Errno 2] No such file or directory: '/gws/ssde/j25b/swift/nflics_nowcasts/2019/09/21/2345/Nowcast_201909212345_000.nc'
Skipping 2019-09-22 23:00: [Errno 2] No such file or directory: '/gws/ssde/j25b/swift/nflics_nowcasts/2019/09/22/2300/Nowcast_201909222300_000.nc'
Skipping 2019-09-22 23:15: [Errno 2] No such file or directory: '/gws/ssde/j25b/swift/nflics_nowcasts/2019/09/22/2315/Nowcast_201909222315_000.nc'
Skipping 2019-09-22 23:30: [Errno 2] No such file or directory: '/gws/ssde/j25b/swift/nflics_nowcasts/2019/09/22/2330/Nowcast_201909222330_000.nc'
Skipping 2019-09-22 23:45: [Errno 2] No such file or directory: '/gws/ssde/j25b/swift/nflics_nowcasts/2019/09/22/2345/Nowcast_201909222345_000.nc'
Skipping 2019-09-23 23:00: [Errno 2] No such file or directory: '/gws/ssde/j25b/swift/nflics_nowcasts/2019/09/23/2300/Nowcast_201909232300_000.nc'
Skipping 2019-09-23 23:15: [Errno 2] No such file or directory: '/gws/ssde/j25b/swift/nflics_nowcasts/2019/09/23/2315/Nowcast_201909232315_000.nc'
Skipping 2019-09-23 23:30: [Errno 2] No such file or directory: '/gws/ssde/j25b/swift/nflics_nowcasts/2019/09/23/2330/Nowcast_201909232330_000.nc'
Skipping 2019-09-23 23:45: [Errno 2] No such file or directory: '/gws/ssde/j25b/swift/nflics_nowcasts/2019/09/23/2345/Nowcast_201909232345_000.nc'
Skipping 2019-09-24 23:00: [Errno 2] No such file or directory: '/gws/ssde/j25b/swift/nflics_nowcasts/2019/09/24/2300/Nowcast_201909242300_000.nc'
Skipping 2019-09-24 23:15: [Errno 2] No such file or directory: '/gws/ssde/j25b/swift/nflics_nowcasts/2019/09/24/2315/Nowcast_201909242315_000.nc'
Skipping 2019-09-24 23:30: [Errno 2] No such file or directory: '/gws/ssde/j25b/swift/nflics_nowcasts/2019/09/24/2330/Nowcast_201909242330_000.nc'
Skipping 2019-09-24 23:45: [Errno 2] No such file or directory: '/gws/ssde/j25b/swift/nflics_nowcasts/2019/09/24/2345/Nowcast_201909242345_000.nc'
Skipping 2019-09-25 23:00: [Errno 2] No such file or directory: '/gws/ssde/j25b/swift/nflics_nowcasts/2019/09/25/2300/Nowcast_201909252300_000.nc'
Skipping 2019-09-25 23:15: [Errno 2] No such file or directory: '/gws/ssde/j25b/swift/nflics_nowcasts/2019/09/25/2315/Nowcast_201909252315_000.nc'
Skipping 2019-09-25 23:30: [Errno 2] No such file or directory: '/gws/ssde/j25b/swift/nflics_nowcasts/2019/09/25/2330/Nowcast_201909252330_000.nc'
Skipping 2019-09-25 23:45: [Errno 2] No such file or directory: '/gws/ssde/j25b/swift/nflics_nowcasts/2019/09/25/2345/Nowcast_201909252345_000.nc'
Skipping 2019-09-27 23:00: [Errno 2] No such file or directory: '/gws/ssde/j25b/swift/nflics_nowcasts/2019/09/27/2300/Nowcast_201909272300_000.nc'
Skipping 2019-09-27 23:15: [Errno 2] No such file or directory: '/gws/ssde/j25b/swift/nflics_nowcasts/2019/09/27/2315/Nowcast_201909272315_000.nc'
Skipping 2019-09-27 23:30: [Errno 2] No such file or directory: '/gws/ssde/j25b/swift/nflics_nowcasts/2019/09/27/2330/Nowcast_201909272330_000.nc'
Skipping 2019-09-27 23:45: [Errno 2] No such file or directory: '/gws/ssde/j25b/swift/nflics_nowcasts/2019/09/27/2345/Nowcast_201909272345_000.nc'
Skipping 2019-09-28 23:30: [Errno 2] No such file or directory: '/gws/ssde/j25b/swift/nflics_nowcasts/2019/09/28/2330/Nowcast_201909282330_000.nc'
Skipping 2019-09-28 23:45: [Errno 2] No such file or directory: '/gws/ssde/j25b/swift/nflics_nowcasts/2019/09/28/2345/Nowcast_201909282345_000.nc'
Skipping 2019-09-29 23:00: [Errno 2] No such file or directory: '/gws/ssde/j25b/swift/nflics_nowcasts/2019/09/29/2300/Nowcast_201909292300_000.nc'
Skipping 2019-09-29 23:15: [Errno 2] No such file or directory: '/gws/ssde/j25b/swift/nflics_nowcasts/2019/09/29/2315/Nowcast_201909292315_000.nc'
Skipping 2019-09-29 23:30: [Errno 2] No such file or directory: '/gws/ssde/j25b/swift/nflics_nowcasts/2019/09/29/2330/Nowcast_201909292330_000.nc'
Skipping 2019-09-29 23:45: [Errno 2] No such file or directory: '/gws/ssde/j25b/swift/nflics_nowcasts/2019/09/29/2345/Nowcast_201909292345_000.nc'
Skipping 2019-09-30 23:00: [Errno 2] No such file or directory: '/gws/ssde/j25b/swift/nflics_nowcasts/2019/09/30/2300/Nowcast_201909302300_000.nc'
Skipping 2019-09-30 23:15: [Errno 2] No such file or directory: '/gws/ssde/j25b/swift/nflics_nowcasts/2019/09/30/2315/Nowcast_201909302315_000.nc'
Skipping 2019-09-30 23:30: [Errno 2] No such file or directory: '/gws/ssde/j25b/swift/nflics_nowcasts/2019/09/30/2330/Nowcast_201909302330_000.nc'
Skipping 2019-09-30 23:45: [Errno 2] No such file or directory: '/gws/ssde/j25b/swift/nflics_nowcasts/2019/09/30/2345/Nowcast_201909302345_000.nc'
All ensemble nowcasts completed on CPU.
======================================================
 Job completed successfully at Sat 29 Nov 12:13:05 GMT 2025
======================================================
