======================================================
 Job started on host1081.jc.rl.ac.uk at Sat 29 Nov 12:12:57 GMT 2025
======================================================
Running ensemble nowcast inference:
 Lead time : 3
 Year      : 2019
 Month     : 09
 Hour      : 15
======================================================
Running on CPU with 8 threads
Loaded 5 ensemble models on CPU
Detected 115 inputs for 2019-09 15 UTC
Skipping 2019-09-01 15:00: [Errno 2] No such file or directory: '/gws/ssde/j25b/swift/nflics_nowcasts/2019/09/01/1500/Nowcast_201909011500_000.nc'
Skipping 2019-09-01 15:15: [Errno 2] No such file or directory: '/gws/ssde/j25b/swift/nflics_nowcasts/2019/09/01/1515/Nowcast_201909011515_000.nc'
Skipping 2019-09-01 15:30: [Errno 2] No such file or directory: '/gws/ssde/j25b/swift/nflics_nowcasts/2019/09/01/1530/Nowcast_201909011530_000.nc'
Skipping 2019-09-01 15:45: [Errno 2] No such file or directory: '/gws/ssde/j25b/swift/nflics_nowcasts/2019/09/01/1545/Nowcast_201909011545_000.nc'
Skipping 2019-09-02 15:00: [Errno 2] No such file or directory: '/gws/ssde/j25b/swift/nflics_nowcasts/2019/09/02/1500/Nowcast_201909021500_000.nc'
Skipping 2019-09-02 15:15: [Errno 2] No such file or directory: '/gws/ssde/j25b/swift/nflics_nowcasts/2019/09/02/1515/Nowcast_201909021515_000.nc'
Skipping 2019-09-02 15:30: [Errno 2] No such file or directory: '/gws/ssde/j25b/swift/nflics_nowcasts/2019/09/02/1530/Nowcast_201909021530_000.nc'
Skipping 2019-09-02 15:45: [Errno 2] No such file or directory: '/gws/ssde/j25b/swift/nflics_nowcasts/2019/09/02/1545/Nowcast_201909021545_000.nc'
Skipping 2019-09-03 15:00: [Errno 2] No such file or directory: '/gws/ssde/j25b/swift/nflics_nowcasts/2019/09/03/1500/Nowcast_201909031500_000.nc'
Skipping 2019-09-03 15:15: [Errno 2] No such file or directory: '/gws/ssde/j25b/swift/nflics_nowcasts/2019/09/03/1515/Nowcast_201909031515_000.nc'
Skipping 2019-09-03 15:30: [Errno 2] No such file or directory: '/gws/ssde/j25b/swift/nflics_nowcasts/2019/09/03/1530/Nowcast_201909031530_000.nc'
Skipping 2019-09-03 15:45: [Errno 2] No such file or directory: '/gws/ssde/j25b/swift/nflics_nowcasts/2019/09/03/1545/Nowcast_201909031545_000.nc'
Skipping 2019-09-04 15:00: [Errno 2] No such file or directory: '/gws/ssde/j25b/swift/nflics_nowcasts/2019/09/04/1500/Nowcast_201909041500_000.nc'
Skipping 2019-09-04 15:15: [Errno 2] No such file or directory: '/gws/ssde/j25b/swift/nflics_nowcasts/2019/09/04/1515/Nowcast_201909041515_000.nc'
Skipping 2019-09-04 15:30: [Errno 2] No such file or directory: '/gws/ssde/j25b/swift/nflics_nowcasts/2019/09/04/1530/Nowcast_201909041530_000.nc'
Skipping 2019-09-04 15:45: [Errno 2] No such file or directory: '/gws/ssde/j25b/swift/nflics_nowcasts/2019/09/04/1545/Nowcast_201909041545_000.nc'
Skipping 2019-09-05 15:00: [Errno 2] No such file or directory: '/gws/ssde/j25b/swift/nflics_nowcasts/2019/09/05/1500/Nowcast_201909051500_000.nc'
Skipping 2019-09-05 15:15: [Errno 2] No such file or directory: '/gws/ssde/j25b/swift/nflics_nowcasts/2019/09/05/1515/Nowcast_201909051515_000.nc'
Skipping 2019-09-05 15:30: [Errno 2] No such file or directory: '/gws/ssde/j25b/swift/nflics_nowcasts/2019/09/05/1530/Nowcast_201909051530_000.nc'
Skipping 2019-09-05 15:45: [Errno 2] No such file or directory: '/gws/ssde/j25b/swift/nflics_nowcasts/2019/09/05/1545/Nowcast_201909051545_000.nc'
Skipping 2019-09-06 15:00: [Errno 2] No such file or directory: '/gws/ssde/j25b/swift/nflics_nowcasts/2019/09/06/1500/Nowcast_201909061500_000.nc'
Skipping 2019-09-06 15:15: [Errno 2] No such file or directory: '/gws/ssde/j25b/swift/nflics_nowcasts/2019/09/06/1515/Nowcast_201909061515_000.nc'
Skipping 2019-09-06 15:30: [Errno 2] No such file or directory: '/gws/ssde/j25b/swift/nflics_nowcasts/2019/09/06/1530/Nowcast_201909061530_000.nc'
Skipping 2019-09-06 15:45: [Errno 2] No such file or directory: '/gws/ssde/j25b/swift/nflics_nowcasts/2019/09/06/1545/Nowcast_201909061545_000.nc'
Skipping 2019-09-07 15:00: [Errno 2] No such file or directory: '/gws/ssde/j25b/swift/nflics_nowcasts/2019/09/07/1500/Nowcast_201909071500_000.nc'
Skipping 2019-09-07 15:15: [Errno 2] No such file or directory: '/gws/ssde/j25b/swift/nflics_nowcasts/2019/09/07/1515/Nowcast_201909071515_000.nc'
Skipping 2019-09-07 15:30: [Errno 2] No such file or directory: '/gws/ssde/j25b/swift/nflics_nowcasts/2019/09/07/1530/Nowcast_201909071530_000.nc'
Skipping 2019-09-07 15:45: [Errno 2] No such file or directory: '/gws/ssde/j25b/swift/nflics_nowcasts/2019/09/07/1545/Nowcast_201909071545_000.nc'
Skipping 2019-09-08 15:00: [Errno 2] No such file or directory: '/gws/ssde/j25b/swift/nflics_nowcasts/2019/09/08/1500/Nowcast_201909081500_000.nc'
Skipping 2019-09-08 15:15: [Errno 2] No such file or directory: '/gws/ssde/j25b/swift/nflics_nowcasts/2019/09/08/1515/Nowcast_201909081515_000.nc'
Skipping 2019-09-08 15:30: [Errno 2] No such file or directory: '/gws/ssde/j25b/swift/nflics_nowcasts/2019/09/08/1530/Nowcast_201909081530_000.nc'
Skipping 2019-09-08 15:45: [Errno 2] No such file or directory: '/gws/ssde/j25b/swift/nflics_nowcasts/2019/09/08/1545/Nowcast_201909081545_000.nc'
Skipping 2019-09-09 15:00: [Errno 2] No such file or directory: '/gws/ssde/j25b/swift/nflics_nowcasts/2019/09/09/1500/Nowcast_201909091500_000.nc'
Skipping 2019-09-09 15:15: [Errno 2] No such file or directory: '/gws/ssde/j25b/swift/nflics_nowcasts/2019/09/09/1515/Nowcast_201909091515_000.nc'
Skipping 2019-09-09 15:30: [Errno 2] No such file or directory: '/gws/ssde/j25b/swift/nflics_nowcasts/2019/09/09/1530/Nowcast_201909091530_000.nc'
Skipping 2019-09-09 15:45: [Errno 2] No such file or directory: '/gws/ssde/j25b/swift/nflics_nowcasts/2019/09/09/1545/Nowcast_201909091545_000.nc'
Skipping 2019-09-10 15:00: [Errno 2] No such file or directory: '/gws/ssde/j25b/swift/nflics_nowcasts/2019/09/10/1500/Nowcast_201909101500_000.nc'
Skipping 2019-09-10 15:15: [Errno 2] No such file or directory: '/gws/ssde/j25b/swift/nflics_nowcasts/2019/09/10/1515/Nowcast_201909101515_000.nc'
Skipping 2019-09-10 15:30: [Errno 2] No such file or directory: '/gws/ssde/j25b/swift/nflics_nowcasts/2019/09/10/1530/Nowcast_201909101530_000.nc'
Skipping 2019-09-10 15:45: [Errno 2] No such file or directory: '/gws/ssde/j25b/swift/nflics_nowcasts/2019/09/10/1545/Nowcast_201909101545_000.nc'
Skipping 2019-09-11 15:00: [Errno 2] No such file or directory: '/gws/ssde/j25b/swift/nflics_nowcasts/2019/09/11/1500/Nowcast_201909111500_000.nc'
Skipping 2019-09-11 15:15: [Errno 2] No such file or directory: '/gws/ssde/j25b/swift/nflics_nowcasts/2019/09/11/1515/Nowcast_201909111515_000.nc'
Skipping 2019-09-11 15:30: [Errno 2] No such file or directory: '/gws/ssde/j25b/swift/nflics_nowcasts/2019/09/11/1530/Nowcast_201909111530_000.nc'
Skipping 2019-09-11 15:45: [Errno 2] No such file or directory: '/gws/ssde/j25b/swift/nflics_nowcasts/2019/09/11/1545/Nowcast_201909111545_000.nc'
Skipping 2019-09-12 15:00: [Errno 2] No such file or directory: '/gws/ssde/j25b/swift/nflics_nowcasts/2019/09/12/1500/Nowcast_201909121500_000.nc'
Skipping 2019-09-12 15:15: [Errno 2] No such file or directory: '/gws/ssde/j25b/swift/nflics_nowcasts/2019/09/12/1515/Nowcast_201909121515_000.nc'
Skipping 2019-09-12 15:30: [Errno 2] No such file or directory: '/gws/ssde/j25b/swift/nflics_nowcasts/2019/09/12/1530/Nowcast_201909121530_000.nc'
Skipping 2019-09-12 15:45: [Errno 2] No such file or directory: '/gws/ssde/j25b/swift/nflics_nowcasts/2019/09/12/1545/Nowcast_201909121545_000.nc'
Skipping 2019-09-13 15:00: [Errno 2] No such file or directory: '/gws/ssde/j25b/swift/nflics_nowcasts/2019/09/13/1500/Nowcast_201909131500_000.nc'
Skipping 2019-09-13 15:15: [Errno 2] No such file or directory: '/gws/ssde/j25b/swift/nflics_nowcasts/2019/09/13/1515/Nowcast_201909131515_000.nc'
Skipping 2019-09-13 15:30: [Errno 2] No such file or directory: '/gws/ssde/j25b/swift/nflics_nowcasts/2019/09/13/1530/Nowcast_201909131530_000.nc'
Skipping 2019-09-13 15:45: [Errno 2] No such file or directory: '/gws/ssde/j25b/swift/nflics_nowcasts/2019/09/13/1545/Nowcast_201909131545_000.nc'
Skipping 2019-09-14 15:45: [Errno 2] No such file or directory: '/gws/ssde/j25b/swift/nflics_nowcasts/2019/09/14/1545/Nowcast_201909141545_000.nc'
Skipping 2019-09-15 15:00: [Errno 2] No such file or directory: '/gws/ssde/j25b/swift/nflics_nowcasts/2019/09/15/1500/Nowcast_201909151500_000.nc'
Skipping 2019-09-15 15:15: [Errno 2] No such file or directory: '/gws/ssde/j25b/swift/nflics_nowcasts/2019/09/15/1515/Nowcast_201909151515_000.nc'
Skipping 2019-09-15 15:30: [Errno 2] No such file or directory: '/gws/ssde/j25b/swift/nflics_nowcasts/2019/09/15/1530/Nowcast_201909151530_000.nc'
Skipping 2019-09-15 15:45: [Errno 2] No such file or directory: '/gws/ssde/j25b/swift/nflics_nowcasts/2019/09/15/1545/Nowcast_201909151545_000.nc'
Skipping 2019-09-16 15:00: [Errno 2] No such file or directory: '/gws/ssde/j25b/swift/nflics_nowcasts/2019/09/16/1500/Nowcast_201909161500_000.nc'
Skipping 2019-09-16 15:15: [Errno 2] No such file or directory: '/gws/ssde/j25b/swift/nflics_nowcasts/2019/09/16/1515/Nowcast_201909161515_000.nc'
Skipping 2019-09-16 15:30: [Errno 2] No such file or directory: '/gws/ssde/j25b/swift/nflics_nowcasts/2019/09/16/1530/Nowcast_201909161530_000.nc'
Skipping 2019-09-16 15:45: [Errno 2] No such file or directory: '/gws/ssde/j25b/swift/nflics_nowcasts/2019/09/16/1545/Nowcast_201909161545_000.nc'
Skipping 2019-09-17 15:00: [Errno 2] No such file or directory: '/gws/ssde/j25b/swift/nflics_nowcasts/2019/09/17/1500/Nowcast_201909171500_000.nc'
Skipping 2019-09-17 15:15: [Errno 2] No such file or directory: '/gws/ssde/j25b/swift/nflics_nowcasts/2019/09/17/1515/Nowcast_201909171515_000.nc'
Skipping 2019-09-17 15:30: [Errno 2] No such file or directory: '/gws/ssde/j25b/swift/nflics_nowcasts/2019/09/17/1530/Nowcast_201909171530_000.nc'
Skipping 2019-09-17 15:45: [Errno 2] No such file or directory: '/gws/ssde/j25b/swift/nflics_nowcasts/2019/09/17/1545/Nowcast_201909171545_000.nc'
Skipping 2019-09-18 15:00: [Errno 2] No such file or directory: '/gws/ssde/j25b/swift/nflics_nowcasts/2019/09/18/1500/Nowcast_201909181500_000.nc'
Skipping 2019-09-18 15:15: [Errno 2] No such file or directory: '/gws/ssde/j25b/swift/nflics_nowcasts/2019/09/18/1515/Nowcast_201909181515_000.nc'
Skipping 2019-09-18 15:30: [Errno 2] No such file or directory: '/gws/ssde/j25b/swift/nflics_nowcasts/2019/09/18/1530/Nowcast_201909181530_000.nc'
Skipping 2019-09-18 15:45: [Errno 2] No such file or directory: '/gws/ssde/j25b/swift/nflics_nowcasts/2019/09/18/1545/Nowcast_201909181545_000.nc'
Skipping 2019-09-19 15:00: [Errno 2] No such file or directory: '/gws/ssde/j25b/swift/nflics_nowcasts/2019/09/19/1500/Nowcast_201909191500_000.nc'
Skipping 2019-09-19 15:15: [Errno 2] No such file or directory: '/gws/ssde/j25b/swift/nflics_nowcasts/2019/09/19/1515/Nowcast_201909191515_000.nc'
Skipping 2019-09-19 15:30: [Errno 2] No such file or directory: '/gws/ssde/j25b/swift/nflics_nowcasts/2019/09/19/1530/Nowcast_201909191530_000.nc'
Skipping 2019-09-19 15:45: [Errno 2] No such file or directory: '/gws/ssde/j25b/swift/nflics_nowcasts/2019/09/19/1545/Nowcast_201909191545_000.nc'
Skipping 2019-09-20 15:00: [Errno 2] No such file or directory: '/gws/ssde/j25b/swift/nflics_nowcasts/2019/09/20/1500/Nowcast_201909201500_000.nc'
Skipping 2019-09-20 15:15: [Errno 2] No such file or directory: '/gws/ssde/j25b/swift/nflics_nowcasts/2019/09/20/1515/Nowcast_201909201515_000.nc'
Skipping 2019-09-20 15:30: [Errno 2] No such file or directory: '/gws/ssde/j25b/swift/nflics_nowcasts/2019/09/20/1530/Nowcast_201909201530_000.nc'
Skipping 2019-09-20 15:45: [Errno 2] No such file or directory: '/gws/ssde/j25b/swift/nflics_nowcasts/2019/09/20/1545/Nowcast_201909201545_000.nc'
Skipping 2019-09-21 15:00: [Errno 2] No such file or directory: '/gws/ssde/j25b/swift/nflics_nowcasts/2019/09/21/1500/Nowcast_201909211500_000.nc'
Skipping 2019-09-21 15:15: [Errno 2] No such file or directory: '/gws/ssde/j25b/swift/nflics_nowcasts/2019/09/21/1515/Nowcast_201909211515_000.nc'
Skipping 2019-09-21 15:30: [Errno 2] No such file or directory: '/gws/ssde/j25b/swift/nflics_nowcasts/2019/09/21/1530/Nowcast_201909211530_000.nc'
Skipping 2019-09-21 15:45: [Errno 2] No such file or directory: '/gws/ssde/j25b/swift/nflics_nowcasts/2019/09/21/1545/Nowcast_201909211545_000.nc'
Skipping 2019-09-22 15:00: [Errno 2] No such file or directory: '/gws/ssde/j25b/swift/nflics_nowcasts/2019/09/22/1500/Nowcast_201909221500_000.nc'
Skipping 2019-09-22 15:15: [Errno 2] No such file or directory: '/gws/ssde/j25b/swift/nflics_nowcasts/2019/09/22/1515/Nowcast_201909221515_000.nc'
Skipping 2019-09-22 15:30: [Errno 2] No such file or directory: '/gws/ssde/j25b/swift/nflics_nowcasts/2019/09/22/1530/Nowcast_201909221530_000.nc'
Skipping 2019-09-22 15:45: [Errno 2] No such file or directory: '/gws/ssde/j25b/swift/nflics_nowcasts/2019/09/22/1545/Nowcast_201909221545_000.nc'
Skipping 2019-09-23 15:00: [Errno 2] No such file or directory: '/gws/ssde/j25b/swift/nflics_nowcasts/2019/09/23/1500/Nowcast_201909231500_000.nc'
Skipping 2019-09-23 15:15: [Errno 2] No such file or directory: '/gws/ssde/j25b/swift/nflics_nowcasts/2019/09/23/1515/Nowcast_201909231515_000.nc'
Skipping 2019-09-23 15:30: [Errno 2] No such file or directory: '/gws/ssde/j25b/swift/nflics_nowcasts/2019/09/23/1530/Nowcast_201909231530_000.nc'
Skipping 2019-09-23 15:45: [Errno 2] No such file or directory: '/gws/ssde/j25b/swift/nflics_nowcasts/2019/09/23/1545/Nowcast_201909231545_000.nc'
Skipping 2019-09-24 15:15: [Errno 2] No such file or directory: '/gws/ssde/j25b/swift/nflics_nowcasts/2019/09/24/1515/Nowcast_201909241515_000.nc'
Skipping 2019-09-24 15:30: [Errno 2] No such file or directory: '/gws/ssde/j25b/swift/nflics_nowcasts/2019/09/24/1530/Nowcast_201909241530_000.nc'
Skipping 2019-09-24 15:45: [Errno 2] No such file or directory: '/gws/ssde/j25b/swift/nflics_nowcasts/2019/09/24/1545/Nowcast_201909241545_000.nc'
Skipping 2019-09-25 15:00: [Errno 2] No such file or directory: '/gws/ssde/j25b/swift/nflics_nowcasts/2019/09/25/1500/Nowcast_201909251500_000.nc'
Skipping 2019-09-25 15:15: [Errno 2] No such file or directory: '/gws/ssde/j25b/swift/nflics_nowcasts/2019/09/25/1515/Nowcast_201909251515_000.nc'
Skipping 2019-09-25 15:30: [Errno 2] No such file or directory: '/gws/ssde/j25b/swift/nflics_nowcasts/2019/09/25/1530/Nowcast_201909251530_000.nc'
Skipping 2019-09-25 15:45: [Errno 2] No such file or directory: '/gws/ssde/j25b/swift/nflics_nowcasts/2019/09/25/1545/Nowcast_201909251545_000.nc'
Skipping 2019-09-26 15:00: [Errno 2] No such file or directory: '/gws/ssde/j25b/swift/nflics_nowcasts/2019/09/26/1500/Nowcast_201909261500_000.nc'
Skipping 2019-09-26 15:15: [Errno 2] No such file or directory: '/gws/ssde/j25b/swift/nflics_nowcasts/2019/09/26/1515/Nowcast_201909261515_000.nc'
Skipping 2019-09-26 15:30: [Errno 2] No such file or directory: '/gws/ssde/j25b/swift/nflics_nowcasts/2019/09/26/1530/Nowcast_201909261530_000.nc'
Skipping 2019-09-26 15:45: [Errno 2] No such file or directory: '/gws/ssde/j25b/swift/nflics_nowcasts/2019/09/26/1545/Nowcast_201909261545_000.nc'
Skipping 2019-09-27 15:00: [Errno 2] No such file or directory: '/gws/ssde/j25b/swift/nflics_nowcasts/2019/09/27/1500/Nowcast_201909271500_000.nc'
Skipping 2019-09-27 15:15: [Errno 2] No such file or directory: '/gws/ssde/j25b/swift/nflics_nowcasts/2019/09/27/1515/Nowcast_201909271515_000.nc'
Skipping 2019-09-27 15:30: [Errno 2] No such file or directory: '/gws/ssde/j25b/swift/nflics_nowcasts/2019/09/27/1530/Nowcast_201909271530_000.nc'
Skipping 2019-09-27 15:45: [Errno 2] No such file or directory: '/gws/ssde/j25b/swift/nflics_nowcasts/2019/09/27/1545/Nowcast_201909271545_000.nc'
Skipping 2019-09-28 15:00: [Errno 2] No such file or directory: '/gws/ssde/j25b/swift/nflics_nowcasts/2019/09/28/1500/Nowcast_201909281500_000.nc'
Skipping 2019-09-28 15:15: [Errno 2] No such file or directory: '/gws/ssde/j25b/swift/nflics_nowcasts/2019/09/28/1515/Nowcast_201909281515_000.nc'
Skipping 2019-09-28 15:30: [Errno 2] No such file or directory: '/gws/ssde/j25b/swift/nflics_nowcasts/2019/09/28/1530/Nowcast_201909281530_000.nc'
Skipping 2019-09-29 15:00: [Errno 2] No such file or directory: '/gws/ssde/j25b/swift/nflics_nowcasts/2019/09/29/1500/Nowcast_201909291500_000.nc'
Skipping 2019-09-29 15:15: [Errno 2] No such file or directory: '/gws/ssde/j25b/swift/nflics_nowcasts/2019/09/29/1515/Nowcast_201909291515_000.nc'
Skipping 2019-09-29 15:30: [Errno 2] No such file or directory: '/gws/ssde/j25b/swift/nflics_nowcasts/2019/09/29/1530/Nowcast_201909291530_000.nc'
Skipping 2019-09-29 15:45: [Errno 2] No such file or directory: '/gws/ssde/j25b/swift/nflics_nowcasts/2019/09/29/1545/Nowcast_201909291545_000.nc'
Skipping 2019-09-30 15:00: [Errno 2] No such file or directory: '/gws/ssde/j25b/swift/nflics_nowcasts/2019/09/30/1500/Nowcast_201909301500_000.nc'
Skipping 2019-09-30 15:15: [Errno 2] No such file or directory: '/gws/ssde/j25b/swift/nflics_nowcasts/2019/09/30/1515/Nowcast_201909301515_000.nc'
Skipping 2019-09-30 15:30: [Errno 2] No such file or directory: '/gws/ssde/j25b/swift/nflics_nowcasts/2019/09/30/1530/Nowcast_201909301530_000.nc'
Skipping 2019-09-30 15:45: [Errno 2] No such file or directory: '/gws/ssde/j25b/swift/nflics_nowcasts/2019/09/30/1545/Nowcast_201909301545_000.nc'
All ensemble nowcasts completed on CPU.
======================================================
 Job completed successfully at Sat 29 Nov 12:13:04 GMT 2025
======================================================
