======================================================
 Job started on host1081.jc.rl.ac.uk at Sat 29 Nov 12:12:38 GMT 2025
======================================================
Running ensemble nowcast inference:
 Lead time : 1
 Year      : 2019
 Month     : 09
 Hour      : 01
======================================================
Running on CPU with 8 threads
Loaded 5 ensemble models on CPU
Detected 79 inputs for 2019-09 01 UTC
Skipping 2019-09-01 01:00: [Errno 2] No such file or directory: '/gws/ssde/j25b/swift/nflics_nowcasts/2019/09/01/0100/Nowcast_201909010100_000.nc'
Skipping 2019-09-01 01:15: [Errno 2] No such file or directory: '/gws/ssde/j25b/swift/nflics_nowcasts/2019/09/01/0115/Nowcast_201909010115_000.nc'
Skipping 2019-09-01 01:30: [Errno 2] No such file or directory: '/gws/ssde/j25b/swift/nflics_nowcasts/2019/09/01/0130/Nowcast_201909010130_000.nc'
Skipping 2019-09-02 01:00: [Errno 2] No such file or directory: '/gws/ssde/j25b/swift/nflics_nowcasts/2019/09/02/0100/Nowcast_201909020100_000.nc'
Skipping 2019-09-02 01:15: [Errno 2] No such file or directory: '/gws/ssde/j25b/swift/nflics_nowcasts/2019/09/02/0115/Nowcast_201909020115_000.nc'
Skipping 2019-09-02 01:30: [Errno 2] No such file or directory: '/gws/ssde/j25b/swift/nflics_nowcasts/2019/09/02/0130/Nowcast_201909020130_000.nc'
Skipping 2019-09-02 01:45: [Errno 2] No such file or directory: '/gws/ssde/j25b/swift/nflics_nowcasts/2019/09/02/0145/Nowcast_201909020145_000.nc'
Skipping 2019-09-03 01:00: [Errno 2] No such file or directory: '/gws/ssde/j25b/swift/nflics_nowcasts/2019/09/03/0100/Nowcast_201909030100_000.nc'
Skipping 2019-09-03 01:15: [Errno 2] No such file or directory: '/gws/ssde/j25b/swift/nflics_nowcasts/2019/09/03/0115/Nowcast_201909030115_000.nc'
Skipping 2019-09-03 01:30: [Errno 2] No such file or directory: '/gws/ssde/j25b/swift/nflics_nowcasts/2019/09/03/0130/Nowcast_201909030130_000.nc'
Skipping 2019-09-03 01:45: [Errno 2] No such file or directory: '/gws/ssde/j25b/swift/nflics_nowcasts/2019/09/03/0145/Nowcast_201909030145_000.nc'
Skipping 2019-09-04 01:00: [Errno 2] No such file or directory: '/gws/ssde/j25b/swift/nflics_nowcasts/2019/09/04/0100/Nowcast_201909040100_000.nc'
Skipping 2019-09-04 01:15: [Errno 2] No such file or directory: '/gws/ssde/j25b/swift/nflics_nowcasts/2019/09/04/0115/Nowcast_201909040115_000.nc'
Skipping 2019-09-04 01:30: [Errno 2] No such file or directory: '/gws/ssde/j25b/swift/nflics_nowcasts/2019/09/04/0130/Nowcast_201909040130_000.nc'
Skipping 2019-09-04 01:45: [Errno 2] No such file or directory: '/gws/ssde/j25b/swift/nflics_nowcasts/2019/09/04/0145/Nowcast_201909040145_000.nc'
Skipping 2019-09-05 01:00: [Errno 2] No such file or directory: '/gws/ssde/j25b/swift/nflics_nowcasts/2019/09/05/0100/Nowcast_201909050100_000.nc'
Skipping 2019-09-07 01:00: [Errno 2] No such file or directory: '/gws/ssde/j25b/swift/nflics_nowcasts/2019/09/07/0100/Nowcast_201909070100_000.nc'
Skipping 2019-09-07 01:15: [Errno 2] No such file or directory: '/gws/ssde/j25b/swift/nflics_nowcasts/2019/09/07/0115/Nowcast_201909070115_000.nc'
Skipping 2019-09-07 01:30: [Errno 2] No such file or directory: '/gws/ssde/j25b/swift/nflics_nowcasts/2019/09/07/0130/Nowcast_201909070130_000.nc'
Skipping 2019-09-07 01:45: [Errno 2] No such file or directory: '/gws/ssde/j25b/swift/nflics_nowcasts/2019/09/07/0145/Nowcast_201909070145_000.nc'
Skipping 2019-09-09 01:00: [Errno 2] No such file or directory: '/gws/ssde/j25b/swift/nflics_nowcasts/2019/09/09/0100/Nowcast_201909090100_000.nc'
Skipping 2019-09-09 01:15: [Errno 2] No such file or directory: '/gws/ssde/j25b/swift/nflics_nowcasts/2019/09/09/0115/Nowcast_201909090115_000.nc'
Skipping 2019-09-09 01:30: [Errno 2] No such file or directory: '/gws/ssde/j25b/swift/nflics_nowcasts/2019/09/09/0130/Nowcast_201909090130_000.nc'
Skipping 2019-09-09 01:45: [Errno 2] No such file or directory: '/gws/ssde/j25b/swift/nflics_nowcasts/2019/09/09/0145/Nowcast_201909090145_000.nc'
Skipping 2019-09-10 01:00: [Errno 2] No such file or directory: '/gws/ssde/j25b/swift/nflics_nowcasts/2019/09/10/0100/Nowcast_201909100100_000.nc'
Skipping 2019-09-10 01:15: [Errno 2] No such file or directory: '/gws/ssde/j25b/swift/nflics_nowcasts/2019/09/10/0115/Nowcast_201909100115_000.nc'
Skipping 2019-09-10 01:30: [Errno 2] No such file or directory: '/gws/ssde/j25b/swift/nflics_nowcasts/2019/09/10/0130/Nowcast_201909100130_000.nc'
Skipping 2019-09-10 01:45: [Errno 2] No such file or directory: '/gws/ssde/j25b/swift/nflics_nowcasts/2019/09/10/0145/Nowcast_201909100145_000.nc'
Skipping 2019-09-12 01:00: [Errno 2] No such file or directory: '/gws/ssde/j25b/swift/nflics_nowcasts/2019/09/12/0100/Nowcast_201909120100_000.nc'
Skipping 2019-09-12 01:15: [Errno 2] No such file or directory: '/gws/ssde/j25b/swift/nflics_nowcasts/2019/09/12/0115/Nowcast_201909120115_000.nc'
Skipping 2019-09-12 01:30: [Errno 2] No such file or directory: '/gws/ssde/j25b/swift/nflics_nowcasts/2019/09/12/0130/Nowcast_201909120130_000.nc'
Skipping 2019-09-12 01:45: [Errno 2] No such file or directory: '/gws/ssde/j25b/swift/nflics_nowcasts/2019/09/12/0145/Nowcast_201909120145_000.nc'
Skipping 2019-09-14 01:00: [Errno 2] No such file or directory: '/gws/ssde/j25b/swift/nflics_nowcasts/2019/09/14/0100/Nowcast_201909140100_000.nc'
Skipping 2019-09-14 01:15: [Errno 2] No such file or directory: '/gws/ssde/j25b/swift/nflics_nowcasts/2019/09/14/0115/Nowcast_201909140115_000.nc'
Skipping 2019-09-14 01:30: [Errno 2] No such file or directory: '/gws/ssde/j25b/swift/nflics_nowcasts/2019/09/14/0130/Nowcast_201909140130_000.nc'
Skipping 2019-09-15 01:00: [Errno 2] No such file or directory: '/gws/ssde/j25b/swift/nflics_nowcasts/2019/09/15/0100/Nowcast_201909150100_000.nc'
Skipping 2019-09-16 01:00: [Errno 2] No such file or directory: '/gws/ssde/j25b/swift/nflics_nowcasts/2019/09/16/0100/Nowcast_201909160100_000.nc'
Skipping 2019-09-16 01:15: [Errno 2] No such file or directory: '/gws/ssde/j25b/swift/nflics_nowcasts/2019/09/16/0115/Nowcast_201909160115_000.nc'
Skipping 2019-09-16 01:30: [Errno 2] No such file or directory: '/gws/ssde/j25b/swift/nflics_nowcasts/2019/09/16/0130/Nowcast_201909160130_000.nc'
Skipping 2019-09-16 01:45: [Errno 2] No such file or directory: '/gws/ssde/j25b/swift/nflics_nowcasts/2019/09/16/0145/Nowcast_201909160145_000.nc'
Skipping 2019-09-17 01:00: [Errno 2] No such file or directory: '/gws/ssde/j25b/swift/nflics_nowcasts/2019/09/17/0100/Nowcast_201909170100_000.nc'
Skipping 2019-09-17 01:15: [Errno 2] No such file or directory: '/gws/ssde/j25b/swift/nflics_nowcasts/2019/09/17/0115/Nowcast_201909170115_000.nc'
Skipping 2019-09-17 01:30: [Errno 2] No such file or directory: '/gws/ssde/j25b/swift/nflics_nowcasts/2019/09/17/0130/Nowcast_201909170130_000.nc'
Skipping 2019-09-17 01:45: [Errno 2] No such file or directory: '/gws/ssde/j25b/swift/nflics_nowcasts/2019/09/17/0145/Nowcast_201909170145_000.nc'
Skipping 2019-09-19 01:00: [Errno 2] No such file or directory: '/gws/ssde/j25b/swift/nflics_nowcasts/2019/09/19/0100/Nowcast_201909190100_000.nc'
Skipping 2019-09-19 01:15: [Errno 2] No such file or directory: '/gws/ssde/j25b/swift/nflics_nowcasts/2019/09/19/0115/Nowcast_201909190115_000.nc'
Skipping 2019-09-19 01:30: [Errno 2] No such file or directory: '/gws/ssde/j25b/swift/nflics_nowcasts/2019/09/19/0130/Nowcast_201909190130_000.nc'
Skipping 2019-09-20 01:00: [Errno 2] No such file or directory: '/gws/ssde/j25b/swift/nflics_nowcasts/2019/09/20/0100/Nowcast_201909200100_000.nc'
Skipping 2019-09-20 01:15: [Errno 2] No such file or directory: '/gws/ssde/j25b/swift/nflics_nowcasts/2019/09/20/0115/Nowcast_201909200115_000.nc'
Skipping 2019-09-20 01:30: [Errno 2] No such file or directory: '/gws/ssde/j25b/swift/nflics_nowcasts/2019/09/20/0130/Nowcast_201909200130_000.nc'
Skipping 2019-09-20 01:45: [Errno 2] No such file or directory: '/gws/ssde/j25b/swift/nflics_nowcasts/2019/09/20/0145/Nowcast_201909200145_000.nc'
Skipping 2019-09-21 01:00: [Errno 2] No such file or directory: '/gws/ssde/j25b/swift/nflics_nowcasts/2019/09/21/0100/Nowcast_201909210100_000.nc'
Skipping 2019-09-21 01:15: [Errno 2] No such file or directory: '/gws/ssde/j25b/swift/nflics_nowcasts/2019/09/21/0115/Nowcast_201909210115_000.nc'
Skipping 2019-09-21 01:30: [Errno 2] No such file or directory: '/gws/ssde/j25b/swift/nflics_nowcasts/2019/09/21/0130/Nowcast_201909210130_000.nc'
Skipping 2019-09-21 01:45: [Errno 2] No such file or directory: '/gws/ssde/j25b/swift/nflics_nowcasts/2019/09/21/0145/Nowcast_201909210145_000.nc'
Skipping 2019-09-22 01:00: [Errno 2] No such file or directory: '/gws/ssde/j25b/swift/nflics_nowcasts/2019/09/22/0100/Nowcast_201909220100_000.nc'
Skipping 2019-09-22 01:15: [Errno 2] No such file or directory: '/gws/ssde/j25b/swift/nflics_nowcasts/2019/09/22/0115/Nowcast_201909220115_000.nc'
Skipping 2019-09-22 01:30: [Errno 2] No such file or directory: '/gws/ssde/j25b/swift/nflics_nowcasts/2019/09/22/0130/Nowcast_201909220130_000.nc'
Skipping 2019-09-22 01:45: [Errno 2] No such file or directory: '/gws/ssde/j25b/swift/nflics_nowcasts/2019/09/22/0145/Nowcast_201909220145_000.nc'
Skipping 2019-09-23 01:00: [Errno 2] No such file or directory: '/gws/ssde/j25b/swift/nflics_nowcasts/2019/09/23/0100/Nowcast_201909230100_000.nc'
Skipping 2019-09-23 01:15: [Errno 2] No such file or directory: '/gws/ssde/j25b/swift/nflics_nowcasts/2019/09/23/0115/Nowcast_201909230115_000.nc'
Skipping 2019-09-23 01:30: [Errno 2] No such file or directory: '/gws/ssde/j25b/swift/nflics_nowcasts/2019/09/23/0130/Nowcast_201909230130_000.nc'
Skipping 2019-09-23 01:45: [Errno 2] No such file or directory: '/gws/ssde/j25b/swift/nflics_nowcasts/2019/09/23/0145/Nowcast_201909230145_000.nc'
Skipping 2019-09-24 01:00: [Errno 2] No such file or directory: '/gws/ssde/j25b/swift/nflics_nowcasts/2019/09/24/0100/Nowcast_201909240100_000.nc'
Skipping 2019-09-24 01:15: [Errno 2] No such file or directory: '/gws/ssde/j25b/swift/nflics_nowcasts/2019/09/24/0115/Nowcast_201909240115_000.nc'
Skipping 2019-09-24 01:30: [Errno 2] No such file or directory: '/gws/ssde/j25b/swift/nflics_nowcasts/2019/09/24/0130/Nowcast_201909240130_000.nc'
Skipping 2019-09-24 01:45: [Errno 2] No such file or directory: '/gws/ssde/j25b/swift/nflics_nowcasts/2019/09/24/0145/Nowcast_201909240145_000.nc'
Skipping 2019-09-25 01:00: [Errno 2] No such file or directory: '/gws/ssde/j25b/swift/nflics_nowcasts/2019/09/25/0100/Nowcast_201909250100_000.nc'
Skipping 2019-09-25 01:15: [Errno 2] No such file or directory: '/gws/ssde/j25b/swift/nflics_nowcasts/2019/09/25/0115/Nowcast_201909250115_000.nc'
Skipping 2019-09-25 01:30: [Errno 2] No such file or directory: '/gws/ssde/j25b/swift/nflics_nowcasts/2019/09/25/0130/Nowcast_201909250130_000.nc'
Skipping 2019-09-25 01:45: [Errno 2] No such file or directory: '/gws/ssde/j25b/swift/nflics_nowcasts/2019/09/25/0145/Nowcast_201909250145_000.nc'
Skipping 2019-09-26 01:00: [Errno 2] No such file or directory: '/gws/ssde/j25b/swift/nflics_nowcasts/2019/09/26/0100/Nowcast_201909260100_000.nc'
Skipping 2019-09-26 01:15: [Errno 2] No such file or directory: '/gws/ssde/j25b/swift/nflics_nowcasts/2019/09/26/0115/Nowcast_201909260115_000.nc'
Skipping 2019-09-26 01:30: [Errno 2] No such file or directory: '/gws/ssde/j25b/swift/nflics_nowcasts/2019/09/26/0130/Nowcast_201909260130_000.nc'
Skipping 2019-09-26 01:45: [Errno 2] No such file or directory: '/gws/ssde/j25b/swift/nflics_nowcasts/2019/09/26/0145/Nowcast_201909260145_000.nc'
Skipping 2019-09-28 01:00: [Errno 2] No such file or directory: '/gws/ssde/j25b/swift/nflics_nowcasts/2019/09/28/0100/Nowcast_201909280100_000.nc'
Skipping 2019-09-28 01:15: [Errno 2] No such file or directory: '/gws/ssde/j25b/swift/nflics_nowcasts/2019/09/28/0115/Nowcast_201909280115_000.nc'
Skipping 2019-09-28 01:30: [Errno 2] No such file or directory: '/gws/ssde/j25b/swift/nflics_nowcasts/2019/09/28/0130/Nowcast_201909280130_000.nc'
Skipping 2019-09-28 01:45: [Errno 2] No such file or directory: '/gws/ssde/j25b/swift/nflics_nowcasts/2019/09/28/0145/Nowcast_201909280145_000.nc'
All ensemble nowcasts completed on CPU.
======================================================
 Job completed successfully at Sat 29 Nov 12:12:45 GMT 2025
======================================================
