======================================================
 Job started on host1085.jc.rl.ac.uk at Sat 29 Nov 12:11:36 GMT 2025
======================================================
Running ensemble nowcast inference:
 Lead time : 6
 Year      : 2019
 Month     : 07
 Hour      : 16
======================================================
Running on CPU with 8 threads
Loaded 5 ensemble models on CPU
Detected 120 inputs for 2019-07 16 UTC
Skipping 2019-07-01 16:00: [Errno 2] No such file or directory: '/gws/ssde/j25b/swift/nflics_nowcasts/2019/07/01/1600/Nowcast_201907011600_000.nc'
Skipping 2019-07-01 16:15: [Errno 2] No such file or directory: '/gws/ssde/j25b/swift/nflics_nowcasts/2019/07/01/1615/Nowcast_201907011615_000.nc'
Skipping 2019-07-01 16:30: [Errno 2] No such file or directory: '/gws/ssde/j25b/swift/nflics_nowcasts/2019/07/01/1630/Nowcast_201907011630_000.nc'
Skipping 2019-07-01 16:45: [Errno 2] No such file or directory: '/gws/ssde/j25b/swift/nflics_nowcasts/2019/07/01/1645/Nowcast_201907011645_000.nc'
Skipping 2019-07-02 16:00: [Errno 2] No such file or directory: '/gws/ssde/j25b/swift/nflics_nowcasts/2019/07/02/1600/Nowcast_201907021600_000.nc'
Skipping 2019-07-02 16:15: [Errno 2] No such file or directory: '/gws/ssde/j25b/swift/nflics_nowcasts/2019/07/02/1615/Nowcast_201907021615_000.nc'
Skipping 2019-07-02 16:30: [Errno 2] No such file or directory: '/gws/ssde/j25b/swift/nflics_nowcasts/2019/07/02/1630/Nowcast_201907021630_000.nc'
Skipping 2019-07-02 16:45: [Errno 2] No such file or directory: '/gws/ssde/j25b/swift/nflics_nowcasts/2019/07/02/1645/Nowcast_201907021645_000.nc'
Skipping 2019-07-03 16:00: [Errno 2] No such file or directory: '/gws/ssde/j25b/swift/nflics_nowcasts/2019/07/03/1600/Nowcast_201907031600_000.nc'
Skipping 2019-07-03 16:15: [Errno 2] No such file or directory: '/gws/ssde/j25b/swift/nflics_nowcasts/2019/07/03/1615/Nowcast_201907031615_000.nc'
Skipping 2019-07-03 16:30: [Errno 2] No such file or directory: '/gws/ssde/j25b/swift/nflics_nowcasts/2019/07/03/1630/Nowcast_201907031630_000.nc'
Skipping 2019-07-03 16:45: [Errno 2] No such file or directory: '/gws/ssde/j25b/swift/nflics_nowcasts/2019/07/03/1645/Nowcast_201907031645_000.nc'
Skipping 2019-07-04 16:00: [Errno 2] No such file or directory: '/gws/ssde/j25b/swift/nflics_nowcasts/2019/07/04/1600/Nowcast_201907041600_000.nc'
Skipping 2019-07-04 16:15: [Errno 2] No such file or directory: '/gws/ssde/j25b/swift/nflics_nowcasts/2019/07/04/1615/Nowcast_201907041615_000.nc'
Skipping 2019-07-04 16:30: [Errno 2] No such file or directory: '/gws/ssde/j25b/swift/nflics_nowcasts/2019/07/04/1630/Nowcast_201907041630_000.nc'
Skipping 2019-07-04 16:45: [Errno 2] No such file or directory: '/gws/ssde/j25b/swift/nflics_nowcasts/2019/07/04/1645/Nowcast_201907041645_000.nc'
Skipping 2019-07-05 16:00: [Errno 2] No such file or directory: '/gws/ssde/j25b/swift/nflics_nowcasts/2019/07/05/1600/Nowcast_201907051600_000.nc'
Skipping 2019-07-05 16:15: [Errno 2] No such file or directory: '/gws/ssde/j25b/swift/nflics_nowcasts/2019/07/05/1615/Nowcast_201907051615_000.nc'
Skipping 2019-07-05 16:30: [Errno 2] No such file or directory: '/gws/ssde/j25b/swift/nflics_nowcasts/2019/07/05/1630/Nowcast_201907051630_000.nc'
Skipping 2019-07-05 16:45: [Errno 2] No such file or directory: '/gws/ssde/j25b/swift/nflics_nowcasts/2019/07/05/1645/Nowcast_201907051645_000.nc'
Skipping 2019-07-06 16:00: [Errno 2] No such file or directory: '/gws/ssde/j25b/swift/nflics_nowcasts/2019/07/06/1600/Nowcast_201907061600_000.nc'
Skipping 2019-07-06 16:15: [Errno 2] No such file or directory: '/gws/ssde/j25b/swift/nflics_nowcasts/2019/07/06/1615/Nowcast_201907061615_000.nc'
Skipping 2019-07-06 16:30: [Errno 2] No such file or directory: '/gws/ssde/j25b/swift/nflics_nowcasts/2019/07/06/1630/Nowcast_201907061630_000.nc'
Skipping 2019-07-06 16:45: [Errno 2] No such file or directory: '/gws/ssde/j25b/swift/nflics_nowcasts/2019/07/06/1645/Nowcast_201907061645_000.nc'
Skipping 2019-07-07 16:00: [Errno 2] No such file or directory: '/gws/ssde/j25b/swift/nflics_nowcasts/2019/07/07/1600/Nowcast_201907071600_000.nc'
Skipping 2019-07-07 16:15: [Errno 2] No such file or directory: '/gws/ssde/j25b/swift/nflics_nowcasts/2019/07/07/1615/Nowcast_201907071615_000.nc'
Skipping 2019-07-07 16:30: [Errno 2] No such file or directory: '/gws/ssde/j25b/swift/nflics_nowcasts/2019/07/07/1630/Nowcast_201907071630_000.nc'
Skipping 2019-07-07 16:45: [Errno 2] No such file or directory: '/gws/ssde/j25b/swift/nflics_nowcasts/2019/07/07/1645/Nowcast_201907071645_000.nc'
Skipping 2019-07-08 16:00: [Errno 2] No such file or directory: '/gws/ssde/j25b/swift/nflics_nowcasts/2019/07/08/1600/Nowcast_201907081600_000.nc'
Skipping 2019-07-08 16:15: [Errno 2] No such file or directory: '/gws/ssde/j25b/swift/nflics_nowcasts/2019/07/08/1615/Nowcast_201907081615_000.nc'
Skipping 2019-07-08 16:30: [Errno 2] No such file or directory: '/gws/ssde/j25b/swift/nflics_nowcasts/2019/07/08/1630/Nowcast_201907081630_000.nc'
Skipping 2019-07-08 16:45: [Errno 2] No such file or directory: '/gws/ssde/j25b/swift/nflics_nowcasts/2019/07/08/1645/Nowcast_201907081645_000.nc'
Skipping 2019-07-09 16:00: [Errno 2] No such file or directory: '/gws/ssde/j25b/swift/nflics_nowcasts/2019/07/09/1600/Nowcast_201907091600_000.nc'
Skipping 2019-07-09 16:15: [Errno 2] No such file or directory: '/gws/ssde/j25b/swift/nflics_nowcasts/2019/07/09/1615/Nowcast_201907091615_000.nc'
Skipping 2019-07-09 16:30: [Errno 2] No such file or directory: '/gws/ssde/j25b/swift/nflics_nowcasts/2019/07/09/1630/Nowcast_201907091630_000.nc'
Skipping 2019-07-09 16:45: [Errno 2] No such file or directory: '/gws/ssde/j25b/swift/nflics_nowcasts/2019/07/09/1645/Nowcast_201907091645_000.nc'
Skipping 2019-07-11 16:00: [Errno 2] No such file or directory: '/gws/ssde/j25b/swift/nflics_nowcasts/2019/07/11/1600/Nowcast_201907111600_000.nc'
Skipping 2019-07-11 16:15: [Errno 2] No such file or directory: '/gws/ssde/j25b/swift/nflics_nowcasts/2019/07/11/1615/Nowcast_201907111615_000.nc'
Skipping 2019-07-11 16:30: [Errno 2] No such file or directory: '/gws/ssde/j25b/swift/nflics_nowcasts/2019/07/11/1630/Nowcast_201907111630_000.nc'
Skipping 2019-07-11 16:45: [Errno 2] No such file or directory: '/gws/ssde/j25b/swift/nflics_nowcasts/2019/07/11/1645/Nowcast_201907111645_000.nc'
Skipping 2019-07-12 16:00: [Errno 2] No such file or directory: '/gws/ssde/j25b/swift/nflics_nowcasts/2019/07/12/1600/Nowcast_201907121600_000.nc'
Skipping 2019-07-12 16:15: [Errno 2] No such file or directory: '/gws/ssde/j25b/swift/nflics_nowcasts/2019/07/12/1615/Nowcast_201907121615_000.nc'
Skipping 2019-07-12 16:30: [Errno 2] No such file or directory: '/gws/ssde/j25b/swift/nflics_nowcasts/2019/07/12/1630/Nowcast_201907121630_000.nc'
Skipping 2019-07-12 16:45: [Errno 2] No such file or directory: '/gws/ssde/j25b/swift/nflics_nowcasts/2019/07/12/1645/Nowcast_201907121645_000.nc'
Skipping 2019-07-13 16:00: [Errno 2] No such file or directory: '/gws/ssde/j25b/swift/nflics_nowcasts/2019/07/13/1600/Nowcast_201907131600_000.nc'
Skipping 2019-07-13 16:15: [Errno 2] No such file or directory: '/gws/ssde/j25b/swift/nflics_nowcasts/2019/07/13/1615/Nowcast_201907131615_000.nc'
Skipping 2019-07-13 16:30: [Errno 2] No such file or directory: '/gws/ssde/j25b/swift/nflics_nowcasts/2019/07/13/1630/Nowcast_201907131630_000.nc'
Skipping 2019-07-13 16:45: [Errno 2] No such file or directory: '/gws/ssde/j25b/swift/nflics_nowcasts/2019/07/13/1645/Nowcast_201907131645_000.nc'
Skipping 2019-07-14 16:00: [Errno 2] No such file or directory: '/gws/ssde/j25b/swift/nflics_nowcasts/2019/07/14/1600/Nowcast_201907141600_000.nc'
Skipping 2019-07-14 16:15: [Errno 2] No such file or directory: '/gws/ssde/j25b/swift/nflics_nowcasts/2019/07/14/1615/Nowcast_201907141615_000.nc'
Skipping 2019-07-14 16:30: [Errno 2] No such file or directory: '/gws/ssde/j25b/swift/nflics_nowcasts/2019/07/14/1630/Nowcast_201907141630_000.nc'
Skipping 2019-07-14 16:45: [Errno 2] No such file or directory: '/gws/ssde/j25b/swift/nflics_nowcasts/2019/07/14/1645/Nowcast_201907141645_000.nc'
Skipping 2019-07-15 16:00: [Errno 2] No such file or directory: '/gws/ssde/j25b/swift/nflics_nowcasts/2019/07/15/1600/Nowcast_201907151600_000.nc'
Skipping 2019-07-15 16:15: [Errno 2] No such file or directory: '/gws/ssde/j25b/swift/nflics_nowcasts/2019/07/15/1615/Nowcast_201907151615_000.nc'
Skipping 2019-07-15 16:30: [Errno 2] No such file or directory: '/gws/ssde/j25b/swift/nflics_nowcasts/2019/07/15/1630/Nowcast_201907151630_000.nc'
Skipping 2019-07-15 16:45: [Errno 2] No such file or directory: '/gws/ssde/j25b/swift/nflics_nowcasts/2019/07/15/1645/Nowcast_201907151645_000.nc'
Skipping 2019-07-16 16:00: [Errno 2] No such file or directory: '/gws/ssde/j25b/swift/nflics_nowcasts/2019/07/16/1600/Nowcast_201907161600_000.nc'
Skipping 2019-07-16 16:15: [Errno 2] No such file or directory: '/gws/ssde/j25b/swift/nflics_nowcasts/2019/07/16/1615/Nowcast_201907161615_000.nc'
Skipping 2019-07-16 16:30: [Errno 2] No such file or directory: '/gws/ssde/j25b/swift/nflics_nowcasts/2019/07/16/1630/Nowcast_201907161630_000.nc'
Skipping 2019-07-16 16:45: [Errno 2] No such file or directory: '/gws/ssde/j25b/swift/nflics_nowcasts/2019/07/16/1645/Nowcast_201907161645_000.nc'
Skipping 2019-07-17 16:00: [Errno 2] No such file or directory: '/gws/ssde/j25b/swift/nflics_nowcasts/2019/07/17/1600/Nowcast_201907171600_000.nc'
Skipping 2019-07-17 16:15: [Errno 2] No such file or directory: '/gws/ssde/j25b/swift/nflics_nowcasts/2019/07/17/1615/Nowcast_201907171615_000.nc'
Skipping 2019-07-17 16:30: [Errno 2] No such file or directory: '/gws/ssde/j25b/swift/nflics_nowcasts/2019/07/17/1630/Nowcast_201907171630_000.nc'
Skipping 2019-07-17 16:45: [Errno 2] No such file or directory: '/gws/ssde/j25b/swift/nflics_nowcasts/2019/07/17/1645/Nowcast_201907171645_000.nc'
Skipping 2019-07-18 16:00: [Errno 2] No such file or directory: '/gws/ssde/j25b/swift/nflics_nowcasts/2019/07/18/1600/Nowcast_201907181600_000.nc'
Skipping 2019-07-18 16:15: [Errno 2] No such file or directory: '/gws/ssde/j25b/swift/nflics_nowcasts/2019/07/18/1615/Nowcast_201907181615_000.nc'
Skipping 2019-07-18 16:30: [Errno 2] No such file or directory: '/gws/ssde/j25b/swift/nflics_nowcasts/2019/07/18/1630/Nowcast_201907181630_000.nc'
Skipping 2019-07-18 16:45: [Errno 2] No such file or directory: '/gws/ssde/j25b/swift/nflics_nowcasts/2019/07/18/1645/Nowcast_201907181645_000.nc'
Skipping 2019-07-19 16:00: [Errno 2] No such file or directory: '/gws/ssde/j25b/swift/nflics_nowcasts/2019/07/19/1600/Nowcast_201907191600_000.nc'
Skipping 2019-07-19 16:15: [Errno 2] No such file or directory: '/gws/ssde/j25b/swift/nflics_nowcasts/2019/07/19/1615/Nowcast_201907191615_000.nc'
Skipping 2019-07-19 16:30: [Errno 2] No such file or directory: '/gws/ssde/j25b/swift/nflics_nowcasts/2019/07/19/1630/Nowcast_201907191630_000.nc'
Skipping 2019-07-19 16:45: [Errno 2] No such file or directory: '/gws/ssde/j25b/swift/nflics_nowcasts/2019/07/19/1645/Nowcast_201907191645_000.nc'
Skipping 2019-07-20 16:00: [Errno 2] No such file or directory: '/gws/ssde/j25b/swift/nflics_nowcasts/2019/07/20/1600/Nowcast_201907201600_000.nc'
Skipping 2019-07-20 16:15: [Errno 2] No such file or directory: '/gws/ssde/j25b/swift/nflics_nowcasts/2019/07/20/1615/Nowcast_201907201615_000.nc'
Skipping 2019-07-20 16:30: [Errno 2] No such file or directory: '/gws/ssde/j25b/swift/nflics_nowcasts/2019/07/20/1630/Nowcast_201907201630_000.nc'
Skipping 2019-07-20 16:45: [Errno 2] No such file or directory: '/gws/ssde/j25b/swift/nflics_nowcasts/2019/07/20/1645/Nowcast_201907201645_000.nc'
Skipping 2019-07-21 16:00: [Errno 2] No such file or directory: '/gws/ssde/j25b/swift/nflics_nowcasts/2019/07/21/1600/Nowcast_201907211600_000.nc'
Skipping 2019-07-21 16:15: [Errno 2] No such file or directory: '/gws/ssde/j25b/swift/nflics_nowcasts/2019/07/21/1615/Nowcast_201907211615_000.nc'
Skipping 2019-07-21 16:30: [Errno 2] No such file or directory: '/gws/ssde/j25b/swift/nflics_nowcasts/2019/07/21/1630/Nowcast_201907211630_000.nc'
Skipping 2019-07-21 16:45: [Errno 2] No such file or directory: '/gws/ssde/j25b/swift/nflics_nowcasts/2019/07/21/1645/Nowcast_201907211645_000.nc'
Skipping 2019-07-22 16:00: [Errno 2] No such file or directory: '/gws/ssde/j25b/swift/nflics_nowcasts/2019/07/22/1600/Nowcast_201907221600_000.nc'
Skipping 2019-07-22 16:15: [Errno 2] No such file or directory: '/gws/ssde/j25b/swift/nflics_nowcasts/2019/07/22/1615/Nowcast_201907221615_000.nc'
Skipping 2019-07-22 16:30: [Errno 2] No such file or directory: '/gws/ssde/j25b/swift/nflics_nowcasts/2019/07/22/1630/Nowcast_201907221630_000.nc'
Skipping 2019-07-22 16:45: [Errno 2] No such file or directory: '/gws/ssde/j25b/swift/nflics_nowcasts/2019/07/22/1645/Nowcast_201907221645_000.nc'
Skipping 2019-07-23 16:00: [Errno 2] No such file or directory: '/gws/ssde/j25b/swift/nflics_nowcasts/2019/07/23/1600/Nowcast_201907231600_000.nc'
Skipping 2019-07-23 16:15: [Errno 2] No such file or directory: '/gws/ssde/j25b/swift/nflics_nowcasts/2019/07/23/1615/Nowcast_201907231615_000.nc'
Skipping 2019-07-23 16:30: [Errno 2] No such file or directory: '/gws/ssde/j25b/swift/nflics_nowcasts/2019/07/23/1630/Nowcast_201907231630_000.nc'
Skipping 2019-07-23 16:45: [Errno 2] No such file or directory: '/gws/ssde/j25b/swift/nflics_nowcasts/2019/07/23/1645/Nowcast_201907231645_000.nc'
Skipping 2019-07-24 16:00: [Errno 2] No such file or directory: '/gws/ssde/j25b/swift/nflics_nowcasts/2019/07/24/1600/Nowcast_201907241600_000.nc'
Skipping 2019-07-24 16:15: [Errno 2] No such file or directory: '/gws/ssde/j25b/swift/nflics_nowcasts/2019/07/24/1615/Nowcast_201907241615_000.nc'
Skipping 2019-07-24 16:30: [Errno 2] No such file or directory: '/gws/ssde/j25b/swift/nflics_nowcasts/2019/07/24/1630/Nowcast_201907241630_000.nc'
Skipping 2019-07-24 16:45: [Errno 2] No such file or directory: '/gws/ssde/j25b/swift/nflics_nowcasts/2019/07/24/1645/Nowcast_201907241645_000.nc'
Skipping 2019-07-25 16:00: [Errno 2] No such file or directory: '/gws/ssde/j25b/swift/nflics_nowcasts/2019/07/25/1600/Nowcast_201907251600_000.nc'
Skipping 2019-07-25 16:15: [Errno 2] No such file or directory: '/gws/ssde/j25b/swift/nflics_nowcasts/2019/07/25/1615/Nowcast_201907251615_000.nc'
Skipping 2019-07-25 16:30: [Errno 2] No such file or directory: '/gws/ssde/j25b/swift/nflics_nowcasts/2019/07/25/1630/Nowcast_201907251630_000.nc'
Skipping 2019-07-25 16:45: [Errno 2] No such file or directory: '/gws/ssde/j25b/swift/nflics_nowcasts/2019/07/25/1645/Nowcast_201907251645_000.nc'
Skipping 2019-07-26 16:00: [Errno 2] No such file or directory: '/gws/ssde/j25b/swift/nflics_nowcasts/2019/07/26/1600/Nowcast_201907261600_000.nc'
Skipping 2019-07-26 16:15: [Errno 2] No such file or directory: '/gws/ssde/j25b/swift/nflics_nowcasts/2019/07/26/1615/Nowcast_201907261615_000.nc'
Skipping 2019-07-26 16:30: [Errno 2] No such file or directory: '/gws/ssde/j25b/swift/nflics_nowcasts/2019/07/26/1630/Nowcast_201907261630_000.nc'
Skipping 2019-07-26 16:45: [Errno 2] No such file or directory: '/gws/ssde/j25b/swift/nflics_nowcasts/2019/07/26/1645/Nowcast_201907261645_000.nc'
Skipping 2019-07-27 16:00: [Errno 2] No such file or directory: '/gws/ssde/j25b/swift/nflics_nowcasts/2019/07/27/1600/Nowcast_201907271600_000.nc'
Skipping 2019-07-27 16:15: [Errno 2] No such file or directory: '/gws/ssde/j25b/swift/nflics_nowcasts/2019/07/27/1615/Nowcast_201907271615_000.nc'
Skipping 2019-07-27 16:30: [Errno 2] No such file or directory: '/gws/ssde/j25b/swift/nflics_nowcasts/2019/07/27/1630/Nowcast_201907271630_000.nc'
Skipping 2019-07-27 16:45: [Errno 2] No such file or directory: '/gws/ssde/j25b/swift/nflics_nowcasts/2019/07/27/1645/Nowcast_201907271645_000.nc'
Skipping 2019-07-28 16:00: [Errno 2] No such file or directory: '/gws/ssde/j25b/swift/nflics_nowcasts/2019/07/28/1600/Nowcast_201907281600_000.nc'
Skipping 2019-07-28 16:15: [Errno 2] No such file or directory: '/gws/ssde/j25b/swift/nflics_nowcasts/2019/07/28/1615/Nowcast_201907281615_000.nc'
Skipping 2019-07-28 16:30: [Errno 2] No such file or directory: '/gws/ssde/j25b/swift/nflics_nowcasts/2019/07/28/1630/Nowcast_201907281630_000.nc'
Skipping 2019-07-28 16:45: [Errno 2] No such file or directory: '/gws/ssde/j25b/swift/nflics_nowcasts/2019/07/28/1645/Nowcast_201907281645_000.nc'
Skipping 2019-07-29 16:00: [Errno 2] No such file or directory: '/gws/ssde/j25b/swift/nflics_nowcasts/2019/07/29/1600/Nowcast_201907291600_000.nc'
Skipping 2019-07-29 16:15: [Errno 2] No such file or directory: '/gws/ssde/j25b/swift/nflics_nowcasts/2019/07/29/1615/Nowcast_201907291615_000.nc'
Skipping 2019-07-29 16:30: [Errno 2] No such file or directory: '/gws/ssde/j25b/swift/nflics_nowcasts/2019/07/29/1630/Nowcast_201907291630_000.nc'
Skipping 2019-07-29 16:45: [Errno 2] No such file or directory: '/gws/ssde/j25b/swift/nflics_nowcasts/2019/07/29/1645/Nowcast_201907291645_000.nc'
Skipping 2019-07-30 16:00: [Errno 2] No such file or directory: '/gws/ssde/j25b/swift/nflics_nowcasts/2019/07/30/1600/Nowcast_201907301600_000.nc'
Skipping 2019-07-30 16:15: [Errno 2] No such file or directory: '/gws/ssde/j25b/swift/nflics_nowcasts/2019/07/30/1615/Nowcast_201907301615_000.nc'
Skipping 2019-07-30 16:30: [Errno 2] No such file or directory: '/gws/ssde/j25b/swift/nflics_nowcasts/2019/07/30/1630/Nowcast_201907301630_000.nc'
Skipping 2019-07-30 16:45: [Errno 2] No such file or directory: '/gws/ssde/j25b/swift/nflics_nowcasts/2019/07/30/1645/Nowcast_201907301645_000.nc'
Skipping 2019-07-31 16:00: [Errno 2] No such file or directory: '/gws/ssde/j25b/swift/nflics_nowcasts/2019/07/31/1600/Nowcast_201907311600_000.nc'
Skipping 2019-07-31 16:15: [Errno 2] No such file or directory: '/gws/ssde/j25b/swift/nflics_nowcasts/2019/07/31/1615/Nowcast_201907311615_000.nc'
Skipping 2019-07-31 16:30: [Errno 2] No such file or directory: '/gws/ssde/j25b/swift/nflics_nowcasts/2019/07/31/1630/Nowcast_201907311630_000.nc'
Skipping 2019-07-31 16:45: [Errno 2] No such file or directory: '/gws/ssde/j25b/swift/nflics_nowcasts/2019/07/31/1645/Nowcast_201907311645_000.nc'
All ensemble nowcasts completed on CPU.
======================================================
 Job completed successfully at Sat 29 Nov 12:11:44 GMT 2025
======================================================
