======================================================
 Job started on host1086.jc.rl.ac.uk at Sat 29 Nov 12:11:37 GMT 2025
======================================================
Running ensemble nowcast inference:
 Lead time : 6
 Year      : 2019
 Month     : 07
 Hour      : 20
======================================================
Running on CPU with 8 threads
Loaded 5 ensemble models on CPU
Detected 107 inputs for 2019-07 20 UTC
Skipping 2019-07-01 20:00: [Errno 2] No such file or directory: '/gws/ssde/j25b/swift/nflics_nowcasts/2019/07/01/2000/Nowcast_201907012000_000.nc'
Skipping 2019-07-01 20:15: [Errno 2] No such file or directory: '/gws/ssde/j25b/swift/nflics_nowcasts/2019/07/01/2015/Nowcast_201907012015_000.nc'
Skipping 2019-07-01 20:30: [Errno 2] No such file or directory: '/gws/ssde/j25b/swift/nflics_nowcasts/2019/07/01/2030/Nowcast_201907012030_000.nc'
Skipping 2019-07-01 20:45: [Errno 2] No such file or directory: '/gws/ssde/j25b/swift/nflics_nowcasts/2019/07/01/2045/Nowcast_201907012045_000.nc'
Skipping 2019-07-02 20:00: [Errno 2] No such file or directory: '/gws/ssde/j25b/swift/nflics_nowcasts/2019/07/02/2000/Nowcast_201907022000_000.nc'
Skipping 2019-07-02 20:15: [Errno 2] No such file or directory: '/gws/ssde/j25b/swift/nflics_nowcasts/2019/07/02/2015/Nowcast_201907022015_000.nc'
Skipping 2019-07-02 20:30: [Errno 2] No such file or directory: '/gws/ssde/j25b/swift/nflics_nowcasts/2019/07/02/2030/Nowcast_201907022030_000.nc'
Skipping 2019-07-02 20:45: [Errno 2] No such file or directory: '/gws/ssde/j25b/swift/nflics_nowcasts/2019/07/02/2045/Nowcast_201907022045_000.nc'
Skipping 2019-07-04 20:00: [Errno 2] No such file or directory: '/gws/ssde/j25b/swift/nflics_nowcasts/2019/07/04/2000/Nowcast_201907042000_000.nc'
Skipping 2019-07-04 20:15: [Errno 2] No such file or directory: '/gws/ssde/j25b/swift/nflics_nowcasts/2019/07/04/2015/Nowcast_201907042015_000.nc'
Skipping 2019-07-04 20:30: [Errno 2] No such file or directory: '/gws/ssde/j25b/swift/nflics_nowcasts/2019/07/04/2030/Nowcast_201907042030_000.nc'
Skipping 2019-07-04 20:45: [Errno 2] No such file or directory: '/gws/ssde/j25b/swift/nflics_nowcasts/2019/07/04/2045/Nowcast_201907042045_000.nc'
Skipping 2019-07-05 20:00: [Errno 2] No such file or directory: '/gws/ssde/j25b/swift/nflics_nowcasts/2019/07/05/2000/Nowcast_201907052000_000.nc'
Skipping 2019-07-05 20:15: [Errno 2] No such file or directory: '/gws/ssde/j25b/swift/nflics_nowcasts/2019/07/05/2015/Nowcast_201907052015_000.nc'
Skipping 2019-07-05 20:30: [Errno 2] No such file or directory: '/gws/ssde/j25b/swift/nflics_nowcasts/2019/07/05/2030/Nowcast_201907052030_000.nc'
Skipping 2019-07-05 20:45: [Errno 2] No such file or directory: '/gws/ssde/j25b/swift/nflics_nowcasts/2019/07/05/2045/Nowcast_201907052045_000.nc'
Skipping 2019-07-07 20:00: [Errno 2] No such file or directory: '/gws/ssde/j25b/swift/nflics_nowcasts/2019/07/07/2000/Nowcast_201907072000_000.nc'
Skipping 2019-07-07 20:15: [Errno 2] No such file or directory: '/gws/ssde/j25b/swift/nflics_nowcasts/2019/07/07/2015/Nowcast_201907072015_000.nc'
Skipping 2019-07-07 20:30: [Errno 2] No such file or directory: '/gws/ssde/j25b/swift/nflics_nowcasts/2019/07/07/2030/Nowcast_201907072030_000.nc'
Skipping 2019-07-07 20:45: [Errno 2] No such file or directory: '/gws/ssde/j25b/swift/nflics_nowcasts/2019/07/07/2045/Nowcast_201907072045_000.nc'
Skipping 2019-07-08 20:00: [Errno 2] No such file or directory: '/gws/ssde/j25b/swift/nflics_nowcasts/2019/07/08/2000/Nowcast_201907082000_000.nc'
Skipping 2019-07-08 20:15: [Errno 2] No such file or directory: '/gws/ssde/j25b/swift/nflics_nowcasts/2019/07/08/2015/Nowcast_201907082015_000.nc'
Skipping 2019-07-08 20:30: [Errno 2] No such file or directory: '/gws/ssde/j25b/swift/nflics_nowcasts/2019/07/08/2030/Nowcast_201907082030_000.nc'
Skipping 2019-07-08 20:45: [Errno 2] No such file or directory: '/gws/ssde/j25b/swift/nflics_nowcasts/2019/07/08/2045/Nowcast_201907082045_000.nc'
Skipping 2019-07-10 20:30: [Errno 2] No such file or directory: '/gws/ssde/j25b/swift/nflics_nowcasts/2019/07/10/2030/Nowcast_201907102030_000.nc'
Skipping 2019-07-10 20:45: [Errno 2] No such file or directory: '/gws/ssde/j25b/swift/nflics_nowcasts/2019/07/10/2045/Nowcast_201907102045_000.nc'
Skipping 2019-07-11 20:00: [Errno 2] No such file or directory: '/gws/ssde/j25b/swift/nflics_nowcasts/2019/07/11/2000/Nowcast_201907112000_000.nc'
Skipping 2019-07-11 20:15: [Errno 2] No such file or directory: '/gws/ssde/j25b/swift/nflics_nowcasts/2019/07/11/2015/Nowcast_201907112015_000.nc'
Skipping 2019-07-12 20:00: [Errno 2] No such file or directory: '/gws/ssde/j25b/swift/nflics_nowcasts/2019/07/12/2000/Nowcast_201907122000_000.nc'
Skipping 2019-07-12 20:15: [Errno 2] No such file or directory: '/gws/ssde/j25b/swift/nflics_nowcasts/2019/07/12/2015/Nowcast_201907122015_000.nc'
Skipping 2019-07-12 20:30: [Errno 2] No such file or directory: '/gws/ssde/j25b/swift/nflics_nowcasts/2019/07/12/2030/Nowcast_201907122030_000.nc'
Skipping 2019-07-12 20:45: [Errno 2] No such file or directory: '/gws/ssde/j25b/swift/nflics_nowcasts/2019/07/12/2045/Nowcast_201907122045_000.nc'
Skipping 2019-07-13 20:00: [Errno 2] No such file or directory: '/gws/ssde/j25b/swift/nflics_nowcasts/2019/07/13/2000/Nowcast_201907132000_000.nc'
Skipping 2019-07-13 20:15: [Errno 2] No such file or directory: '/gws/ssde/j25b/swift/nflics_nowcasts/2019/07/13/2015/Nowcast_201907132015_000.nc'
Skipping 2019-07-13 20:30: [Errno 2] No such file or directory: '/gws/ssde/j25b/swift/nflics_nowcasts/2019/07/13/2030/Nowcast_201907132030_000.nc'
Skipping 2019-07-13 20:45: [Errno 2] No such file or directory: '/gws/ssde/j25b/swift/nflics_nowcasts/2019/07/13/2045/Nowcast_201907132045_000.nc'
Skipping 2019-07-14 20:00: [Errno 2] No such file or directory: '/gws/ssde/j25b/swift/nflics_nowcasts/2019/07/14/2000/Nowcast_201907142000_000.nc'
Skipping 2019-07-14 20:15: [Errno 2] No such file or directory: '/gws/ssde/j25b/swift/nflics_nowcasts/2019/07/14/2015/Nowcast_201907142015_000.nc'
Skipping 2019-07-14 20:30: [Errno 2] No such file or directory: '/gws/ssde/j25b/swift/nflics_nowcasts/2019/07/14/2030/Nowcast_201907142030_000.nc'
Skipping 2019-07-14 20:45: [Errno 2] No such file or directory: '/gws/ssde/j25b/swift/nflics_nowcasts/2019/07/14/2045/Nowcast_201907142045_000.nc'
Skipping 2019-07-15 20:00: [Errno 2] No such file or directory: '/gws/ssde/j25b/swift/nflics_nowcasts/2019/07/15/2000/Nowcast_201907152000_000.nc'
Skipping 2019-07-15 20:15: [Errno 2] No such file or directory: '/gws/ssde/j25b/swift/nflics_nowcasts/2019/07/15/2015/Nowcast_201907152015_000.nc'
Skipping 2019-07-15 20:30: [Errno 2] No such file or directory: '/gws/ssde/j25b/swift/nflics_nowcasts/2019/07/15/2030/Nowcast_201907152030_000.nc'
Skipping 2019-07-15 20:45: [Errno 2] No such file or directory: '/gws/ssde/j25b/swift/nflics_nowcasts/2019/07/15/2045/Nowcast_201907152045_000.nc'
Skipping 2019-07-16 20:00: [Errno 2] No such file or directory: '/gws/ssde/j25b/swift/nflics_nowcasts/2019/07/16/2000/Nowcast_201907162000_000.nc'
Skipping 2019-07-16 20:15: [Errno 2] No such file or directory: '/gws/ssde/j25b/swift/nflics_nowcasts/2019/07/16/2015/Nowcast_201907162015_000.nc'
Skipping 2019-07-16 20:30: [Errno 2] No such file or directory: '/gws/ssde/j25b/swift/nflics_nowcasts/2019/07/16/2030/Nowcast_201907162030_000.nc'
Skipping 2019-07-16 20:45: [Errno 2] No such file or directory: '/gws/ssde/j25b/swift/nflics_nowcasts/2019/07/16/2045/Nowcast_201907162045_000.nc'
Skipping 2019-07-17 20:00: [Errno 2] No such file or directory: '/gws/ssde/j25b/swift/nflics_nowcasts/2019/07/17/2000/Nowcast_201907172000_000.nc'
Skipping 2019-07-17 20:15: [Errno 2] No such file or directory: '/gws/ssde/j25b/swift/nflics_nowcasts/2019/07/17/2015/Nowcast_201907172015_000.nc'
Skipping 2019-07-17 20:30: [Errno 2] No such file or directory: '/gws/ssde/j25b/swift/nflics_nowcasts/2019/07/17/2030/Nowcast_201907172030_000.nc'
Skipping 2019-07-17 20:45: [Errno 2] No such file or directory: '/gws/ssde/j25b/swift/nflics_nowcasts/2019/07/17/2045/Nowcast_201907172045_000.nc'
Skipping 2019-07-18 20:00: [Errno 2] No such file or directory: '/gws/ssde/j25b/swift/nflics_nowcasts/2019/07/18/2000/Nowcast_201907182000_000.nc'
Skipping 2019-07-18 20:15: [Errno 2] No such file or directory: '/gws/ssde/j25b/swift/nflics_nowcasts/2019/07/18/2015/Nowcast_201907182015_000.nc'
Skipping 2019-07-18 20:30: [Errno 2] No such file or directory: '/gws/ssde/j25b/swift/nflics_nowcasts/2019/07/18/2030/Nowcast_201907182030_000.nc'
Skipping 2019-07-18 20:45: [Errno 2] No such file or directory: '/gws/ssde/j25b/swift/nflics_nowcasts/2019/07/18/2045/Nowcast_201907182045_000.nc'
Skipping 2019-07-19 20:00: [Errno 2] No such file or directory: '/gws/ssde/j25b/swift/nflics_nowcasts/2019/07/19/2000/Nowcast_201907192000_000.nc'
Skipping 2019-07-19 20:15: [Errno 2] No such file or directory: '/gws/ssde/j25b/swift/nflics_nowcasts/2019/07/19/2015/Nowcast_201907192015_000.nc'
Skipping 2019-07-19 20:30: [Errno 2] No such file or directory: '/gws/ssde/j25b/swift/nflics_nowcasts/2019/07/19/2030/Nowcast_201907192030_000.nc'
Skipping 2019-07-20 20:00: [Errno 2] No such file or directory: '/gws/ssde/j25b/swift/nflics_nowcasts/2019/07/20/2000/Nowcast_201907202000_000.nc'
Skipping 2019-07-20 20:15: [Errno 2] No such file or directory: '/gws/ssde/j25b/swift/nflics_nowcasts/2019/07/20/2015/Nowcast_201907202015_000.nc'
Skipping 2019-07-20 20:30: [Errno 2] No such file or directory: '/gws/ssde/j25b/swift/nflics_nowcasts/2019/07/20/2030/Nowcast_201907202030_000.nc'
Skipping 2019-07-20 20:45: [Errno 2] No such file or directory: '/gws/ssde/j25b/swift/nflics_nowcasts/2019/07/20/2045/Nowcast_201907202045_000.nc'
Skipping 2019-07-21 20:00: [Errno 2] No such file or directory: '/gws/ssde/j25b/swift/nflics_nowcasts/2019/07/21/2000/Nowcast_201907212000_000.nc'
Skipping 2019-07-21 20:15: [Errno 2] No such file or directory: '/gws/ssde/j25b/swift/nflics_nowcasts/2019/07/21/2015/Nowcast_201907212015_000.nc'
Skipping 2019-07-21 20:30: [Errno 2] No such file or directory: '/gws/ssde/j25b/swift/nflics_nowcasts/2019/07/21/2030/Nowcast_201907212030_000.nc'
Skipping 2019-07-21 20:45: [Errno 2] No such file or directory: '/gws/ssde/j25b/swift/nflics_nowcasts/2019/07/21/2045/Nowcast_201907212045_000.nc'
Skipping 2019-07-22 20:00: [Errno 2] No such file or directory: '/gws/ssde/j25b/swift/nflics_nowcasts/2019/07/22/2000/Nowcast_201907222000_000.nc'
Skipping 2019-07-22 20:15: [Errno 2] No such file or directory: '/gws/ssde/j25b/swift/nflics_nowcasts/2019/07/22/2015/Nowcast_201907222015_000.nc'
Skipping 2019-07-22 20:30: [Errno 2] No such file or directory: '/gws/ssde/j25b/swift/nflics_nowcasts/2019/07/22/2030/Nowcast_201907222030_000.nc'
Skipping 2019-07-22 20:45: [Errno 2] No such file or directory: '/gws/ssde/j25b/swift/nflics_nowcasts/2019/07/22/2045/Nowcast_201907222045_000.nc'
Skipping 2019-07-23 20:00: [Errno 2] No such file or directory: '/gws/ssde/j25b/swift/nflics_nowcasts/2019/07/23/2000/Nowcast_201907232000_000.nc'
Skipping 2019-07-23 20:15: [Errno 2] No such file or directory: '/gws/ssde/j25b/swift/nflics_nowcasts/2019/07/23/2015/Nowcast_201907232015_000.nc'
Skipping 2019-07-23 20:30: [Errno 2] No such file or directory: '/gws/ssde/j25b/swift/nflics_nowcasts/2019/07/23/2030/Nowcast_201907232030_000.nc'
Skipping 2019-07-23 20:45: [Errno 2] No such file or directory: '/gws/ssde/j25b/swift/nflics_nowcasts/2019/07/23/2045/Nowcast_201907232045_000.nc'
Skipping 2019-07-24 20:00: [Errno 2] No such file or directory: '/gws/ssde/j25b/swift/nflics_nowcasts/2019/07/24/2000/Nowcast_201907242000_000.nc'
Skipping 2019-07-24 20:15: [Errno 2] No such file or directory: '/gws/ssde/j25b/swift/nflics_nowcasts/2019/07/24/2015/Nowcast_201907242015_000.nc'
Skipping 2019-07-24 20:30: [Errno 2] No such file or directory: '/gws/ssde/j25b/swift/nflics_nowcasts/2019/07/24/2030/Nowcast_201907242030_000.nc'
Skipping 2019-07-24 20:45: [Errno 2] No such file or directory: '/gws/ssde/j25b/swift/nflics_nowcasts/2019/07/24/2045/Nowcast_201907242045_000.nc'
Skipping 2019-07-25 20:00: [Errno 2] No such file or directory: '/gws/ssde/j25b/swift/nflics_nowcasts/2019/07/25/2000/Nowcast_201907252000_000.nc'
Skipping 2019-07-25 20:15: [Errno 2] No such file or directory: '/gws/ssde/j25b/swift/nflics_nowcasts/2019/07/25/2015/Nowcast_201907252015_000.nc'
Skipping 2019-07-25 20:30: [Errno 2] No such file or directory: '/gws/ssde/j25b/swift/nflics_nowcasts/2019/07/25/2030/Nowcast_201907252030_000.nc'
Skipping 2019-07-25 20:45: [Errno 2] No such file or directory: '/gws/ssde/j25b/swift/nflics_nowcasts/2019/07/25/2045/Nowcast_201907252045_000.nc'
Skipping 2019-07-26 20:00: [Errno 2] No such file or directory: '/gws/ssde/j25b/swift/nflics_nowcasts/2019/07/26/2000/Nowcast_201907262000_000.nc'
Skipping 2019-07-26 20:15: [Errno 2] No such file or directory: '/gws/ssde/j25b/swift/nflics_nowcasts/2019/07/26/2015/Nowcast_201907262015_000.nc'
Skipping 2019-07-26 20:30: [Errno 2] No such file or directory: '/gws/ssde/j25b/swift/nflics_nowcasts/2019/07/26/2030/Nowcast_201907262030_000.nc'
Skipping 2019-07-26 20:45: [Errno 2] No such file or directory: '/gws/ssde/j25b/swift/nflics_nowcasts/2019/07/26/2045/Nowcast_201907262045_000.nc'
Skipping 2019-07-27 20:00: [Errno 2] No such file or directory: '/gws/ssde/j25b/swift/nflics_nowcasts/2019/07/27/2000/Nowcast_201907272000_000.nc'
Skipping 2019-07-27 20:15: [Errno 2] No such file or directory: '/gws/ssde/j25b/swift/nflics_nowcasts/2019/07/27/2015/Nowcast_201907272015_000.nc'
Skipping 2019-07-27 20:30: [Errno 2] No such file or directory: '/gws/ssde/j25b/swift/nflics_nowcasts/2019/07/27/2030/Nowcast_201907272030_000.nc'
Skipping 2019-07-27 20:45: [Errno 2] No such file or directory: '/gws/ssde/j25b/swift/nflics_nowcasts/2019/07/27/2045/Nowcast_201907272045_000.nc'
Skipping 2019-07-28 20:00: [Errno 2] No such file or directory: '/gws/ssde/j25b/swift/nflics_nowcasts/2019/07/28/2000/Nowcast_201907282000_000.nc'
Skipping 2019-07-28 20:15: [Errno 2] No such file or directory: '/gws/ssde/j25b/swift/nflics_nowcasts/2019/07/28/2015/Nowcast_201907282015_000.nc'
Skipping 2019-07-28 20:30: [Errno 2] No such file or directory: '/gws/ssde/j25b/swift/nflics_nowcasts/2019/07/28/2030/Nowcast_201907282030_000.nc'
Skipping 2019-07-28 20:45: [Errno 2] No such file or directory: '/gws/ssde/j25b/swift/nflics_nowcasts/2019/07/28/2045/Nowcast_201907282045_000.nc'
Skipping 2019-07-29 20:00: [Errno 2] No such file or directory: '/gws/ssde/j25b/swift/nflics_nowcasts/2019/07/29/2000/Nowcast_201907292000_000.nc'
Skipping 2019-07-29 20:15: [Errno 2] No such file or directory: '/gws/ssde/j25b/swift/nflics_nowcasts/2019/07/29/2015/Nowcast_201907292015_000.nc'
Skipping 2019-07-29 20:30: [Errno 2] No such file or directory: '/gws/ssde/j25b/swift/nflics_nowcasts/2019/07/29/2030/Nowcast_201907292030_000.nc'
Skipping 2019-07-29 20:45: [Errno 2] No such file or directory: '/gws/ssde/j25b/swift/nflics_nowcasts/2019/07/29/2045/Nowcast_201907292045_000.nc'
Skipping 2019-07-30 20:00: [Errno 2] No such file or directory: '/gws/ssde/j25b/swift/nflics_nowcasts/2019/07/30/2000/Nowcast_201907302000_000.nc'
Skipping 2019-07-30 20:15: [Errno 2] No such file or directory: '/gws/ssde/j25b/swift/nflics_nowcasts/2019/07/30/2015/Nowcast_201907302015_000.nc'
Skipping 2019-07-30 20:30: [Errno 2] No such file or directory: '/gws/ssde/j25b/swift/nflics_nowcasts/2019/07/30/2030/Nowcast_201907302030_000.nc'
Skipping 2019-07-30 20:45: [Errno 2] No such file or directory: '/gws/ssde/j25b/swift/nflics_nowcasts/2019/07/30/2045/Nowcast_201907302045_000.nc'
Skipping 2019-07-31 20:00: [Errno 2] No such file or directory: '/gws/ssde/j25b/swift/nflics_nowcasts/2019/07/31/2000/Nowcast_201907312000_000.nc'
Skipping 2019-07-31 20:15: [Errno 2] No such file or directory: '/gws/ssde/j25b/swift/nflics_nowcasts/2019/07/31/2015/Nowcast_201907312015_000.nc'
Skipping 2019-07-31 20:30: [Errno 2] No such file or directory: '/gws/ssde/j25b/swift/nflics_nowcasts/2019/07/31/2030/Nowcast_201907312030_000.nc'
Skipping 2019-07-31 20:45: [Errno 2] No such file or directory: '/gws/ssde/j25b/swift/nflics_nowcasts/2019/07/31/2045/Nowcast_201907312045_000.nc'
All ensemble nowcasts completed on CPU.
======================================================
 Job completed successfully at Sat 29 Nov 12:11:44 GMT 2025
======================================================
