======================================================
 Job started on host1086.jc.rl.ac.uk at Sat 29 Nov 12:11:18 GMT 2025
======================================================
Running ensemble nowcast inference:
 Lead time : 3
 Year      : 2019
 Month     : 07
 Hour      : 08
======================================================
Running on CPU with 8 threads
Loaded 5 ensemble models on CPU
Detected 52 inputs for 2019-07 08 UTC
Skipping 2019-07-02 08:00: [Errno 2] No such file or directory: '/gws/ssde/j25b/swift/nflics_nowcasts/2019/07/02/0800/Nowcast_201907020800_000.nc'
Skipping 2019-07-02 08:30: [Errno 2] No such file or directory: '/gws/ssde/j25b/swift/nflics_nowcasts/2019/07/02/0830/Nowcast_201907020830_000.nc'
Skipping 2019-07-05 08:00: [Errno 2] No such file or directory: '/gws/ssde/j25b/swift/nflics_nowcasts/2019/07/05/0800/Nowcast_201907050800_000.nc'
Skipping 2019-07-05 08:15: [Errno 2] No such file or directory: '/gws/ssde/j25b/swift/nflics_nowcasts/2019/07/05/0815/Nowcast_201907050815_000.nc'
Skipping 2019-07-05 08:30: [Errno 2] No such file or directory: '/gws/ssde/j25b/swift/nflics_nowcasts/2019/07/05/0830/Nowcast_201907050830_000.nc'
Skipping 2019-07-05 08:45: [Errno 2] No such file or directory: '/gws/ssde/j25b/swift/nflics_nowcasts/2019/07/05/0845/Nowcast_201907050845_000.nc'
Skipping 2019-07-07 08:00: [Errno 2] No such file or directory: '/gws/ssde/j25b/swift/nflics_nowcasts/2019/07/07/0800/Nowcast_201907070800_000.nc'
Skipping 2019-07-07 08:15: [Errno 2] No such file or directory: '/gws/ssde/j25b/swift/nflics_nowcasts/2019/07/07/0815/Nowcast_201907070815_000.nc'
Skipping 2019-07-07 08:30: [Errno 2] No such file or directory: '/gws/ssde/j25b/swift/nflics_nowcasts/2019/07/07/0830/Nowcast_201907070830_000.nc'
Skipping 2019-07-07 08:45: [Errno 2] No such file or directory: '/gws/ssde/j25b/swift/nflics_nowcasts/2019/07/07/0845/Nowcast_201907070845_000.nc'
Skipping 2019-07-08 08:00: [Errno 2] No such file or directory: '/gws/ssde/j25b/swift/nflics_nowcasts/2019/07/08/0800/Nowcast_201907080800_000.nc'
Skipping 2019-07-08 08:15: [Errno 2] No such file or directory: '/gws/ssde/j25b/swift/nflics_nowcasts/2019/07/08/0815/Nowcast_201907080815_000.nc'
Skipping 2019-07-08 08:30: [Errno 2] No such file or directory: '/gws/ssde/j25b/swift/nflics_nowcasts/2019/07/08/0830/Nowcast_201907080830_000.nc'
Skipping 2019-07-12 08:30: [Errno 2] No such file or directory: '/gws/ssde/j25b/swift/nflics_nowcasts/2019/07/12/0830/Nowcast_201907120830_000.nc'
Skipping 2019-07-12 08:45: [Errno 2] No such file or directory: '/gws/ssde/j25b/swift/nflics_nowcasts/2019/07/12/0845/Nowcast_201907120845_000.nc'
Skipping 2019-07-13 08:00: [Errno 2] No such file or directory: '/gws/ssde/j25b/swift/nflics_nowcasts/2019/07/13/0800/Nowcast_201907130800_000.nc'
Skipping 2019-07-13 08:15: [Errno 2] No such file or directory: '/gws/ssde/j25b/swift/nflics_nowcasts/2019/07/13/0815/Nowcast_201907130815_000.nc'
Skipping 2019-07-13 08:30: [Errno 2] No such file or directory: '/gws/ssde/j25b/swift/nflics_nowcasts/2019/07/13/0830/Nowcast_201907130830_000.nc'
Skipping 2019-07-13 08:45: [Errno 2] No such file or directory: '/gws/ssde/j25b/swift/nflics_nowcasts/2019/07/13/0845/Nowcast_201907130845_000.nc'
Skipping 2019-07-15 08:30: [Errno 2] No such file or directory: '/gws/ssde/j25b/swift/nflics_nowcasts/2019/07/15/0830/Nowcast_201907150830_000.nc'
Skipping 2019-07-16 08:00: [Errno 2] No such file or directory: '/gws/ssde/j25b/swift/nflics_nowcasts/2019/07/16/0800/Nowcast_201907160800_000.nc'
Skipping 2019-07-16 08:15: [Errno 2] No such file or directory: '/gws/ssde/j25b/swift/nflics_nowcasts/2019/07/16/0815/Nowcast_201907160815_000.nc'
Skipping 2019-07-16 08:30: [Errno 2] No such file or directory: '/gws/ssde/j25b/swift/nflics_nowcasts/2019/07/16/0830/Nowcast_201907160830_000.nc'
Skipping 2019-07-16 08:45: [Errno 2] No such file or directory: '/gws/ssde/j25b/swift/nflics_nowcasts/2019/07/16/0845/Nowcast_201907160845_000.nc'
Skipping 2019-07-19 08:00: [Errno 2] No such file or directory: '/gws/ssde/j25b/swift/nflics_nowcasts/2019/07/19/0800/Nowcast_201907190800_000.nc'
Skipping 2019-07-19 08:15: [Errno 2] No such file or directory: '/gws/ssde/j25b/swift/nflics_nowcasts/2019/07/19/0815/Nowcast_201907190815_000.nc'
Skipping 2019-07-19 08:30: [Errno 2] No such file or directory: '/gws/ssde/j25b/swift/nflics_nowcasts/2019/07/19/0830/Nowcast_201907190830_000.nc'
Skipping 2019-07-19 08:45: [Errno 2] No such file or directory: '/gws/ssde/j25b/swift/nflics_nowcasts/2019/07/19/0845/Nowcast_201907190845_000.nc'
Skipping 2019-07-23 08:00: [Errno 2] No such file or directory: '/gws/ssde/j25b/swift/nflics_nowcasts/2019/07/23/0800/Nowcast_201907230800_000.nc'
Skipping 2019-07-23 08:15: [Errno 2] No such file or directory: '/gws/ssde/j25b/swift/nflics_nowcasts/2019/07/23/0815/Nowcast_201907230815_000.nc'
Skipping 2019-07-23 08:30: [Errno 2] No such file or directory: '/gws/ssde/j25b/swift/nflics_nowcasts/2019/07/23/0830/Nowcast_201907230830_000.nc'
Skipping 2019-07-23 08:45: [Errno 2] No such file or directory: '/gws/ssde/j25b/swift/nflics_nowcasts/2019/07/23/0845/Nowcast_201907230845_000.nc'
Skipping 2019-07-24 08:00: [Errno 2] No such file or directory: '/gws/ssde/j25b/swift/nflics_nowcasts/2019/07/24/0800/Nowcast_201907240800_000.nc'
Skipping 2019-07-24 08:15: [Errno 2] No such file or directory: '/gws/ssde/j25b/swift/nflics_nowcasts/2019/07/24/0815/Nowcast_201907240815_000.nc'
Skipping 2019-07-24 08:30: [Errno 2] No such file or directory: '/gws/ssde/j25b/swift/nflics_nowcasts/2019/07/24/0830/Nowcast_201907240830_000.nc'
Skipping 2019-07-24 08:45: [Errno 2] No such file or directory: '/gws/ssde/j25b/swift/nflics_nowcasts/2019/07/24/0845/Nowcast_201907240845_000.nc'
Skipping 2019-07-26 08:00: [Errno 2] No such file or directory: '/gws/ssde/j25b/swift/nflics_nowcasts/2019/07/26/0800/Nowcast_201907260800_000.nc'
Skipping 2019-07-26 08:15: [Errno 2] No such file or directory: '/gws/ssde/j25b/swift/nflics_nowcasts/2019/07/26/0815/Nowcast_201907260815_000.nc'
Skipping 2019-07-26 08:30: [Errno 2] No such file or directory: '/gws/ssde/j25b/swift/nflics_nowcasts/2019/07/26/0830/Nowcast_201907260830_000.nc'
Skipping 2019-07-26 08:45: [Errno 2] No such file or directory: '/gws/ssde/j25b/swift/nflics_nowcasts/2019/07/26/0845/Nowcast_201907260845_000.nc'
Skipping 2019-07-27 08:15: [Errno 2] No such file or directory: '/gws/ssde/j25b/swift/nflics_nowcasts/2019/07/27/0815/Nowcast_201907270815_000.nc'
Skipping 2019-07-27 08:30: [Errno 2] No such file or directory: '/gws/ssde/j25b/swift/nflics_nowcasts/2019/07/27/0830/Nowcast_201907270830_000.nc'
Skipping 2019-07-27 08:45: [Errno 2] No such file or directory: '/gws/ssde/j25b/swift/nflics_nowcasts/2019/07/27/0845/Nowcast_201907270845_000.nc'
Skipping 2019-07-28 08:00: [Errno 2] No such file or directory: '/gws/ssde/j25b/swift/nflics_nowcasts/2019/07/28/0800/Nowcast_201907280800_000.nc'
Skipping 2019-07-28 08:15: [Errno 2] No such file or directory: '/gws/ssde/j25b/swift/nflics_nowcasts/2019/07/28/0815/Nowcast_201907280815_000.nc'
Skipping 2019-07-28 08:30: [Errno 2] No such file or directory: '/gws/ssde/j25b/swift/nflics_nowcasts/2019/07/28/0830/Nowcast_201907280830_000.nc'
Skipping 2019-07-28 08:45: [Errno 2] No such file or directory: '/gws/ssde/j25b/swift/nflics_nowcasts/2019/07/28/0845/Nowcast_201907280845_000.nc'
Skipping 2019-07-29 08:00: [Errno 2] No such file or directory: '/gws/ssde/j25b/swift/nflics_nowcasts/2019/07/29/0800/Nowcast_201907290800_000.nc'
Skipping 2019-07-30 08:30: [Errno 2] No such file or directory: '/gws/ssde/j25b/swift/nflics_nowcasts/2019/07/30/0830/Nowcast_201907300830_000.nc'
Skipping 2019-07-31 08:15: [Errno 2] No such file or directory: '/gws/ssde/j25b/swift/nflics_nowcasts/2019/07/31/0815/Nowcast_201907310815_000.nc'
Skipping 2019-07-31 08:30: [Errno 2] No such file or directory: '/gws/ssde/j25b/swift/nflics_nowcasts/2019/07/31/0830/Nowcast_201907310830_000.nc'
Skipping 2019-07-31 08:45: [Errno 2] No such file or directory: '/gws/ssde/j25b/swift/nflics_nowcasts/2019/07/31/0845/Nowcast_201907310845_000.nc'
All ensemble nowcasts completed on CPU.
======================================================
 Job completed successfully at Sat 29 Nov 12:11:26 GMT 2025
======================================================
