======================================================
 Job started on host1085.jc.rl.ac.uk at Sat 29 Nov 12:11:56 GMT 2025
======================================================
Running ensemble nowcast inference:
 Lead time : 3
 Year      : 2019
 Month     : 08
 Hour      : 06
======================================================
Running on CPU with 8 threads
Loaded 5 ensemble models on CPU
Detected 52 inputs for 2019-08 06 UTC
Skipping 2019-08-01 06:00: [Errno 2] No such file or directory: '/gws/ssde/j25b/swift/nflics_nowcasts/2019/08/01/0600/Nowcast_201908010600_000.nc'
Skipping 2019-08-01 06:15: [Errno 2] No such file or directory: '/gws/ssde/j25b/swift/nflics_nowcasts/2019/08/01/0615/Nowcast_201908010615_000.nc'
Skipping 2019-08-01 06:30: [Errno 2] No such file or directory: '/gws/ssde/j25b/swift/nflics_nowcasts/2019/08/01/0630/Nowcast_201908010630_000.nc'
Skipping 2019-08-01 06:45: [Errno 2] No such file or directory: '/gws/ssde/j25b/swift/nflics_nowcasts/2019/08/01/0645/Nowcast_201908010645_000.nc'
Skipping 2019-08-03 06:00: [Errno 2] No such file or directory: '/gws/ssde/j25b/swift/nflics_nowcasts/2019/08/03/0600/Nowcast_201908030600_000.nc'
Skipping 2019-08-06 06:00: [Errno 2] No such file or directory: '/gws/ssde/j25b/swift/nflics_nowcasts/2019/08/06/0600/Nowcast_201908060600_000.nc'
Skipping 2019-08-06 06:15: [Errno 2] No such file or directory: '/gws/ssde/j25b/swift/nflics_nowcasts/2019/08/06/0615/Nowcast_201908060615_000.nc'
Skipping 2019-08-06 06:30: [Errno 2] No such file or directory: '/gws/ssde/j25b/swift/nflics_nowcasts/2019/08/06/0630/Nowcast_201908060630_000.nc'
Skipping 2019-08-06 06:45: [Errno 2] No such file or directory: '/gws/ssde/j25b/swift/nflics_nowcasts/2019/08/06/0645/Nowcast_201908060645_000.nc'
Skipping 2019-08-11 06:00: [Errno 2] No such file or directory: '/gws/ssde/j25b/swift/nflics_nowcasts/2019/08/11/0600/Nowcast_201908110600_000.nc'
Skipping 2019-08-11 06:15: [Errno 2] No such file or directory: '/gws/ssde/j25b/swift/nflics_nowcasts/2019/08/11/0615/Nowcast_201908110615_000.nc'
Skipping 2019-08-11 06:30: [Errno 2] No such file or directory: '/gws/ssde/j25b/swift/nflics_nowcasts/2019/08/11/0630/Nowcast_201908110630_000.nc'
Skipping 2019-08-11 06:45: [Errno 2] No such file or directory: '/gws/ssde/j25b/swift/nflics_nowcasts/2019/08/11/0645/Nowcast_201908110645_000.nc'
Skipping 2019-08-15 06:30: [Errno 2] No such file or directory: '/gws/ssde/j25b/swift/nflics_nowcasts/2019/08/15/0630/Nowcast_201908150630_000.nc'
Skipping 2019-08-15 06:45: [Errno 2] No such file or directory: '/gws/ssde/j25b/swift/nflics_nowcasts/2019/08/15/0645/Nowcast_201908150645_000.nc'
Skipping 2019-08-16 06:00: [Errno 2] No such file or directory: '/gws/ssde/j25b/swift/nflics_nowcasts/2019/08/16/0600/Nowcast_201908160600_000.nc'
Skipping 2019-08-16 06:15: [Errno 2] No such file or directory: '/gws/ssde/j25b/swift/nflics_nowcasts/2019/08/16/0615/Nowcast_201908160615_000.nc'
Skipping 2019-08-16 06:30: [Errno 2] No such file or directory: '/gws/ssde/j25b/swift/nflics_nowcasts/2019/08/16/0630/Nowcast_201908160630_000.nc'
Skipping 2019-08-16 06:45: [Errno 2] No such file or directory: '/gws/ssde/j25b/swift/nflics_nowcasts/2019/08/16/0645/Nowcast_201908160645_000.nc'
Skipping 2019-08-18 06:00: [Errno 2] No such file or directory: '/gws/ssde/j25b/swift/nflics_nowcasts/2019/08/18/0600/Nowcast_201908180600_000.nc'
Skipping 2019-08-18 06:15: [Errno 2] No such file or directory: '/gws/ssde/j25b/swift/nflics_nowcasts/2019/08/18/0615/Nowcast_201908180615_000.nc'
Skipping 2019-08-18 06:30: [Errno 2] No such file or directory: '/gws/ssde/j25b/swift/nflics_nowcasts/2019/08/18/0630/Nowcast_201908180630_000.nc'
Skipping 2019-08-18 06:45: [Errno 2] No such file or directory: '/gws/ssde/j25b/swift/nflics_nowcasts/2019/08/18/0645/Nowcast_201908180645_000.nc'
Skipping 2019-08-20 06:00: [Errno 2] No such file or directory: '/gws/ssde/j25b/swift/nflics_nowcasts/2019/08/20/0600/Nowcast_201908200600_000.nc'
Skipping 2019-08-20 06:15: [Errno 2] No such file or directory: '/gws/ssde/j25b/swift/nflics_nowcasts/2019/08/20/0615/Nowcast_201908200615_000.nc'
Skipping 2019-08-20 06:30: [Errno 2] No such file or directory: '/gws/ssde/j25b/swift/nflics_nowcasts/2019/08/20/0630/Nowcast_201908200630_000.nc'
Skipping 2019-08-20 06:45: [Errno 2] No such file or directory: '/gws/ssde/j25b/swift/nflics_nowcasts/2019/08/20/0645/Nowcast_201908200645_000.nc'
Skipping 2019-08-21 06:00: [Errno 2] No such file or directory: '/gws/ssde/j25b/swift/nflics_nowcasts/2019/08/21/0600/Nowcast_201908210600_000.nc'
Skipping 2019-08-21 06:15: [Errno 2] No such file or directory: '/gws/ssde/j25b/swift/nflics_nowcasts/2019/08/21/0615/Nowcast_201908210615_000.nc'
Skipping 2019-08-21 06:30: [Errno 2] No such file or directory: '/gws/ssde/j25b/swift/nflics_nowcasts/2019/08/21/0630/Nowcast_201908210630_000.nc'
Skipping 2019-08-21 06:45: [Errno 2] No such file or directory: '/gws/ssde/j25b/swift/nflics_nowcasts/2019/08/21/0645/Nowcast_201908210645_000.nc'
Skipping 2019-08-22 06:00: [Errno 2] No such file or directory: '/gws/ssde/j25b/swift/nflics_nowcasts/2019/08/22/0600/Nowcast_201908220600_000.nc'
Skipping 2019-08-22 06:15: [Errno 2] No such file or directory: '/gws/ssde/j25b/swift/nflics_nowcasts/2019/08/22/0615/Nowcast_201908220615_000.nc'
Skipping 2019-08-22 06:30: [Errno 2] No such file or directory: '/gws/ssde/j25b/swift/nflics_nowcasts/2019/08/22/0630/Nowcast_201908220630_000.nc'
Skipping 2019-08-22 06:45: [Errno 2] No such file or directory: '/gws/ssde/j25b/swift/nflics_nowcasts/2019/08/22/0645/Nowcast_201908220645_000.nc'
Skipping 2019-08-24 06:00: [Errno 2] No such file or directory: '/gws/ssde/j25b/swift/nflics_nowcasts/2019/08/24/0600/Nowcast_201908240600_000.nc'
Skipping 2019-08-24 06:15: [Errno 2] No such file or directory: '/gws/ssde/j25b/swift/nflics_nowcasts/2019/08/24/0615/Nowcast_201908240615_000.nc'
Skipping 2019-08-24 06:30: [Errno 2] No such file or directory: '/gws/ssde/j25b/swift/nflics_nowcasts/2019/08/24/0630/Nowcast_201908240630_000.nc'
Skipping 2019-08-24 06:45: [Errno 2] No such file or directory: '/gws/ssde/j25b/swift/nflics_nowcasts/2019/08/24/0645/Nowcast_201908240645_000.nc'
Skipping 2019-08-25 06:00: [Errno 2] No such file or directory: '/gws/ssde/j25b/swift/nflics_nowcasts/2019/08/25/0600/Nowcast_201908250600_000.nc'
Skipping 2019-08-25 06:15: [Errno 2] No such file or directory: '/gws/ssde/j25b/swift/nflics_nowcasts/2019/08/25/0615/Nowcast_201908250615_000.nc'
Skipping 2019-08-25 06:30: [Errno 2] No such file or directory: '/gws/ssde/j25b/swift/nflics_nowcasts/2019/08/25/0630/Nowcast_201908250630_000.nc'
Skipping 2019-08-25 06:45: [Errno 2] No such file or directory: '/gws/ssde/j25b/swift/nflics_nowcasts/2019/08/25/0645/Nowcast_201908250645_000.nc'
Skipping 2019-08-28 06:00: [Errno 2] No such file or directory: '/gws/ssde/j25b/swift/nflics_nowcasts/2019/08/28/0600/Nowcast_201908280600_000.nc'
Skipping 2019-08-28 06:15: [Errno 2] No such file or directory: '/gws/ssde/j25b/swift/nflics_nowcasts/2019/08/28/0615/Nowcast_201908280615_000.nc'
Skipping 2019-08-28 06:30: [Errno 2] No such file or directory: '/gws/ssde/j25b/swift/nflics_nowcasts/2019/08/28/0630/Nowcast_201908280630_000.nc'
Skipping 2019-08-28 06:45: [Errno 2] No such file or directory: '/gws/ssde/j25b/swift/nflics_nowcasts/2019/08/28/0645/Nowcast_201908280645_000.nc'
Skipping 2019-08-29 06:00: [Errno 2] No such file or directory: '/gws/ssde/j25b/swift/nflics_nowcasts/2019/08/29/0600/Nowcast_201908290600_000.nc'
Skipping 2019-08-29 06:15: [Errno 2] No such file or directory: '/gws/ssde/j25b/swift/nflics_nowcasts/2019/08/29/0615/Nowcast_201908290615_000.nc'
Skipping 2019-08-29 06:30: [Errno 2] No such file or directory: '/gws/ssde/j25b/swift/nflics_nowcasts/2019/08/29/0630/Nowcast_201908290630_000.nc'
Skipping 2019-08-29 06:45: [Errno 2] No such file or directory: '/gws/ssde/j25b/swift/nflics_nowcasts/2019/08/29/0645/Nowcast_201908290645_000.nc'
Skipping 2019-08-31 06:00: [Errno 2] No such file or directory: '/gws/ssde/j25b/swift/nflics_nowcasts/2019/08/31/0600/Nowcast_201908310600_000.nc'
All ensemble nowcasts completed on CPU.
======================================================
 Job completed successfully at Sat 29 Nov 12:12:03 GMT 2025
======================================================
