======================================================
 Job started on host1081.jc.rl.ac.uk at Sat 29 Nov 12:12:16 GMT 2025
======================================================
Running ensemble nowcast inference:
 Lead time : 6
 Year      : 2019
 Month     : 08
 Hour      : 11
======================================================
Running on CPU with 8 threads
Loaded 5 ensemble models on CPU
Detected 54 inputs for 2019-08 11 UTC
Skipping 2019-08-01 11:00: [Errno 2] No such file or directory: '/gws/ssde/j25b/swift/nflics_nowcasts/2019/08/01/1100/Nowcast_201908011100_000.nc'
Skipping 2019-08-01 11:15: [Errno 2] No such file or directory: '/gws/ssde/j25b/swift/nflics_nowcasts/2019/08/01/1115/Nowcast_201908011115_000.nc'
Skipping 2019-08-01 11:30: [Errno 2] No such file or directory: '/gws/ssde/j25b/swift/nflics_nowcasts/2019/08/01/1130/Nowcast_201908011130_000.nc'
Skipping 2019-08-01 11:45: [Errno 2] No such file or directory: '/gws/ssde/j25b/swift/nflics_nowcasts/2019/08/01/1145/Nowcast_201908011145_000.nc'
Skipping 2019-08-03 11:30: [Errno 2] No such file or directory: '/gws/ssde/j25b/swift/nflics_nowcasts/2019/08/03/1130/Nowcast_201908031130_000.nc'
Skipping 2019-08-03 11:45: [Errno 2] No such file or directory: '/gws/ssde/j25b/swift/nflics_nowcasts/2019/08/03/1145/Nowcast_201908031145_000.nc'
Skipping 2019-08-06 11:00: [Errno 2] No such file or directory: '/gws/ssde/j25b/swift/nflics_nowcasts/2019/08/06/1100/Nowcast_201908061100_000.nc'
Skipping 2019-08-06 11:15: [Errno 2] No such file or directory: '/gws/ssde/j25b/swift/nflics_nowcasts/2019/08/06/1115/Nowcast_201908061115_000.nc'
Skipping 2019-08-06 11:30: [Errno 2] No such file or directory: '/gws/ssde/j25b/swift/nflics_nowcasts/2019/08/06/1130/Nowcast_201908061130_000.nc'
Skipping 2019-08-06 11:45: [Errno 2] No such file or directory: '/gws/ssde/j25b/swift/nflics_nowcasts/2019/08/06/1145/Nowcast_201908061145_000.nc'
Skipping 2019-08-11 11:00: [Errno 2] No such file or directory: '/gws/ssde/j25b/swift/nflics_nowcasts/2019/08/11/1100/Nowcast_201908111100_000.nc'
Skipping 2019-08-11 11:15: [Errno 2] No such file or directory: '/gws/ssde/j25b/swift/nflics_nowcasts/2019/08/11/1115/Nowcast_201908111115_000.nc'
Skipping 2019-08-11 11:30: [Errno 2] No such file or directory: '/gws/ssde/j25b/swift/nflics_nowcasts/2019/08/11/1130/Nowcast_201908111130_000.nc'
Skipping 2019-08-11 11:45: [Errno 2] No such file or directory: '/gws/ssde/j25b/swift/nflics_nowcasts/2019/08/11/1145/Nowcast_201908111145_000.nc'
Skipping 2019-08-16 11:00: [Errno 2] No such file or directory: '/gws/ssde/j25b/swift/nflics_nowcasts/2019/08/16/1100/Nowcast_201908161100_000.nc'
Skipping 2019-08-16 11:15: [Errno 2] No such file or directory: '/gws/ssde/j25b/swift/nflics_nowcasts/2019/08/16/1115/Nowcast_201908161115_000.nc'
Skipping 2019-08-16 11:30: [Errno 2] No such file or directory: '/gws/ssde/j25b/swift/nflics_nowcasts/2019/08/16/1130/Nowcast_201908161130_000.nc'
Skipping 2019-08-16 11:45: [Errno 2] No such file or directory: '/gws/ssde/j25b/swift/nflics_nowcasts/2019/08/16/1145/Nowcast_201908161145_000.nc'
Skipping 2019-08-18 11:00: [Errno 2] No such file or directory: '/gws/ssde/j25b/swift/nflics_nowcasts/2019/08/18/1100/Nowcast_201908181100_000.nc'
Skipping 2019-08-18 11:15: [Errno 2] No such file or directory: '/gws/ssde/j25b/swift/nflics_nowcasts/2019/08/18/1115/Nowcast_201908181115_000.nc'
Skipping 2019-08-18 11:30: [Errno 2] No such file or directory: '/gws/ssde/j25b/swift/nflics_nowcasts/2019/08/18/1130/Nowcast_201908181130_000.nc'
Skipping 2019-08-18 11:45: [Errno 2] No such file or directory: '/gws/ssde/j25b/swift/nflics_nowcasts/2019/08/18/1145/Nowcast_201908181145_000.nc'
Skipping 2019-08-20 11:15: [Errno 2] No such file or directory: '/gws/ssde/j25b/swift/nflics_nowcasts/2019/08/20/1115/Nowcast_201908201115_000.nc'
Skipping 2019-08-20 11:30: [Errno 2] No such file or directory: '/gws/ssde/j25b/swift/nflics_nowcasts/2019/08/20/1130/Nowcast_201908201130_000.nc'
Skipping 2019-08-20 11:45: [Errno 2] No such file or directory: '/gws/ssde/j25b/swift/nflics_nowcasts/2019/08/20/1145/Nowcast_201908201145_000.nc'
Skipping 2019-08-21 11:00: [Errno 2] No such file or directory: '/gws/ssde/j25b/swift/nflics_nowcasts/2019/08/21/1100/Nowcast_201908211100_000.nc'
Skipping 2019-08-21 11:15: [Errno 2] No such file or directory: '/gws/ssde/j25b/swift/nflics_nowcasts/2019/08/21/1115/Nowcast_201908211115_000.nc'
Skipping 2019-08-21 11:30: [Errno 2] No such file or directory: '/gws/ssde/j25b/swift/nflics_nowcasts/2019/08/21/1130/Nowcast_201908211130_000.nc'
Skipping 2019-08-21 11:45: [Errno 2] No such file or directory: '/gws/ssde/j25b/swift/nflics_nowcasts/2019/08/21/1145/Nowcast_201908211145_000.nc'
Skipping 2019-08-22 11:00: [Errno 2] No such file or directory: '/gws/ssde/j25b/swift/nflics_nowcasts/2019/08/22/1100/Nowcast_201908221100_000.nc'
Skipping 2019-08-22 11:15: [Errno 2] No such file or directory: '/gws/ssde/j25b/swift/nflics_nowcasts/2019/08/22/1115/Nowcast_201908221115_000.nc'
Skipping 2019-08-22 11:30: [Errno 2] No such file or directory: '/gws/ssde/j25b/swift/nflics_nowcasts/2019/08/22/1130/Nowcast_201908221130_000.nc'
Skipping 2019-08-22 11:45: [Errno 2] No such file or directory: '/gws/ssde/j25b/swift/nflics_nowcasts/2019/08/22/1145/Nowcast_201908221145_000.nc'
Skipping 2019-08-24 11:00: [Errno 2] No such file or directory: '/gws/ssde/j25b/swift/nflics_nowcasts/2019/08/24/1100/Nowcast_201908241100_000.nc'
Skipping 2019-08-24 11:15: [Errno 2] No such file or directory: '/gws/ssde/j25b/swift/nflics_nowcasts/2019/08/24/1115/Nowcast_201908241115_000.nc'
Skipping 2019-08-24 11:30: [Errno 2] No such file or directory: '/gws/ssde/j25b/swift/nflics_nowcasts/2019/08/24/1130/Nowcast_201908241130_000.nc'
Skipping 2019-08-24 11:45: [Errno 2] No such file or directory: '/gws/ssde/j25b/swift/nflics_nowcasts/2019/08/24/1145/Nowcast_201908241145_000.nc'
Skipping 2019-08-25 11:00: [Errno 2] No such file or directory: '/gws/ssde/j25b/swift/nflics_nowcasts/2019/08/25/1100/Nowcast_201908251100_000.nc'
Skipping 2019-08-25 11:15: [Errno 2] No such file or directory: '/gws/ssde/j25b/swift/nflics_nowcasts/2019/08/25/1115/Nowcast_201908251115_000.nc'
Skipping 2019-08-25 11:30: [Errno 2] No such file or directory: '/gws/ssde/j25b/swift/nflics_nowcasts/2019/08/25/1130/Nowcast_201908251130_000.nc'
Skipping 2019-08-25 11:45: [Errno 2] No such file or directory: '/gws/ssde/j25b/swift/nflics_nowcasts/2019/08/25/1145/Nowcast_201908251145_000.nc'
Skipping 2019-08-26 11:45: [Errno 2] No such file or directory: '/gws/ssde/j25b/swift/nflics_nowcasts/2019/08/26/1145/Nowcast_201908261145_000.nc'
Skipping 2019-08-27 11:00: [Errno 2] No such file or directory: '/gws/ssde/j25b/swift/nflics_nowcasts/2019/08/27/1100/Nowcast_201908271100_000.nc'
Skipping 2019-08-27 11:15: [Errno 2] No such file or directory: '/gws/ssde/j25b/swift/nflics_nowcasts/2019/08/27/1115/Nowcast_201908271115_000.nc'
Skipping 2019-08-27 11:30: [Errno 2] No such file or directory: '/gws/ssde/j25b/swift/nflics_nowcasts/2019/08/27/1130/Nowcast_201908271130_000.nc'
Skipping 2019-08-27 11:45: [Errno 2] No such file or directory: '/gws/ssde/j25b/swift/nflics_nowcasts/2019/08/27/1145/Nowcast_201908271145_000.nc'
Skipping 2019-08-28 11:00: [Errno 2] No such file or directory: '/gws/ssde/j25b/swift/nflics_nowcasts/2019/08/28/1100/Nowcast_201908281100_000.nc'
Skipping 2019-08-28 11:15: [Errno 2] No such file or directory: '/gws/ssde/j25b/swift/nflics_nowcasts/2019/08/28/1115/Nowcast_201908281115_000.nc'
Skipping 2019-08-28 11:30: [Errno 2] No such file or directory: '/gws/ssde/j25b/swift/nflics_nowcasts/2019/08/28/1130/Nowcast_201908281130_000.nc'
Skipping 2019-08-28 11:45: [Errno 2] No such file or directory: '/gws/ssde/j25b/swift/nflics_nowcasts/2019/08/28/1145/Nowcast_201908281145_000.nc'
Skipping 2019-08-29 11:00: [Errno 2] No such file or directory: '/gws/ssde/j25b/swift/nflics_nowcasts/2019/08/29/1100/Nowcast_201908291100_000.nc'
Skipping 2019-08-29 11:15: [Errno 2] No such file or directory: '/gws/ssde/j25b/swift/nflics_nowcasts/2019/08/29/1115/Nowcast_201908291115_000.nc'
Skipping 2019-08-29 11:30: [Errno 2] No such file or directory: '/gws/ssde/j25b/swift/nflics_nowcasts/2019/08/29/1130/Nowcast_201908291130_000.nc'
Skipping 2019-08-29 11:45: [Errno 2] No such file or directory: '/gws/ssde/j25b/swift/nflics_nowcasts/2019/08/29/1145/Nowcast_201908291145_000.nc'
All ensemble nowcasts completed on CPU.
======================================================
 Job completed successfully at Sat 29 Nov 12:12:24 GMT 2025
======================================================
