======================================================
 Job started on host1158.jc.rl.ac.uk at Sat 29 Nov 12:10:57 GMT 2025
======================================================
Running ensemble nowcast inference:
 Lead time : 6
 Year      : 2019
 Month     : 06
 Hour      : 18
======================================================
Running on CPU with 8 threads
Loaded 5 ensemble models on CPU
Detected 99 inputs for 2019-06 18 UTC
Skipping 2019-06-01 18:00: [Errno 2] No such file or directory: '/gws/ssde/j25b/swift/nflics_nowcasts/2019/06/01/1800/Nowcast_201906011800_000.nc'
Skipping 2019-06-01 18:15: [Errno 2] No such file or directory: '/gws/ssde/j25b/swift/nflics_nowcasts/2019/06/01/1815/Nowcast_201906011815_000.nc'
Skipping 2019-06-01 18:30: [Errno 2] No such file or directory: '/gws/ssde/j25b/swift/nflics_nowcasts/2019/06/01/1830/Nowcast_201906011830_000.nc'
Skipping 2019-06-01 18:45: [Errno 2] No such file or directory: '/gws/ssde/j25b/swift/nflics_nowcasts/2019/06/01/1845/Nowcast_201906011845_000.nc'
Skipping 2019-06-02 18:00: [Errno 2] No such file or directory: '/gws/ssde/j25b/swift/nflics_nowcasts/2019/06/02/1800/Nowcast_201906021800_000.nc'
Skipping 2019-06-02 18:15: [Errno 2] No such file or directory: '/gws/ssde/j25b/swift/nflics_nowcasts/2019/06/02/1815/Nowcast_201906021815_000.nc'
Skipping 2019-06-02 18:30: [Errno 2] No such file or directory: '/gws/ssde/j25b/swift/nflics_nowcasts/2019/06/02/1830/Nowcast_201906021830_000.nc'
Skipping 2019-06-02 18:45: [Errno 2] No such file or directory: '/gws/ssde/j25b/swift/nflics_nowcasts/2019/06/02/1845/Nowcast_201906021845_000.nc'
Skipping 2019-06-03 18:00: [Errno 2] No such file or directory: '/gws/ssde/j25b/swift/nflics_nowcasts/2019/06/03/1800/Nowcast_201906031800_000.nc'
Skipping 2019-06-03 18:15: [Errno 2] No such file or directory: '/gws/ssde/j25b/swift/nflics_nowcasts/2019/06/03/1815/Nowcast_201906031815_000.nc'
Skipping 2019-06-03 18:30: [Errno 2] No such file or directory: '/gws/ssde/j25b/swift/nflics_nowcasts/2019/06/03/1830/Nowcast_201906031830_000.nc'
Skipping 2019-06-03 18:45: [Errno 2] No such file or directory: '/gws/ssde/j25b/swift/nflics_nowcasts/2019/06/03/1845/Nowcast_201906031845_000.nc'
Skipping 2019-06-04 18:00: [Errno 2] No such file or directory: '/gws/ssde/j25b/swift/nflics_nowcasts/2019/06/04/1800/Nowcast_201906041800_000.nc'
Skipping 2019-06-04 18:15: [Errno 2] No such file or directory: '/gws/ssde/j25b/swift/nflics_nowcasts/2019/06/04/1815/Nowcast_201906041815_000.nc'
Skipping 2019-06-04 18:30: [Errno 2] No such file or directory: '/gws/ssde/j25b/swift/nflics_nowcasts/2019/06/04/1830/Nowcast_201906041830_000.nc'
Skipping 2019-06-04 18:45: [Errno 2] No such file or directory: '/gws/ssde/j25b/swift/nflics_nowcasts/2019/06/04/1845/Nowcast_201906041845_000.nc'
Skipping 2019-06-05 18:00: [Errno 2] No such file or directory: '/gws/ssde/j25b/swift/nflics_nowcasts/2019/06/05/1800/Nowcast_201906051800_000.nc'
Skipping 2019-06-05 18:15: [Errno 2] No such file or directory: '/gws/ssde/j25b/swift/nflics_nowcasts/2019/06/05/1815/Nowcast_201906051815_000.nc'
Skipping 2019-06-05 18:30: [Errno 2] No such file or directory: '/gws/ssde/j25b/swift/nflics_nowcasts/2019/06/05/1830/Nowcast_201906051830_000.nc'
Skipping 2019-06-05 18:45: [Errno 2] No such file or directory: '/gws/ssde/j25b/swift/nflics_nowcasts/2019/06/05/1845/Nowcast_201906051845_000.nc'
Skipping 2019-06-06 18:00: [Errno 2] No such file or directory: '/gws/ssde/j25b/swift/nflics_nowcasts/2019/06/06/1800/Nowcast_201906061800_000.nc'
Skipping 2019-06-06 18:15: [Errno 2] No such file or directory: '/gws/ssde/j25b/swift/nflics_nowcasts/2019/06/06/1815/Nowcast_201906061815_000.nc'
Skipping 2019-06-06 18:45: [Errno 2] No such file or directory: '/gws/ssde/j25b/swift/nflics_nowcasts/2019/06/06/1845/Nowcast_201906061845_000.nc'
Skipping 2019-06-07 18:00: [Errno 2] No such file or directory: '/gws/ssde/j25b/swift/nflics_nowcasts/2019/06/07/1800/Nowcast_201906071800_000.nc'
Skipping 2019-06-07 18:15: [Errno 2] No such file or directory: '/gws/ssde/j25b/swift/nflics_nowcasts/2019/06/07/1815/Nowcast_201906071815_000.nc'
Skipping 2019-06-07 18:30: [Errno 2] No such file or directory: '/gws/ssde/j25b/swift/nflics_nowcasts/2019/06/07/1830/Nowcast_201906071830_000.nc'
Skipping 2019-06-07 18:45: [Errno 2] No such file or directory: '/gws/ssde/j25b/swift/nflics_nowcasts/2019/06/07/1845/Nowcast_201906071845_000.nc'
Skipping 2019-06-09 18:00: [Errno 2] No such file or directory: '/gws/ssde/j25b/swift/nflics_nowcasts/2019/06/09/1800/Nowcast_201906091800_000.nc'
Skipping 2019-06-09 18:15: [Errno 2] No such file or directory: '/gws/ssde/j25b/swift/nflics_nowcasts/2019/06/09/1815/Nowcast_201906091815_000.nc'
Skipping 2019-06-09 18:30: [Errno 2] No such file or directory: '/gws/ssde/j25b/swift/nflics_nowcasts/2019/06/09/1830/Nowcast_201906091830_000.nc'
Skipping 2019-06-09 18:45: [Errno 2] No such file or directory: '/gws/ssde/j25b/swift/nflics_nowcasts/2019/06/09/1845/Nowcast_201906091845_000.nc'
Skipping 2019-06-10 18:00: [Errno 2] No such file or directory: '/gws/ssde/j25b/swift/nflics_nowcasts/2019/06/10/1800/Nowcast_201906101800_000.nc'
Skipping 2019-06-10 18:15: [Errno 2] No such file or directory: '/gws/ssde/j25b/swift/nflics_nowcasts/2019/06/10/1815/Nowcast_201906101815_000.nc'
Skipping 2019-06-10 18:30: [Errno 2] No such file or directory: '/gws/ssde/j25b/swift/nflics_nowcasts/2019/06/10/1830/Nowcast_201906101830_000.nc'
Skipping 2019-06-10 18:45: [Errno 2] No such file or directory: '/gws/ssde/j25b/swift/nflics_nowcasts/2019/06/10/1845/Nowcast_201906101845_000.nc'
Skipping 2019-06-11 18:00: [Errno 2] No such file or directory: '/gws/ssde/j25b/swift/nflics_nowcasts/2019/06/11/1800/Nowcast_201906111800_000.nc'
Skipping 2019-06-11 18:15: [Errno 2] No such file or directory: '/gws/ssde/j25b/swift/nflics_nowcasts/2019/06/11/1815/Nowcast_201906111815_000.nc'
Skipping 2019-06-11 18:30: [Errno 2] No such file or directory: '/gws/ssde/j25b/swift/nflics_nowcasts/2019/06/11/1830/Nowcast_201906111830_000.nc'
Skipping 2019-06-11 18:45: [Errno 2] No such file or directory: '/gws/ssde/j25b/swift/nflics_nowcasts/2019/06/11/1845/Nowcast_201906111845_000.nc'
Skipping 2019-06-12 18:00: [Errno 2] No such file or directory: '/gws/ssde/j25b/swift/nflics_nowcasts/2019/06/12/1800/Nowcast_201906121800_000.nc'
Skipping 2019-06-13 18:00: [Errno 2] No such file or directory: '/gws/ssde/j25b/swift/nflics_nowcasts/2019/06/13/1800/Nowcast_201906131800_000.nc'
Skipping 2019-06-13 18:15: [Errno 2] No such file or directory: '/gws/ssde/j25b/swift/nflics_nowcasts/2019/06/13/1815/Nowcast_201906131815_000.nc'
Skipping 2019-06-13 18:30: [Errno 2] No such file or directory: '/gws/ssde/j25b/swift/nflics_nowcasts/2019/06/13/1830/Nowcast_201906131830_000.nc'
Skipping 2019-06-13 18:45: [Errno 2] No such file or directory: '/gws/ssde/j25b/swift/nflics_nowcasts/2019/06/13/1845/Nowcast_201906131845_000.nc'
Skipping 2019-06-14 18:00: [Errno 2] No such file or directory: '/gws/ssde/j25b/swift/nflics_nowcasts/2019/06/14/1800/Nowcast_201906141800_000.nc'
Skipping 2019-06-14 18:15: [Errno 2] No such file or directory: '/gws/ssde/j25b/swift/nflics_nowcasts/2019/06/14/1815/Nowcast_201906141815_000.nc'
Skipping 2019-06-14 18:30: [Errno 2] No such file or directory: '/gws/ssde/j25b/swift/nflics_nowcasts/2019/06/14/1830/Nowcast_201906141830_000.nc'
Skipping 2019-06-14 18:45: [Errno 2] No such file or directory: '/gws/ssde/j25b/swift/nflics_nowcasts/2019/06/14/1845/Nowcast_201906141845_000.nc'
Skipping 2019-06-15 18:00: [Errno 2] No such file or directory: '/gws/ssde/j25b/swift/nflics_nowcasts/2019/06/15/1800/Nowcast_201906151800_000.nc'
Skipping 2019-06-15 18:15: [Errno 2] No such file or directory: '/gws/ssde/j25b/swift/nflics_nowcasts/2019/06/15/1815/Nowcast_201906151815_000.nc'
Skipping 2019-06-15 18:30: [Errno 2] No such file or directory: '/gws/ssde/j25b/swift/nflics_nowcasts/2019/06/15/1830/Nowcast_201906151830_000.nc'
Skipping 2019-06-15 18:45: [Errno 2] No such file or directory: '/gws/ssde/j25b/swift/nflics_nowcasts/2019/06/15/1845/Nowcast_201906151845_000.nc'
Skipping 2019-06-16 18:00: [Errno 2] No such file or directory: '/gws/ssde/j25b/swift/nflics_nowcasts/2019/06/16/1800/Nowcast_201906161800_000.nc'
Skipping 2019-06-16 18:15: [Errno 2] No such file or directory: '/gws/ssde/j25b/swift/nflics_nowcasts/2019/06/16/1815/Nowcast_201906161815_000.nc'
Skipping 2019-06-16 18:30: [Errno 2] No such file or directory: '/gws/ssde/j25b/swift/nflics_nowcasts/2019/06/16/1830/Nowcast_201906161830_000.nc'
Skipping 2019-06-16 18:45: [Errno 2] No such file or directory: '/gws/ssde/j25b/swift/nflics_nowcasts/2019/06/16/1845/Nowcast_201906161845_000.nc'
Skipping 2019-06-17 18:00: [Errno 2] No such file or directory: '/gws/ssde/j25b/swift/nflics_nowcasts/2019/06/17/1800/Nowcast_201906171800_000.nc'
Skipping 2019-06-17 18:15: [Errno 2] No such file or directory: '/gws/ssde/j25b/swift/nflics_nowcasts/2019/06/17/1815/Nowcast_201906171815_000.nc'
Skipping 2019-06-17 18:30: [Errno 2] No such file or directory: '/gws/ssde/j25b/swift/nflics_nowcasts/2019/06/17/1830/Nowcast_201906171830_000.nc'
Skipping 2019-06-17 18:45: [Errno 2] No such file or directory: '/gws/ssde/j25b/swift/nflics_nowcasts/2019/06/17/1845/Nowcast_201906171845_000.nc'
Skipping 2019-06-18 18:00: [Errno 2] No such file or directory: '/gws/ssde/j25b/swift/nflics_nowcasts/2019/06/18/1800/Nowcast_201906181800_000.nc'
Skipping 2019-06-18 18:15: [Errno 2] No such file or directory: '/gws/ssde/j25b/swift/nflics_nowcasts/2019/06/18/1815/Nowcast_201906181815_000.nc'
Skipping 2019-06-18 18:30: [Errno 2] No such file or directory: '/gws/ssde/j25b/swift/nflics_nowcasts/2019/06/18/1830/Nowcast_201906181830_000.nc'
Skipping 2019-06-19 18:00: [Errno 2] No such file or directory: '/gws/ssde/j25b/swift/nflics_nowcasts/2019/06/19/1800/Nowcast_201906191800_000.nc'
Skipping 2019-06-19 18:15: [Errno 2] No such file or directory: '/gws/ssde/j25b/swift/nflics_nowcasts/2019/06/19/1815/Nowcast_201906191815_000.nc'
Skipping 2019-06-19 18:30: [Errno 2] No such file or directory: '/gws/ssde/j25b/swift/nflics_nowcasts/2019/06/19/1830/Nowcast_201906191830_000.nc'
Skipping 2019-06-19 18:45: [Errno 2] No such file or directory: '/gws/ssde/j25b/swift/nflics_nowcasts/2019/06/19/1845/Nowcast_201906191845_000.nc'
Skipping 2019-06-20 18:00: [Errno 2] No such file or directory: '/gws/ssde/j25b/swift/nflics_nowcasts/2019/06/20/1800/Nowcast_201906201800_000.nc'
Skipping 2019-06-20 18:15: [Errno 2] No such file or directory: '/gws/ssde/j25b/swift/nflics_nowcasts/2019/06/20/1815/Nowcast_201906201815_000.nc'
Skipping 2019-06-20 18:30: [Errno 2] No such file or directory: '/gws/ssde/j25b/swift/nflics_nowcasts/2019/06/20/1830/Nowcast_201906201830_000.nc'
Skipping 2019-06-20 18:45: [Errno 2] No such file or directory: '/gws/ssde/j25b/swift/nflics_nowcasts/2019/06/20/1845/Nowcast_201906201845_000.nc'
Skipping 2019-06-21 18:00: [Errno 2] No such file or directory: '/gws/ssde/j25b/swift/nflics_nowcasts/2019/06/21/1800/Nowcast_201906211800_000.nc'
Skipping 2019-06-21 18:15: [Errno 2] No such file or directory: '/gws/ssde/j25b/swift/nflics_nowcasts/2019/06/21/1815/Nowcast_201906211815_000.nc'
Skipping 2019-06-21 18:30: [Errno 2] No such file or directory: '/gws/ssde/j25b/swift/nflics_nowcasts/2019/06/21/1830/Nowcast_201906211830_000.nc'
Skipping 2019-06-21 18:45: [Errno 2] No such file or directory: '/gws/ssde/j25b/swift/nflics_nowcasts/2019/06/21/1845/Nowcast_201906211845_000.nc'
Skipping 2019-06-22 18:00: [Errno 2] No such file or directory: '/gws/ssde/j25b/swift/nflics_nowcasts/2019/06/22/1800/Nowcast_201906221800_000.nc'
Skipping 2019-06-22 18:15: [Errno 2] No such file or directory: '/gws/ssde/j25b/swift/nflics_nowcasts/2019/06/22/1815/Nowcast_201906221815_000.nc'
Skipping 2019-06-22 18:30: [Errno 2] No such file or directory: '/gws/ssde/j25b/swift/nflics_nowcasts/2019/06/22/1830/Nowcast_201906221830_000.nc'
Skipping 2019-06-22 18:45: [Errno 2] No such file or directory: '/gws/ssde/j25b/swift/nflics_nowcasts/2019/06/22/1845/Nowcast_201906221845_000.nc'
Skipping 2019-06-26 18:00: [Errno 2] No such file or directory: '/gws/ssde/j25b/swift/nflics_nowcasts/2019/06/26/1800/Nowcast_201906261800_000.nc'
Skipping 2019-06-26 18:15: [Errno 2] No such file or directory: '/gws/ssde/j25b/swift/nflics_nowcasts/2019/06/26/1815/Nowcast_201906261815_000.nc'
Skipping 2019-06-26 18:30: [Errno 2] No such file or directory: '/gws/ssde/j25b/swift/nflics_nowcasts/2019/06/26/1830/Nowcast_201906261830_000.nc'
Skipping 2019-06-26 18:45: [Errno 2] No such file or directory: '/gws/ssde/j25b/swift/nflics_nowcasts/2019/06/26/1845/Nowcast_201906261845_000.nc'
Skipping 2019-06-27 18:00: [Errno 2] No such file or directory: '/gws/ssde/j25b/swift/nflics_nowcasts/2019/06/27/1800/Nowcast_201906271800_000.nc'
Skipping 2019-06-27 18:15: [Errno 2] No such file or directory: '/gws/ssde/j25b/swift/nflics_nowcasts/2019/06/27/1815/Nowcast_201906271815_000.nc'
Skipping 2019-06-27 18:30: [Errno 2] No such file or directory: '/gws/ssde/j25b/swift/nflics_nowcasts/2019/06/27/1830/Nowcast_201906271830_000.nc'
Skipping 2019-06-27 18:45: [Errno 2] No such file or directory: '/gws/ssde/j25b/swift/nflics_nowcasts/2019/06/27/1845/Nowcast_201906271845_000.nc'
Skipping 2019-06-28 18:00: [Errno 2] No such file or directory: '/gws/ssde/j25b/swift/nflics_nowcasts/2019/06/28/1800/Nowcast_201906281800_000.nc'
Skipping 2019-06-28 18:15: [Errno 2] No such file or directory: '/gws/ssde/j25b/swift/nflics_nowcasts/2019/06/28/1815/Nowcast_201906281815_000.nc'
Skipping 2019-06-28 18:30: [Errno 2] No such file or directory: '/gws/ssde/j25b/swift/nflics_nowcasts/2019/06/28/1830/Nowcast_201906281830_000.nc'
Skipping 2019-06-28 18:45: [Errno 2] No such file or directory: '/gws/ssde/j25b/swift/nflics_nowcasts/2019/06/28/1845/Nowcast_201906281845_000.nc'
Skipping 2019-06-29 18:00: [Errno 2] No such file or directory: '/gws/ssde/j25b/swift/nflics_nowcasts/2019/06/29/1800/Nowcast_201906291800_000.nc'
Skipping 2019-06-29 18:15: [Errno 2] No such file or directory: '/gws/ssde/j25b/swift/nflics_nowcasts/2019/06/29/1815/Nowcast_201906291815_000.nc'
Skipping 2019-06-29 18:30: [Errno 2] No such file or directory: '/gws/ssde/j25b/swift/nflics_nowcasts/2019/06/29/1830/Nowcast_201906291830_000.nc'
Skipping 2019-06-29 18:45: [Errno 2] No such file or directory: '/gws/ssde/j25b/swift/nflics_nowcasts/2019/06/29/1845/Nowcast_201906291845_000.nc'
Skipping 2019-06-30 18:00: [Errno 2] No such file or directory: '/gws/ssde/j25b/swift/nflics_nowcasts/2019/06/30/1800/Nowcast_201906301800_000.nc'
Skipping 2019-06-30 18:15: [Errno 2] No such file or directory: '/gws/ssde/j25b/swift/nflics_nowcasts/2019/06/30/1815/Nowcast_201906301815_000.nc'
Skipping 2019-06-30 18:30: [Errno 2] No such file or directory: '/gws/ssde/j25b/swift/nflics_nowcasts/2019/06/30/1830/Nowcast_201906301830_000.nc'
Skipping 2019-06-30 18:45: [Errno 2] No such file or directory: '/gws/ssde/j25b/swift/nflics_nowcasts/2019/06/30/1845/Nowcast_201906301845_000.nc'
All ensemble nowcasts completed on CPU.
======================================================
 Job completed successfully at Sat 29 Nov 12:11:11 GMT 2025
======================================================
