======================================================
 Job started on host1085.jc.rl.ac.uk at Sat 29 Nov 12:11:16 GMT 2025
======================================================
Running ensemble nowcast inference:
 Lead time : 6
 Year      : 2019
 Month     : 07
 Hour      : 04
======================================================
Running on CPU with 8 threads
Loaded 5 ensemble models on CPU
Detected 57 inputs for 2019-07 04 UTC
Skipping 2019-07-01 04:00: [Errno 2] No such file or directory: '/gws/ssde/j25b/swift/nflics_nowcasts/2019/07/01/0400/Nowcast_201907010400_000.nc'
Skipping 2019-07-01 04:15: [Errno 2] No such file or directory: '/gws/ssde/j25b/swift/nflics_nowcasts/2019/07/01/0415/Nowcast_201907010415_000.nc'
Skipping 2019-07-01 04:30: [Errno 2] No such file or directory: '/gws/ssde/j25b/swift/nflics_nowcasts/2019/07/01/0430/Nowcast_201907010430_000.nc'
Skipping 2019-07-01 04:45: [Errno 2] No such file or directory: '/gws/ssde/j25b/swift/nflics_nowcasts/2019/07/01/0445/Nowcast_201907010445_000.nc'
Skipping 2019-07-02 04:15: [Errno 2] No such file or directory: '/gws/ssde/j25b/swift/nflics_nowcasts/2019/07/02/0415/Nowcast_201907020415_000.nc'
Skipping 2019-07-02 04:30: [Errno 2] No such file or directory: '/gws/ssde/j25b/swift/nflics_nowcasts/2019/07/02/0430/Nowcast_201907020430_000.nc'
Skipping 2019-07-02 04:45: [Errno 2] No such file or directory: '/gws/ssde/j25b/swift/nflics_nowcasts/2019/07/02/0445/Nowcast_201907020445_000.nc'
Skipping 2019-07-03 04:00: [Errno 2] No such file or directory: '/gws/ssde/j25b/swift/nflics_nowcasts/2019/07/03/0400/Nowcast_201907030400_000.nc'
Skipping 2019-07-04 04:45: [Errno 2] No such file or directory: '/gws/ssde/j25b/swift/nflics_nowcasts/2019/07/04/0445/Nowcast_201907040445_000.nc'
Skipping 2019-07-05 04:00: [Errno 2] No such file or directory: '/gws/ssde/j25b/swift/nflics_nowcasts/2019/07/05/0400/Nowcast_201907050400_000.nc'
Skipping 2019-07-05 04:15: [Errno 2] No such file or directory: '/gws/ssde/j25b/swift/nflics_nowcasts/2019/07/05/0415/Nowcast_201907050415_000.nc'
Skipping 2019-07-05 04:30: [Errno 2] No such file or directory: '/gws/ssde/j25b/swift/nflics_nowcasts/2019/07/05/0430/Nowcast_201907050430_000.nc'
Skipping 2019-07-05 04:45: [Errno 2] No such file or directory: '/gws/ssde/j25b/swift/nflics_nowcasts/2019/07/05/0445/Nowcast_201907050445_000.nc'
Skipping 2019-07-06 04:00: [Errno 2] No such file or directory: '/gws/ssde/j25b/swift/nflics_nowcasts/2019/07/06/0400/Nowcast_201907060400_000.nc'
Skipping 2019-07-06 04:15: [Errno 2] No such file or directory: '/gws/ssde/j25b/swift/nflics_nowcasts/2019/07/06/0415/Nowcast_201907060415_000.nc'
Skipping 2019-07-08 04:00: [Errno 2] No such file or directory: '/gws/ssde/j25b/swift/nflics_nowcasts/2019/07/08/0400/Nowcast_201907080400_000.nc'
Skipping 2019-07-08 04:15: [Errno 2] No such file or directory: '/gws/ssde/j25b/swift/nflics_nowcasts/2019/07/08/0415/Nowcast_201907080415_000.nc'
Skipping 2019-07-08 04:30: [Errno 2] No such file or directory: '/gws/ssde/j25b/swift/nflics_nowcasts/2019/07/08/0430/Nowcast_201907080430_000.nc'
Skipping 2019-07-08 04:45: [Errno 2] No such file or directory: '/gws/ssde/j25b/swift/nflics_nowcasts/2019/07/08/0445/Nowcast_201907080445_000.nc'
Skipping 2019-07-09 04:00: [Errno 2] No such file or directory: '/gws/ssde/j25b/swift/nflics_nowcasts/2019/07/09/0400/Nowcast_201907090400_000.nc'
Skipping 2019-07-09 04:15: [Errno 2] No such file or directory: '/gws/ssde/j25b/swift/nflics_nowcasts/2019/07/09/0415/Nowcast_201907090415_000.nc'
Skipping 2019-07-09 04:30: [Errno 2] No such file or directory: '/gws/ssde/j25b/swift/nflics_nowcasts/2019/07/09/0430/Nowcast_201907090430_000.nc'
Skipping 2019-07-13 04:00: [Errno 2] No such file or directory: '/gws/ssde/j25b/swift/nflics_nowcasts/2019/07/13/0400/Nowcast_201907130400_000.nc'
Skipping 2019-07-13 04:15: [Errno 2] No such file or directory: '/gws/ssde/j25b/swift/nflics_nowcasts/2019/07/13/0415/Nowcast_201907130415_000.nc'
Skipping 2019-07-13 04:30: [Errno 2] No such file or directory: '/gws/ssde/j25b/swift/nflics_nowcasts/2019/07/13/0430/Nowcast_201907130430_000.nc'
Skipping 2019-07-13 04:45: [Errno 2] No such file or directory: '/gws/ssde/j25b/swift/nflics_nowcasts/2019/07/13/0445/Nowcast_201907130445_000.nc'
Skipping 2019-07-16 04:00: [Errno 2] No such file or directory: '/gws/ssde/j25b/swift/nflics_nowcasts/2019/07/16/0400/Nowcast_201907160400_000.nc'
Skipping 2019-07-16 04:15: [Errno 2] No such file or directory: '/gws/ssde/j25b/swift/nflics_nowcasts/2019/07/16/0415/Nowcast_201907160415_000.nc'
Skipping 2019-07-16 04:30: [Errno 2] No such file or directory: '/gws/ssde/j25b/swift/nflics_nowcasts/2019/07/16/0430/Nowcast_201907160430_000.nc'
Skipping 2019-07-16 04:45: [Errno 2] No such file or directory: '/gws/ssde/j25b/swift/nflics_nowcasts/2019/07/16/0445/Nowcast_201907160445_000.nc'
Skipping 2019-07-19 04:00: [Errno 2] No such file or directory: '/gws/ssde/j25b/swift/nflics_nowcasts/2019/07/19/0400/Nowcast_201907190400_000.nc'
Skipping 2019-07-19 04:15: [Errno 2] No such file or directory: '/gws/ssde/j25b/swift/nflics_nowcasts/2019/07/19/0415/Nowcast_201907190415_000.nc'
Skipping 2019-07-19 04:30: [Errno 2] No such file or directory: '/gws/ssde/j25b/swift/nflics_nowcasts/2019/07/19/0430/Nowcast_201907190430_000.nc'
Skipping 2019-07-19 04:45: [Errno 2] No such file or directory: '/gws/ssde/j25b/swift/nflics_nowcasts/2019/07/19/0445/Nowcast_201907190445_000.nc'
Skipping 2019-07-23 04:00: [Errno 2] No such file or directory: '/gws/ssde/j25b/swift/nflics_nowcasts/2019/07/23/0400/Nowcast_201907230400_000.nc'
Skipping 2019-07-23 04:15: [Errno 2] No such file or directory: '/gws/ssde/j25b/swift/nflics_nowcasts/2019/07/23/0415/Nowcast_201907230415_000.nc'
Skipping 2019-07-23 04:30: [Errno 2] No such file or directory: '/gws/ssde/j25b/swift/nflics_nowcasts/2019/07/23/0430/Nowcast_201907230430_000.nc'
Skipping 2019-07-23 04:45: [Errno 2] No such file or directory: '/gws/ssde/j25b/swift/nflics_nowcasts/2019/07/23/0445/Nowcast_201907230445_000.nc'
Skipping 2019-07-24 04:15: [Errno 2] No such file or directory: '/gws/ssde/j25b/swift/nflics_nowcasts/2019/07/24/0415/Nowcast_201907240415_000.nc'
Skipping 2019-07-24 04:30: [Errno 2] No such file or directory: '/gws/ssde/j25b/swift/nflics_nowcasts/2019/07/24/0430/Nowcast_201907240430_000.nc'
Skipping 2019-07-24 04:45: [Errno 2] No such file or directory: '/gws/ssde/j25b/swift/nflics_nowcasts/2019/07/24/0445/Nowcast_201907240445_000.nc'
Skipping 2019-07-26 04:00: [Errno 2] No such file or directory: '/gws/ssde/j25b/swift/nflics_nowcasts/2019/07/26/0400/Nowcast_201907260400_000.nc'
Skipping 2019-07-26 04:15: [Errno 2] No such file or directory: '/gws/ssde/j25b/swift/nflics_nowcasts/2019/07/26/0415/Nowcast_201907260415_000.nc'
Skipping 2019-07-26 04:30: [Errno 2] No such file or directory: '/gws/ssde/j25b/swift/nflics_nowcasts/2019/07/26/0430/Nowcast_201907260430_000.nc'
Skipping 2019-07-26 04:45: [Errno 2] No such file or directory: '/gws/ssde/j25b/swift/nflics_nowcasts/2019/07/26/0445/Nowcast_201907260445_000.nc'
Skipping 2019-07-27 04:00: [Errno 2] No such file or directory: '/gws/ssde/j25b/swift/nflics_nowcasts/2019/07/27/0400/Nowcast_201907270400_000.nc'
Skipping 2019-07-27 04:15: [Errno 2] No such file or directory: '/gws/ssde/j25b/swift/nflics_nowcasts/2019/07/27/0415/Nowcast_201907270415_000.nc'
Skipping 2019-07-27 04:30: [Errno 2] No such file or directory: '/gws/ssde/j25b/swift/nflics_nowcasts/2019/07/27/0430/Nowcast_201907270430_000.nc'
Skipping 2019-07-27 04:45: [Errno 2] No such file or directory: '/gws/ssde/j25b/swift/nflics_nowcasts/2019/07/27/0445/Nowcast_201907270445_000.nc'
Skipping 2019-07-28 04:00: [Errno 2] No such file or directory: '/gws/ssde/j25b/swift/nflics_nowcasts/2019/07/28/0400/Nowcast_201907280400_000.nc'
Skipping 2019-07-28 04:15: [Errno 2] No such file or directory: '/gws/ssde/j25b/swift/nflics_nowcasts/2019/07/28/0415/Nowcast_201907280415_000.nc'
Skipping 2019-07-28 04:30: [Errno 2] No such file or directory: '/gws/ssde/j25b/swift/nflics_nowcasts/2019/07/28/0430/Nowcast_201907280430_000.nc'
Skipping 2019-07-28 04:45: [Errno 2] No such file or directory: '/gws/ssde/j25b/swift/nflics_nowcasts/2019/07/28/0445/Nowcast_201907280445_000.nc'
Skipping 2019-07-29 04:15: [Errno 2] No such file or directory: '/gws/ssde/j25b/swift/nflics_nowcasts/2019/07/29/0415/Nowcast_201907290415_000.nc'
Skipping 2019-07-31 04:00: [Errno 2] No such file or directory: '/gws/ssde/j25b/swift/nflics_nowcasts/2019/07/31/0400/Nowcast_201907310400_000.nc'
Skipping 2019-07-31 04:15: [Errno 2] No such file or directory: '/gws/ssde/j25b/swift/nflics_nowcasts/2019/07/31/0415/Nowcast_201907310415_000.nc'
Skipping 2019-07-31 04:30: [Errno 2] No such file or directory: '/gws/ssde/j25b/swift/nflics_nowcasts/2019/07/31/0430/Nowcast_201907310430_000.nc'
All ensemble nowcasts completed on CPU.
======================================================
 Job completed successfully at Sat 29 Nov 12:11:23 GMT 2025
======================================================
