======================================================
 Job started on host1081.jc.rl.ac.uk at Sat 29 Nov 12:11:16 GMT 2025
======================================================
Running ensemble nowcast inference:
 Lead time : 6
 Year      : 2019
 Month     : 07
 Hour      : 00
======================================================
Running on CPU with 8 threads
Loaded 5 ensemble models on CPU
Detected 87 inputs for 2019-07 00 UTC
Skipping 2019-07-01 00:00: [Errno 2] No such file or directory: '/gws/ssde/j25b/swift/nflics_nowcasts/2019/07/01/0000/Nowcast_201907010000_000.nc'
Skipping 2019-07-01 00:15: [Errno 2] No such file or directory: '/gws/ssde/j25b/swift/nflics_nowcasts/2019/07/01/0015/Nowcast_201907010015_000.nc'
Skipping 2019-07-01 00:30: [Errno 2] No such file or directory: '/gws/ssde/j25b/swift/nflics_nowcasts/2019/07/01/0030/Nowcast_201907010030_000.nc'
Skipping 2019-07-01 00:45: [Errno 2] No such file or directory: '/gws/ssde/j25b/swift/nflics_nowcasts/2019/07/01/0045/Nowcast_201907010045_000.nc'
Skipping 2019-07-02 00:00: [Errno 2] No such file or directory: '/gws/ssde/j25b/swift/nflics_nowcasts/2019/07/02/0000/Nowcast_201907020000_000.nc'
Skipping 2019-07-02 00:15: [Errno 2] No such file or directory: '/gws/ssde/j25b/swift/nflics_nowcasts/2019/07/02/0015/Nowcast_201907020015_000.nc'
Skipping 2019-07-02 00:30: [Errno 2] No such file or directory: '/gws/ssde/j25b/swift/nflics_nowcasts/2019/07/02/0030/Nowcast_201907020030_000.nc'
Skipping 2019-07-02 00:45: [Errno 2] No such file or directory: '/gws/ssde/j25b/swift/nflics_nowcasts/2019/07/02/0045/Nowcast_201907020045_000.nc'
Skipping 2019-07-03 00:00: [Errno 2] No such file or directory: '/gws/ssde/j25b/swift/nflics_nowcasts/2019/07/03/0000/Nowcast_201907030000_000.nc'
Skipping 2019-07-03 00:15: [Errno 2] No such file or directory: '/gws/ssde/j25b/swift/nflics_nowcasts/2019/07/03/0015/Nowcast_201907030015_000.nc'
Skipping 2019-07-03 00:30: [Errno 2] No such file or directory: '/gws/ssde/j25b/swift/nflics_nowcasts/2019/07/03/0030/Nowcast_201907030030_000.nc'
Skipping 2019-07-03 00:45: [Errno 2] No such file or directory: '/gws/ssde/j25b/swift/nflics_nowcasts/2019/07/03/0045/Nowcast_201907030045_000.nc'
Skipping 2019-07-05 00:00: [Errno 2] No such file or directory: '/gws/ssde/j25b/swift/nflics_nowcasts/2019/07/05/0000/Nowcast_201907050000_000.nc'
Skipping 2019-07-05 00:15: [Errno 2] No such file or directory: '/gws/ssde/j25b/swift/nflics_nowcasts/2019/07/05/0015/Nowcast_201907050015_000.nc'
Skipping 2019-07-05 00:30: [Errno 2] No such file or directory: '/gws/ssde/j25b/swift/nflics_nowcasts/2019/07/05/0030/Nowcast_201907050030_000.nc'
Skipping 2019-07-05 00:45: [Errno 2] No such file or directory: '/gws/ssde/j25b/swift/nflics_nowcasts/2019/07/05/0045/Nowcast_201907050045_000.nc'
Skipping 2019-07-06 00:00: [Errno 2] No such file or directory: '/gws/ssde/j25b/swift/nflics_nowcasts/2019/07/06/0000/Nowcast_201907060000_000.nc'
Skipping 2019-07-06 00:15: [Errno 2] No such file or directory: '/gws/ssde/j25b/swift/nflics_nowcasts/2019/07/06/0015/Nowcast_201907060015_000.nc'
Skipping 2019-07-06 00:30: [Errno 2] No such file or directory: '/gws/ssde/j25b/swift/nflics_nowcasts/2019/07/06/0030/Nowcast_201907060030_000.nc'
Skipping 2019-07-06 00:45: [Errno 2] No such file or directory: '/gws/ssde/j25b/swift/nflics_nowcasts/2019/07/06/0045/Nowcast_201907060045_000.nc'
Skipping 2019-07-08 00:00: [Errno 2] No such file or directory: '/gws/ssde/j25b/swift/nflics_nowcasts/2019/07/08/0000/Nowcast_201907080000_000.nc'
Skipping 2019-07-08 00:15: [Errno 2] No such file or directory: '/gws/ssde/j25b/swift/nflics_nowcasts/2019/07/08/0015/Nowcast_201907080015_000.nc'
Skipping 2019-07-08 00:30: [Errno 2] No such file or directory: '/gws/ssde/j25b/swift/nflics_nowcasts/2019/07/08/0030/Nowcast_201907080030_000.nc'
Skipping 2019-07-08 00:45: [Errno 2] No such file or directory: '/gws/ssde/j25b/swift/nflics_nowcasts/2019/07/08/0045/Nowcast_201907080045_000.nc'
Skipping 2019-07-09 00:00: [Errno 2] No such file or directory: '/gws/ssde/j25b/swift/nflics_nowcasts/2019/07/09/0000/Nowcast_201907090000_000.nc'
Skipping 2019-07-09 00:15: [Errno 2] No such file or directory: '/gws/ssde/j25b/swift/nflics_nowcasts/2019/07/09/0015/Nowcast_201907090015_000.nc'
Skipping 2019-07-09 00:30: [Errno 2] No such file or directory: '/gws/ssde/j25b/swift/nflics_nowcasts/2019/07/09/0030/Nowcast_201907090030_000.nc'
Skipping 2019-07-09 00:45: [Errno 2] No such file or directory: '/gws/ssde/j25b/swift/nflics_nowcasts/2019/07/09/0045/Nowcast_201907090045_000.nc'
Skipping 2019-07-11 00:00: [Errno 2] No such file or directory: '/gws/ssde/j25b/swift/nflics_nowcasts/2019/07/11/0000/Nowcast_201907110000_000.nc'
Skipping 2019-07-13 00:00: [Errno 2] No such file or directory: '/gws/ssde/j25b/swift/nflics_nowcasts/2019/07/13/0000/Nowcast_201907130000_000.nc'
Skipping 2019-07-13 00:15: [Errno 2] No such file or directory: '/gws/ssde/j25b/swift/nflics_nowcasts/2019/07/13/0015/Nowcast_201907130015_000.nc'
Skipping 2019-07-13 00:30: [Errno 2] No such file or directory: '/gws/ssde/j25b/swift/nflics_nowcasts/2019/07/13/0030/Nowcast_201907130030_000.nc'
Skipping 2019-07-13 00:45: [Errno 2] No such file or directory: '/gws/ssde/j25b/swift/nflics_nowcasts/2019/07/13/0045/Nowcast_201907130045_000.nc'
Skipping 2019-07-16 00:00: [Errno 2] No such file or directory: '/gws/ssde/j25b/swift/nflics_nowcasts/2019/07/16/0000/Nowcast_201907160000_000.nc'
Skipping 2019-07-16 00:15: [Errno 2] No such file or directory: '/gws/ssde/j25b/swift/nflics_nowcasts/2019/07/16/0015/Nowcast_201907160015_000.nc'
Skipping 2019-07-16 00:30: [Errno 2] No such file or directory: '/gws/ssde/j25b/swift/nflics_nowcasts/2019/07/16/0030/Nowcast_201907160030_000.nc'
Skipping 2019-07-16 00:45: [Errno 2] No such file or directory: '/gws/ssde/j25b/swift/nflics_nowcasts/2019/07/16/0045/Nowcast_201907160045_000.nc'
Skipping 2019-07-17 00:00: [Errno 2] No such file or directory: '/gws/ssde/j25b/swift/nflics_nowcasts/2019/07/17/0000/Nowcast_201907170000_000.nc'
Skipping 2019-07-17 00:15: [Errno 2] No such file or directory: '/gws/ssde/j25b/swift/nflics_nowcasts/2019/07/17/0015/Nowcast_201907170015_000.nc'
Skipping 2019-07-17 00:30: [Errno 2] No such file or directory: '/gws/ssde/j25b/swift/nflics_nowcasts/2019/07/17/0030/Nowcast_201907170030_000.nc'
Skipping 2019-07-17 00:45: [Errno 2] No such file or directory: '/gws/ssde/j25b/swift/nflics_nowcasts/2019/07/17/0045/Nowcast_201907170045_000.nc'
Skipping 2019-07-18 00:00: [Errno 2] No such file or directory: '/gws/ssde/j25b/swift/nflics_nowcasts/2019/07/18/0000/Nowcast_201907180000_000.nc'
Skipping 2019-07-18 00:15: [Errno 2] No such file or directory: '/gws/ssde/j25b/swift/nflics_nowcasts/2019/07/18/0015/Nowcast_201907180015_000.nc'
Skipping 2019-07-18 00:30: [Errno 2] No such file or directory: '/gws/ssde/j25b/swift/nflics_nowcasts/2019/07/18/0030/Nowcast_201907180030_000.nc'
Skipping 2019-07-18 00:45: [Errno 2] No such file or directory: '/gws/ssde/j25b/swift/nflics_nowcasts/2019/07/18/0045/Nowcast_201907180045_000.nc'
Skipping 2019-07-19 00:00: [Errno 2] No such file or directory: '/gws/ssde/j25b/swift/nflics_nowcasts/2019/07/19/0000/Nowcast_201907190000_000.nc'
Skipping 2019-07-19 00:15: [Errno 2] No such file or directory: '/gws/ssde/j25b/swift/nflics_nowcasts/2019/07/19/0015/Nowcast_201907190015_000.nc'
Skipping 2019-07-19 00:45: [Errno 2] No such file or directory: '/gws/ssde/j25b/swift/nflics_nowcasts/2019/07/19/0045/Nowcast_201907190045_000.nc'
Skipping 2019-07-22 00:00: [Errno 2] No such file or directory: '/gws/ssde/j25b/swift/nflics_nowcasts/2019/07/22/0000/Nowcast_201907220000_000.nc'
Skipping 2019-07-22 00:15: [Errno 2] No such file or directory: '/gws/ssde/j25b/swift/nflics_nowcasts/2019/07/22/0015/Nowcast_201907220015_000.nc'
Skipping 2019-07-22 00:30: [Errno 2] No such file or directory: '/gws/ssde/j25b/swift/nflics_nowcasts/2019/07/22/0030/Nowcast_201907220030_000.nc'
Skipping 2019-07-22 00:45: [Errno 2] No such file or directory: '/gws/ssde/j25b/swift/nflics_nowcasts/2019/07/22/0045/Nowcast_201907220045_000.nc'
Skipping 2019-07-23 00:00: [Errno 2] No such file or directory: '/gws/ssde/j25b/swift/nflics_nowcasts/2019/07/23/0000/Nowcast_201907230000_000.nc'
Skipping 2019-07-23 00:15: [Errno 2] No such file or directory: '/gws/ssde/j25b/swift/nflics_nowcasts/2019/07/23/0015/Nowcast_201907230015_000.nc'
Skipping 2019-07-23 00:30: [Errno 2] No such file or directory: '/gws/ssde/j25b/swift/nflics_nowcasts/2019/07/23/0030/Nowcast_201907230030_000.nc'
Skipping 2019-07-23 00:45: [Errno 2] No such file or directory: '/gws/ssde/j25b/swift/nflics_nowcasts/2019/07/23/0045/Nowcast_201907230045_000.nc'
Skipping 2019-07-24 00:00: [Errno 2] No such file or directory: '/gws/ssde/j25b/swift/nflics_nowcasts/2019/07/24/0000/Nowcast_201907240000_000.nc'
Skipping 2019-07-24 00:15: [Errno 2] No such file or directory: '/gws/ssde/j25b/swift/nflics_nowcasts/2019/07/24/0015/Nowcast_201907240015_000.nc'
Skipping 2019-07-24 00:30: [Errno 2] No such file or directory: '/gws/ssde/j25b/swift/nflics_nowcasts/2019/07/24/0030/Nowcast_201907240030_000.nc'
Skipping 2019-07-24 00:45: [Errno 2] No such file or directory: '/gws/ssde/j25b/swift/nflics_nowcasts/2019/07/24/0045/Nowcast_201907240045_000.nc'
Skipping 2019-07-25 00:00: [Errno 2] No such file or directory: '/gws/ssde/j25b/swift/nflics_nowcasts/2019/07/25/0000/Nowcast_201907250000_000.nc'
Skipping 2019-07-25 00:15: [Errno 2] No such file or directory: '/gws/ssde/j25b/swift/nflics_nowcasts/2019/07/25/0015/Nowcast_201907250015_000.nc'
Skipping 2019-07-25 00:30: [Errno 2] No such file or directory: '/gws/ssde/j25b/swift/nflics_nowcasts/2019/07/25/0030/Nowcast_201907250030_000.nc'
Skipping 2019-07-25 00:45: [Errno 2] No such file or directory: '/gws/ssde/j25b/swift/nflics_nowcasts/2019/07/25/0045/Nowcast_201907250045_000.nc'
Skipping 2019-07-26 00:00: [Errno 2] No such file or directory: '/gws/ssde/j25b/swift/nflics_nowcasts/2019/07/26/0000/Nowcast_201907260000_000.nc'
Skipping 2019-07-26 00:15: [Errno 2] No such file or directory: '/gws/ssde/j25b/swift/nflics_nowcasts/2019/07/26/0015/Nowcast_201907260015_000.nc'
Skipping 2019-07-26 00:30: [Errno 2] No such file or directory: '/gws/ssde/j25b/swift/nflics_nowcasts/2019/07/26/0030/Nowcast_201907260030_000.nc'
Skipping 2019-07-26 00:45: [Errno 2] No such file or directory: '/gws/ssde/j25b/swift/nflics_nowcasts/2019/07/26/0045/Nowcast_201907260045_000.nc'
Skipping 2019-07-27 00:00: [Errno 2] No such file or directory: '/gws/ssde/j25b/swift/nflics_nowcasts/2019/07/27/0000/Nowcast_201907270000_000.nc'
Skipping 2019-07-27 00:15: [Errno 2] No such file or directory: '/gws/ssde/j25b/swift/nflics_nowcasts/2019/07/27/0015/Nowcast_201907270015_000.nc'
Skipping 2019-07-27 00:30: [Errno 2] No such file or directory: '/gws/ssde/j25b/swift/nflics_nowcasts/2019/07/27/0030/Nowcast_201907270030_000.nc'
Skipping 2019-07-27 00:45: [Errno 2] No such file or directory: '/gws/ssde/j25b/swift/nflics_nowcasts/2019/07/27/0045/Nowcast_201907270045_000.nc'
Skipping 2019-07-28 00:00: [Errno 2] No such file or directory: '/gws/ssde/j25b/swift/nflics_nowcasts/2019/07/28/0000/Nowcast_201907280000_000.nc'
Skipping 2019-07-28 00:15: [Errno 2] No such file or directory: '/gws/ssde/j25b/swift/nflics_nowcasts/2019/07/28/0015/Nowcast_201907280015_000.nc'
Skipping 2019-07-28 00:30: [Errno 2] No such file or directory: '/gws/ssde/j25b/swift/nflics_nowcasts/2019/07/28/0030/Nowcast_201907280030_000.nc'
Skipping 2019-07-28 00:45: [Errno 2] No such file or directory: '/gws/ssde/j25b/swift/nflics_nowcasts/2019/07/28/0045/Nowcast_201907280045_000.nc'
Skipping 2019-07-29 00:00: [Errno 2] No such file or directory: '/gws/ssde/j25b/swift/nflics_nowcasts/2019/07/29/0000/Nowcast_201907290000_000.nc'
Skipping 2019-07-29 00:15: [Errno 2] No such file or directory: '/gws/ssde/j25b/swift/nflics_nowcasts/2019/07/29/0015/Nowcast_201907290015_000.nc'
Skipping 2019-07-29 00:30: [Errno 2] No such file or directory: '/gws/ssde/j25b/swift/nflics_nowcasts/2019/07/29/0030/Nowcast_201907290030_000.nc'
Skipping 2019-07-30 00:00: [Errno 2] No such file or directory: '/gws/ssde/j25b/swift/nflics_nowcasts/2019/07/30/0000/Nowcast_201907300000_000.nc'
Skipping 2019-07-30 00:15: [Errno 2] No such file or directory: '/gws/ssde/j25b/swift/nflics_nowcasts/2019/07/30/0015/Nowcast_201907300015_000.nc'
Skipping 2019-07-30 00:30: [Errno 2] No such file or directory: '/gws/ssde/j25b/swift/nflics_nowcasts/2019/07/30/0030/Nowcast_201907300030_000.nc'
Skipping 2019-07-30 00:45: [Errno 2] No such file or directory: '/gws/ssde/j25b/swift/nflics_nowcasts/2019/07/30/0045/Nowcast_201907300045_000.nc'
Skipping 2019-07-31 00:00: [Errno 2] No such file or directory: '/gws/ssde/j25b/swift/nflics_nowcasts/2019/07/31/0000/Nowcast_201907310000_000.nc'
Skipping 2019-07-31 00:15: [Errno 2] No such file or directory: '/gws/ssde/j25b/swift/nflics_nowcasts/2019/07/31/0015/Nowcast_201907310015_000.nc'
Skipping 2019-07-31 00:30: [Errno 2] No such file or directory: '/gws/ssde/j25b/swift/nflics_nowcasts/2019/07/31/0030/Nowcast_201907310030_000.nc'
Skipping 2019-07-31 00:45: [Errno 2] No such file or directory: '/gws/ssde/j25b/swift/nflics_nowcasts/2019/07/31/0045/Nowcast_201907310045_000.nc'
All ensemble nowcasts completed on CPU.
======================================================
 Job completed successfully at Sat 29 Nov 12:11:24 GMT 2025
======================================================
