======================================================
 Job started on host1111.jc.rl.ac.uk at Sat 29 Nov 12:11:56 GMT 2025
======================================================
Running ensemble nowcast inference:
 Lead time : 1
 Year      : 2019
 Month     : 07
 Hour      : 22
======================================================
Running on CPU with 8 threads
Loaded 5 ensemble models on CPU
Detected 89 inputs for 2019-07 22 UTC
Skipping 2019-07-01 22:00: [Errno 2] No such file or directory: '/gws/ssde/j25b/swift/nflics_nowcasts/2019/07/01/2200/Nowcast_201907012200_000.nc'
Skipping 2019-07-01 22:15: [Errno 2] No such file or directory: '/gws/ssde/j25b/swift/nflics_nowcasts/2019/07/01/2215/Nowcast_201907012215_000.nc'
Skipping 2019-07-01 22:30: [Errno 2] No such file or directory: '/gws/ssde/j25b/swift/nflics_nowcasts/2019/07/01/2230/Nowcast_201907012230_000.nc'
Skipping 2019-07-01 22:45: [Errno 2] No such file or directory: '/gws/ssde/j25b/swift/nflics_nowcasts/2019/07/01/2245/Nowcast_201907012245_000.nc'
Skipping 2019-07-02 22:00: [Errno 2] No such file or directory: '/gws/ssde/j25b/swift/nflics_nowcasts/2019/07/02/2200/Nowcast_201907022200_000.nc'
Skipping 2019-07-02 22:15: [Errno 2] No such file or directory: '/gws/ssde/j25b/swift/nflics_nowcasts/2019/07/02/2215/Nowcast_201907022215_000.nc'
Skipping 2019-07-02 22:30: [Errno 2] No such file or directory: '/gws/ssde/j25b/swift/nflics_nowcasts/2019/07/02/2230/Nowcast_201907022230_000.nc'
Skipping 2019-07-02 22:45: [Errno 2] No such file or directory: '/gws/ssde/j25b/swift/nflics_nowcasts/2019/07/02/2245/Nowcast_201907022245_000.nc'
Skipping 2019-07-04 22:00: [Errno 2] No such file or directory: '/gws/ssde/j25b/swift/nflics_nowcasts/2019/07/04/2200/Nowcast_201907042200_000.nc'
Skipping 2019-07-04 22:15: [Errno 2] No such file or directory: '/gws/ssde/j25b/swift/nflics_nowcasts/2019/07/04/2215/Nowcast_201907042215_000.nc'
Skipping 2019-07-04 22:30: [Errno 2] No such file or directory: '/gws/ssde/j25b/swift/nflics_nowcasts/2019/07/04/2230/Nowcast_201907042230_000.nc'
Skipping 2019-07-04 22:45: [Errno 2] No such file or directory: '/gws/ssde/j25b/swift/nflics_nowcasts/2019/07/04/2245/Nowcast_201907042245_000.nc'
Skipping 2019-07-05 22:00: [Errno 2] No such file or directory: '/gws/ssde/j25b/swift/nflics_nowcasts/2019/07/05/2200/Nowcast_201907052200_000.nc'
Skipping 2019-07-05 22:15: [Errno 2] No such file or directory: '/gws/ssde/j25b/swift/nflics_nowcasts/2019/07/05/2215/Nowcast_201907052215_000.nc'
Skipping 2019-07-05 22:30: [Errno 2] No such file or directory: '/gws/ssde/j25b/swift/nflics_nowcasts/2019/07/05/2230/Nowcast_201907052230_000.nc'
Skipping 2019-07-05 22:45: [Errno 2] No such file or directory: '/gws/ssde/j25b/swift/nflics_nowcasts/2019/07/05/2245/Nowcast_201907052245_000.nc'
Skipping 2019-07-07 22:00: [Errno 2] No such file or directory: '/gws/ssde/j25b/swift/nflics_nowcasts/2019/07/07/2200/Nowcast_201907072200_000.nc'
Skipping 2019-07-07 22:15: [Errno 2] No such file or directory: '/gws/ssde/j25b/swift/nflics_nowcasts/2019/07/07/2215/Nowcast_201907072215_000.nc'
Skipping 2019-07-07 22:30: [Errno 2] No such file or directory: '/gws/ssde/j25b/swift/nflics_nowcasts/2019/07/07/2230/Nowcast_201907072230_000.nc'
Skipping 2019-07-07 22:45: [Errno 2] No such file or directory: '/gws/ssde/j25b/swift/nflics_nowcasts/2019/07/07/2245/Nowcast_201907072245_000.nc'
Skipping 2019-07-08 22:00: [Errno 2] No such file or directory: '/gws/ssde/j25b/swift/nflics_nowcasts/2019/07/08/2200/Nowcast_201907082200_000.nc'
Skipping 2019-07-08 22:15: [Errno 2] No such file or directory: '/gws/ssde/j25b/swift/nflics_nowcasts/2019/07/08/2215/Nowcast_201907082215_000.nc'
Skipping 2019-07-08 22:30: [Errno 2] No such file or directory: '/gws/ssde/j25b/swift/nflics_nowcasts/2019/07/08/2230/Nowcast_201907082230_000.nc'
Skipping 2019-07-08 22:45: [Errno 2] No such file or directory: '/gws/ssde/j25b/swift/nflics_nowcasts/2019/07/08/2245/Nowcast_201907082245_000.nc'
Skipping 2019-07-10 22:00: [Errno 2] No such file or directory: '/gws/ssde/j25b/swift/nflics_nowcasts/2019/07/10/2200/Nowcast_201907102200_000.nc'
Skipping 2019-07-10 22:15: [Errno 2] No such file or directory: '/gws/ssde/j25b/swift/nflics_nowcasts/2019/07/10/2215/Nowcast_201907102215_000.nc'
Skipping 2019-07-10 22:30: [Errno 2] No such file or directory: '/gws/ssde/j25b/swift/nflics_nowcasts/2019/07/10/2230/Nowcast_201907102230_000.nc'
Skipping 2019-07-12 22:00: [Errno 2] No such file or directory: '/gws/ssde/j25b/swift/nflics_nowcasts/2019/07/12/2200/Nowcast_201907122200_000.nc'
Skipping 2019-07-12 22:15: [Errno 2] No such file or directory: '/gws/ssde/j25b/swift/nflics_nowcasts/2019/07/12/2215/Nowcast_201907122215_000.nc'
Skipping 2019-07-12 22:30: [Errno 2] No such file or directory: '/gws/ssde/j25b/swift/nflics_nowcasts/2019/07/12/2230/Nowcast_201907122230_000.nc'
Skipping 2019-07-12 22:45: [Errno 2] No such file or directory: '/gws/ssde/j25b/swift/nflics_nowcasts/2019/07/12/2245/Nowcast_201907122245_000.nc'
Skipping 2019-07-15 22:00: [Errno 2] No such file or directory: '/gws/ssde/j25b/swift/nflics_nowcasts/2019/07/15/2200/Nowcast_201907152200_000.nc'
Skipping 2019-07-15 22:15: [Errno 2] No such file or directory: '/gws/ssde/j25b/swift/nflics_nowcasts/2019/07/15/2215/Nowcast_201907152215_000.nc'
Skipping 2019-07-15 22:30: [Errno 2] No such file or directory: '/gws/ssde/j25b/swift/nflics_nowcasts/2019/07/15/2230/Nowcast_201907152230_000.nc'
Skipping 2019-07-15 22:45: [Errno 2] No such file or directory: '/gws/ssde/j25b/swift/nflics_nowcasts/2019/07/15/2245/Nowcast_201907152245_000.nc'
Skipping 2019-07-16 22:00: [Errno 2] No such file or directory: '/gws/ssde/j25b/swift/nflics_nowcasts/2019/07/16/2200/Nowcast_201907162200_000.nc'
Skipping 2019-07-16 22:15: [Errno 2] No such file or directory: '/gws/ssde/j25b/swift/nflics_nowcasts/2019/07/16/2215/Nowcast_201907162215_000.nc'
Skipping 2019-07-16 22:30: [Errno 2] No such file or directory: '/gws/ssde/j25b/swift/nflics_nowcasts/2019/07/16/2230/Nowcast_201907162230_000.nc'
Skipping 2019-07-16 22:45: [Errno 2] No such file or directory: '/gws/ssde/j25b/swift/nflics_nowcasts/2019/07/16/2245/Nowcast_201907162245_000.nc'
Skipping 2019-07-17 22:00: [Errno 2] No such file or directory: '/gws/ssde/j25b/swift/nflics_nowcasts/2019/07/17/2200/Nowcast_201907172200_000.nc'
Skipping 2019-07-17 22:15: [Errno 2] No such file or directory: '/gws/ssde/j25b/swift/nflics_nowcasts/2019/07/17/2215/Nowcast_201907172215_000.nc'
Skipping 2019-07-18 22:00: [Errno 2] No such file or directory: '/gws/ssde/j25b/swift/nflics_nowcasts/2019/07/18/2200/Nowcast_201907182200_000.nc'
Skipping 2019-07-18 22:15: [Errno 2] No such file or directory: '/gws/ssde/j25b/swift/nflics_nowcasts/2019/07/18/2215/Nowcast_201907182215_000.nc'
Skipping 2019-07-18 22:30: [Errno 2] No such file or directory: '/gws/ssde/j25b/swift/nflics_nowcasts/2019/07/18/2230/Nowcast_201907182230_000.nc'
Skipping 2019-07-18 22:45: [Errno 2] No such file or directory: '/gws/ssde/j25b/swift/nflics_nowcasts/2019/07/18/2245/Nowcast_201907182245_000.nc'
Skipping 2019-07-21 22:00: [Errno 2] No such file or directory: '/gws/ssde/j25b/swift/nflics_nowcasts/2019/07/21/2200/Nowcast_201907212200_000.nc'
Skipping 2019-07-21 22:15: [Errno 2] No such file or directory: '/gws/ssde/j25b/swift/nflics_nowcasts/2019/07/21/2215/Nowcast_201907212215_000.nc'
Skipping 2019-07-21 22:30: [Errno 2] No such file or directory: '/gws/ssde/j25b/swift/nflics_nowcasts/2019/07/21/2230/Nowcast_201907212230_000.nc'
Skipping 2019-07-21 22:45: [Errno 2] No such file or directory: '/gws/ssde/j25b/swift/nflics_nowcasts/2019/07/21/2245/Nowcast_201907212245_000.nc'
Skipping 2019-07-22 22:00: [Errno 2] No such file or directory: '/gws/ssde/j25b/swift/nflics_nowcasts/2019/07/22/2200/Nowcast_201907222200_000.nc'
Skipping 2019-07-22 22:15: [Errno 2] No such file or directory: '/gws/ssde/j25b/swift/nflics_nowcasts/2019/07/22/2215/Nowcast_201907222215_000.nc'
Skipping 2019-07-22 22:30: [Errno 2] No such file or directory: '/gws/ssde/j25b/swift/nflics_nowcasts/2019/07/22/2230/Nowcast_201907222230_000.nc'
Skipping 2019-07-22 22:45: [Errno 2] No such file or directory: '/gws/ssde/j25b/swift/nflics_nowcasts/2019/07/22/2245/Nowcast_201907222245_000.nc'
Skipping 2019-07-23 22:00: [Errno 2] No such file or directory: '/gws/ssde/j25b/swift/nflics_nowcasts/2019/07/23/2200/Nowcast_201907232200_000.nc'
Skipping 2019-07-23 22:15: [Errno 2] No such file or directory: '/gws/ssde/j25b/swift/nflics_nowcasts/2019/07/23/2215/Nowcast_201907232215_000.nc'
Skipping 2019-07-23 22:30: [Errno 2] No such file or directory: '/gws/ssde/j25b/swift/nflics_nowcasts/2019/07/23/2230/Nowcast_201907232230_000.nc'
Skipping 2019-07-23 22:45: [Errno 2] No such file or directory: '/gws/ssde/j25b/swift/nflics_nowcasts/2019/07/23/2245/Nowcast_201907232245_000.nc'
Skipping 2019-07-24 22:00: [Errno 2] No such file or directory: '/gws/ssde/j25b/swift/nflics_nowcasts/2019/07/24/2200/Nowcast_201907242200_000.nc'
Skipping 2019-07-24 22:15: [Errno 2] No such file or directory: '/gws/ssde/j25b/swift/nflics_nowcasts/2019/07/24/2215/Nowcast_201907242215_000.nc'
Skipping 2019-07-24 22:30: [Errno 2] No such file or directory: '/gws/ssde/j25b/swift/nflics_nowcasts/2019/07/24/2230/Nowcast_201907242230_000.nc'
Skipping 2019-07-24 22:45: [Errno 2] No such file or directory: '/gws/ssde/j25b/swift/nflics_nowcasts/2019/07/24/2245/Nowcast_201907242245_000.nc'
Skipping 2019-07-25 22:00: [Errno 2] No such file or directory: '/gws/ssde/j25b/swift/nflics_nowcasts/2019/07/25/2200/Nowcast_201907252200_000.nc'
Skipping 2019-07-25 22:15: [Errno 2] No such file or directory: '/gws/ssde/j25b/swift/nflics_nowcasts/2019/07/25/2215/Nowcast_201907252215_000.nc'
Skipping 2019-07-25 22:30: [Errno 2] No such file or directory: '/gws/ssde/j25b/swift/nflics_nowcasts/2019/07/25/2230/Nowcast_201907252230_000.nc'
Skipping 2019-07-25 22:45: [Errno 2] No such file or directory: '/gws/ssde/j25b/swift/nflics_nowcasts/2019/07/25/2245/Nowcast_201907252245_000.nc'
Skipping 2019-07-26 22:00: [Errno 2] No such file or directory: '/gws/ssde/j25b/swift/nflics_nowcasts/2019/07/26/2200/Nowcast_201907262200_000.nc'
Skipping 2019-07-26 22:15: [Errno 2] No such file or directory: '/gws/ssde/j25b/swift/nflics_nowcasts/2019/07/26/2215/Nowcast_201907262215_000.nc'
Skipping 2019-07-26 22:30: [Errno 2] No such file or directory: '/gws/ssde/j25b/swift/nflics_nowcasts/2019/07/26/2230/Nowcast_201907262230_000.nc'
Skipping 2019-07-26 22:45: [Errno 2] No such file or directory: '/gws/ssde/j25b/swift/nflics_nowcasts/2019/07/26/2245/Nowcast_201907262245_000.nc'
Skipping 2019-07-27 22:00: [Errno 2] No such file or directory: '/gws/ssde/j25b/swift/nflics_nowcasts/2019/07/27/2200/Nowcast_201907272200_000.nc'
Skipping 2019-07-27 22:15: [Errno 2] No such file or directory: '/gws/ssde/j25b/swift/nflics_nowcasts/2019/07/27/2215/Nowcast_201907272215_000.nc'
Skipping 2019-07-27 22:30: [Errno 2] No such file or directory: '/gws/ssde/j25b/swift/nflics_nowcasts/2019/07/27/2230/Nowcast_201907272230_000.nc'
Skipping 2019-07-27 22:45: [Errno 2] No such file or directory: '/gws/ssde/j25b/swift/nflics_nowcasts/2019/07/27/2245/Nowcast_201907272245_000.nc'
Skipping 2019-07-28 22:00: [Errno 2] No such file or directory: '/gws/ssde/j25b/swift/nflics_nowcasts/2019/07/28/2200/Nowcast_201907282200_000.nc'
Skipping 2019-07-28 22:15: [Errno 2] No such file or directory: '/gws/ssde/j25b/swift/nflics_nowcasts/2019/07/28/2215/Nowcast_201907282215_000.nc'
Skipping 2019-07-28 22:30: [Errno 2] No such file or directory: '/gws/ssde/j25b/swift/nflics_nowcasts/2019/07/28/2230/Nowcast_201907282230_000.nc'
Skipping 2019-07-28 22:45: [Errno 2] No such file or directory: '/gws/ssde/j25b/swift/nflics_nowcasts/2019/07/28/2245/Nowcast_201907282245_000.nc'
Skipping 2019-07-29 22:00: [Errno 2] No such file or directory: '/gws/ssde/j25b/swift/nflics_nowcasts/2019/07/29/2200/Nowcast_201907292200_000.nc'
Skipping 2019-07-29 22:15: [Errno 2] No such file or directory: '/gws/ssde/j25b/swift/nflics_nowcasts/2019/07/29/2215/Nowcast_201907292215_000.nc'
Skipping 2019-07-29 22:30: [Errno 2] No such file or directory: '/gws/ssde/j25b/swift/nflics_nowcasts/2019/07/29/2230/Nowcast_201907292230_000.nc'
Skipping 2019-07-29 22:45: [Errno 2] No such file or directory: '/gws/ssde/j25b/swift/nflics_nowcasts/2019/07/29/2245/Nowcast_201907292245_000.nc'
Skipping 2019-07-30 22:00: [Errno 2] No such file or directory: '/gws/ssde/j25b/swift/nflics_nowcasts/2019/07/30/2200/Nowcast_201907302200_000.nc'
Skipping 2019-07-30 22:15: [Errno 2] No such file or directory: '/gws/ssde/j25b/swift/nflics_nowcasts/2019/07/30/2215/Nowcast_201907302215_000.nc'
Skipping 2019-07-30 22:30: [Errno 2] No such file or directory: '/gws/ssde/j25b/swift/nflics_nowcasts/2019/07/30/2230/Nowcast_201907302230_000.nc'
Skipping 2019-07-30 22:45: [Errno 2] No such file or directory: '/gws/ssde/j25b/swift/nflics_nowcasts/2019/07/30/2245/Nowcast_201907302245_000.nc'
Skipping 2019-07-31 22:00: [Errno 2] No such file or directory: '/gws/ssde/j25b/swift/nflics_nowcasts/2019/07/31/2200/Nowcast_201907312200_000.nc'
Skipping 2019-07-31 22:15: [Errno 2] No such file or directory: '/gws/ssde/j25b/swift/nflics_nowcasts/2019/07/31/2215/Nowcast_201907312215_000.nc'
Skipping 2019-07-31 22:30: [Errno 2] No such file or directory: '/gws/ssde/j25b/swift/nflics_nowcasts/2019/07/31/2230/Nowcast_201907312230_000.nc'
Skipping 2019-07-31 22:45: [Errno 2] No such file or directory: '/gws/ssde/j25b/swift/nflics_nowcasts/2019/07/31/2245/Nowcast_201907312245_000.nc'
All ensemble nowcasts completed on CPU.
======================================================
 Job completed successfully at Sat 29 Nov 12:12:06 GMT 2025
======================================================
