======================================================
 Job started on host1085.jc.rl.ac.uk at Sat 29 Nov 12:12:38 GMT 2025
======================================================
Running ensemble nowcast inference:
 Lead time : 3
 Year      : 2019
 Month     : 09
 Hour      : 04
======================================================
Running on CPU with 8 threads
Loaded 5 ensemble models on CPU
Detected 58 inputs for 2019-09 04 UTC
Skipping 2019-09-02 04:00: [Errno 2] No such file or directory: '/gws/ssde/j25b/swift/nflics_nowcasts/2019/09/02/0400/Nowcast_201909020400_000.nc'
Skipping 2019-09-02 04:15: [Errno 2] No such file or directory: '/gws/ssde/j25b/swift/nflics_nowcasts/2019/09/02/0415/Nowcast_201909020415_000.nc'
Skipping 2019-09-02 04:30: [Errno 2] No such file or directory: '/gws/ssde/j25b/swift/nflics_nowcasts/2019/09/02/0430/Nowcast_201909020430_000.nc'
Skipping 2019-09-02 04:45: [Errno 2] No such file or directory: '/gws/ssde/j25b/swift/nflics_nowcasts/2019/09/02/0445/Nowcast_201909020445_000.nc'
Skipping 2019-09-03 04:00: [Errno 2] No such file or directory: '/gws/ssde/j25b/swift/nflics_nowcasts/2019/09/03/0400/Nowcast_201909030400_000.nc'
Skipping 2019-09-03 04:15: [Errno 2] No such file or directory: '/gws/ssde/j25b/swift/nflics_nowcasts/2019/09/03/0415/Nowcast_201909030415_000.nc'
Skipping 2019-09-03 04:30: [Errno 2] No such file or directory: '/gws/ssde/j25b/swift/nflics_nowcasts/2019/09/03/0430/Nowcast_201909030430_000.nc'
Skipping 2019-09-03 04:45: [Errno 2] No such file or directory: '/gws/ssde/j25b/swift/nflics_nowcasts/2019/09/03/0445/Nowcast_201909030445_000.nc'
Skipping 2019-09-04 04:00: [Errno 2] No such file or directory: '/gws/ssde/j25b/swift/nflics_nowcasts/2019/09/04/0400/Nowcast_201909040400_000.nc'
Skipping 2019-09-04 04:15: [Errno 2] No such file or directory: '/gws/ssde/j25b/swift/nflics_nowcasts/2019/09/04/0415/Nowcast_201909040415_000.nc'
Skipping 2019-09-04 04:30: [Errno 2] No such file or directory: '/gws/ssde/j25b/swift/nflics_nowcasts/2019/09/04/0430/Nowcast_201909040430_000.nc'
Skipping 2019-09-04 04:45: [Errno 2] No such file or directory: '/gws/ssde/j25b/swift/nflics_nowcasts/2019/09/04/0445/Nowcast_201909040445_000.nc'
Skipping 2019-09-07 04:00: [Errno 2] No such file or directory: '/gws/ssde/j25b/swift/nflics_nowcasts/2019/09/07/0400/Nowcast_201909070400_000.nc'
Skipping 2019-09-07 04:15: [Errno 2] No such file or directory: '/gws/ssde/j25b/swift/nflics_nowcasts/2019/09/07/0415/Nowcast_201909070415_000.nc'
Skipping 2019-09-07 04:30: [Errno 2] No such file or directory: '/gws/ssde/j25b/swift/nflics_nowcasts/2019/09/07/0430/Nowcast_201909070430_000.nc'
Skipping 2019-09-07 04:45: [Errno 2] No such file or directory: '/gws/ssde/j25b/swift/nflics_nowcasts/2019/09/07/0445/Nowcast_201909070445_000.nc'
Skipping 2019-09-09 04:00: [Errno 2] No such file or directory: '/gws/ssde/j25b/swift/nflics_nowcasts/2019/09/09/0400/Nowcast_201909090400_000.nc'
Skipping 2019-09-09 04:15: [Errno 2] No such file or directory: '/gws/ssde/j25b/swift/nflics_nowcasts/2019/09/09/0415/Nowcast_201909090415_000.nc'
Skipping 2019-09-09 04:30: [Errno 2] No such file or directory: '/gws/ssde/j25b/swift/nflics_nowcasts/2019/09/09/0430/Nowcast_201909090430_000.nc'
Skipping 2019-09-09 04:45: [Errno 2] No such file or directory: '/gws/ssde/j25b/swift/nflics_nowcasts/2019/09/09/0445/Nowcast_201909090445_000.nc'
Skipping 2019-09-10 04:00: [Errno 2] No such file or directory: '/gws/ssde/j25b/swift/nflics_nowcasts/2019/09/10/0400/Nowcast_201909100400_000.nc'
Skipping 2019-09-10 04:30: [Errno 2] No such file or directory: '/gws/ssde/j25b/swift/nflics_nowcasts/2019/09/10/0430/Nowcast_201909100430_000.nc'
Skipping 2019-09-10 04:45: [Errno 2] No such file or directory: '/gws/ssde/j25b/swift/nflics_nowcasts/2019/09/10/0445/Nowcast_201909100445_000.nc'
Skipping 2019-09-12 04:00: [Errno 2] No such file or directory: '/gws/ssde/j25b/swift/nflics_nowcasts/2019/09/12/0400/Nowcast_201909120400_000.nc'
Skipping 2019-09-12 04:15: [Errno 2] No such file or directory: '/gws/ssde/j25b/swift/nflics_nowcasts/2019/09/12/0415/Nowcast_201909120415_000.nc'
Skipping 2019-09-12 04:30: [Errno 2] No such file or directory: '/gws/ssde/j25b/swift/nflics_nowcasts/2019/09/12/0430/Nowcast_201909120430_000.nc'
Skipping 2019-09-12 04:45: [Errno 2] No such file or directory: '/gws/ssde/j25b/swift/nflics_nowcasts/2019/09/12/0445/Nowcast_201909120445_000.nc'
Skipping 2019-09-15 04:00: [Errno 2] No such file or directory: '/gws/ssde/j25b/swift/nflics_nowcasts/2019/09/15/0400/Nowcast_201909150400_000.nc'
Skipping 2019-09-16 04:00: [Errno 2] No such file or directory: '/gws/ssde/j25b/swift/nflics_nowcasts/2019/09/16/0400/Nowcast_201909160400_000.nc'
Skipping 2019-09-16 04:15: [Errno 2] No such file or directory: '/gws/ssde/j25b/swift/nflics_nowcasts/2019/09/16/0415/Nowcast_201909160415_000.nc'
Skipping 2019-09-16 04:30: [Errno 2] No such file or directory: '/gws/ssde/j25b/swift/nflics_nowcasts/2019/09/16/0430/Nowcast_201909160430_000.nc'
Skipping 2019-09-16 04:45: [Errno 2] No such file or directory: '/gws/ssde/j25b/swift/nflics_nowcasts/2019/09/16/0445/Nowcast_201909160445_000.nc'
Skipping 2019-09-17 04:00: [Errno 2] No such file or directory: '/gws/ssde/j25b/swift/nflics_nowcasts/2019/09/17/0400/Nowcast_201909170400_000.nc'
Skipping 2019-09-20 04:00: [Errno 2] No such file or directory: '/gws/ssde/j25b/swift/nflics_nowcasts/2019/09/20/0400/Nowcast_201909200400_000.nc'
Skipping 2019-09-20 04:15: [Errno 2] No such file or directory: '/gws/ssde/j25b/swift/nflics_nowcasts/2019/09/20/0415/Nowcast_201909200415_000.nc'
Skipping 2019-09-20 04:30: [Errno 2] No such file or directory: '/gws/ssde/j25b/swift/nflics_nowcasts/2019/09/20/0430/Nowcast_201909200430_000.nc'
Skipping 2019-09-20 04:45: [Errno 2] No such file or directory: '/gws/ssde/j25b/swift/nflics_nowcasts/2019/09/20/0445/Nowcast_201909200445_000.nc'
Skipping 2019-09-21 04:00: [Errno 2] No such file or directory: '/gws/ssde/j25b/swift/nflics_nowcasts/2019/09/21/0400/Nowcast_201909210400_000.nc'
Skipping 2019-09-21 04:15: [Errno 2] No such file or directory: '/gws/ssde/j25b/swift/nflics_nowcasts/2019/09/21/0415/Nowcast_201909210415_000.nc'
Skipping 2019-09-21 04:30: [Errno 2] No such file or directory: '/gws/ssde/j25b/swift/nflics_nowcasts/2019/09/21/0430/Nowcast_201909210430_000.nc'
Skipping 2019-09-21 04:45: [Errno 2] No such file or directory: '/gws/ssde/j25b/swift/nflics_nowcasts/2019/09/21/0445/Nowcast_201909210445_000.nc'
Skipping 2019-09-22 04:00: [Errno 2] No such file or directory: '/gws/ssde/j25b/swift/nflics_nowcasts/2019/09/22/0400/Nowcast_201909220400_000.nc'
Skipping 2019-09-22 04:15: [Errno 2] No such file or directory: '/gws/ssde/j25b/swift/nflics_nowcasts/2019/09/22/0415/Nowcast_201909220415_000.nc'
Skipping 2019-09-22 04:30: [Errno 2] No such file or directory: '/gws/ssde/j25b/swift/nflics_nowcasts/2019/09/22/0430/Nowcast_201909220430_000.nc'
Skipping 2019-09-22 04:45: [Errno 2] No such file or directory: '/gws/ssde/j25b/swift/nflics_nowcasts/2019/09/22/0445/Nowcast_201909220445_000.nc'
Skipping 2019-09-24 04:00: [Errno 2] No such file or directory: '/gws/ssde/j25b/swift/nflics_nowcasts/2019/09/24/0400/Nowcast_201909240400_000.nc'
Skipping 2019-09-24 04:15: [Errno 2] No such file or directory: '/gws/ssde/j25b/swift/nflics_nowcasts/2019/09/24/0415/Nowcast_201909240415_000.nc'
Skipping 2019-09-24 04:30: [Errno 2] No such file or directory: '/gws/ssde/j25b/swift/nflics_nowcasts/2019/09/24/0430/Nowcast_201909240430_000.nc'
Skipping 2019-09-24 04:45: [Errno 2] No such file or directory: '/gws/ssde/j25b/swift/nflics_nowcasts/2019/09/24/0445/Nowcast_201909240445_000.nc'
Skipping 2019-09-25 04:45: [Errno 2] No such file or directory: '/gws/ssde/j25b/swift/nflics_nowcasts/2019/09/25/0445/Nowcast_201909250445_000.nc'
Skipping 2019-09-26 04:00: [Errno 2] No such file or directory: '/gws/ssde/j25b/swift/nflics_nowcasts/2019/09/26/0400/Nowcast_201909260400_000.nc'
Skipping 2019-09-26 04:15: [Errno 2] No such file or directory: '/gws/ssde/j25b/swift/nflics_nowcasts/2019/09/26/0415/Nowcast_201909260415_000.nc'
Skipping 2019-09-26 04:30: [Errno 2] No such file or directory: '/gws/ssde/j25b/swift/nflics_nowcasts/2019/09/26/0430/Nowcast_201909260430_000.nc'
Skipping 2019-09-26 04:45: [Errno 2] No such file or directory: '/gws/ssde/j25b/swift/nflics_nowcasts/2019/09/26/0445/Nowcast_201909260445_000.nc'
Skipping 2019-09-28 04:00: [Errno 2] No such file or directory: '/gws/ssde/j25b/swift/nflics_nowcasts/2019/09/28/0400/Nowcast_201909280400_000.nc'
Skipping 2019-09-28 04:15: [Errno 2] No such file or directory: '/gws/ssde/j25b/swift/nflics_nowcasts/2019/09/28/0415/Nowcast_201909280415_000.nc'
Skipping 2019-09-28 04:30: [Errno 2] No such file or directory: '/gws/ssde/j25b/swift/nflics_nowcasts/2019/09/28/0430/Nowcast_201909280430_000.nc'
Skipping 2019-09-28 04:45: [Errno 2] No such file or directory: '/gws/ssde/j25b/swift/nflics_nowcasts/2019/09/28/0445/Nowcast_201909280445_000.nc'
All ensemble nowcasts completed on CPU.
======================================================
 Job completed successfully at Sat 29 Nov 12:12:45 GMT 2025
======================================================
