======================================================
 Job started on host1081.jc.rl.ac.uk at Sat 29 Nov 12:12:38 GMT 2025
======================================================
Running ensemble nowcast inference:
 Lead time : 3
 Year      : 2019
 Month     : 08
 Hour      : 22
======================================================
Running on CPU with 8 threads
Loaded 5 ensemble models on CPU
Detected 90 inputs for 2019-08 22 UTC
Skipping 2019-08-01 22:00: [Errno 2] No such file or directory: '/gws/ssde/j25b/swift/nflics_nowcasts/2019/08/01/2200/Nowcast_201908012200_000.nc'
Skipping 2019-08-01 22:15: [Errno 2] No such file or directory: '/gws/ssde/j25b/swift/nflics_nowcasts/2019/08/01/2215/Nowcast_201908012215_000.nc'
Skipping 2019-08-01 22:30: [Errno 2] No such file or directory: '/gws/ssde/j25b/swift/nflics_nowcasts/2019/08/01/2230/Nowcast_201908012230_000.nc'
Skipping 2019-08-01 22:45: [Errno 2] No such file or directory: '/gws/ssde/j25b/swift/nflics_nowcasts/2019/08/01/2245/Nowcast_201908012245_000.nc'
Skipping 2019-08-02 22:00: [Errno 2] No such file or directory: '/gws/ssde/j25b/swift/nflics_nowcasts/2019/08/02/2200/Nowcast_201908022200_000.nc'
Skipping 2019-08-02 22:15: [Errno 2] No such file or directory: '/gws/ssde/j25b/swift/nflics_nowcasts/2019/08/02/2215/Nowcast_201908022215_000.nc'
Skipping 2019-08-02 22:30: [Errno 2] No such file or directory: '/gws/ssde/j25b/swift/nflics_nowcasts/2019/08/02/2230/Nowcast_201908022230_000.nc'
Skipping 2019-08-02 22:45: [Errno 2] No such file or directory: '/gws/ssde/j25b/swift/nflics_nowcasts/2019/08/02/2245/Nowcast_201908022245_000.nc'
Skipping 2019-08-03 22:00: [Errno 2] No such file or directory: '/gws/ssde/j25b/swift/nflics_nowcasts/2019/08/03/2200/Nowcast_201908032200_000.nc'
Skipping 2019-08-03 22:15: [Errno 2] No such file or directory: '/gws/ssde/j25b/swift/nflics_nowcasts/2019/08/03/2215/Nowcast_201908032215_000.nc'
Skipping 2019-08-03 22:30: [Errno 2] No such file or directory: '/gws/ssde/j25b/swift/nflics_nowcasts/2019/08/03/2230/Nowcast_201908032230_000.nc'
Skipping 2019-08-03 22:45: [Errno 2] No such file or directory: '/gws/ssde/j25b/swift/nflics_nowcasts/2019/08/03/2245/Nowcast_201908032245_000.nc'
Skipping 2019-08-05 22:00: [Errno 2] No such file or directory: '/gws/ssde/j25b/swift/nflics_nowcasts/2019/08/05/2200/Nowcast_201908052200_000.nc'
Skipping 2019-08-05 22:15: [Errno 2] No such file or directory: '/gws/ssde/j25b/swift/nflics_nowcasts/2019/08/05/2215/Nowcast_201908052215_000.nc'
Skipping 2019-08-05 22:30: [Errno 2] No such file or directory: '/gws/ssde/j25b/swift/nflics_nowcasts/2019/08/05/2230/Nowcast_201908052230_000.nc'
Skipping 2019-08-05 22:45: [Errno 2] No such file or directory: '/gws/ssde/j25b/swift/nflics_nowcasts/2019/08/05/2245/Nowcast_201908052245_000.nc'
Skipping 2019-08-06 22:00: [Errno 2] No such file or directory: '/gws/ssde/j25b/swift/nflics_nowcasts/2019/08/06/2200/Nowcast_201908062200_000.nc'
Skipping 2019-08-06 22:15: [Errno 2] No such file or directory: '/gws/ssde/j25b/swift/nflics_nowcasts/2019/08/06/2215/Nowcast_201908062215_000.nc'
Skipping 2019-08-06 22:30: [Errno 2] No such file or directory: '/gws/ssde/j25b/swift/nflics_nowcasts/2019/08/06/2230/Nowcast_201908062230_000.nc'
Skipping 2019-08-06 22:45: [Errno 2] No such file or directory: '/gws/ssde/j25b/swift/nflics_nowcasts/2019/08/06/2245/Nowcast_201908062245_000.nc'
Skipping 2019-08-10 22:00: [Errno 2] No such file or directory: '/gws/ssde/j25b/swift/nflics_nowcasts/2019/08/10/2200/Nowcast_201908102200_000.nc'
Skipping 2019-08-10 22:15: [Errno 2] No such file or directory: '/gws/ssde/j25b/swift/nflics_nowcasts/2019/08/10/2215/Nowcast_201908102215_000.nc'
Skipping 2019-08-10 22:30: [Errno 2] No such file or directory: '/gws/ssde/j25b/swift/nflics_nowcasts/2019/08/10/2230/Nowcast_201908102230_000.nc'
Skipping 2019-08-10 22:45: [Errno 2] No such file or directory: '/gws/ssde/j25b/swift/nflics_nowcasts/2019/08/10/2245/Nowcast_201908102245_000.nc'
Skipping 2019-08-13 22:00: [Errno 2] No such file or directory: '/gws/ssde/j25b/swift/nflics_nowcasts/2019/08/13/2200/Nowcast_201908132200_000.nc'
Skipping 2019-08-13 22:15: [Errno 2] No such file or directory: '/gws/ssde/j25b/swift/nflics_nowcasts/2019/08/13/2215/Nowcast_201908132215_000.nc'
Skipping 2019-08-13 22:30: [Errno 2] No such file or directory: '/gws/ssde/j25b/swift/nflics_nowcasts/2019/08/13/2230/Nowcast_201908132230_000.nc'
Skipping 2019-08-13 22:45: [Errno 2] No such file or directory: '/gws/ssde/j25b/swift/nflics_nowcasts/2019/08/13/2245/Nowcast_201908132245_000.nc'
Skipping 2019-08-14 22:00: [Errno 2] No such file or directory: '/gws/ssde/j25b/swift/nflics_nowcasts/2019/08/14/2200/Nowcast_201908142200_000.nc'
Skipping 2019-08-14 22:15: [Errno 2] No such file or directory: '/gws/ssde/j25b/swift/nflics_nowcasts/2019/08/14/2215/Nowcast_201908142215_000.nc'
Skipping 2019-08-14 22:30: [Errno 2] No such file or directory: '/gws/ssde/j25b/swift/nflics_nowcasts/2019/08/14/2230/Nowcast_201908142230_000.nc'
Skipping 2019-08-14 22:45: [Errno 2] No such file or directory: '/gws/ssde/j25b/swift/nflics_nowcasts/2019/08/14/2245/Nowcast_201908142245_000.nc'
Skipping 2019-08-15 22:00: [Errno 2] No such file or directory: '/gws/ssde/j25b/swift/nflics_nowcasts/2019/08/15/2200/Nowcast_201908152200_000.nc'
Skipping 2019-08-15 22:15: [Errno 2] No such file or directory: '/gws/ssde/j25b/swift/nflics_nowcasts/2019/08/15/2215/Nowcast_201908152215_000.nc'
Skipping 2019-08-15 22:30: [Errno 2] No such file or directory: '/gws/ssde/j25b/swift/nflics_nowcasts/2019/08/15/2230/Nowcast_201908152230_000.nc'
Skipping 2019-08-15 22:45: [Errno 2] No such file or directory: '/gws/ssde/j25b/swift/nflics_nowcasts/2019/08/15/2245/Nowcast_201908152245_000.nc'
Skipping 2019-08-16 22:00: [Errno 2] No such file or directory: '/gws/ssde/j25b/swift/nflics_nowcasts/2019/08/16/2200/Nowcast_201908162200_000.nc'
Skipping 2019-08-16 22:15: [Errno 2] No such file or directory: '/gws/ssde/j25b/swift/nflics_nowcasts/2019/08/16/2215/Nowcast_201908162215_000.nc'
Skipping 2019-08-16 22:30: [Errno 2] No such file or directory: '/gws/ssde/j25b/swift/nflics_nowcasts/2019/08/16/2230/Nowcast_201908162230_000.nc'
Skipping 2019-08-16 22:45: [Errno 2] No such file or directory: '/gws/ssde/j25b/swift/nflics_nowcasts/2019/08/16/2245/Nowcast_201908162245_000.nc'
Skipping 2019-08-17 22:00: [Errno 2] No such file or directory: '/gws/ssde/j25b/swift/nflics_nowcasts/2019/08/17/2200/Nowcast_201908172200_000.nc'
Skipping 2019-08-17 22:15: [Errno 2] No such file or directory: '/gws/ssde/j25b/swift/nflics_nowcasts/2019/08/17/2215/Nowcast_201908172215_000.nc'
Skipping 2019-08-17 22:30: [Errno 2] No such file or directory: '/gws/ssde/j25b/swift/nflics_nowcasts/2019/08/17/2230/Nowcast_201908172230_000.nc'
Skipping 2019-08-17 22:45: [Errno 2] No such file or directory: '/gws/ssde/j25b/swift/nflics_nowcasts/2019/08/17/2245/Nowcast_201908172245_000.nc'
Skipping 2019-08-18 22:00: [Errno 2] No such file or directory: '/gws/ssde/j25b/swift/nflics_nowcasts/2019/08/18/2200/Nowcast_201908182200_000.nc'
Skipping 2019-08-18 22:15: [Errno 2] No such file or directory: '/gws/ssde/j25b/swift/nflics_nowcasts/2019/08/18/2215/Nowcast_201908182215_000.nc'
Skipping 2019-08-18 22:30: [Errno 2] No such file or directory: '/gws/ssde/j25b/swift/nflics_nowcasts/2019/08/18/2230/Nowcast_201908182230_000.nc'
Skipping 2019-08-18 22:45: [Errno 2] No such file or directory: '/gws/ssde/j25b/swift/nflics_nowcasts/2019/08/18/2245/Nowcast_201908182245_000.nc'
Skipping 2019-08-19 22:00: [Errno 2] No such file or directory: '/gws/ssde/j25b/swift/nflics_nowcasts/2019/08/19/2200/Nowcast_201908192200_000.nc'
Skipping 2019-08-19 22:15: [Errno 2] No such file or directory: '/gws/ssde/j25b/swift/nflics_nowcasts/2019/08/19/2215/Nowcast_201908192215_000.nc'
Skipping 2019-08-19 22:45: [Errno 2] No such file or directory: '/gws/ssde/j25b/swift/nflics_nowcasts/2019/08/19/2245/Nowcast_201908192245_000.nc'
Skipping 2019-08-20 22:00: [Errno 2] No such file or directory: '/gws/ssde/j25b/swift/nflics_nowcasts/2019/08/20/2200/Nowcast_201908202200_000.nc'
Skipping 2019-08-20 22:15: [Errno 2] No such file or directory: '/gws/ssde/j25b/swift/nflics_nowcasts/2019/08/20/2215/Nowcast_201908202215_000.nc'
Skipping 2019-08-20 22:30: [Errno 2] No such file or directory: '/gws/ssde/j25b/swift/nflics_nowcasts/2019/08/20/2230/Nowcast_201908202230_000.nc'
Skipping 2019-08-20 22:45: [Errno 2] No such file or directory: '/gws/ssde/j25b/swift/nflics_nowcasts/2019/08/20/2245/Nowcast_201908202245_000.nc'
Skipping 2019-08-21 22:00: [Errno 2] No such file or directory: '/gws/ssde/j25b/swift/nflics_nowcasts/2019/08/21/2200/Nowcast_201908212200_000.nc'
Skipping 2019-08-21 22:15: [Errno 2] No such file or directory: '/gws/ssde/j25b/swift/nflics_nowcasts/2019/08/21/2215/Nowcast_201908212215_000.nc'
Skipping 2019-08-21 22:30: [Errno 2] No such file or directory: '/gws/ssde/j25b/swift/nflics_nowcasts/2019/08/21/2230/Nowcast_201908212230_000.nc'
Skipping 2019-08-21 22:45: [Errno 2] No such file or directory: '/gws/ssde/j25b/swift/nflics_nowcasts/2019/08/21/2245/Nowcast_201908212245_000.nc'
Skipping 2019-08-23 22:00: [Errno 2] No such file or directory: '/gws/ssde/j25b/swift/nflics_nowcasts/2019/08/23/2200/Nowcast_201908232200_000.nc'
Skipping 2019-08-23 22:15: [Errno 2] No such file or directory: '/gws/ssde/j25b/swift/nflics_nowcasts/2019/08/23/2215/Nowcast_201908232215_000.nc'
Skipping 2019-08-23 22:30: [Errno 2] No such file or directory: '/gws/ssde/j25b/swift/nflics_nowcasts/2019/08/23/2230/Nowcast_201908232230_000.nc'
Skipping 2019-08-23 22:45: [Errno 2] No such file or directory: '/gws/ssde/j25b/swift/nflics_nowcasts/2019/08/23/2245/Nowcast_201908232245_000.nc'
Skipping 2019-08-24 22:00: [Errno 2] No such file or directory: '/gws/ssde/j25b/swift/nflics_nowcasts/2019/08/24/2200/Nowcast_201908242200_000.nc'
Skipping 2019-08-24 22:15: [Errno 2] No such file or directory: '/gws/ssde/j25b/swift/nflics_nowcasts/2019/08/24/2215/Nowcast_201908242215_000.nc'
Skipping 2019-08-24 22:30: [Errno 2] No such file or directory: '/gws/ssde/j25b/swift/nflics_nowcasts/2019/08/24/2230/Nowcast_201908242230_000.nc'
Skipping 2019-08-24 22:45: [Errno 2] No such file or directory: '/gws/ssde/j25b/swift/nflics_nowcasts/2019/08/24/2245/Nowcast_201908242245_000.nc'
Skipping 2019-08-26 22:00: [Errno 2] No such file or directory: '/gws/ssde/j25b/swift/nflics_nowcasts/2019/08/26/2200/Nowcast_201908262200_000.nc'
Skipping 2019-08-26 22:15: [Errno 2] No such file or directory: '/gws/ssde/j25b/swift/nflics_nowcasts/2019/08/26/2215/Nowcast_201908262215_000.nc'
Skipping 2019-08-26 22:30: [Errno 2] No such file or directory: '/gws/ssde/j25b/swift/nflics_nowcasts/2019/08/26/2230/Nowcast_201908262230_000.nc'
Skipping 2019-08-27 22:00: [Errno 2] No such file or directory: '/gws/ssde/j25b/swift/nflics_nowcasts/2019/08/27/2200/Nowcast_201908272200_000.nc'
Skipping 2019-08-27 22:15: [Errno 2] No such file or directory: '/gws/ssde/j25b/swift/nflics_nowcasts/2019/08/27/2215/Nowcast_201908272215_000.nc'
Skipping 2019-08-27 22:30: [Errno 2] No such file or directory: '/gws/ssde/j25b/swift/nflics_nowcasts/2019/08/27/2230/Nowcast_201908272230_000.nc'
Skipping 2019-08-27 22:45: [Errno 2] No such file or directory: '/gws/ssde/j25b/swift/nflics_nowcasts/2019/08/27/2245/Nowcast_201908272245_000.nc'
Skipping 2019-08-28 22:00: [Errno 2] No such file or directory: '/gws/ssde/j25b/swift/nflics_nowcasts/2019/08/28/2200/Nowcast_201908282200_000.nc'
Skipping 2019-08-28 22:15: [Errno 2] No such file or directory: '/gws/ssde/j25b/swift/nflics_nowcasts/2019/08/28/2215/Nowcast_201908282215_000.nc'
Skipping 2019-08-28 22:30: [Errno 2] No such file or directory: '/gws/ssde/j25b/swift/nflics_nowcasts/2019/08/28/2230/Nowcast_201908282230_000.nc'
Skipping 2019-08-28 22:45: [Errno 2] No such file or directory: '/gws/ssde/j25b/swift/nflics_nowcasts/2019/08/28/2245/Nowcast_201908282245_000.nc'
Skipping 2019-08-29 22:00: [Errno 2] No such file or directory: '/gws/ssde/j25b/swift/nflics_nowcasts/2019/08/29/2200/Nowcast_201908292200_000.nc'
Skipping 2019-08-29 22:15: [Errno 2] No such file or directory: '/gws/ssde/j25b/swift/nflics_nowcasts/2019/08/29/2215/Nowcast_201908292215_000.nc'
Skipping 2019-08-29 22:30: [Errno 2] No such file or directory: '/gws/ssde/j25b/swift/nflics_nowcasts/2019/08/29/2230/Nowcast_201908292230_000.nc'
Skipping 2019-08-29 22:45: [Errno 2] No such file or directory: '/gws/ssde/j25b/swift/nflics_nowcasts/2019/08/29/2245/Nowcast_201908292245_000.nc'
Skipping 2019-08-30 22:00: [Errno 2] No such file or directory: '/gws/ssde/j25b/swift/nflics_nowcasts/2019/08/30/2200/Nowcast_201908302200_000.nc'
Skipping 2019-08-30 22:15: [Errno 2] No such file or directory: '/gws/ssde/j25b/swift/nflics_nowcasts/2019/08/30/2215/Nowcast_201908302215_000.nc'
Skipping 2019-08-30 22:30: [Errno 2] No such file or directory: '/gws/ssde/j25b/swift/nflics_nowcasts/2019/08/30/2230/Nowcast_201908302230_000.nc'
Skipping 2019-08-30 22:45: [Errno 2] No such file or directory: '/gws/ssde/j25b/swift/nflics_nowcasts/2019/08/30/2245/Nowcast_201908302245_000.nc'
Skipping 2019-08-31 22:00: [Errno 2] No such file or directory: '/gws/ssde/j25b/swift/nflics_nowcasts/2019/08/31/2200/Nowcast_201908312200_000.nc'
Skipping 2019-08-31 22:15: [Errno 2] No such file or directory: '/gws/ssde/j25b/swift/nflics_nowcasts/2019/08/31/2215/Nowcast_201908312215_000.nc'
Skipping 2019-08-31 22:30: [Errno 2] No such file or directory: '/gws/ssde/j25b/swift/nflics_nowcasts/2019/08/31/2230/Nowcast_201908312230_000.nc'
Skipping 2019-08-31 22:45: [Errno 2] No such file or directory: '/gws/ssde/j25b/swift/nflics_nowcasts/2019/08/31/2245/Nowcast_201908312245_000.nc'
All ensemble nowcasts completed on CPU.
======================================================
 Job completed successfully at Sat 29 Nov 12:12:45 GMT 2025
======================================================
