======================================================
 Job started on host1081.jc.rl.ac.uk at Sat 29 Nov 12:12:38 GMT 2025
======================================================
Running ensemble nowcast inference:
 Lead time : 1
 Year      : 2019
 Month     : 09
 Hour      : 00
======================================================
Running on CPU with 8 threads
Loaded 5 ensemble models on CPU
Detected 88 inputs for 2019-09 00 UTC
Skipping 2019-09-01 00:00: [Errno 2] No such file or directory: '/gws/ssde/j25b/swift/nflics_nowcasts/2019/09/01/0000/Nowcast_201909010000_000.nc'
Skipping 2019-09-01 00:15: [Errno 2] No such file or directory: '/gws/ssde/j25b/swift/nflics_nowcasts/2019/09/01/0015/Nowcast_201909010015_000.nc'
Skipping 2019-09-01 00:30: [Errno 2] No such file or directory: '/gws/ssde/j25b/swift/nflics_nowcasts/2019/09/01/0030/Nowcast_201909010030_000.nc'
Skipping 2019-09-02 00:00: [Errno 2] No such file or directory: '/gws/ssde/j25b/swift/nflics_nowcasts/2019/09/02/0000/Nowcast_201909020000_000.nc'
Skipping 2019-09-02 00:15: [Errno 2] No such file or directory: '/gws/ssde/j25b/swift/nflics_nowcasts/2019/09/02/0015/Nowcast_201909020015_000.nc'
Skipping 2019-09-02 00:30: [Errno 2] No such file or directory: '/gws/ssde/j25b/swift/nflics_nowcasts/2019/09/02/0030/Nowcast_201909020030_000.nc'
Skipping 2019-09-02 00:45: [Errno 2] No such file or directory: '/gws/ssde/j25b/swift/nflics_nowcasts/2019/09/02/0045/Nowcast_201909020045_000.nc'
Skipping 2019-09-03 00:00: [Errno 2] No such file or directory: '/gws/ssde/j25b/swift/nflics_nowcasts/2019/09/03/0000/Nowcast_201909030000_000.nc'
Skipping 2019-09-03 00:15: [Errno 2] No such file or directory: '/gws/ssde/j25b/swift/nflics_nowcasts/2019/09/03/0015/Nowcast_201909030015_000.nc'
Skipping 2019-09-03 00:30: [Errno 2] No such file or directory: '/gws/ssde/j25b/swift/nflics_nowcasts/2019/09/03/0030/Nowcast_201909030030_000.nc'
Skipping 2019-09-03 00:45: [Errno 2] No such file or directory: '/gws/ssde/j25b/swift/nflics_nowcasts/2019/09/03/0045/Nowcast_201909030045_000.nc'
Skipping 2019-09-04 00:00: [Errno 2] No such file or directory: '/gws/ssde/j25b/swift/nflics_nowcasts/2019/09/04/0000/Nowcast_201909040000_000.nc'
Skipping 2019-09-04 00:15: [Errno 2] No such file or directory: '/gws/ssde/j25b/swift/nflics_nowcasts/2019/09/04/0015/Nowcast_201909040015_000.nc'
Skipping 2019-09-04 00:30: [Errno 2] No such file or directory: '/gws/ssde/j25b/swift/nflics_nowcasts/2019/09/04/0030/Nowcast_201909040030_000.nc'
Skipping 2019-09-04 00:45: [Errno 2] No such file or directory: '/gws/ssde/j25b/swift/nflics_nowcasts/2019/09/04/0045/Nowcast_201909040045_000.nc'
Skipping 2019-09-05 00:45: [Errno 2] No such file or directory: '/gws/ssde/j25b/swift/nflics_nowcasts/2019/09/05/0045/Nowcast_201909050045_000.nc'
Skipping 2019-09-06 00:00: [Errno 2] No such file or directory: '/gws/ssde/j25b/swift/nflics_nowcasts/2019/09/06/0000/Nowcast_201909060000_000.nc'
Skipping 2019-09-06 00:15: [Errno 2] No such file or directory: '/gws/ssde/j25b/swift/nflics_nowcasts/2019/09/06/0015/Nowcast_201909060015_000.nc'
Skipping 2019-09-07 00:00: [Errno 2] No such file or directory: '/gws/ssde/j25b/swift/nflics_nowcasts/2019/09/07/0000/Nowcast_201909070000_000.nc'
Skipping 2019-09-07 00:15: [Errno 2] No such file or directory: '/gws/ssde/j25b/swift/nflics_nowcasts/2019/09/07/0015/Nowcast_201909070015_000.nc'
Skipping 2019-09-07 00:30: [Errno 2] No such file or directory: '/gws/ssde/j25b/swift/nflics_nowcasts/2019/09/07/0030/Nowcast_201909070030_000.nc'
Skipping 2019-09-07 00:45: [Errno 2] No such file or directory: '/gws/ssde/j25b/swift/nflics_nowcasts/2019/09/07/0045/Nowcast_201909070045_000.nc'
Skipping 2019-09-09 00:15: [Errno 2] No such file or directory: '/gws/ssde/j25b/swift/nflics_nowcasts/2019/09/09/0015/Nowcast_201909090015_000.nc'
Skipping 2019-09-09 00:30: [Errno 2] No such file or directory: '/gws/ssde/j25b/swift/nflics_nowcasts/2019/09/09/0030/Nowcast_201909090030_000.nc'
Skipping 2019-09-09 00:45: [Errno 2] No such file or directory: '/gws/ssde/j25b/swift/nflics_nowcasts/2019/09/09/0045/Nowcast_201909090045_000.nc'
Skipping 2019-09-10 00:00: [Errno 2] No such file or directory: '/gws/ssde/j25b/swift/nflics_nowcasts/2019/09/10/0000/Nowcast_201909100000_000.nc'
Skipping 2019-09-10 00:15: [Errno 2] No such file or directory: '/gws/ssde/j25b/swift/nflics_nowcasts/2019/09/10/0015/Nowcast_201909100015_000.nc'
Skipping 2019-09-10 00:30: [Errno 2] No such file or directory: '/gws/ssde/j25b/swift/nflics_nowcasts/2019/09/10/0030/Nowcast_201909100030_000.nc'
Skipping 2019-09-10 00:45: [Errno 2] No such file or directory: '/gws/ssde/j25b/swift/nflics_nowcasts/2019/09/10/0045/Nowcast_201909100045_000.nc'
Skipping 2019-09-12 00:00: [Errno 2] No such file or directory: '/gws/ssde/j25b/swift/nflics_nowcasts/2019/09/12/0000/Nowcast_201909120000_000.nc'
Skipping 2019-09-12 00:15: [Errno 2] No such file or directory: '/gws/ssde/j25b/swift/nflics_nowcasts/2019/09/12/0015/Nowcast_201909120015_000.nc'
Skipping 2019-09-12 00:30: [Errno 2] No such file or directory: '/gws/ssde/j25b/swift/nflics_nowcasts/2019/09/12/0030/Nowcast_201909120030_000.nc'
Skipping 2019-09-12 00:45: [Errno 2] No such file or directory: '/gws/ssde/j25b/swift/nflics_nowcasts/2019/09/12/0045/Nowcast_201909120045_000.nc'
Skipping 2019-09-14 00:00: [Errno 2] No such file or directory: '/gws/ssde/j25b/swift/nflics_nowcasts/2019/09/14/0000/Nowcast_201909140000_000.nc'
Skipping 2019-09-14 00:15: [Errno 2] No such file or directory: '/gws/ssde/j25b/swift/nflics_nowcasts/2019/09/14/0015/Nowcast_201909140015_000.nc'
Skipping 2019-09-14 00:30: [Errno 2] No such file or directory: '/gws/ssde/j25b/swift/nflics_nowcasts/2019/09/14/0030/Nowcast_201909140030_000.nc'
Skipping 2019-09-14 00:45: [Errno 2] No such file or directory: '/gws/ssde/j25b/swift/nflics_nowcasts/2019/09/14/0045/Nowcast_201909140045_000.nc'
Skipping 2019-09-15 00:00: [Errno 2] No such file or directory: '/gws/ssde/j25b/swift/nflics_nowcasts/2019/09/15/0000/Nowcast_201909150000_000.nc'
Skipping 2019-09-15 00:15: [Errno 2] No such file or directory: '/gws/ssde/j25b/swift/nflics_nowcasts/2019/09/15/0015/Nowcast_201909150015_000.nc'
Skipping 2019-09-15 00:30: [Errno 2] No such file or directory: '/gws/ssde/j25b/swift/nflics_nowcasts/2019/09/15/0030/Nowcast_201909150030_000.nc'
Skipping 2019-09-15 00:45: [Errno 2] No such file or directory: '/gws/ssde/j25b/swift/nflics_nowcasts/2019/09/15/0045/Nowcast_201909150045_000.nc'
Skipping 2019-09-16 00:00: [Errno 2] No such file or directory: '/gws/ssde/j25b/swift/nflics_nowcasts/2019/09/16/0000/Nowcast_201909160000_000.nc'
Skipping 2019-09-16 00:15: [Errno 2] No such file or directory: '/gws/ssde/j25b/swift/nflics_nowcasts/2019/09/16/0015/Nowcast_201909160015_000.nc'
Skipping 2019-09-16 00:30: [Errno 2] No such file or directory: '/gws/ssde/j25b/swift/nflics_nowcasts/2019/09/16/0030/Nowcast_201909160030_000.nc'
Skipping 2019-09-16 00:45: [Errno 2] No such file or directory: '/gws/ssde/j25b/swift/nflics_nowcasts/2019/09/16/0045/Nowcast_201909160045_000.nc'
Skipping 2019-09-17 00:00: [Errno 2] No such file or directory: '/gws/ssde/j25b/swift/nflics_nowcasts/2019/09/17/0000/Nowcast_201909170000_000.nc'
Skipping 2019-09-17 00:15: [Errno 2] No such file or directory: '/gws/ssde/j25b/swift/nflics_nowcasts/2019/09/17/0015/Nowcast_201909170015_000.nc'
Skipping 2019-09-17 00:30: [Errno 2] No such file or directory: '/gws/ssde/j25b/swift/nflics_nowcasts/2019/09/17/0030/Nowcast_201909170030_000.nc'
Skipping 2019-09-17 00:45: [Errno 2] No such file or directory: '/gws/ssde/j25b/swift/nflics_nowcasts/2019/09/17/0045/Nowcast_201909170045_000.nc'
Skipping 2019-09-19 00:00: [Errno 2] No such file or directory: '/gws/ssde/j25b/swift/nflics_nowcasts/2019/09/19/0000/Nowcast_201909190000_000.nc'
Skipping 2019-09-19 00:15: [Errno 2] No such file or directory: '/gws/ssde/j25b/swift/nflics_nowcasts/2019/09/19/0015/Nowcast_201909190015_000.nc'
Skipping 2019-09-19 00:30: [Errno 2] No such file or directory: '/gws/ssde/j25b/swift/nflics_nowcasts/2019/09/19/0030/Nowcast_201909190030_000.nc'
Skipping 2019-09-19 00:45: [Errno 2] No such file or directory: '/gws/ssde/j25b/swift/nflics_nowcasts/2019/09/19/0045/Nowcast_201909190045_000.nc'
Skipping 2019-09-20 00:00: [Errno 2] No such file or directory: '/gws/ssde/j25b/swift/nflics_nowcasts/2019/09/20/0000/Nowcast_201909200000_000.nc'
Skipping 2019-09-20 00:15: [Errno 2] No such file or directory: '/gws/ssde/j25b/swift/nflics_nowcasts/2019/09/20/0015/Nowcast_201909200015_000.nc'
Skipping 2019-09-20 00:30: [Errno 2] No such file or directory: '/gws/ssde/j25b/swift/nflics_nowcasts/2019/09/20/0030/Nowcast_201909200030_000.nc'
Skipping 2019-09-20 00:45: [Errno 2] No such file or directory: '/gws/ssde/j25b/swift/nflics_nowcasts/2019/09/20/0045/Nowcast_201909200045_000.nc'
Skipping 2019-09-21 00:00: [Errno 2] No such file or directory: '/gws/ssde/j25b/swift/nflics_nowcasts/2019/09/21/0000/Nowcast_201909210000_000.nc'
Skipping 2019-09-21 00:15: [Errno 2] No such file or directory: '/gws/ssde/j25b/swift/nflics_nowcasts/2019/09/21/0015/Nowcast_201909210015_000.nc'
Skipping 2019-09-21 00:30: [Errno 2] No such file or directory: '/gws/ssde/j25b/swift/nflics_nowcasts/2019/09/21/0030/Nowcast_201909210030_000.nc'
Skipping 2019-09-21 00:45: [Errno 2] No such file or directory: '/gws/ssde/j25b/swift/nflics_nowcasts/2019/09/21/0045/Nowcast_201909210045_000.nc'
Skipping 2019-09-22 00:00: [Errno 2] No such file or directory: '/gws/ssde/j25b/swift/nflics_nowcasts/2019/09/22/0000/Nowcast_201909220000_000.nc'
Skipping 2019-09-22 00:15: [Errno 2] No such file or directory: '/gws/ssde/j25b/swift/nflics_nowcasts/2019/09/22/0015/Nowcast_201909220015_000.nc'
Skipping 2019-09-22 00:30: [Errno 2] No such file or directory: '/gws/ssde/j25b/swift/nflics_nowcasts/2019/09/22/0030/Nowcast_201909220030_000.nc'
Skipping 2019-09-22 00:45: [Errno 2] No such file or directory: '/gws/ssde/j25b/swift/nflics_nowcasts/2019/09/22/0045/Nowcast_201909220045_000.nc'
Skipping 2019-09-23 00:00: [Errno 2] No such file or directory: '/gws/ssde/j25b/swift/nflics_nowcasts/2019/09/23/0000/Nowcast_201909230000_000.nc'
Skipping 2019-09-23 00:15: [Errno 2] No such file or directory: '/gws/ssde/j25b/swift/nflics_nowcasts/2019/09/23/0015/Nowcast_201909230015_000.nc'
Skipping 2019-09-23 00:30: [Errno 2] No such file or directory: '/gws/ssde/j25b/swift/nflics_nowcasts/2019/09/23/0030/Nowcast_201909230030_000.nc'
Skipping 2019-09-23 00:45: [Errno 2] No such file or directory: '/gws/ssde/j25b/swift/nflics_nowcasts/2019/09/23/0045/Nowcast_201909230045_000.nc'
Skipping 2019-09-24 00:00: [Errno 2] No such file or directory: '/gws/ssde/j25b/swift/nflics_nowcasts/2019/09/24/0000/Nowcast_201909240000_000.nc'
Skipping 2019-09-24 00:15: [Errno 2] No such file or directory: '/gws/ssde/j25b/swift/nflics_nowcasts/2019/09/24/0015/Nowcast_201909240015_000.nc'
Skipping 2019-09-24 00:30: [Errno 2] No such file or directory: '/gws/ssde/j25b/swift/nflics_nowcasts/2019/09/24/0030/Nowcast_201909240030_000.nc'
Skipping 2019-09-24 00:45: [Errno 2] No such file or directory: '/gws/ssde/j25b/swift/nflics_nowcasts/2019/09/24/0045/Nowcast_201909240045_000.nc'
Skipping 2019-09-25 00:00: [Errno 2] No such file or directory: '/gws/ssde/j25b/swift/nflics_nowcasts/2019/09/25/0000/Nowcast_201909250000_000.nc'
Skipping 2019-09-25 00:15: [Errno 2] No such file or directory: '/gws/ssde/j25b/swift/nflics_nowcasts/2019/09/25/0015/Nowcast_201909250015_000.nc'
Skipping 2019-09-25 00:30: [Errno 2] No such file or directory: '/gws/ssde/j25b/swift/nflics_nowcasts/2019/09/25/0030/Nowcast_201909250030_000.nc'
Skipping 2019-09-25 00:45: [Errno 2] No such file or directory: '/gws/ssde/j25b/swift/nflics_nowcasts/2019/09/25/0045/Nowcast_201909250045_000.nc'
Skipping 2019-09-26 00:00: [Errno 2] No such file or directory: '/gws/ssde/j25b/swift/nflics_nowcasts/2019/09/26/0000/Nowcast_201909260000_000.nc'
Skipping 2019-09-26 00:15: [Errno 2] No such file or directory: '/gws/ssde/j25b/swift/nflics_nowcasts/2019/09/26/0015/Nowcast_201909260015_000.nc'
Skipping 2019-09-26 00:30: [Errno 2] No such file or directory: '/gws/ssde/j25b/swift/nflics_nowcasts/2019/09/26/0030/Nowcast_201909260030_000.nc'
Skipping 2019-09-26 00:45: [Errno 2] No such file or directory: '/gws/ssde/j25b/swift/nflics_nowcasts/2019/09/26/0045/Nowcast_201909260045_000.nc'
Skipping 2019-09-28 00:00: [Errno 2] No such file or directory: '/gws/ssde/j25b/swift/nflics_nowcasts/2019/09/28/0000/Nowcast_201909280000_000.nc'
Skipping 2019-09-28 00:15: [Errno 2] No such file or directory: '/gws/ssde/j25b/swift/nflics_nowcasts/2019/09/28/0015/Nowcast_201909280015_000.nc'
Skipping 2019-09-28 00:30: [Errno 2] No such file or directory: '/gws/ssde/j25b/swift/nflics_nowcasts/2019/09/28/0030/Nowcast_201909280030_000.nc'
Skipping 2019-09-28 00:45: [Errno 2] No such file or directory: '/gws/ssde/j25b/swift/nflics_nowcasts/2019/09/28/0045/Nowcast_201909280045_000.nc'
Skipping 2019-09-29 00:00: [Errno 2] No such file or directory: '/gws/ssde/j25b/swift/nflics_nowcasts/2019/09/29/0000/Nowcast_201909290000_000.nc'
Skipping 2019-09-29 00:15: [Errno 2] No such file or directory: '/gws/ssde/j25b/swift/nflics_nowcasts/2019/09/29/0015/Nowcast_201909290015_000.nc'
Skipping 2019-09-29 00:30: [Errno 2] No such file or directory: '/gws/ssde/j25b/swift/nflics_nowcasts/2019/09/29/0030/Nowcast_201909290030_000.nc'
All ensemble nowcasts completed on CPU.
======================================================
 Job completed successfully at Sat 29 Nov 12:12:45 GMT 2025
======================================================
