======================================================
 Job started on host1085.jc.rl.ac.uk at Sat 29 Nov 12:12:17 GMT 2025
======================================================
Running ensemble nowcast inference:
 Lead time : 1
 Year      : 2019
 Month     : 08
 Hour      : 19
======================================================
Running on CPU with 8 threads
Loaded 5 ensemble models on CPU
Detected 95 inputs for 2019-08 19 UTC
Skipping 2019-08-01 19:00: [Errno 2] No such file or directory: '/gws/ssde/j25b/swift/nflics_nowcasts/2019/08/01/1900/Nowcast_201908011900_000.nc'
Skipping 2019-08-01 19:15: [Errno 2] No such file or directory: '/gws/ssde/j25b/swift/nflics_nowcasts/2019/08/01/1915/Nowcast_201908011915_000.nc'
Skipping 2019-08-01 19:30: [Errno 2] No such file or directory: '/gws/ssde/j25b/swift/nflics_nowcasts/2019/08/01/1930/Nowcast_201908011930_000.nc'
Skipping 2019-08-01 19:45: [Errno 2] No such file or directory: '/gws/ssde/j25b/swift/nflics_nowcasts/2019/08/01/1945/Nowcast_201908011945_000.nc'
Skipping 2019-08-02 19:00: [Errno 2] No such file or directory: '/gws/ssde/j25b/swift/nflics_nowcasts/2019/08/02/1900/Nowcast_201908021900_000.nc'
Skipping 2019-08-02 19:15: [Errno 2] No such file or directory: '/gws/ssde/j25b/swift/nflics_nowcasts/2019/08/02/1915/Nowcast_201908021915_000.nc'
Skipping 2019-08-02 19:30: [Errno 2] No such file or directory: '/gws/ssde/j25b/swift/nflics_nowcasts/2019/08/02/1930/Nowcast_201908021930_000.nc'
Skipping 2019-08-02 19:45: [Errno 2] No such file or directory: '/gws/ssde/j25b/swift/nflics_nowcasts/2019/08/02/1945/Nowcast_201908021945_000.nc'
Skipping 2019-08-03 19:00: [Errno 2] No such file or directory: '/gws/ssde/j25b/swift/nflics_nowcasts/2019/08/03/1900/Nowcast_201908031900_000.nc'
Skipping 2019-08-03 19:15: [Errno 2] No such file or directory: '/gws/ssde/j25b/swift/nflics_nowcasts/2019/08/03/1915/Nowcast_201908031915_000.nc'
Skipping 2019-08-03 19:30: [Errno 2] No such file or directory: '/gws/ssde/j25b/swift/nflics_nowcasts/2019/08/03/1930/Nowcast_201908031930_000.nc'
Skipping 2019-08-03 19:45: [Errno 2] No such file or directory: '/gws/ssde/j25b/swift/nflics_nowcasts/2019/08/03/1945/Nowcast_201908031945_000.nc'
Skipping 2019-08-05 19:00: [Errno 2] No such file or directory: '/gws/ssde/j25b/swift/nflics_nowcasts/2019/08/05/1900/Nowcast_201908051900_000.nc'
Skipping 2019-08-05 19:15: [Errno 2] No such file or directory: '/gws/ssde/j25b/swift/nflics_nowcasts/2019/08/05/1915/Nowcast_201908051915_000.nc'
Skipping 2019-08-05 19:30: [Errno 2] No such file or directory: '/gws/ssde/j25b/swift/nflics_nowcasts/2019/08/05/1930/Nowcast_201908051930_000.nc'
Skipping 2019-08-05 19:45: [Errno 2] No such file or directory: '/gws/ssde/j25b/swift/nflics_nowcasts/2019/08/05/1945/Nowcast_201908051945_000.nc'
Skipping 2019-08-06 19:00: [Errno 2] No such file or directory: '/gws/ssde/j25b/swift/nflics_nowcasts/2019/08/06/1900/Nowcast_201908061900_000.nc'
Skipping 2019-08-06 19:15: [Errno 2] No such file or directory: '/gws/ssde/j25b/swift/nflics_nowcasts/2019/08/06/1915/Nowcast_201908061915_000.nc'
Skipping 2019-08-06 19:30: [Errno 2] No such file or directory: '/gws/ssde/j25b/swift/nflics_nowcasts/2019/08/06/1930/Nowcast_201908061930_000.nc'
Skipping 2019-08-06 19:45: [Errno 2] No such file or directory: '/gws/ssde/j25b/swift/nflics_nowcasts/2019/08/06/1945/Nowcast_201908061945_000.nc'
Skipping 2019-08-10 19:00: [Errno 2] No such file or directory: '/gws/ssde/j25b/swift/nflics_nowcasts/2019/08/10/1900/Nowcast_201908101900_000.nc'
Skipping 2019-08-10 19:15: [Errno 2] No such file or directory: '/gws/ssde/j25b/swift/nflics_nowcasts/2019/08/10/1915/Nowcast_201908101915_000.nc'
Skipping 2019-08-10 19:30: [Errno 2] No such file or directory: '/gws/ssde/j25b/swift/nflics_nowcasts/2019/08/10/1930/Nowcast_201908101930_000.nc'
Skipping 2019-08-10 19:45: [Errno 2] No such file or directory: '/gws/ssde/j25b/swift/nflics_nowcasts/2019/08/10/1945/Nowcast_201908101945_000.nc'
Skipping 2019-08-11 19:00: [Errno 2] No such file or directory: '/gws/ssde/j25b/swift/nflics_nowcasts/2019/08/11/1900/Nowcast_201908111900_000.nc'
Skipping 2019-08-11 19:15: [Errno 2] No such file or directory: '/gws/ssde/j25b/swift/nflics_nowcasts/2019/08/11/1915/Nowcast_201908111915_000.nc'
Skipping 2019-08-11 19:30: [Errno 2] No such file or directory: '/gws/ssde/j25b/swift/nflics_nowcasts/2019/08/11/1930/Nowcast_201908111930_000.nc'
Skipping 2019-08-11 19:45: [Errno 2] No such file or directory: '/gws/ssde/j25b/swift/nflics_nowcasts/2019/08/11/1945/Nowcast_201908111945_000.nc'
Skipping 2019-08-13 19:00: [Errno 2] No such file or directory: '/gws/ssde/j25b/swift/nflics_nowcasts/2019/08/13/1900/Nowcast_201908131900_000.nc'
Skipping 2019-08-13 19:15: [Errno 2] No such file or directory: '/gws/ssde/j25b/swift/nflics_nowcasts/2019/08/13/1915/Nowcast_201908131915_000.nc'
Skipping 2019-08-13 19:30: [Errno 2] No such file or directory: '/gws/ssde/j25b/swift/nflics_nowcasts/2019/08/13/1930/Nowcast_201908131930_000.nc'
Skipping 2019-08-13 19:45: [Errno 2] No such file or directory: '/gws/ssde/j25b/swift/nflics_nowcasts/2019/08/13/1945/Nowcast_201908131945_000.nc'
Skipping 2019-08-14 19:00: [Errno 2] No such file or directory: '/gws/ssde/j25b/swift/nflics_nowcasts/2019/08/14/1900/Nowcast_201908141900_000.nc'
Skipping 2019-08-14 19:15: [Errno 2] No such file or directory: '/gws/ssde/j25b/swift/nflics_nowcasts/2019/08/14/1915/Nowcast_201908141915_000.nc'
Skipping 2019-08-14 19:30: [Errno 2] No such file or directory: '/gws/ssde/j25b/swift/nflics_nowcasts/2019/08/14/1930/Nowcast_201908141930_000.nc'
Skipping 2019-08-14 19:45: [Errno 2] No such file or directory: '/gws/ssde/j25b/swift/nflics_nowcasts/2019/08/14/1945/Nowcast_201908141945_000.nc'
Skipping 2019-08-15 19:00: [Errno 2] No such file or directory: '/gws/ssde/j25b/swift/nflics_nowcasts/2019/08/15/1900/Nowcast_201908151900_000.nc'
Skipping 2019-08-15 19:15: [Errno 2] No such file or directory: '/gws/ssde/j25b/swift/nflics_nowcasts/2019/08/15/1915/Nowcast_201908151915_000.nc'
Skipping 2019-08-15 19:30: [Errno 2] No such file or directory: '/gws/ssde/j25b/swift/nflics_nowcasts/2019/08/15/1930/Nowcast_201908151930_000.nc'
Skipping 2019-08-15 19:45: [Errno 2] No such file or directory: '/gws/ssde/j25b/swift/nflics_nowcasts/2019/08/15/1945/Nowcast_201908151945_000.nc'
Skipping 2019-08-16 19:00: [Errno 2] No such file or directory: '/gws/ssde/j25b/swift/nflics_nowcasts/2019/08/16/1900/Nowcast_201908161900_000.nc'
Skipping 2019-08-16 19:15: [Errno 2] No such file or directory: '/gws/ssde/j25b/swift/nflics_nowcasts/2019/08/16/1915/Nowcast_201908161915_000.nc'
Skipping 2019-08-16 19:30: [Errno 2] No such file or directory: '/gws/ssde/j25b/swift/nflics_nowcasts/2019/08/16/1930/Nowcast_201908161930_000.nc'
Skipping 2019-08-16 19:45: [Errno 2] No such file or directory: '/gws/ssde/j25b/swift/nflics_nowcasts/2019/08/16/1945/Nowcast_201908161945_000.nc'
Skipping 2019-08-17 19:00: [Errno 2] No such file or directory: '/gws/ssde/j25b/swift/nflics_nowcasts/2019/08/17/1900/Nowcast_201908171900_000.nc'
Skipping 2019-08-17 19:15: [Errno 2] No such file or directory: '/gws/ssde/j25b/swift/nflics_nowcasts/2019/08/17/1915/Nowcast_201908171915_000.nc'
Skipping 2019-08-17 19:30: [Errno 2] No such file or directory: '/gws/ssde/j25b/swift/nflics_nowcasts/2019/08/17/1930/Nowcast_201908171930_000.nc'
Skipping 2019-08-17 19:45: [Errno 2] No such file or directory: '/gws/ssde/j25b/swift/nflics_nowcasts/2019/08/17/1945/Nowcast_201908171945_000.nc'
Skipping 2019-08-18 19:00: [Errno 2] No such file or directory: '/gws/ssde/j25b/swift/nflics_nowcasts/2019/08/18/1900/Nowcast_201908181900_000.nc'
Skipping 2019-08-18 19:15: [Errno 2] No such file or directory: '/gws/ssde/j25b/swift/nflics_nowcasts/2019/08/18/1915/Nowcast_201908181915_000.nc'
Skipping 2019-08-18 19:30: [Errno 2] No such file or directory: '/gws/ssde/j25b/swift/nflics_nowcasts/2019/08/18/1930/Nowcast_201908181930_000.nc'
Skipping 2019-08-18 19:45: [Errno 2] No such file or directory: '/gws/ssde/j25b/swift/nflics_nowcasts/2019/08/18/1945/Nowcast_201908181945_000.nc'
Skipping 2019-08-19 19:00: [Errno 2] No such file or directory: '/gws/ssde/j25b/swift/nflics_nowcasts/2019/08/19/1900/Nowcast_201908191900_000.nc'
Skipping 2019-08-19 19:15: [Errno 2] No such file or directory: '/gws/ssde/j25b/swift/nflics_nowcasts/2019/08/19/1915/Nowcast_201908191915_000.nc'
Skipping 2019-08-19 19:30: [Errno 2] No such file or directory: '/gws/ssde/j25b/swift/nflics_nowcasts/2019/08/19/1930/Nowcast_201908191930_000.nc'
Skipping 2019-08-19 19:45: [Errno 2] No such file or directory: '/gws/ssde/j25b/swift/nflics_nowcasts/2019/08/19/1945/Nowcast_201908191945_000.nc'
Skipping 2019-08-20 19:00: [Errno 2] No such file or directory: '/gws/ssde/j25b/swift/nflics_nowcasts/2019/08/20/1900/Nowcast_201908201900_000.nc'
Skipping 2019-08-20 19:15: [Errno 2] No such file or directory: '/gws/ssde/j25b/swift/nflics_nowcasts/2019/08/20/1915/Nowcast_201908201915_000.nc'
Skipping 2019-08-20 19:30: [Errno 2] No such file or directory: '/gws/ssde/j25b/swift/nflics_nowcasts/2019/08/20/1930/Nowcast_201908201930_000.nc'
Skipping 2019-08-20 19:45: [Errno 2] No such file or directory: '/gws/ssde/j25b/swift/nflics_nowcasts/2019/08/20/1945/Nowcast_201908201945_000.nc'
Skipping 2019-08-21 19:00: [Errno 2] No such file or directory: '/gws/ssde/j25b/swift/nflics_nowcasts/2019/08/21/1900/Nowcast_201908211900_000.nc'
Skipping 2019-08-21 19:15: [Errno 2] No such file or directory: '/gws/ssde/j25b/swift/nflics_nowcasts/2019/08/21/1915/Nowcast_201908211915_000.nc'
Skipping 2019-08-21 19:30: [Errno 2] No such file or directory: '/gws/ssde/j25b/swift/nflics_nowcasts/2019/08/21/1930/Nowcast_201908211930_000.nc'
Skipping 2019-08-21 19:45: [Errno 2] No such file or directory: '/gws/ssde/j25b/swift/nflics_nowcasts/2019/08/21/1945/Nowcast_201908211945_000.nc'
Skipping 2019-08-23 19:00: [Errno 2] No such file or directory: '/gws/ssde/j25b/swift/nflics_nowcasts/2019/08/23/1900/Nowcast_201908231900_000.nc'
Skipping 2019-08-23 19:15: [Errno 2] No such file or directory: '/gws/ssde/j25b/swift/nflics_nowcasts/2019/08/23/1915/Nowcast_201908231915_000.nc'
Skipping 2019-08-23 19:30: [Errno 2] No such file or directory: '/gws/ssde/j25b/swift/nflics_nowcasts/2019/08/23/1930/Nowcast_201908231930_000.nc'
Skipping 2019-08-23 19:45: [Errno 2] No such file or directory: '/gws/ssde/j25b/swift/nflics_nowcasts/2019/08/23/1945/Nowcast_201908231945_000.nc'
Skipping 2019-08-24 19:00: [Errno 2] No such file or directory: '/gws/ssde/j25b/swift/nflics_nowcasts/2019/08/24/1900/Nowcast_201908241900_000.nc'
Skipping 2019-08-24 19:15: [Errno 2] No such file or directory: '/gws/ssde/j25b/swift/nflics_nowcasts/2019/08/24/1915/Nowcast_201908241915_000.nc'
Skipping 2019-08-24 19:30: [Errno 2] No such file or directory: '/gws/ssde/j25b/swift/nflics_nowcasts/2019/08/24/1930/Nowcast_201908241930_000.nc'
Skipping 2019-08-24 19:45: [Errno 2] No such file or directory: '/gws/ssde/j25b/swift/nflics_nowcasts/2019/08/24/1945/Nowcast_201908241945_000.nc'
Skipping 2019-08-26 19:00: [Errno 2] No such file or directory: '/gws/ssde/j25b/swift/nflics_nowcasts/2019/08/26/1900/Nowcast_201908261900_000.nc'
Skipping 2019-08-26 19:15: [Errno 2] No such file or directory: '/gws/ssde/j25b/swift/nflics_nowcasts/2019/08/26/1915/Nowcast_201908261915_000.nc'
Skipping 2019-08-26 19:30: [Errno 2] No such file or directory: '/gws/ssde/j25b/swift/nflics_nowcasts/2019/08/26/1930/Nowcast_201908261930_000.nc'
Skipping 2019-08-27 19:00: [Errno 2] No such file or directory: '/gws/ssde/j25b/swift/nflics_nowcasts/2019/08/27/1900/Nowcast_201908271900_000.nc'
Skipping 2019-08-27 19:15: [Errno 2] No such file or directory: '/gws/ssde/j25b/swift/nflics_nowcasts/2019/08/27/1915/Nowcast_201908271915_000.nc'
Skipping 2019-08-27 19:30: [Errno 2] No such file or directory: '/gws/ssde/j25b/swift/nflics_nowcasts/2019/08/27/1930/Nowcast_201908271930_000.nc'
Skipping 2019-08-27 19:45: [Errno 2] No such file or directory: '/gws/ssde/j25b/swift/nflics_nowcasts/2019/08/27/1945/Nowcast_201908271945_000.nc'
Skipping 2019-08-28 19:00: [Errno 2] No such file or directory: '/gws/ssde/j25b/swift/nflics_nowcasts/2019/08/28/1900/Nowcast_201908281900_000.nc'
Skipping 2019-08-28 19:15: [Errno 2] No such file or directory: '/gws/ssde/j25b/swift/nflics_nowcasts/2019/08/28/1915/Nowcast_201908281915_000.nc'
Skipping 2019-08-28 19:30: [Errno 2] No such file or directory: '/gws/ssde/j25b/swift/nflics_nowcasts/2019/08/28/1930/Nowcast_201908281930_000.nc'
Skipping 2019-08-28 19:45: [Errno 2] No such file or directory: '/gws/ssde/j25b/swift/nflics_nowcasts/2019/08/28/1945/Nowcast_201908281945_000.nc'
Skipping 2019-08-29 19:00: [Errno 2] No such file or directory: '/gws/ssde/j25b/swift/nflics_nowcasts/2019/08/29/1900/Nowcast_201908291900_000.nc'
Skipping 2019-08-29 19:15: [Errno 2] No such file or directory: '/gws/ssde/j25b/swift/nflics_nowcasts/2019/08/29/1915/Nowcast_201908291915_000.nc'
Skipping 2019-08-29 19:30: [Errno 2] No such file or directory: '/gws/ssde/j25b/swift/nflics_nowcasts/2019/08/29/1930/Nowcast_201908291930_000.nc'
Skipping 2019-08-29 19:45: [Errno 2] No such file or directory: '/gws/ssde/j25b/swift/nflics_nowcasts/2019/08/29/1945/Nowcast_201908291945_000.nc'
Skipping 2019-08-30 19:00: [Errno 2] No such file or directory: '/gws/ssde/j25b/swift/nflics_nowcasts/2019/08/30/1900/Nowcast_201908301900_000.nc'
Skipping 2019-08-30 19:15: [Errno 2] No such file or directory: '/gws/ssde/j25b/swift/nflics_nowcasts/2019/08/30/1915/Nowcast_201908301915_000.nc'
Skipping 2019-08-30 19:30: [Errno 2] No such file or directory: '/gws/ssde/j25b/swift/nflics_nowcasts/2019/08/30/1930/Nowcast_201908301930_000.nc'
Skipping 2019-08-30 19:45: [Errno 2] No such file or directory: '/gws/ssde/j25b/swift/nflics_nowcasts/2019/08/30/1945/Nowcast_201908301945_000.nc'
Skipping 2019-08-31 19:00: [Errno 2] No such file or directory: '/gws/ssde/j25b/swift/nflics_nowcasts/2019/08/31/1900/Nowcast_201908311900_000.nc'
Skipping 2019-08-31 19:15: [Errno 2] No such file or directory: '/gws/ssde/j25b/swift/nflics_nowcasts/2019/08/31/1915/Nowcast_201908311915_000.nc'
Skipping 2019-08-31 19:30: [Errno 2] No such file or directory: '/gws/ssde/j25b/swift/nflics_nowcasts/2019/08/31/1930/Nowcast_201908311930_000.nc'
Skipping 2019-08-31 19:45: [Errno 2] No such file or directory: '/gws/ssde/j25b/swift/nflics_nowcasts/2019/08/31/1945/Nowcast_201908311945_000.nc'
All ensemble nowcasts completed on CPU.
======================================================
 Job completed successfully at Sat 29 Nov 12:12:25 GMT 2025
======================================================
