======================================================
 Job started on host1086.jc.rl.ac.uk at Sat 29 Nov 12:12:38 GMT 2025
======================================================
Running ensemble nowcast inference:
 Lead time : 6
 Year      : 2019
 Month     : 09
 Hour      : 08
======================================================
Running on CPU with 8 threads
Loaded 5 ensemble models on CPU
Detected 53 inputs for 2019-09 08 UTC
Skipping 2019-09-02 08:00: [Errno 2] No such file or directory: '/gws/ssde/j25b/swift/nflics_nowcasts/2019/09/02/0800/Nowcast_201909020800_000.nc'
Skipping 2019-09-02 08:15: [Errno 2] No such file or directory: '/gws/ssde/j25b/swift/nflics_nowcasts/2019/09/02/0815/Nowcast_201909020815_000.nc'
Skipping 2019-09-02 08:30: [Errno 2] No such file or directory: '/gws/ssde/j25b/swift/nflics_nowcasts/2019/09/02/0830/Nowcast_201909020830_000.nc'
Skipping 2019-09-02 08:45: [Errno 2] No such file or directory: '/gws/ssde/j25b/swift/nflics_nowcasts/2019/09/02/0845/Nowcast_201909020845_000.nc'
Skipping 2019-09-03 08:15: [Errno 2] No such file or directory: '/gws/ssde/j25b/swift/nflics_nowcasts/2019/09/03/0815/Nowcast_201909030815_000.nc'
Skipping 2019-09-03 08:30: [Errno 2] No such file or directory: '/gws/ssde/j25b/swift/nflics_nowcasts/2019/09/03/0830/Nowcast_201909030830_000.nc'
Skipping 2019-09-03 08:45: [Errno 2] No such file or directory: '/gws/ssde/j25b/swift/nflics_nowcasts/2019/09/03/0845/Nowcast_201909030845_000.nc'
Skipping 2019-09-04 08:00: [Errno 2] No such file or directory: '/gws/ssde/j25b/swift/nflics_nowcasts/2019/09/04/0800/Nowcast_201909040800_000.nc'
Skipping 2019-09-04 08:15: [Errno 2] No such file or directory: '/gws/ssde/j25b/swift/nflics_nowcasts/2019/09/04/0815/Nowcast_201909040815_000.nc'
Skipping 2019-09-04 08:30: [Errno 2] No such file or directory: '/gws/ssde/j25b/swift/nflics_nowcasts/2019/09/04/0830/Nowcast_201909040830_000.nc'
Skipping 2019-09-04 08:45: [Errno 2] No such file or directory: '/gws/ssde/j25b/swift/nflics_nowcasts/2019/09/04/0845/Nowcast_201909040845_000.nc'
Skipping 2019-09-07 08:00: [Errno 2] No such file or directory: '/gws/ssde/j25b/swift/nflics_nowcasts/2019/09/07/0800/Nowcast_201909070800_000.nc'
Skipping 2019-09-07 08:15: [Errno 2] No such file or directory: '/gws/ssde/j25b/swift/nflics_nowcasts/2019/09/07/0815/Nowcast_201909070815_000.nc'
Skipping 2019-09-07 08:30: [Errno 2] No such file or directory: '/gws/ssde/j25b/swift/nflics_nowcasts/2019/09/07/0830/Nowcast_201909070830_000.nc'
Skipping 2019-09-07 08:45: [Errno 2] No such file or directory: '/gws/ssde/j25b/swift/nflics_nowcasts/2019/09/07/0845/Nowcast_201909070845_000.nc'
Skipping 2019-09-09 08:00: [Errno 2] No such file or directory: '/gws/ssde/j25b/swift/nflics_nowcasts/2019/09/09/0800/Nowcast_201909090800_000.nc'
Skipping 2019-09-09 08:15: [Errno 2] No such file or directory: '/gws/ssde/j25b/swift/nflics_nowcasts/2019/09/09/0815/Nowcast_201909090815_000.nc'
Skipping 2019-09-09 08:30: [Errno 2] No such file or directory: '/gws/ssde/j25b/swift/nflics_nowcasts/2019/09/09/0830/Nowcast_201909090830_000.nc'
Skipping 2019-09-09 08:45: [Errno 2] No such file or directory: '/gws/ssde/j25b/swift/nflics_nowcasts/2019/09/09/0845/Nowcast_201909090845_000.nc'
Skipping 2019-09-10 08:00: [Errno 2] No such file or directory: '/gws/ssde/j25b/swift/nflics_nowcasts/2019/09/10/0800/Nowcast_201909100800_000.nc'
Skipping 2019-09-10 08:15: [Errno 2] No such file or directory: '/gws/ssde/j25b/swift/nflics_nowcasts/2019/09/10/0815/Nowcast_201909100815_000.nc'
Skipping 2019-09-10 08:30: [Errno 2] No such file or directory: '/gws/ssde/j25b/swift/nflics_nowcasts/2019/09/10/0830/Nowcast_201909100830_000.nc'
Skipping 2019-09-10 08:45: [Errno 2] No such file or directory: '/gws/ssde/j25b/swift/nflics_nowcasts/2019/09/10/0845/Nowcast_201909100845_000.nc'
Skipping 2019-09-12 08:00: [Errno 2] No such file or directory: '/gws/ssde/j25b/swift/nflics_nowcasts/2019/09/12/0800/Nowcast_201909120800_000.nc'
Skipping 2019-09-12 08:15: [Errno 2] No such file or directory: '/gws/ssde/j25b/swift/nflics_nowcasts/2019/09/12/0815/Nowcast_201909120815_000.nc'
Skipping 2019-09-12 08:30: [Errno 2] No such file or directory: '/gws/ssde/j25b/swift/nflics_nowcasts/2019/09/12/0830/Nowcast_201909120830_000.nc'
Skipping 2019-09-12 08:45: [Errno 2] No such file or directory: '/gws/ssde/j25b/swift/nflics_nowcasts/2019/09/12/0845/Nowcast_201909120845_000.nc'
Skipping 2019-09-16 08:00: [Errno 2] No such file or directory: '/gws/ssde/j25b/swift/nflics_nowcasts/2019/09/16/0800/Nowcast_201909160800_000.nc'
Skipping 2019-09-16 08:15: [Errno 2] No such file or directory: '/gws/ssde/j25b/swift/nflics_nowcasts/2019/09/16/0815/Nowcast_201909160815_000.nc'
Skipping 2019-09-16 08:30: [Errno 2] No such file or directory: '/gws/ssde/j25b/swift/nflics_nowcasts/2019/09/16/0830/Nowcast_201909160830_000.nc'
Skipping 2019-09-16 08:45: [Errno 2] No such file or directory: '/gws/ssde/j25b/swift/nflics_nowcasts/2019/09/16/0845/Nowcast_201909160845_000.nc'
Skipping 2019-09-20 08:00: [Errno 2] No such file or directory: '/gws/ssde/j25b/swift/nflics_nowcasts/2019/09/20/0800/Nowcast_201909200800_000.nc'
Skipping 2019-09-20 08:15: [Errno 2] No such file or directory: '/gws/ssde/j25b/swift/nflics_nowcasts/2019/09/20/0815/Nowcast_201909200815_000.nc'
Skipping 2019-09-20 08:30: [Errno 2] No such file or directory: '/gws/ssde/j25b/swift/nflics_nowcasts/2019/09/20/0830/Nowcast_201909200830_000.nc'
Skipping 2019-09-20 08:45: [Errno 2] No such file or directory: '/gws/ssde/j25b/swift/nflics_nowcasts/2019/09/20/0845/Nowcast_201909200845_000.nc'
Skipping 2019-09-21 08:00: [Errno 2] No such file or directory: '/gws/ssde/j25b/swift/nflics_nowcasts/2019/09/21/0800/Nowcast_201909210800_000.nc'
Skipping 2019-09-21 08:15: [Errno 2] No such file or directory: '/gws/ssde/j25b/swift/nflics_nowcasts/2019/09/21/0815/Nowcast_201909210815_000.nc'
Skipping 2019-09-21 08:30: [Errno 2] No such file or directory: '/gws/ssde/j25b/swift/nflics_nowcasts/2019/09/21/0830/Nowcast_201909210830_000.nc'
Skipping 2019-09-21 08:45: [Errno 2] No such file or directory: '/gws/ssde/j25b/swift/nflics_nowcasts/2019/09/21/0845/Nowcast_201909210845_000.nc'
Skipping 2019-09-22 08:00: [Errno 2] No such file or directory: '/gws/ssde/j25b/swift/nflics_nowcasts/2019/09/22/0800/Nowcast_201909220800_000.nc'
Skipping 2019-09-23 08:15: [Errno 2] No such file or directory: '/gws/ssde/j25b/swift/nflics_nowcasts/2019/09/23/0815/Nowcast_201909230815_000.nc'
Skipping 2019-09-26 08:00: [Errno 2] No such file or directory: '/gws/ssde/j25b/swift/nflics_nowcasts/2019/09/26/0800/Nowcast_201909260800_000.nc'
Skipping 2019-09-26 08:15: [Errno 2] No such file or directory: '/gws/ssde/j25b/swift/nflics_nowcasts/2019/09/26/0815/Nowcast_201909260815_000.nc'
Skipping 2019-09-26 08:30: [Errno 2] No such file or directory: '/gws/ssde/j25b/swift/nflics_nowcasts/2019/09/26/0830/Nowcast_201909260830_000.nc'
Skipping 2019-09-26 08:45: [Errno 2] No such file or directory: '/gws/ssde/j25b/swift/nflics_nowcasts/2019/09/26/0845/Nowcast_201909260845_000.nc'
Skipping 2019-09-28 08:00: [Errno 2] No such file or directory: '/gws/ssde/j25b/swift/nflics_nowcasts/2019/09/28/0800/Nowcast_201909280800_000.nc'
Skipping 2019-09-28 08:15: [Errno 2] No such file or directory: '/gws/ssde/j25b/swift/nflics_nowcasts/2019/09/28/0815/Nowcast_201909280815_000.nc'
Skipping 2019-09-28 08:30: [Errno 2] No such file or directory: '/gws/ssde/j25b/swift/nflics_nowcasts/2019/09/28/0830/Nowcast_201909280830_000.nc'
Skipping 2019-09-28 08:45: [Errno 2] No such file or directory: '/gws/ssde/j25b/swift/nflics_nowcasts/2019/09/28/0845/Nowcast_201909280845_000.nc'
Skipping 2019-09-29 08:00: [Errno 2] No such file or directory: '/gws/ssde/j25b/swift/nflics_nowcasts/2019/09/29/0800/Nowcast_201909290800_000.nc'
Skipping 2019-09-29 08:15: [Errno 2] No such file or directory: '/gws/ssde/j25b/swift/nflics_nowcasts/2019/09/29/0815/Nowcast_201909290815_000.nc'
Skipping 2019-09-29 08:30: [Errno 2] No such file or directory: '/gws/ssde/j25b/swift/nflics_nowcasts/2019/09/29/0830/Nowcast_201909290830_000.nc'
Skipping 2019-09-29 08:45: [Errno 2] No such file or directory: '/gws/ssde/j25b/swift/nflics_nowcasts/2019/09/29/0845/Nowcast_201909290845_000.nc'
All ensemble nowcasts completed on CPU.
======================================================
 Job completed successfully at Sat 29 Nov 12:12:46 GMT 2025
======================================================
