======================================================
 Job started on host1085.jc.rl.ac.uk at Sat 29 Nov 12:12:57 GMT 2025
======================================================
Running ensemble nowcast inference:
 Lead time : 1
 Year      : 2019
 Month     : 09
 Hour      : 19
======================================================
Running on CPU with 8 threads
Loaded 5 ensemble models on CPU
Detected 114 inputs for 2019-09 19 UTC
Skipping 2019-09-01 19:00: [Errno 2] No such file or directory: '/gws/ssde/j25b/swift/nflics_nowcasts/2019/09/01/1900/Nowcast_201909011900_000.nc'
Skipping 2019-09-01 19:15: [Errno 2] No such file or directory: '/gws/ssde/j25b/swift/nflics_nowcasts/2019/09/01/1915/Nowcast_201909011915_000.nc'
Skipping 2019-09-01 19:30: [Errno 2] No such file or directory: '/gws/ssde/j25b/swift/nflics_nowcasts/2019/09/01/1930/Nowcast_201909011930_000.nc'
Skipping 2019-09-01 19:45: [Errno 2] No such file or directory: '/gws/ssde/j25b/swift/nflics_nowcasts/2019/09/01/1945/Nowcast_201909011945_000.nc'
Skipping 2019-09-02 19:00: [Errno 2] No such file or directory: '/gws/ssde/j25b/swift/nflics_nowcasts/2019/09/02/1900/Nowcast_201909021900_000.nc'
Skipping 2019-09-02 19:15: [Errno 2] No such file or directory: '/gws/ssde/j25b/swift/nflics_nowcasts/2019/09/02/1915/Nowcast_201909021915_000.nc'
Skipping 2019-09-02 19:30: [Errno 2] No such file or directory: '/gws/ssde/j25b/swift/nflics_nowcasts/2019/09/02/1930/Nowcast_201909021930_000.nc'
Skipping 2019-09-02 19:45: [Errno 2] No such file or directory: '/gws/ssde/j25b/swift/nflics_nowcasts/2019/09/02/1945/Nowcast_201909021945_000.nc'
Skipping 2019-09-03 19:00: [Errno 2] No such file or directory: '/gws/ssde/j25b/swift/nflics_nowcasts/2019/09/03/1900/Nowcast_201909031900_000.nc'
Skipping 2019-09-03 19:15: [Errno 2] No such file or directory: '/gws/ssde/j25b/swift/nflics_nowcasts/2019/09/03/1915/Nowcast_201909031915_000.nc'
Skipping 2019-09-03 19:30: [Errno 2] No such file or directory: '/gws/ssde/j25b/swift/nflics_nowcasts/2019/09/03/1930/Nowcast_201909031930_000.nc'
Skipping 2019-09-03 19:45: [Errno 2] No such file or directory: '/gws/ssde/j25b/swift/nflics_nowcasts/2019/09/03/1945/Nowcast_201909031945_000.nc'
Skipping 2019-09-04 19:00: [Errno 2] No such file or directory: '/gws/ssde/j25b/swift/nflics_nowcasts/2019/09/04/1900/Nowcast_201909041900_000.nc'
Skipping 2019-09-04 19:15: [Errno 2] No such file or directory: '/gws/ssde/j25b/swift/nflics_nowcasts/2019/09/04/1915/Nowcast_201909041915_000.nc'
Skipping 2019-09-04 19:30: [Errno 2] No such file or directory: '/gws/ssde/j25b/swift/nflics_nowcasts/2019/09/04/1930/Nowcast_201909041930_000.nc'
Skipping 2019-09-04 19:45: [Errno 2] No such file or directory: '/gws/ssde/j25b/swift/nflics_nowcasts/2019/09/04/1945/Nowcast_201909041945_000.nc'
Skipping 2019-09-05 19:00: [Errno 2] No such file or directory: '/gws/ssde/j25b/swift/nflics_nowcasts/2019/09/05/1900/Nowcast_201909051900_000.nc'
Skipping 2019-09-05 19:15: [Errno 2] No such file or directory: '/gws/ssde/j25b/swift/nflics_nowcasts/2019/09/05/1915/Nowcast_201909051915_000.nc'
Skipping 2019-09-05 19:30: [Errno 2] No such file or directory: '/gws/ssde/j25b/swift/nflics_nowcasts/2019/09/05/1930/Nowcast_201909051930_000.nc'
Skipping 2019-09-05 19:45: [Errno 2] No such file or directory: '/gws/ssde/j25b/swift/nflics_nowcasts/2019/09/05/1945/Nowcast_201909051945_000.nc'
Skipping 2019-09-06 19:00: [Errno 2] No such file or directory: '/gws/ssde/j25b/swift/nflics_nowcasts/2019/09/06/1900/Nowcast_201909061900_000.nc'
Skipping 2019-09-06 19:15: [Errno 2] No such file or directory: '/gws/ssde/j25b/swift/nflics_nowcasts/2019/09/06/1915/Nowcast_201909061915_000.nc'
Skipping 2019-09-06 19:30: [Errno 2] No such file or directory: '/gws/ssde/j25b/swift/nflics_nowcasts/2019/09/06/1930/Nowcast_201909061930_000.nc'
Skipping 2019-09-06 19:45: [Errno 2] No such file or directory: '/gws/ssde/j25b/swift/nflics_nowcasts/2019/09/06/1945/Nowcast_201909061945_000.nc'
Skipping 2019-09-07 19:00: [Errno 2] No such file or directory: '/gws/ssde/j25b/swift/nflics_nowcasts/2019/09/07/1900/Nowcast_201909071900_000.nc'
Skipping 2019-09-07 19:45: [Errno 2] No such file or directory: '/gws/ssde/j25b/swift/nflics_nowcasts/2019/09/07/1945/Nowcast_201909071945_000.nc'
Skipping 2019-09-08 19:00: [Errno 2] No such file or directory: '/gws/ssde/j25b/swift/nflics_nowcasts/2019/09/08/1900/Nowcast_201909081900_000.nc'
Skipping 2019-09-08 19:15: [Errno 2] No such file or directory: '/gws/ssde/j25b/swift/nflics_nowcasts/2019/09/08/1915/Nowcast_201909081915_000.nc'
Skipping 2019-09-08 19:30: [Errno 2] No such file or directory: '/gws/ssde/j25b/swift/nflics_nowcasts/2019/09/08/1930/Nowcast_201909081930_000.nc'
Skipping 2019-09-08 19:45: [Errno 2] No such file or directory: '/gws/ssde/j25b/swift/nflics_nowcasts/2019/09/08/1945/Nowcast_201909081945_000.nc'
Skipping 2019-09-09 19:00: [Errno 2] No such file or directory: '/gws/ssde/j25b/swift/nflics_nowcasts/2019/09/09/1900/Nowcast_201909091900_000.nc'
Skipping 2019-09-09 19:15: [Errno 2] No such file or directory: '/gws/ssde/j25b/swift/nflics_nowcasts/2019/09/09/1915/Nowcast_201909091915_000.nc'
Skipping 2019-09-09 19:30: [Errno 2] No such file or directory: '/gws/ssde/j25b/swift/nflics_nowcasts/2019/09/09/1930/Nowcast_201909091930_000.nc'
Skipping 2019-09-09 19:45: [Errno 2] No such file or directory: '/gws/ssde/j25b/swift/nflics_nowcasts/2019/09/09/1945/Nowcast_201909091945_000.nc'
Skipping 2019-09-10 19:00: [Errno 2] No such file or directory: '/gws/ssde/j25b/swift/nflics_nowcasts/2019/09/10/1900/Nowcast_201909101900_000.nc'
Skipping 2019-09-10 19:15: [Errno 2] No such file or directory: '/gws/ssde/j25b/swift/nflics_nowcasts/2019/09/10/1915/Nowcast_201909101915_000.nc'
Skipping 2019-09-10 19:30: [Errno 2] No such file or directory: '/gws/ssde/j25b/swift/nflics_nowcasts/2019/09/10/1930/Nowcast_201909101930_000.nc'
Skipping 2019-09-10 19:45: [Errno 2] No such file or directory: '/gws/ssde/j25b/swift/nflics_nowcasts/2019/09/10/1945/Nowcast_201909101945_000.nc'
Skipping 2019-09-11 19:00: [Errno 2] No such file or directory: '/gws/ssde/j25b/swift/nflics_nowcasts/2019/09/11/1900/Nowcast_201909111900_000.nc'
Skipping 2019-09-11 19:15: [Errno 2] No such file or directory: '/gws/ssde/j25b/swift/nflics_nowcasts/2019/09/11/1915/Nowcast_201909111915_000.nc'
Skipping 2019-09-11 19:30: [Errno 2] No such file or directory: '/gws/ssde/j25b/swift/nflics_nowcasts/2019/09/11/1930/Nowcast_201909111930_000.nc'
Skipping 2019-09-11 19:45: [Errno 2] No such file or directory: '/gws/ssde/j25b/swift/nflics_nowcasts/2019/09/11/1945/Nowcast_201909111945_000.nc'
Skipping 2019-09-12 19:00: [Errno 2] No such file or directory: '/gws/ssde/j25b/swift/nflics_nowcasts/2019/09/12/1900/Nowcast_201909121900_000.nc'
Skipping 2019-09-13 19:00: [Errno 2] No such file or directory: '/gws/ssde/j25b/swift/nflics_nowcasts/2019/09/13/1900/Nowcast_201909131900_000.nc'
Skipping 2019-09-13 19:15: [Errno 2] No such file or directory: '/gws/ssde/j25b/swift/nflics_nowcasts/2019/09/13/1915/Nowcast_201909131915_000.nc'
Skipping 2019-09-13 19:30: [Errno 2] No such file or directory: '/gws/ssde/j25b/swift/nflics_nowcasts/2019/09/13/1930/Nowcast_201909131930_000.nc'
Skipping 2019-09-13 19:45: [Errno 2] No such file or directory: '/gws/ssde/j25b/swift/nflics_nowcasts/2019/09/13/1945/Nowcast_201909131945_000.nc'
Skipping 2019-09-14 19:00: [Errno 2] No such file or directory: '/gws/ssde/j25b/swift/nflics_nowcasts/2019/09/14/1900/Nowcast_201909141900_000.nc'
Skipping 2019-09-14 19:15: [Errno 2] No such file or directory: '/gws/ssde/j25b/swift/nflics_nowcasts/2019/09/14/1915/Nowcast_201909141915_000.nc'
Skipping 2019-09-14 19:30: [Errno 2] No such file or directory: '/gws/ssde/j25b/swift/nflics_nowcasts/2019/09/14/1930/Nowcast_201909141930_000.nc'
Skipping 2019-09-14 19:45: [Errno 2] No such file or directory: '/gws/ssde/j25b/swift/nflics_nowcasts/2019/09/14/1945/Nowcast_201909141945_000.nc'
Skipping 2019-09-15 19:00: [Errno 2] No such file or directory: '/gws/ssde/j25b/swift/nflics_nowcasts/2019/09/15/1900/Nowcast_201909151900_000.nc'
Skipping 2019-09-15 19:15: [Errno 2] No such file or directory: '/gws/ssde/j25b/swift/nflics_nowcasts/2019/09/15/1915/Nowcast_201909151915_000.nc'
Skipping 2019-09-15 19:30: [Errno 2] No such file or directory: '/gws/ssde/j25b/swift/nflics_nowcasts/2019/09/15/1930/Nowcast_201909151930_000.nc'
Skipping 2019-09-15 19:45: [Errno 2] No such file or directory: '/gws/ssde/j25b/swift/nflics_nowcasts/2019/09/15/1945/Nowcast_201909151945_000.nc'
Skipping 2019-09-16 19:00: [Errno 2] No such file or directory: '/gws/ssde/j25b/swift/nflics_nowcasts/2019/09/16/1900/Nowcast_201909161900_000.nc'
Skipping 2019-09-16 19:15: [Errno 2] No such file or directory: '/gws/ssde/j25b/swift/nflics_nowcasts/2019/09/16/1915/Nowcast_201909161915_000.nc'
Skipping 2019-09-16 19:30: [Errno 2] No such file or directory: '/gws/ssde/j25b/swift/nflics_nowcasts/2019/09/16/1930/Nowcast_201909161930_000.nc'
Skipping 2019-09-16 19:45: [Errno 2] No such file or directory: '/gws/ssde/j25b/swift/nflics_nowcasts/2019/09/16/1945/Nowcast_201909161945_000.nc'
Skipping 2019-09-17 19:00: [Errno 2] No such file or directory: '/gws/ssde/j25b/swift/nflics_nowcasts/2019/09/17/1900/Nowcast_201909171900_000.nc'
Skipping 2019-09-17 19:15: [Errno 2] No such file or directory: '/gws/ssde/j25b/swift/nflics_nowcasts/2019/09/17/1915/Nowcast_201909171915_000.nc'
Skipping 2019-09-17 19:30: [Errno 2] No such file or directory: '/gws/ssde/j25b/swift/nflics_nowcasts/2019/09/17/1930/Nowcast_201909171930_000.nc'
Skipping 2019-09-17 19:45: [Errno 2] No such file or directory: '/gws/ssde/j25b/swift/nflics_nowcasts/2019/09/17/1945/Nowcast_201909171945_000.nc'
Skipping 2019-09-18 19:00: [Errno 2] No such file or directory: '/gws/ssde/j25b/swift/nflics_nowcasts/2019/09/18/1900/Nowcast_201909181900_000.nc'
Skipping 2019-09-18 19:15: [Errno 2] No such file or directory: '/gws/ssde/j25b/swift/nflics_nowcasts/2019/09/18/1915/Nowcast_201909181915_000.nc'
Skipping 2019-09-18 19:30: [Errno 2] No such file or directory: '/gws/ssde/j25b/swift/nflics_nowcasts/2019/09/18/1930/Nowcast_201909181930_000.nc'
Skipping 2019-09-18 19:45: [Errno 2] No such file or directory: '/gws/ssde/j25b/swift/nflics_nowcasts/2019/09/18/1945/Nowcast_201909181945_000.nc'
Skipping 2019-09-19 19:00: [Errno 2] No such file or directory: '/gws/ssde/j25b/swift/nflics_nowcasts/2019/09/19/1900/Nowcast_201909191900_000.nc'
Skipping 2019-09-19 19:15: [Errno 2] No such file or directory: '/gws/ssde/j25b/swift/nflics_nowcasts/2019/09/19/1915/Nowcast_201909191915_000.nc'
Skipping 2019-09-19 19:30: [Errno 2] No such file or directory: '/gws/ssde/j25b/swift/nflics_nowcasts/2019/09/19/1930/Nowcast_201909191930_000.nc'
Skipping 2019-09-19 19:45: [Errno 2] No such file or directory: '/gws/ssde/j25b/swift/nflics_nowcasts/2019/09/19/1945/Nowcast_201909191945_000.nc'
Skipping 2019-09-20 19:00: [Errno 2] No such file or directory: '/gws/ssde/j25b/swift/nflics_nowcasts/2019/09/20/1900/Nowcast_201909201900_000.nc'
Skipping 2019-09-20 19:15: [Errno 2] No such file or directory: '/gws/ssde/j25b/swift/nflics_nowcasts/2019/09/20/1915/Nowcast_201909201915_000.nc'
Skipping 2019-09-20 19:30: [Errno 2] No such file or directory: '/gws/ssde/j25b/swift/nflics_nowcasts/2019/09/20/1930/Nowcast_201909201930_000.nc'
Skipping 2019-09-20 19:45: [Errno 2] No such file or directory: '/gws/ssde/j25b/swift/nflics_nowcasts/2019/09/20/1945/Nowcast_201909201945_000.nc'
Skipping 2019-09-21 19:00: [Errno 2] No such file or directory: '/gws/ssde/j25b/swift/nflics_nowcasts/2019/09/21/1900/Nowcast_201909211900_000.nc'
Skipping 2019-09-21 19:15: [Errno 2] No such file or directory: '/gws/ssde/j25b/swift/nflics_nowcasts/2019/09/21/1915/Nowcast_201909211915_000.nc'
Skipping 2019-09-21 19:30: [Errno 2] No such file or directory: '/gws/ssde/j25b/swift/nflics_nowcasts/2019/09/21/1930/Nowcast_201909211930_000.nc'
Skipping 2019-09-21 19:45: [Errno 2] No such file or directory: '/gws/ssde/j25b/swift/nflics_nowcasts/2019/09/21/1945/Nowcast_201909211945_000.nc'
Skipping 2019-09-22 19:00: [Errno 2] No such file or directory: '/gws/ssde/j25b/swift/nflics_nowcasts/2019/09/22/1900/Nowcast_201909221900_000.nc'
Skipping 2019-09-22 19:15: [Errno 2] No such file or directory: '/gws/ssde/j25b/swift/nflics_nowcasts/2019/09/22/1915/Nowcast_201909221915_000.nc'
Skipping 2019-09-22 19:30: [Errno 2] No such file or directory: '/gws/ssde/j25b/swift/nflics_nowcasts/2019/09/22/1930/Nowcast_201909221930_000.nc'
Skipping 2019-09-22 19:45: [Errno 2] No such file or directory: '/gws/ssde/j25b/swift/nflics_nowcasts/2019/09/22/1945/Nowcast_201909221945_000.nc'
Skipping 2019-09-23 19:00: [Errno 2] No such file or directory: '/gws/ssde/j25b/swift/nflics_nowcasts/2019/09/23/1900/Nowcast_201909231900_000.nc'
Skipping 2019-09-23 19:15: [Errno 2] No such file or directory: '/gws/ssde/j25b/swift/nflics_nowcasts/2019/09/23/1915/Nowcast_201909231915_000.nc'
Skipping 2019-09-23 19:30: [Errno 2] No such file or directory: '/gws/ssde/j25b/swift/nflics_nowcasts/2019/09/23/1930/Nowcast_201909231930_000.nc'
Skipping 2019-09-23 19:45: [Errno 2] No such file or directory: '/gws/ssde/j25b/swift/nflics_nowcasts/2019/09/23/1945/Nowcast_201909231945_000.nc'
Skipping 2019-09-24 19:00: [Errno 2] No such file or directory: '/gws/ssde/j25b/swift/nflics_nowcasts/2019/09/24/1900/Nowcast_201909241900_000.nc'
Skipping 2019-09-24 19:15: [Errno 2] No such file or directory: '/gws/ssde/j25b/swift/nflics_nowcasts/2019/09/24/1915/Nowcast_201909241915_000.nc'
Skipping 2019-09-24 19:30: [Errno 2] No such file or directory: '/gws/ssde/j25b/swift/nflics_nowcasts/2019/09/24/1930/Nowcast_201909241930_000.nc'
Skipping 2019-09-24 19:45: [Errno 2] No such file or directory: '/gws/ssde/j25b/swift/nflics_nowcasts/2019/09/24/1945/Nowcast_201909241945_000.nc'
Skipping 2019-09-25 19:00: [Errno 2] No such file or directory: '/gws/ssde/j25b/swift/nflics_nowcasts/2019/09/25/1900/Nowcast_201909251900_000.nc'
Skipping 2019-09-25 19:15: [Errno 2] No such file or directory: '/gws/ssde/j25b/swift/nflics_nowcasts/2019/09/25/1915/Nowcast_201909251915_000.nc'
Skipping 2019-09-25 19:30: [Errno 2] No such file or directory: '/gws/ssde/j25b/swift/nflics_nowcasts/2019/09/25/1930/Nowcast_201909251930_000.nc'
Skipping 2019-09-25 19:45: [Errno 2] No such file or directory: '/gws/ssde/j25b/swift/nflics_nowcasts/2019/09/25/1945/Nowcast_201909251945_000.nc'
Skipping 2019-09-26 19:00: [Errno 2] No such file or directory: '/gws/ssde/j25b/swift/nflics_nowcasts/2019/09/26/1900/Nowcast_201909261900_000.nc'
Skipping 2019-09-26 19:15: [Errno 2] No such file or directory: '/gws/ssde/j25b/swift/nflics_nowcasts/2019/09/26/1915/Nowcast_201909261915_000.nc'
Skipping 2019-09-26 19:30: [Errno 2] No such file or directory: '/gws/ssde/j25b/swift/nflics_nowcasts/2019/09/26/1930/Nowcast_201909261930_000.nc'
Skipping 2019-09-26 19:45: [Errno 2] No such file or directory: '/gws/ssde/j25b/swift/nflics_nowcasts/2019/09/26/1945/Nowcast_201909261945_000.nc'
Skipping 2019-09-27 19:00: [Errno 2] No such file or directory: '/gws/ssde/j25b/swift/nflics_nowcasts/2019/09/27/1900/Nowcast_201909271900_000.nc'
Skipping 2019-09-27 19:15: [Errno 2] No such file or directory: '/gws/ssde/j25b/swift/nflics_nowcasts/2019/09/27/1915/Nowcast_201909271915_000.nc'
Skipping 2019-09-27 19:30: [Errno 2] No such file or directory: '/gws/ssde/j25b/swift/nflics_nowcasts/2019/09/27/1930/Nowcast_201909271930_000.nc'
Skipping 2019-09-27 19:45: [Errno 2] No such file or directory: '/gws/ssde/j25b/swift/nflics_nowcasts/2019/09/27/1945/Nowcast_201909271945_000.nc'
Skipping 2019-09-28 19:00: [Errno 2] No such file or directory: '/gws/ssde/j25b/swift/nflics_nowcasts/2019/09/28/1900/Nowcast_201909281900_000.nc'
Skipping 2019-09-28 19:15: [Errno 2] No such file or directory: '/gws/ssde/j25b/swift/nflics_nowcasts/2019/09/28/1915/Nowcast_201909281915_000.nc'
Skipping 2019-09-28 19:30: [Errno 2] No such file or directory: '/gws/ssde/j25b/swift/nflics_nowcasts/2019/09/28/1930/Nowcast_201909281930_000.nc'
Skipping 2019-09-28 19:45: [Errno 2] No such file or directory: '/gws/ssde/j25b/swift/nflics_nowcasts/2019/09/28/1945/Nowcast_201909281945_000.nc'
Skipping 2019-09-29 19:00: [Errno 2] No such file or directory: '/gws/ssde/j25b/swift/nflics_nowcasts/2019/09/29/1900/Nowcast_201909291900_000.nc'
Skipping 2019-09-29 19:15: [Errno 2] No such file or directory: '/gws/ssde/j25b/swift/nflics_nowcasts/2019/09/29/1915/Nowcast_201909291915_000.nc'
Skipping 2019-09-29 19:30: [Errno 2] No such file or directory: '/gws/ssde/j25b/swift/nflics_nowcasts/2019/09/29/1930/Nowcast_201909291930_000.nc'
Skipping 2019-09-30 19:00: [Errno 2] No such file or directory: '/gws/ssde/j25b/swift/nflics_nowcasts/2019/09/30/1900/Nowcast_201909301900_000.nc'
Skipping 2019-09-30 19:15: [Errno 2] No such file or directory: '/gws/ssde/j25b/swift/nflics_nowcasts/2019/09/30/1915/Nowcast_201909301915_000.nc'
Skipping 2019-09-30 19:30: [Errno 2] No such file or directory: '/gws/ssde/j25b/swift/nflics_nowcasts/2019/09/30/1930/Nowcast_201909301930_000.nc'
Skipping 2019-09-30 19:45: [Errno 2] No such file or directory: '/gws/ssde/j25b/swift/nflics_nowcasts/2019/09/30/1945/Nowcast_201909301945_000.nc'
All ensemble nowcasts completed on CPU.
======================================================
 Job completed successfully at Sat 29 Nov 12:13:04 GMT 2025
======================================================
