======================================================
 Job started on host1081.jc.rl.ac.uk at Sat 29 Nov 12:11:16 GMT 2025
======================================================
Running ensemble nowcast inference:
 Lead time : 1
 Year      : 2019
 Month     : 07
 Hour      : 01
======================================================
Running on CPU with 8 threads
Loaded 5 ensemble models on CPU
Detected 72 inputs for 2019-07 01 UTC
Skipping 2019-07-01 01:00: [Errno 2] No such file or directory: '/gws/ssde/j25b/swift/nflics_nowcasts/2019/07/01/0100/Nowcast_201907010100_000.nc'
Skipping 2019-07-01 01:15: [Errno 2] No such file or directory: '/gws/ssde/j25b/swift/nflics_nowcasts/2019/07/01/0115/Nowcast_201907010115_000.nc'
Skipping 2019-07-01 01:30: [Errno 2] No such file or directory: '/gws/ssde/j25b/swift/nflics_nowcasts/2019/07/01/0130/Nowcast_201907010130_000.nc'
Skipping 2019-07-01 01:45: [Errno 2] No such file or directory: '/gws/ssde/j25b/swift/nflics_nowcasts/2019/07/01/0145/Nowcast_201907010145_000.nc'
Skipping 2019-07-02 01:00: [Errno 2] No such file or directory: '/gws/ssde/j25b/swift/nflics_nowcasts/2019/07/02/0100/Nowcast_201907020100_000.nc'
Skipping 2019-07-02 01:15: [Errno 2] No such file or directory: '/gws/ssde/j25b/swift/nflics_nowcasts/2019/07/02/0115/Nowcast_201907020115_000.nc'
Skipping 2019-07-02 01:30: [Errno 2] No such file or directory: '/gws/ssde/j25b/swift/nflics_nowcasts/2019/07/02/0130/Nowcast_201907020130_000.nc'
Skipping 2019-07-02 01:45: [Errno 2] No such file or directory: '/gws/ssde/j25b/swift/nflics_nowcasts/2019/07/02/0145/Nowcast_201907020145_000.nc'
Skipping 2019-07-03 01:00: [Errno 2] No such file or directory: '/gws/ssde/j25b/swift/nflics_nowcasts/2019/07/03/0100/Nowcast_201907030100_000.nc'
Skipping 2019-07-05 01:00: [Errno 2] No such file or directory: '/gws/ssde/j25b/swift/nflics_nowcasts/2019/07/05/0100/Nowcast_201907050100_000.nc'
Skipping 2019-07-05 01:15: [Errno 2] No such file or directory: '/gws/ssde/j25b/swift/nflics_nowcasts/2019/07/05/0115/Nowcast_201907050115_000.nc'
Skipping 2019-07-05 01:30: [Errno 2] No such file or directory: '/gws/ssde/j25b/swift/nflics_nowcasts/2019/07/05/0130/Nowcast_201907050130_000.nc'
Skipping 2019-07-05 01:45: [Errno 2] No such file or directory: '/gws/ssde/j25b/swift/nflics_nowcasts/2019/07/05/0145/Nowcast_201907050145_000.nc'
Skipping 2019-07-06 01:00: [Errno 2] No such file or directory: '/gws/ssde/j25b/swift/nflics_nowcasts/2019/07/06/0100/Nowcast_201907060100_000.nc'
Skipping 2019-07-06 01:15: [Errno 2] No such file or directory: '/gws/ssde/j25b/swift/nflics_nowcasts/2019/07/06/0115/Nowcast_201907060115_000.nc'
Skipping 2019-07-08 01:00: [Errno 2] No such file or directory: '/gws/ssde/j25b/swift/nflics_nowcasts/2019/07/08/0100/Nowcast_201907080100_000.nc'
Skipping 2019-07-08 01:15: [Errno 2] No such file or directory: '/gws/ssde/j25b/swift/nflics_nowcasts/2019/07/08/0115/Nowcast_201907080115_000.nc'
Skipping 2019-07-08 01:30: [Errno 2] No such file or directory: '/gws/ssde/j25b/swift/nflics_nowcasts/2019/07/08/0130/Nowcast_201907080130_000.nc'
Skipping 2019-07-08 01:45: [Errno 2] No such file or directory: '/gws/ssde/j25b/swift/nflics_nowcasts/2019/07/08/0145/Nowcast_201907080145_000.nc'
Skipping 2019-07-09 01:00: [Errno 2] No such file or directory: '/gws/ssde/j25b/swift/nflics_nowcasts/2019/07/09/0100/Nowcast_201907090100_000.nc'
Skipping 2019-07-09 01:15: [Errno 2] No such file or directory: '/gws/ssde/j25b/swift/nflics_nowcasts/2019/07/09/0115/Nowcast_201907090115_000.nc'
Skipping 2019-07-09 01:30: [Errno 2] No such file or directory: '/gws/ssde/j25b/swift/nflics_nowcasts/2019/07/09/0130/Nowcast_201907090130_000.nc'
Skipping 2019-07-09 01:45: [Errno 2] No such file or directory: '/gws/ssde/j25b/swift/nflics_nowcasts/2019/07/09/0145/Nowcast_201907090145_000.nc'
Skipping 2019-07-13 01:00: [Errno 2] No such file or directory: '/gws/ssde/j25b/swift/nflics_nowcasts/2019/07/13/0100/Nowcast_201907130100_000.nc'
Skipping 2019-07-13 01:15: [Errno 2] No such file or directory: '/gws/ssde/j25b/swift/nflics_nowcasts/2019/07/13/0115/Nowcast_201907130115_000.nc'
Skipping 2019-07-13 01:30: [Errno 2] No such file or directory: '/gws/ssde/j25b/swift/nflics_nowcasts/2019/07/13/0130/Nowcast_201907130130_000.nc'
Skipping 2019-07-13 01:45: [Errno 2] No such file or directory: '/gws/ssde/j25b/swift/nflics_nowcasts/2019/07/13/0145/Nowcast_201907130145_000.nc'
Skipping 2019-07-16 01:00: [Errno 2] No such file or directory: '/gws/ssde/j25b/swift/nflics_nowcasts/2019/07/16/0100/Nowcast_201907160100_000.nc'
Skipping 2019-07-16 01:15: [Errno 2] No such file or directory: '/gws/ssde/j25b/swift/nflics_nowcasts/2019/07/16/0115/Nowcast_201907160115_000.nc'
Skipping 2019-07-16 01:30: [Errno 2] No such file or directory: '/gws/ssde/j25b/swift/nflics_nowcasts/2019/07/16/0130/Nowcast_201907160130_000.nc'
Skipping 2019-07-16 01:45: [Errno 2] No such file or directory: '/gws/ssde/j25b/swift/nflics_nowcasts/2019/07/16/0145/Nowcast_201907160145_000.nc'
Skipping 2019-07-17 01:00: [Errno 2] No such file or directory: '/gws/ssde/j25b/swift/nflics_nowcasts/2019/07/17/0100/Nowcast_201907170100_000.nc'
Skipping 2019-07-17 01:15: [Errno 2] No such file or directory: '/gws/ssde/j25b/swift/nflics_nowcasts/2019/07/17/0115/Nowcast_201907170115_000.nc'
Skipping 2019-07-17 01:30: [Errno 2] No such file or directory: '/gws/ssde/j25b/swift/nflics_nowcasts/2019/07/17/0130/Nowcast_201907170130_000.nc'
Skipping 2019-07-17 01:45: [Errno 2] No such file or directory: '/gws/ssde/j25b/swift/nflics_nowcasts/2019/07/17/0145/Nowcast_201907170145_000.nc'
Skipping 2019-07-18 01:00: [Errno 2] No such file or directory: '/gws/ssde/j25b/swift/nflics_nowcasts/2019/07/18/0100/Nowcast_201907180100_000.nc'
Skipping 2019-07-18 01:15: [Errno 2] No such file or directory: '/gws/ssde/j25b/swift/nflics_nowcasts/2019/07/18/0115/Nowcast_201907180115_000.nc'
Skipping 2019-07-19 01:00: [Errno 2] No such file or directory: '/gws/ssde/j25b/swift/nflics_nowcasts/2019/07/19/0100/Nowcast_201907190100_000.nc'
Skipping 2019-07-19 01:15: [Errno 2] No such file or directory: '/gws/ssde/j25b/swift/nflics_nowcasts/2019/07/19/0115/Nowcast_201907190115_000.nc'
Skipping 2019-07-19 01:30: [Errno 2] No such file or directory: '/gws/ssde/j25b/swift/nflics_nowcasts/2019/07/19/0130/Nowcast_201907190130_000.nc'
Skipping 2019-07-19 01:45: [Errno 2] No such file or directory: '/gws/ssde/j25b/swift/nflics_nowcasts/2019/07/19/0145/Nowcast_201907190145_000.nc'
Skipping 2019-07-22 01:00: [Errno 2] No such file or directory: '/gws/ssde/j25b/swift/nflics_nowcasts/2019/07/22/0100/Nowcast_201907220100_000.nc'
Skipping 2019-07-22 01:30: [Errno 2] No such file or directory: '/gws/ssde/j25b/swift/nflics_nowcasts/2019/07/22/0130/Nowcast_201907220130_000.nc'
Skipping 2019-07-22 01:45: [Errno 2] No such file or directory: '/gws/ssde/j25b/swift/nflics_nowcasts/2019/07/22/0145/Nowcast_201907220145_000.nc'
Skipping 2019-07-23 01:00: [Errno 2] No such file or directory: '/gws/ssde/j25b/swift/nflics_nowcasts/2019/07/23/0100/Nowcast_201907230100_000.nc'
Skipping 2019-07-23 01:15: [Errno 2] No such file or directory: '/gws/ssde/j25b/swift/nflics_nowcasts/2019/07/23/0115/Nowcast_201907230115_000.nc'
Skipping 2019-07-23 01:30: [Errno 2] No such file or directory: '/gws/ssde/j25b/swift/nflics_nowcasts/2019/07/23/0130/Nowcast_201907230130_000.nc'
Skipping 2019-07-23 01:45: [Errno 2] No such file or directory: '/gws/ssde/j25b/swift/nflics_nowcasts/2019/07/23/0145/Nowcast_201907230145_000.nc'
Skipping 2019-07-24 01:00: [Errno 2] No such file or directory: '/gws/ssde/j25b/swift/nflics_nowcasts/2019/07/24/0100/Nowcast_201907240100_000.nc'
Skipping 2019-07-24 01:15: [Errno 2] No such file or directory: '/gws/ssde/j25b/swift/nflics_nowcasts/2019/07/24/0115/Nowcast_201907240115_000.nc'
Skipping 2019-07-24 01:30: [Errno 2] No such file or directory: '/gws/ssde/j25b/swift/nflics_nowcasts/2019/07/24/0130/Nowcast_201907240130_000.nc'
Skipping 2019-07-24 01:45: [Errno 2] No such file or directory: '/gws/ssde/j25b/swift/nflics_nowcasts/2019/07/24/0145/Nowcast_201907240145_000.nc'
Skipping 2019-07-25 01:00: [Errno 2] No such file or directory: '/gws/ssde/j25b/swift/nflics_nowcasts/2019/07/25/0100/Nowcast_201907250100_000.nc'
Skipping 2019-07-25 01:15: [Errno 2] No such file or directory: '/gws/ssde/j25b/swift/nflics_nowcasts/2019/07/25/0115/Nowcast_201907250115_000.nc'
Skipping 2019-07-25 01:30: [Errno 2] No such file or directory: '/gws/ssde/j25b/swift/nflics_nowcasts/2019/07/25/0130/Nowcast_201907250130_000.nc'
Skipping 2019-07-25 01:45: [Errno 2] No such file or directory: '/gws/ssde/j25b/swift/nflics_nowcasts/2019/07/25/0145/Nowcast_201907250145_000.nc'
Skipping 2019-07-26 01:00: [Errno 2] No such file or directory: '/gws/ssde/j25b/swift/nflics_nowcasts/2019/07/26/0100/Nowcast_201907260100_000.nc'
Skipping 2019-07-26 01:15: [Errno 2] No such file or directory: '/gws/ssde/j25b/swift/nflics_nowcasts/2019/07/26/0115/Nowcast_201907260115_000.nc'
Skipping 2019-07-26 01:30: [Errno 2] No such file or directory: '/gws/ssde/j25b/swift/nflics_nowcasts/2019/07/26/0130/Nowcast_201907260130_000.nc'
Skipping 2019-07-26 01:45: [Errno 2] No such file or directory: '/gws/ssde/j25b/swift/nflics_nowcasts/2019/07/26/0145/Nowcast_201907260145_000.nc'
Skipping 2019-07-27 01:00: [Errno 2] No such file or directory: '/gws/ssde/j25b/swift/nflics_nowcasts/2019/07/27/0100/Nowcast_201907270100_000.nc'
Skipping 2019-07-27 01:15: [Errno 2] No such file or directory: '/gws/ssde/j25b/swift/nflics_nowcasts/2019/07/27/0115/Nowcast_201907270115_000.nc'
Skipping 2019-07-27 01:30: [Errno 2] No such file or directory: '/gws/ssde/j25b/swift/nflics_nowcasts/2019/07/27/0130/Nowcast_201907270130_000.nc'
Skipping 2019-07-27 01:45: [Errno 2] No such file or directory: '/gws/ssde/j25b/swift/nflics_nowcasts/2019/07/27/0145/Nowcast_201907270145_000.nc'
Skipping 2019-07-28 01:00: [Errno 2] No such file or directory: '/gws/ssde/j25b/swift/nflics_nowcasts/2019/07/28/0100/Nowcast_201907280100_000.nc'
Skipping 2019-07-28 01:15: [Errno 2] No such file or directory: '/gws/ssde/j25b/swift/nflics_nowcasts/2019/07/28/0115/Nowcast_201907280115_000.nc'
Skipping 2019-07-28 01:30: [Errno 2] No such file or directory: '/gws/ssde/j25b/swift/nflics_nowcasts/2019/07/28/0130/Nowcast_201907280130_000.nc'
Skipping 2019-07-28 01:45: [Errno 2] No such file or directory: '/gws/ssde/j25b/swift/nflics_nowcasts/2019/07/28/0145/Nowcast_201907280145_000.nc'
Skipping 2019-07-29 01:15: [Errno 2] No such file or directory: '/gws/ssde/j25b/swift/nflics_nowcasts/2019/07/29/0115/Nowcast_201907290115_000.nc'
Skipping 2019-07-31 01:00: [Errno 2] No such file or directory: '/gws/ssde/j25b/swift/nflics_nowcasts/2019/07/31/0100/Nowcast_201907310100_000.nc'
Skipping 2019-07-31 01:15: [Errno 2] No such file or directory: '/gws/ssde/j25b/swift/nflics_nowcasts/2019/07/31/0115/Nowcast_201907310115_000.nc'
Skipping 2019-07-31 01:30: [Errno 2] No such file or directory: '/gws/ssde/j25b/swift/nflics_nowcasts/2019/07/31/0130/Nowcast_201907310130_000.nc'
All ensemble nowcasts completed on CPU.
======================================================
 Job completed successfully at Sat 29 Nov 12:11:24 GMT 2025
======================================================
