======================================================
 Job started on host1081.jc.rl.ac.uk at Sat 29 Nov 12:11:56 GMT 2025
======================================================
Running ensemble nowcast inference:
 Lead time : 6
 Year      : 2019
 Month     : 07
 Hour      : 23
======================================================
Running on CPU with 8 threads
Loaded 5 ensemble models on CPU
Detected 88 inputs for 2019-07 23 UTC
Skipping 2019-07-01 23:00: [Errno 2] No such file or directory: '/gws/ssde/j25b/swift/nflics_nowcasts/2019/07/01/2300/Nowcast_201907012300_000.nc'
Skipping 2019-07-01 23:15: [Errno 2] No such file or directory: '/gws/ssde/j25b/swift/nflics_nowcasts/2019/07/01/2315/Nowcast_201907012315_000.nc'
Skipping 2019-07-01 23:30: [Errno 2] No such file or directory: '/gws/ssde/j25b/swift/nflics_nowcasts/2019/07/01/2330/Nowcast_201907012330_000.nc'
Skipping 2019-07-01 23:45: [Errno 2] No such file or directory: '/gws/ssde/j25b/swift/nflics_nowcasts/2019/07/01/2345/Nowcast_201907012345_000.nc'
Skipping 2019-07-02 23:00: [Errno 2] No such file or directory: '/gws/ssde/j25b/swift/nflics_nowcasts/2019/07/02/2300/Nowcast_201907022300_000.nc'
Skipping 2019-07-02 23:15: [Errno 2] No such file or directory: '/gws/ssde/j25b/swift/nflics_nowcasts/2019/07/02/2315/Nowcast_201907022315_000.nc'
Skipping 2019-07-02 23:30: [Errno 2] No such file or directory: '/gws/ssde/j25b/swift/nflics_nowcasts/2019/07/02/2330/Nowcast_201907022330_000.nc'
Skipping 2019-07-02 23:45: [Errno 2] No such file or directory: '/gws/ssde/j25b/swift/nflics_nowcasts/2019/07/02/2345/Nowcast_201907022345_000.nc'
Skipping 2019-07-04 23:00: [Errno 2] No such file or directory: '/gws/ssde/j25b/swift/nflics_nowcasts/2019/07/04/2300/Nowcast_201907042300_000.nc'
Skipping 2019-07-04 23:15: [Errno 2] No such file or directory: '/gws/ssde/j25b/swift/nflics_nowcasts/2019/07/04/2315/Nowcast_201907042315_000.nc'
Skipping 2019-07-04 23:30: [Errno 2] No such file or directory: '/gws/ssde/j25b/swift/nflics_nowcasts/2019/07/04/2330/Nowcast_201907042330_000.nc'
Skipping 2019-07-04 23:45: [Errno 2] No such file or directory: '/gws/ssde/j25b/swift/nflics_nowcasts/2019/07/04/2345/Nowcast_201907042345_000.nc'
Skipping 2019-07-05 23:00: [Errno 2] No such file or directory: '/gws/ssde/j25b/swift/nflics_nowcasts/2019/07/05/2300/Nowcast_201907052300_000.nc'
Skipping 2019-07-05 23:15: [Errno 2] No such file or directory: '/gws/ssde/j25b/swift/nflics_nowcasts/2019/07/05/2315/Nowcast_201907052315_000.nc'
Skipping 2019-07-05 23:30: [Errno 2] No such file or directory: '/gws/ssde/j25b/swift/nflics_nowcasts/2019/07/05/2330/Nowcast_201907052330_000.nc'
Skipping 2019-07-05 23:45: [Errno 2] No such file or directory: '/gws/ssde/j25b/swift/nflics_nowcasts/2019/07/05/2345/Nowcast_201907052345_000.nc'
Skipping 2019-07-07 23:00: [Errno 2] No such file or directory: '/gws/ssde/j25b/swift/nflics_nowcasts/2019/07/07/2300/Nowcast_201907072300_000.nc'
Skipping 2019-07-07 23:15: [Errno 2] No such file or directory: '/gws/ssde/j25b/swift/nflics_nowcasts/2019/07/07/2315/Nowcast_201907072315_000.nc'
Skipping 2019-07-07 23:30: [Errno 2] No such file or directory: '/gws/ssde/j25b/swift/nflics_nowcasts/2019/07/07/2330/Nowcast_201907072330_000.nc'
Skipping 2019-07-07 23:45: [Errno 2] No such file or directory: '/gws/ssde/j25b/swift/nflics_nowcasts/2019/07/07/2345/Nowcast_201907072345_000.nc'
Skipping 2019-07-08 23:00: [Errno 2] No such file or directory: '/gws/ssde/j25b/swift/nflics_nowcasts/2019/07/08/2300/Nowcast_201907082300_000.nc'
Skipping 2019-07-08 23:15: [Errno 2] No such file or directory: '/gws/ssde/j25b/swift/nflics_nowcasts/2019/07/08/2315/Nowcast_201907082315_000.nc'
Skipping 2019-07-08 23:30: [Errno 2] No such file or directory: '/gws/ssde/j25b/swift/nflics_nowcasts/2019/07/08/2330/Nowcast_201907082330_000.nc'
Skipping 2019-07-08 23:45: [Errno 2] No such file or directory: '/gws/ssde/j25b/swift/nflics_nowcasts/2019/07/08/2345/Nowcast_201907082345_000.nc'
Skipping 2019-07-10 23:00: [Errno 2] No such file or directory: '/gws/ssde/j25b/swift/nflics_nowcasts/2019/07/10/2300/Nowcast_201907102300_000.nc'
Skipping 2019-07-10 23:15: [Errno 2] No such file or directory: '/gws/ssde/j25b/swift/nflics_nowcasts/2019/07/10/2315/Nowcast_201907102315_000.nc'
Skipping 2019-07-10 23:45: [Errno 2] No such file or directory: '/gws/ssde/j25b/swift/nflics_nowcasts/2019/07/10/2345/Nowcast_201907102345_000.nc'
Skipping 2019-07-12 23:00: [Errno 2] No such file or directory: '/gws/ssde/j25b/swift/nflics_nowcasts/2019/07/12/2300/Nowcast_201907122300_000.nc'
Skipping 2019-07-12 23:15: [Errno 2] No such file or directory: '/gws/ssde/j25b/swift/nflics_nowcasts/2019/07/12/2315/Nowcast_201907122315_000.nc'
Skipping 2019-07-12 23:30: [Errno 2] No such file or directory: '/gws/ssde/j25b/swift/nflics_nowcasts/2019/07/12/2330/Nowcast_201907122330_000.nc'
Skipping 2019-07-12 23:45: [Errno 2] No such file or directory: '/gws/ssde/j25b/swift/nflics_nowcasts/2019/07/12/2345/Nowcast_201907122345_000.nc'
Skipping 2019-07-14 23:30: [Errno 2] No such file or directory: '/gws/ssde/j25b/swift/nflics_nowcasts/2019/07/14/2330/Nowcast_201907142330_000.nc'
Skipping 2019-07-14 23:45: [Errno 2] No such file or directory: '/gws/ssde/j25b/swift/nflics_nowcasts/2019/07/14/2345/Nowcast_201907142345_000.nc'
Skipping 2019-07-15 23:00: [Errno 2] No such file or directory: '/gws/ssde/j25b/swift/nflics_nowcasts/2019/07/15/2300/Nowcast_201907152300_000.nc'
Skipping 2019-07-15 23:15: [Errno 2] No such file or directory: '/gws/ssde/j25b/swift/nflics_nowcasts/2019/07/15/2315/Nowcast_201907152315_000.nc'
Skipping 2019-07-15 23:30: [Errno 2] No such file or directory: '/gws/ssde/j25b/swift/nflics_nowcasts/2019/07/15/2330/Nowcast_201907152330_000.nc'
Skipping 2019-07-15 23:45: [Errno 2] No such file or directory: '/gws/ssde/j25b/swift/nflics_nowcasts/2019/07/15/2345/Nowcast_201907152345_000.nc'
Skipping 2019-07-16 23:00: [Errno 2] No such file or directory: '/gws/ssde/j25b/swift/nflics_nowcasts/2019/07/16/2300/Nowcast_201907162300_000.nc'
Skipping 2019-07-16 23:15: [Errno 2] No such file or directory: '/gws/ssde/j25b/swift/nflics_nowcasts/2019/07/16/2315/Nowcast_201907162315_000.nc'
Skipping 2019-07-16 23:30: [Errno 2] No such file or directory: '/gws/ssde/j25b/swift/nflics_nowcasts/2019/07/16/2330/Nowcast_201907162330_000.nc'
Skipping 2019-07-16 23:45: [Errno 2] No such file or directory: '/gws/ssde/j25b/swift/nflics_nowcasts/2019/07/16/2345/Nowcast_201907162345_000.nc'
Skipping 2019-07-18 23:00: [Errno 2] No such file or directory: '/gws/ssde/j25b/swift/nflics_nowcasts/2019/07/18/2300/Nowcast_201907182300_000.nc'
Skipping 2019-07-18 23:15: [Errno 2] No such file or directory: '/gws/ssde/j25b/swift/nflics_nowcasts/2019/07/18/2315/Nowcast_201907182315_000.nc'
Skipping 2019-07-18 23:30: [Errno 2] No such file or directory: '/gws/ssde/j25b/swift/nflics_nowcasts/2019/07/18/2330/Nowcast_201907182330_000.nc'
Skipping 2019-07-18 23:45: [Errno 2] No such file or directory: '/gws/ssde/j25b/swift/nflics_nowcasts/2019/07/18/2345/Nowcast_201907182345_000.nc'
Skipping 2019-07-21 23:00: [Errno 2] No such file or directory: '/gws/ssde/j25b/swift/nflics_nowcasts/2019/07/21/2300/Nowcast_201907212300_000.nc'
Skipping 2019-07-21 23:15: [Errno 2] No such file or directory: '/gws/ssde/j25b/swift/nflics_nowcasts/2019/07/21/2315/Nowcast_201907212315_000.nc'
Skipping 2019-07-21 23:30: [Errno 2] No such file or directory: '/gws/ssde/j25b/swift/nflics_nowcasts/2019/07/21/2330/Nowcast_201907212330_000.nc'
Skipping 2019-07-22 23:00: [Errno 2] No such file or directory: '/gws/ssde/j25b/swift/nflics_nowcasts/2019/07/22/2300/Nowcast_201907222300_000.nc'
Skipping 2019-07-22 23:15: [Errno 2] No such file or directory: '/gws/ssde/j25b/swift/nflics_nowcasts/2019/07/22/2315/Nowcast_201907222315_000.nc'
Skipping 2019-07-22 23:30: [Errno 2] No such file or directory: '/gws/ssde/j25b/swift/nflics_nowcasts/2019/07/22/2330/Nowcast_201907222330_000.nc'
Skipping 2019-07-22 23:45: [Errno 2] No such file or directory: '/gws/ssde/j25b/swift/nflics_nowcasts/2019/07/22/2345/Nowcast_201907222345_000.nc'
Skipping 2019-07-23 23:00: [Errno 2] No such file or directory: '/gws/ssde/j25b/swift/nflics_nowcasts/2019/07/23/2300/Nowcast_201907232300_000.nc'
Skipping 2019-07-23 23:15: [Errno 2] No such file or directory: '/gws/ssde/j25b/swift/nflics_nowcasts/2019/07/23/2315/Nowcast_201907232315_000.nc'
Skipping 2019-07-23 23:30: [Errno 2] No such file or directory: '/gws/ssde/j25b/swift/nflics_nowcasts/2019/07/23/2330/Nowcast_201907232330_000.nc'
Skipping 2019-07-23 23:45: [Errno 2] No such file or directory: '/gws/ssde/j25b/swift/nflics_nowcasts/2019/07/23/2345/Nowcast_201907232345_000.nc'
Skipping 2019-07-24 23:00: [Errno 2] No such file or directory: '/gws/ssde/j25b/swift/nflics_nowcasts/2019/07/24/2300/Nowcast_201907242300_000.nc'
Skipping 2019-07-24 23:15: [Errno 2] No such file or directory: '/gws/ssde/j25b/swift/nflics_nowcasts/2019/07/24/2315/Nowcast_201907242315_000.nc'
Skipping 2019-07-24 23:30: [Errno 2] No such file or directory: '/gws/ssde/j25b/swift/nflics_nowcasts/2019/07/24/2330/Nowcast_201907242330_000.nc'
Skipping 2019-07-24 23:45: [Errno 2] No such file or directory: '/gws/ssde/j25b/swift/nflics_nowcasts/2019/07/24/2345/Nowcast_201907242345_000.nc'
Skipping 2019-07-25 23:00: [Errno 2] No such file or directory: '/gws/ssde/j25b/swift/nflics_nowcasts/2019/07/25/2300/Nowcast_201907252300_000.nc'
Skipping 2019-07-25 23:15: [Errno 2] No such file or directory: '/gws/ssde/j25b/swift/nflics_nowcasts/2019/07/25/2315/Nowcast_201907252315_000.nc'
Skipping 2019-07-25 23:30: [Errno 2] No such file or directory: '/gws/ssde/j25b/swift/nflics_nowcasts/2019/07/25/2330/Nowcast_201907252330_000.nc'
Skipping 2019-07-25 23:45: [Errno 2] No such file or directory: '/gws/ssde/j25b/swift/nflics_nowcasts/2019/07/25/2345/Nowcast_201907252345_000.nc'
Skipping 2019-07-26 23:00: [Errno 2] No such file or directory: '/gws/ssde/j25b/swift/nflics_nowcasts/2019/07/26/2300/Nowcast_201907262300_000.nc'
Skipping 2019-07-26 23:15: [Errno 2] No such file or directory: '/gws/ssde/j25b/swift/nflics_nowcasts/2019/07/26/2315/Nowcast_201907262315_000.nc'
Skipping 2019-07-26 23:30: [Errno 2] No such file or directory: '/gws/ssde/j25b/swift/nflics_nowcasts/2019/07/26/2330/Nowcast_201907262330_000.nc'
Skipping 2019-07-26 23:45: [Errno 2] No such file or directory: '/gws/ssde/j25b/swift/nflics_nowcasts/2019/07/26/2345/Nowcast_201907262345_000.nc'
Skipping 2019-07-27 23:00: [Errno 2] No such file or directory: '/gws/ssde/j25b/swift/nflics_nowcasts/2019/07/27/2300/Nowcast_201907272300_000.nc'
Skipping 2019-07-27 23:15: [Errno 2] No such file or directory: '/gws/ssde/j25b/swift/nflics_nowcasts/2019/07/27/2315/Nowcast_201907272315_000.nc'
Skipping 2019-07-27 23:30: [Errno 2] No such file or directory: '/gws/ssde/j25b/swift/nflics_nowcasts/2019/07/27/2330/Nowcast_201907272330_000.nc'
Skipping 2019-07-27 23:45: [Errno 2] No such file or directory: '/gws/ssde/j25b/swift/nflics_nowcasts/2019/07/27/2345/Nowcast_201907272345_000.nc'
Skipping 2019-07-28 23:00: [Errno 2] No such file or directory: '/gws/ssde/j25b/swift/nflics_nowcasts/2019/07/28/2300/Nowcast_201907282300_000.nc'
Skipping 2019-07-28 23:15: [Errno 2] No such file or directory: '/gws/ssde/j25b/swift/nflics_nowcasts/2019/07/28/2315/Nowcast_201907282315_000.nc'
Skipping 2019-07-28 23:30: [Errno 2] No such file or directory: '/gws/ssde/j25b/swift/nflics_nowcasts/2019/07/28/2330/Nowcast_201907282330_000.nc'
Skipping 2019-07-28 23:45: [Errno 2] No such file or directory: '/gws/ssde/j25b/swift/nflics_nowcasts/2019/07/28/2345/Nowcast_201907282345_000.nc'
Skipping 2019-07-29 23:00: [Errno 2] No such file or directory: '/gws/ssde/j25b/swift/nflics_nowcasts/2019/07/29/2300/Nowcast_201907292300_000.nc'
Skipping 2019-07-29 23:15: [Errno 2] No such file or directory: '/gws/ssde/j25b/swift/nflics_nowcasts/2019/07/29/2315/Nowcast_201907292315_000.nc'
Skipping 2019-07-29 23:30: [Errno 2] No such file or directory: '/gws/ssde/j25b/swift/nflics_nowcasts/2019/07/29/2330/Nowcast_201907292330_000.nc'
Skipping 2019-07-29 23:45: [Errno 2] No such file or directory: '/gws/ssde/j25b/swift/nflics_nowcasts/2019/07/29/2345/Nowcast_201907292345_000.nc'
Skipping 2019-07-30 23:00: [Errno 2] No such file or directory: '/gws/ssde/j25b/swift/nflics_nowcasts/2019/07/30/2300/Nowcast_201907302300_000.nc'
Skipping 2019-07-30 23:15: [Errno 2] No such file or directory: '/gws/ssde/j25b/swift/nflics_nowcasts/2019/07/30/2315/Nowcast_201907302315_000.nc'
Skipping 2019-07-30 23:30: [Errno 2] No such file or directory: '/gws/ssde/j25b/swift/nflics_nowcasts/2019/07/30/2330/Nowcast_201907302330_000.nc'
Skipping 2019-07-30 23:45: [Errno 2] No such file or directory: '/gws/ssde/j25b/swift/nflics_nowcasts/2019/07/30/2345/Nowcast_201907302345_000.nc'
Skipping 2019-07-31 23:00: [Errno 2] No such file or directory: '/gws/ssde/j25b/swift/nflics_nowcasts/2019/07/31/2300/Nowcast_201907312300_000.nc'
Skipping 2019-07-31 23:15: [Errno 2] No such file or directory: '/gws/ssde/j25b/swift/nflics_nowcasts/2019/07/31/2315/Nowcast_201907312315_000.nc'
Skipping 2019-07-31 23:30: [Errno 2] No such file or directory: '/gws/ssde/j25b/swift/nflics_nowcasts/2019/07/31/2330/Nowcast_201907312330_000.nc'
Skipping 2019-07-31 23:45: [Errno 2] No such file or directory: '/gws/ssde/j25b/swift/nflics_nowcasts/2019/07/31/2345/Nowcast_201907312345_000.nc'
All ensemble nowcasts completed on CPU.
======================================================
 Job completed successfully at Sat 29 Nov 12:12:03 GMT 2025
======================================================
