======================================================
 Job started on host1085.jc.rl.ac.uk at Sat 29 Nov 12:11:16 GMT 2025
======================================================
Running ensemble nowcast inference:
 Lead time : 6
 Year      : 2019
 Month     : 07
 Hour      : 03
======================================================
Running on CPU with 8 threads
Loaded 5 ensemble models on CPU
Detected 72 inputs for 2019-07 03 UTC
Skipping 2019-07-01 03:00: [Errno 2] No such file or directory: '/gws/ssde/j25b/swift/nflics_nowcasts/2019/07/01/0300/Nowcast_201907010300_000.nc'
Skipping 2019-07-01 03:15: [Errno 2] No such file or directory: '/gws/ssde/j25b/swift/nflics_nowcasts/2019/07/01/0315/Nowcast_201907010315_000.nc'
Skipping 2019-07-01 03:30: [Errno 2] No such file or directory: '/gws/ssde/j25b/swift/nflics_nowcasts/2019/07/01/0330/Nowcast_201907010330_000.nc'
Skipping 2019-07-01 03:45: [Errno 2] No such file or directory: '/gws/ssde/j25b/swift/nflics_nowcasts/2019/07/01/0345/Nowcast_201907010345_000.nc'
Skipping 2019-07-02 03:00: [Errno 2] No such file or directory: '/gws/ssde/j25b/swift/nflics_nowcasts/2019/07/02/0300/Nowcast_201907020300_000.nc'
Skipping 2019-07-02 03:30: [Errno 2] No such file or directory: '/gws/ssde/j25b/swift/nflics_nowcasts/2019/07/02/0330/Nowcast_201907020330_000.nc'
Skipping 2019-07-02 03:45: [Errno 2] No such file or directory: '/gws/ssde/j25b/swift/nflics_nowcasts/2019/07/02/0345/Nowcast_201907020345_000.nc'
Skipping 2019-07-03 03:00: [Errno 2] No such file or directory: '/gws/ssde/j25b/swift/nflics_nowcasts/2019/07/03/0300/Nowcast_201907030300_000.nc'
Skipping 2019-07-03 03:15: [Errno 2] No such file or directory: '/gws/ssde/j25b/swift/nflics_nowcasts/2019/07/03/0315/Nowcast_201907030315_000.nc'
Skipping 2019-07-03 03:30: [Errno 2] No such file or directory: '/gws/ssde/j25b/swift/nflics_nowcasts/2019/07/03/0330/Nowcast_201907030330_000.nc'
Skipping 2019-07-03 03:45: [Errno 2] No such file or directory: '/gws/ssde/j25b/swift/nflics_nowcasts/2019/07/03/0345/Nowcast_201907030345_000.nc'
Skipping 2019-07-05 03:00: [Errno 2] No such file or directory: '/gws/ssde/j25b/swift/nflics_nowcasts/2019/07/05/0300/Nowcast_201907050300_000.nc'
Skipping 2019-07-05 03:15: [Errno 2] No such file or directory: '/gws/ssde/j25b/swift/nflics_nowcasts/2019/07/05/0315/Nowcast_201907050315_000.nc'
Skipping 2019-07-05 03:30: [Errno 2] No such file or directory: '/gws/ssde/j25b/swift/nflics_nowcasts/2019/07/05/0330/Nowcast_201907050330_000.nc'
Skipping 2019-07-05 03:45: [Errno 2] No such file or directory: '/gws/ssde/j25b/swift/nflics_nowcasts/2019/07/05/0345/Nowcast_201907050345_000.nc'
Skipping 2019-07-06 03:00: [Errno 2] No such file or directory: '/gws/ssde/j25b/swift/nflics_nowcasts/2019/07/06/0300/Nowcast_201907060300_000.nc'
Skipping 2019-07-06 03:15: [Errno 2] No such file or directory: '/gws/ssde/j25b/swift/nflics_nowcasts/2019/07/06/0315/Nowcast_201907060315_000.nc'
Skipping 2019-07-08 03:00: [Errno 2] No such file or directory: '/gws/ssde/j25b/swift/nflics_nowcasts/2019/07/08/0300/Nowcast_201907080300_000.nc'
Skipping 2019-07-08 03:15: [Errno 2] No such file or directory: '/gws/ssde/j25b/swift/nflics_nowcasts/2019/07/08/0315/Nowcast_201907080315_000.nc'
Skipping 2019-07-08 03:30: [Errno 2] No such file or directory: '/gws/ssde/j25b/swift/nflics_nowcasts/2019/07/08/0330/Nowcast_201907080330_000.nc'
Skipping 2019-07-08 03:45: [Errno 2] No such file or directory: '/gws/ssde/j25b/swift/nflics_nowcasts/2019/07/08/0345/Nowcast_201907080345_000.nc'
Skipping 2019-07-09 03:00: [Errno 2] No such file or directory: '/gws/ssde/j25b/swift/nflics_nowcasts/2019/07/09/0300/Nowcast_201907090300_000.nc'
Skipping 2019-07-09 03:15: [Errno 2] No such file or directory: '/gws/ssde/j25b/swift/nflics_nowcasts/2019/07/09/0315/Nowcast_201907090315_000.nc'
Skipping 2019-07-09 03:45: [Errno 2] No such file or directory: '/gws/ssde/j25b/swift/nflics_nowcasts/2019/07/09/0345/Nowcast_201907090345_000.nc'
Skipping 2019-07-13 03:00: [Errno 2] No such file or directory: '/gws/ssde/j25b/swift/nflics_nowcasts/2019/07/13/0300/Nowcast_201907130300_000.nc'
Skipping 2019-07-13 03:15: [Errno 2] No such file or directory: '/gws/ssde/j25b/swift/nflics_nowcasts/2019/07/13/0315/Nowcast_201907130315_000.nc'
Skipping 2019-07-13 03:30: [Errno 2] No such file or directory: '/gws/ssde/j25b/swift/nflics_nowcasts/2019/07/13/0330/Nowcast_201907130330_000.nc'
Skipping 2019-07-13 03:45: [Errno 2] No such file or directory: '/gws/ssde/j25b/swift/nflics_nowcasts/2019/07/13/0345/Nowcast_201907130345_000.nc'
Skipping 2019-07-16 03:00: [Errno 2] No such file or directory: '/gws/ssde/j25b/swift/nflics_nowcasts/2019/07/16/0300/Nowcast_201907160300_000.nc'
Skipping 2019-07-16 03:15: [Errno 2] No such file or directory: '/gws/ssde/j25b/swift/nflics_nowcasts/2019/07/16/0315/Nowcast_201907160315_000.nc'
Skipping 2019-07-16 03:30: [Errno 2] No such file or directory: '/gws/ssde/j25b/swift/nflics_nowcasts/2019/07/16/0330/Nowcast_201907160330_000.nc'
Skipping 2019-07-16 03:45: [Errno 2] No such file or directory: '/gws/ssde/j25b/swift/nflics_nowcasts/2019/07/16/0345/Nowcast_201907160345_000.nc'
Skipping 2019-07-17 03:00: [Errno 2] No such file or directory: '/gws/ssde/j25b/swift/nflics_nowcasts/2019/07/17/0300/Nowcast_201907170300_000.nc'
Skipping 2019-07-17 03:15: [Errno 2] No such file or directory: '/gws/ssde/j25b/swift/nflics_nowcasts/2019/07/17/0315/Nowcast_201907170315_000.nc'
Skipping 2019-07-19 03:00: [Errno 2] No such file or directory: '/gws/ssde/j25b/swift/nflics_nowcasts/2019/07/19/0300/Nowcast_201907190300_000.nc'
Skipping 2019-07-19 03:15: [Errno 2] No such file or directory: '/gws/ssde/j25b/swift/nflics_nowcasts/2019/07/19/0315/Nowcast_201907190315_000.nc'
Skipping 2019-07-19 03:30: [Errno 2] No such file or directory: '/gws/ssde/j25b/swift/nflics_nowcasts/2019/07/19/0330/Nowcast_201907190330_000.nc'
Skipping 2019-07-19 03:45: [Errno 2] No such file or directory: '/gws/ssde/j25b/swift/nflics_nowcasts/2019/07/19/0345/Nowcast_201907190345_000.nc'
Skipping 2019-07-22 03:00: [Errno 2] No such file or directory: '/gws/ssde/j25b/swift/nflics_nowcasts/2019/07/22/0300/Nowcast_201907220300_000.nc'
Skipping 2019-07-22 03:15: [Errno 2] No such file or directory: '/gws/ssde/j25b/swift/nflics_nowcasts/2019/07/22/0315/Nowcast_201907220315_000.nc'
Skipping 2019-07-22 03:30: [Errno 2] No such file or directory: '/gws/ssde/j25b/swift/nflics_nowcasts/2019/07/22/0330/Nowcast_201907220330_000.nc'
Skipping 2019-07-22 03:45: [Errno 2] No such file or directory: '/gws/ssde/j25b/swift/nflics_nowcasts/2019/07/22/0345/Nowcast_201907220345_000.nc'
Skipping 2019-07-23 03:00: [Errno 2] No such file or directory: '/gws/ssde/j25b/swift/nflics_nowcasts/2019/07/23/0300/Nowcast_201907230300_000.nc'
Skipping 2019-07-23 03:15: [Errno 2] No such file or directory: '/gws/ssde/j25b/swift/nflics_nowcasts/2019/07/23/0315/Nowcast_201907230315_000.nc'
Skipping 2019-07-23 03:30: [Errno 2] No such file or directory: '/gws/ssde/j25b/swift/nflics_nowcasts/2019/07/23/0330/Nowcast_201907230330_000.nc'
Skipping 2019-07-23 03:45: [Errno 2] No such file or directory: '/gws/ssde/j25b/swift/nflics_nowcasts/2019/07/23/0345/Nowcast_201907230345_000.nc'
Skipping 2019-07-24 03:00: [Errno 2] No such file or directory: '/gws/ssde/j25b/swift/nflics_nowcasts/2019/07/24/0300/Nowcast_201907240300_000.nc'
Skipping 2019-07-24 03:15: [Errno 2] No such file or directory: '/gws/ssde/j25b/swift/nflics_nowcasts/2019/07/24/0315/Nowcast_201907240315_000.nc'
Skipping 2019-07-24 03:30: [Errno 2] No such file or directory: '/gws/ssde/j25b/swift/nflics_nowcasts/2019/07/24/0330/Nowcast_201907240330_000.nc'
Skipping 2019-07-24 03:45: [Errno 2] No such file or directory: '/gws/ssde/j25b/swift/nflics_nowcasts/2019/07/24/0345/Nowcast_201907240345_000.nc'
Skipping 2019-07-26 03:00: [Errno 2] No such file or directory: '/gws/ssde/j25b/swift/nflics_nowcasts/2019/07/26/0300/Nowcast_201907260300_000.nc'
Skipping 2019-07-26 03:15: [Errno 2] No such file or directory: '/gws/ssde/j25b/swift/nflics_nowcasts/2019/07/26/0315/Nowcast_201907260315_000.nc'
Skipping 2019-07-26 03:30: [Errno 2] No such file or directory: '/gws/ssde/j25b/swift/nflics_nowcasts/2019/07/26/0330/Nowcast_201907260330_000.nc'
Skipping 2019-07-26 03:45: [Errno 2] No such file or directory: '/gws/ssde/j25b/swift/nflics_nowcasts/2019/07/26/0345/Nowcast_201907260345_000.nc'
Skipping 2019-07-27 03:00: [Errno 2] No such file or directory: '/gws/ssde/j25b/swift/nflics_nowcasts/2019/07/27/0300/Nowcast_201907270300_000.nc'
Skipping 2019-07-27 03:15: [Errno 2] No such file or directory: '/gws/ssde/j25b/swift/nflics_nowcasts/2019/07/27/0315/Nowcast_201907270315_000.nc'
Skipping 2019-07-27 03:30: [Errno 2] No such file or directory: '/gws/ssde/j25b/swift/nflics_nowcasts/2019/07/27/0330/Nowcast_201907270330_000.nc'
Skipping 2019-07-27 03:45: [Errno 2] No such file or directory: '/gws/ssde/j25b/swift/nflics_nowcasts/2019/07/27/0345/Nowcast_201907270345_000.nc'
Skipping 2019-07-28 03:00: [Errno 2] No such file or directory: '/gws/ssde/j25b/swift/nflics_nowcasts/2019/07/28/0300/Nowcast_201907280300_000.nc'
Skipping 2019-07-28 03:15: [Errno 2] No such file or directory: '/gws/ssde/j25b/swift/nflics_nowcasts/2019/07/28/0315/Nowcast_201907280315_000.nc'
Skipping 2019-07-28 03:30: [Errno 2] No such file or directory: '/gws/ssde/j25b/swift/nflics_nowcasts/2019/07/28/0330/Nowcast_201907280330_000.nc'
Skipping 2019-07-28 03:45: [Errno 2] No such file or directory: '/gws/ssde/j25b/swift/nflics_nowcasts/2019/07/28/0345/Nowcast_201907280345_000.nc'
Skipping 2019-07-29 03:00: [Errno 2] No such file or directory: '/gws/ssde/j25b/swift/nflics_nowcasts/2019/07/29/0300/Nowcast_201907290300_000.nc'
Skipping 2019-07-29 03:15: [Errno 2] No such file or directory: '/gws/ssde/j25b/swift/nflics_nowcasts/2019/07/29/0315/Nowcast_201907290315_000.nc'
Skipping 2019-07-29 03:30: [Errno 2] No such file or directory: '/gws/ssde/j25b/swift/nflics_nowcasts/2019/07/29/0330/Nowcast_201907290330_000.nc'
Skipping 2019-07-30 03:00: [Errno 2] No such file or directory: '/gws/ssde/j25b/swift/nflics_nowcasts/2019/07/30/0300/Nowcast_201907300300_000.nc'
Skipping 2019-07-30 03:30: [Errno 2] No such file or directory: '/gws/ssde/j25b/swift/nflics_nowcasts/2019/07/30/0330/Nowcast_201907300330_000.nc'
Skipping 2019-07-30 03:45: [Errno 2] No such file or directory: '/gws/ssde/j25b/swift/nflics_nowcasts/2019/07/30/0345/Nowcast_201907300345_000.nc'
Skipping 2019-07-31 03:00: [Errno 2] No such file or directory: '/gws/ssde/j25b/swift/nflics_nowcasts/2019/07/31/0300/Nowcast_201907310300_000.nc'
Skipping 2019-07-31 03:15: [Errno 2] No such file or directory: '/gws/ssde/j25b/swift/nflics_nowcasts/2019/07/31/0315/Nowcast_201907310315_000.nc'
Skipping 2019-07-31 03:30: [Errno 2] No such file or directory: '/gws/ssde/j25b/swift/nflics_nowcasts/2019/07/31/0330/Nowcast_201907310330_000.nc'
Skipping 2019-07-31 03:45: [Errno 2] No such file or directory: '/gws/ssde/j25b/swift/nflics_nowcasts/2019/07/31/0345/Nowcast_201907310345_000.nc'
All ensemble nowcasts completed on CPU.
======================================================
 Job completed successfully at Sat 29 Nov 12:11:23 GMT 2025
======================================================
