======================================================
 Job started on host1081.jc.rl.ac.uk at Sat 29 Nov 12:12:57 GMT 2025
======================================================
Running ensemble nowcast inference:
 Lead time : 1
 Year      : 2019
 Month     : 09
 Hour      : 13
======================================================
Running on CPU with 8 threads
Loaded 5 ensemble models on CPU
Detected 85 inputs for 2019-09 13 UTC
Skipping 2019-09-01 13:00: [Errno 2] No such file or directory: '/gws/ssde/j25b/swift/nflics_nowcasts/2019/09/01/1300/Nowcast_201909011300_000.nc'
Skipping 2019-09-01 13:15: [Errno 2] No such file or directory: '/gws/ssde/j25b/swift/nflics_nowcasts/2019/09/01/1315/Nowcast_201909011315_000.nc'
Skipping 2019-09-01 13:30: [Errno 2] No such file or directory: '/gws/ssde/j25b/swift/nflics_nowcasts/2019/09/01/1330/Nowcast_201909011330_000.nc'
Skipping 2019-09-01 13:45: [Errno 2] No such file or directory: '/gws/ssde/j25b/swift/nflics_nowcasts/2019/09/01/1345/Nowcast_201909011345_000.nc'
Skipping 2019-09-02 13:00: [Errno 2] No such file or directory: '/gws/ssde/j25b/swift/nflics_nowcasts/2019/09/02/1300/Nowcast_201909021300_000.nc'
Skipping 2019-09-02 13:15: [Errno 2] No such file or directory: '/gws/ssde/j25b/swift/nflics_nowcasts/2019/09/02/1315/Nowcast_201909021315_000.nc'
Skipping 2019-09-02 13:30: [Errno 2] No such file or directory: '/gws/ssde/j25b/swift/nflics_nowcasts/2019/09/02/1330/Nowcast_201909021330_000.nc'
Skipping 2019-09-02 13:45: [Errno 2] No such file or directory: '/gws/ssde/j25b/swift/nflics_nowcasts/2019/09/02/1345/Nowcast_201909021345_000.nc'
Skipping 2019-09-03 13:00: [Errno 2] No such file or directory: '/gws/ssde/j25b/swift/nflics_nowcasts/2019/09/03/1300/Nowcast_201909031300_000.nc'
Skipping 2019-09-03 13:15: [Errno 2] No such file or directory: '/gws/ssde/j25b/swift/nflics_nowcasts/2019/09/03/1315/Nowcast_201909031315_000.nc'
Skipping 2019-09-03 13:30: [Errno 2] No such file or directory: '/gws/ssde/j25b/swift/nflics_nowcasts/2019/09/03/1330/Nowcast_201909031330_000.nc'
Skipping 2019-09-03 13:45: [Errno 2] No such file or directory: '/gws/ssde/j25b/swift/nflics_nowcasts/2019/09/03/1345/Nowcast_201909031345_000.nc'
Skipping 2019-09-04 13:00: [Errno 2] No such file or directory: '/gws/ssde/j25b/swift/nflics_nowcasts/2019/09/04/1300/Nowcast_201909041300_000.nc'
Skipping 2019-09-04 13:15: [Errno 2] No such file or directory: '/gws/ssde/j25b/swift/nflics_nowcasts/2019/09/04/1315/Nowcast_201909041315_000.nc'
Skipping 2019-09-04 13:30: [Errno 2] No such file or directory: '/gws/ssde/j25b/swift/nflics_nowcasts/2019/09/04/1330/Nowcast_201909041330_000.nc'
Skipping 2019-09-04 13:45: [Errno 2] No such file or directory: '/gws/ssde/j25b/swift/nflics_nowcasts/2019/09/04/1345/Nowcast_201909041345_000.nc'
Skipping 2019-09-05 13:30: [Errno 2] No such file or directory: '/gws/ssde/j25b/swift/nflics_nowcasts/2019/09/05/1330/Nowcast_201909051330_000.nc'
Skipping 2019-09-05 13:45: [Errno 2] No such file or directory: '/gws/ssde/j25b/swift/nflics_nowcasts/2019/09/05/1345/Nowcast_201909051345_000.nc'
Skipping 2019-09-06 13:00: [Errno 2] No such file or directory: '/gws/ssde/j25b/swift/nflics_nowcasts/2019/09/06/1300/Nowcast_201909061300_000.nc'
Skipping 2019-09-06 13:15: [Errno 2] No such file or directory: '/gws/ssde/j25b/swift/nflics_nowcasts/2019/09/06/1315/Nowcast_201909061315_000.nc'
Skipping 2019-09-06 13:30: [Errno 2] No such file or directory: '/gws/ssde/j25b/swift/nflics_nowcasts/2019/09/06/1330/Nowcast_201909061330_000.nc'
Skipping 2019-09-06 13:45: [Errno 2] No such file or directory: '/gws/ssde/j25b/swift/nflics_nowcasts/2019/09/06/1345/Nowcast_201909061345_000.nc'
Skipping 2019-09-07 13:00: [Errno 2] No such file or directory: '/gws/ssde/j25b/swift/nflics_nowcasts/2019/09/07/1300/Nowcast_201909071300_000.nc'
Skipping 2019-09-07 13:15: [Errno 2] No such file or directory: '/gws/ssde/j25b/swift/nflics_nowcasts/2019/09/07/1315/Nowcast_201909071315_000.nc'
Skipping 2019-09-07 13:30: [Errno 2] No such file or directory: '/gws/ssde/j25b/swift/nflics_nowcasts/2019/09/07/1330/Nowcast_201909071330_000.nc'
Skipping 2019-09-07 13:45: [Errno 2] No such file or directory: '/gws/ssde/j25b/swift/nflics_nowcasts/2019/09/07/1345/Nowcast_201909071345_000.nc'
Skipping 2019-09-08 13:15: [Errno 2] No such file or directory: '/gws/ssde/j25b/swift/nflics_nowcasts/2019/09/08/1315/Nowcast_201909081315_000.nc'
Skipping 2019-09-08 13:30: [Errno 2] No such file or directory: '/gws/ssde/j25b/swift/nflics_nowcasts/2019/09/08/1330/Nowcast_201909081330_000.nc'
Skipping 2019-09-08 13:45: [Errno 2] No such file or directory: '/gws/ssde/j25b/swift/nflics_nowcasts/2019/09/08/1345/Nowcast_201909081345_000.nc'
Skipping 2019-09-09 13:00: [Errno 2] No such file or directory: '/gws/ssde/j25b/swift/nflics_nowcasts/2019/09/09/1300/Nowcast_201909091300_000.nc'
Skipping 2019-09-09 13:15: [Errno 2] No such file or directory: '/gws/ssde/j25b/swift/nflics_nowcasts/2019/09/09/1315/Nowcast_201909091315_000.nc'
Skipping 2019-09-09 13:30: [Errno 2] No such file or directory: '/gws/ssde/j25b/swift/nflics_nowcasts/2019/09/09/1330/Nowcast_201909091330_000.nc'
Skipping 2019-09-09 13:45: [Errno 2] No such file or directory: '/gws/ssde/j25b/swift/nflics_nowcasts/2019/09/09/1345/Nowcast_201909091345_000.nc'
Skipping 2019-09-10 13:00: [Errno 2] No such file or directory: '/gws/ssde/j25b/swift/nflics_nowcasts/2019/09/10/1300/Nowcast_201909101300_000.nc'
Skipping 2019-09-10 13:15: [Errno 2] No such file or directory: '/gws/ssde/j25b/swift/nflics_nowcasts/2019/09/10/1315/Nowcast_201909101315_000.nc'
Skipping 2019-09-10 13:30: [Errno 2] No such file or directory: '/gws/ssde/j25b/swift/nflics_nowcasts/2019/09/10/1330/Nowcast_201909101330_000.nc'
Skipping 2019-09-10 13:45: [Errno 2] No such file or directory: '/gws/ssde/j25b/swift/nflics_nowcasts/2019/09/10/1345/Nowcast_201909101345_000.nc'
Skipping 2019-09-12 13:00: [Errno 2] No such file or directory: '/gws/ssde/j25b/swift/nflics_nowcasts/2019/09/12/1300/Nowcast_201909121300_000.nc'
Skipping 2019-09-12 13:15: [Errno 2] No such file or directory: '/gws/ssde/j25b/swift/nflics_nowcasts/2019/09/12/1315/Nowcast_201909121315_000.nc'
Skipping 2019-09-12 13:30: [Errno 2] No such file or directory: '/gws/ssde/j25b/swift/nflics_nowcasts/2019/09/12/1330/Nowcast_201909121330_000.nc'
Skipping 2019-09-12 13:45: [Errno 2] No such file or directory: '/gws/ssde/j25b/swift/nflics_nowcasts/2019/09/12/1345/Nowcast_201909121345_000.nc'
Skipping 2019-09-13 13:15: [Errno 2] No such file or directory: '/gws/ssde/j25b/swift/nflics_nowcasts/2019/09/13/1315/Nowcast_201909131315_000.nc'
Skipping 2019-09-13 13:30: [Errno 2] No such file or directory: '/gws/ssde/j25b/swift/nflics_nowcasts/2019/09/13/1330/Nowcast_201909131330_000.nc'
Skipping 2019-09-13 13:45: [Errno 2] No such file or directory: '/gws/ssde/j25b/swift/nflics_nowcasts/2019/09/13/1345/Nowcast_201909131345_000.nc'
Skipping 2019-09-15 13:15: [Errno 2] No such file or directory: '/gws/ssde/j25b/swift/nflics_nowcasts/2019/09/15/1315/Nowcast_201909151315_000.nc'
Skipping 2019-09-16 13:00: [Errno 2] No such file or directory: '/gws/ssde/j25b/swift/nflics_nowcasts/2019/09/16/1300/Nowcast_201909161300_000.nc'
Skipping 2019-09-16 13:15: [Errno 2] No such file or directory: '/gws/ssde/j25b/swift/nflics_nowcasts/2019/09/16/1315/Nowcast_201909161315_000.nc'
Skipping 2019-09-16 13:30: [Errno 2] No such file or directory: '/gws/ssde/j25b/swift/nflics_nowcasts/2019/09/16/1330/Nowcast_201909161330_000.nc'
Skipping 2019-09-16 13:45: [Errno 2] No such file or directory: '/gws/ssde/j25b/swift/nflics_nowcasts/2019/09/16/1345/Nowcast_201909161345_000.nc'
Skipping 2019-09-18 13:30: [Errno 2] No such file or directory: '/gws/ssde/j25b/swift/nflics_nowcasts/2019/09/18/1330/Nowcast_201909181330_000.nc'
Skipping 2019-09-18 13:45: [Errno 2] No such file or directory: '/gws/ssde/j25b/swift/nflics_nowcasts/2019/09/18/1345/Nowcast_201909181345_000.nc'
Skipping 2019-09-19 13:15: [Errno 2] No such file or directory: '/gws/ssde/j25b/swift/nflics_nowcasts/2019/09/19/1315/Nowcast_201909191315_000.nc'
Skipping 2019-09-19 13:30: [Errno 2] No such file or directory: '/gws/ssde/j25b/swift/nflics_nowcasts/2019/09/19/1330/Nowcast_201909191330_000.nc'
Skipping 2019-09-19 13:45: [Errno 2] No such file or directory: '/gws/ssde/j25b/swift/nflics_nowcasts/2019/09/19/1345/Nowcast_201909191345_000.nc'
Skipping 2019-09-20 13:00: [Errno 2] No such file or directory: '/gws/ssde/j25b/swift/nflics_nowcasts/2019/09/20/1300/Nowcast_201909201300_000.nc'
Skipping 2019-09-20 13:15: [Errno 2] No such file or directory: '/gws/ssde/j25b/swift/nflics_nowcasts/2019/09/20/1315/Nowcast_201909201315_000.nc'
Skipping 2019-09-20 13:30: [Errno 2] No such file or directory: '/gws/ssde/j25b/swift/nflics_nowcasts/2019/09/20/1330/Nowcast_201909201330_000.nc'
Skipping 2019-09-20 13:45: [Errno 2] No such file or directory: '/gws/ssde/j25b/swift/nflics_nowcasts/2019/09/20/1345/Nowcast_201909201345_000.nc'
Skipping 2019-09-21 13:00: [Errno 2] No such file or directory: '/gws/ssde/j25b/swift/nflics_nowcasts/2019/09/21/1300/Nowcast_201909211300_000.nc'
Skipping 2019-09-21 13:15: [Errno 2] No such file or directory: '/gws/ssde/j25b/swift/nflics_nowcasts/2019/09/21/1315/Nowcast_201909211315_000.nc'
Skipping 2019-09-21 13:30: [Errno 2] No such file or directory: '/gws/ssde/j25b/swift/nflics_nowcasts/2019/09/21/1330/Nowcast_201909211330_000.nc'
Skipping 2019-09-21 13:45: [Errno 2] No such file or directory: '/gws/ssde/j25b/swift/nflics_nowcasts/2019/09/21/1345/Nowcast_201909211345_000.nc'
Skipping 2019-09-22 13:00: [Errno 2] No such file or directory: '/gws/ssde/j25b/swift/nflics_nowcasts/2019/09/22/1300/Nowcast_201909221300_000.nc'
Skipping 2019-09-22 13:15: [Errno 2] No such file or directory: '/gws/ssde/j25b/swift/nflics_nowcasts/2019/09/22/1315/Nowcast_201909221315_000.nc'
Skipping 2019-09-22 13:30: [Errno 2] No such file or directory: '/gws/ssde/j25b/swift/nflics_nowcasts/2019/09/22/1330/Nowcast_201909221330_000.nc'
Skipping 2019-09-22 13:45: [Errno 2] No such file or directory: '/gws/ssde/j25b/swift/nflics_nowcasts/2019/09/22/1345/Nowcast_201909221345_000.nc'
Skipping 2019-09-23 13:00: [Errno 2] No such file or directory: '/gws/ssde/j25b/swift/nflics_nowcasts/2019/09/23/1300/Nowcast_201909231300_000.nc'
Skipping 2019-09-23 13:15: [Errno 2] No such file or directory: '/gws/ssde/j25b/swift/nflics_nowcasts/2019/09/23/1315/Nowcast_201909231315_000.nc'
Skipping 2019-09-23 13:30: [Errno 2] No such file or directory: '/gws/ssde/j25b/swift/nflics_nowcasts/2019/09/23/1330/Nowcast_201909231330_000.nc'
Skipping 2019-09-23 13:45: [Errno 2] No such file or directory: '/gws/ssde/j25b/swift/nflics_nowcasts/2019/09/23/1345/Nowcast_201909231345_000.nc'
Skipping 2019-09-25 13:15: [Errno 2] No such file or directory: '/gws/ssde/j25b/swift/nflics_nowcasts/2019/09/25/1315/Nowcast_201909251315_000.nc'
Skipping 2019-09-25 13:30: [Errno 2] No such file or directory: '/gws/ssde/j25b/swift/nflics_nowcasts/2019/09/25/1330/Nowcast_201909251330_000.nc'
Skipping 2019-09-25 13:45: [Errno 2] No such file or directory: '/gws/ssde/j25b/swift/nflics_nowcasts/2019/09/25/1345/Nowcast_201909251345_000.nc'
Skipping 2019-09-26 13:00: [Errno 2] No such file or directory: '/gws/ssde/j25b/swift/nflics_nowcasts/2019/09/26/1300/Nowcast_201909261300_000.nc'
Skipping 2019-09-26 13:15: [Errno 2] No such file or directory: '/gws/ssde/j25b/swift/nflics_nowcasts/2019/09/26/1315/Nowcast_201909261315_000.nc'
Skipping 2019-09-26 13:30: [Errno 2] No such file or directory: '/gws/ssde/j25b/swift/nflics_nowcasts/2019/09/26/1330/Nowcast_201909261330_000.nc'
Skipping 2019-09-26 13:45: [Errno 2] No such file or directory: '/gws/ssde/j25b/swift/nflics_nowcasts/2019/09/26/1345/Nowcast_201909261345_000.nc'
Skipping 2019-09-28 13:00: [Errno 2] No such file or directory: '/gws/ssde/j25b/swift/nflics_nowcasts/2019/09/28/1300/Nowcast_201909281300_000.nc'
Skipping 2019-09-28 13:15: [Errno 2] No such file or directory: '/gws/ssde/j25b/swift/nflics_nowcasts/2019/09/28/1315/Nowcast_201909281315_000.nc'
Skipping 2019-09-28 13:30: [Errno 2] No such file or directory: '/gws/ssde/j25b/swift/nflics_nowcasts/2019/09/28/1330/Nowcast_201909281330_000.nc'
Skipping 2019-09-28 13:45: [Errno 2] No such file or directory: '/gws/ssde/j25b/swift/nflics_nowcasts/2019/09/28/1345/Nowcast_201909281345_000.nc'
Skipping 2019-09-29 13:00: [Errno 2] No such file or directory: '/gws/ssde/j25b/swift/nflics_nowcasts/2019/09/29/1300/Nowcast_201909291300_000.nc'
Skipping 2019-09-29 13:15: [Errno 2] No such file or directory: '/gws/ssde/j25b/swift/nflics_nowcasts/2019/09/29/1315/Nowcast_201909291315_000.nc'
Skipping 2019-09-29 13:30: [Errno 2] No such file or directory: '/gws/ssde/j25b/swift/nflics_nowcasts/2019/09/29/1330/Nowcast_201909291330_000.nc'
Skipping 2019-09-29 13:45: [Errno 2] No such file or directory: '/gws/ssde/j25b/swift/nflics_nowcasts/2019/09/29/1345/Nowcast_201909291345_000.nc'
All ensemble nowcasts completed on CPU.
======================================================
 Job completed successfully at Sat 29 Nov 12:13:04 GMT 2025
======================================================
