======================================================
 Job started on host1081.jc.rl.ac.uk at Sat 29 Nov 12:12:16 GMT 2025
======================================================
Running ensemble nowcast inference:
 Lead time : 1
 Year      : 2019
 Month     : 08
 Hour      : 14
======================================================
Running on CPU with 8 threads
Loaded 5 ensemble models on CPU
Detected 89 inputs for 2019-08 14 UTC
Skipping 2019-08-01 14:00: [Errno 2] No such file or directory: '/gws/ssde/j25b/swift/nflics_nowcasts/2019/08/01/1400/Nowcast_201908011400_000.nc'
Skipping 2019-08-01 14:15: [Errno 2] No such file or directory: '/gws/ssde/j25b/swift/nflics_nowcasts/2019/08/01/1415/Nowcast_201908011415_000.nc'
Skipping 2019-08-01 14:30: [Errno 2] No such file or directory: '/gws/ssde/j25b/swift/nflics_nowcasts/2019/08/01/1430/Nowcast_201908011430_000.nc'
Skipping 2019-08-01 14:45: [Errno 2] No such file or directory: '/gws/ssde/j25b/swift/nflics_nowcasts/2019/08/01/1445/Nowcast_201908011445_000.nc'
Skipping 2019-08-02 14:00: [Errno 2] No such file or directory: '/gws/ssde/j25b/swift/nflics_nowcasts/2019/08/02/1400/Nowcast_201908021400_000.nc'
Skipping 2019-08-02 14:15: [Errno 2] No such file or directory: '/gws/ssde/j25b/swift/nflics_nowcasts/2019/08/02/1415/Nowcast_201908021415_000.nc'
Skipping 2019-08-02 14:30: [Errno 2] No such file or directory: '/gws/ssde/j25b/swift/nflics_nowcasts/2019/08/02/1430/Nowcast_201908021430_000.nc'
Skipping 2019-08-02 14:45: [Errno 2] No such file or directory: '/gws/ssde/j25b/swift/nflics_nowcasts/2019/08/02/1445/Nowcast_201908021445_000.nc'
Skipping 2019-08-03 14:00: [Errno 2] No such file or directory: '/gws/ssde/j25b/swift/nflics_nowcasts/2019/08/03/1400/Nowcast_201908031400_000.nc'
Skipping 2019-08-03 14:15: [Errno 2] No such file or directory: '/gws/ssde/j25b/swift/nflics_nowcasts/2019/08/03/1415/Nowcast_201908031415_000.nc'
Skipping 2019-08-03 14:30: [Errno 2] No such file or directory: '/gws/ssde/j25b/swift/nflics_nowcasts/2019/08/03/1430/Nowcast_201908031430_000.nc'
Skipping 2019-08-03 14:45: [Errno 2] No such file or directory: '/gws/ssde/j25b/swift/nflics_nowcasts/2019/08/03/1445/Nowcast_201908031445_000.nc'
Skipping 2019-08-05 14:00: [Errno 2] No such file or directory: '/gws/ssde/j25b/swift/nflics_nowcasts/2019/08/05/1400/Nowcast_201908051400_000.nc'
Skipping 2019-08-05 14:15: [Errno 2] No such file or directory: '/gws/ssde/j25b/swift/nflics_nowcasts/2019/08/05/1415/Nowcast_201908051415_000.nc'
Skipping 2019-08-05 14:30: [Errno 2] No such file or directory: '/gws/ssde/j25b/swift/nflics_nowcasts/2019/08/05/1430/Nowcast_201908051430_000.nc'
Skipping 2019-08-05 14:45: [Errno 2] No such file or directory: '/gws/ssde/j25b/swift/nflics_nowcasts/2019/08/05/1445/Nowcast_201908051445_000.nc'
Skipping 2019-08-06 14:00: [Errno 2] No such file or directory: '/gws/ssde/j25b/swift/nflics_nowcasts/2019/08/06/1400/Nowcast_201908061400_000.nc'
Skipping 2019-08-06 14:15: [Errno 2] No such file or directory: '/gws/ssde/j25b/swift/nflics_nowcasts/2019/08/06/1415/Nowcast_201908061415_000.nc'
Skipping 2019-08-06 14:30: [Errno 2] No such file or directory: '/gws/ssde/j25b/swift/nflics_nowcasts/2019/08/06/1430/Nowcast_201908061430_000.nc'
Skipping 2019-08-06 14:45: [Errno 2] No such file or directory: '/gws/ssde/j25b/swift/nflics_nowcasts/2019/08/06/1445/Nowcast_201908061445_000.nc'
Skipping 2019-08-10 14:45: [Errno 2] No such file or directory: '/gws/ssde/j25b/swift/nflics_nowcasts/2019/08/10/1445/Nowcast_201908101445_000.nc'
Skipping 2019-08-11 14:00: [Errno 2] No such file or directory: '/gws/ssde/j25b/swift/nflics_nowcasts/2019/08/11/1400/Nowcast_201908111400_000.nc'
Skipping 2019-08-11 14:15: [Errno 2] No such file or directory: '/gws/ssde/j25b/swift/nflics_nowcasts/2019/08/11/1415/Nowcast_201908111415_000.nc'
Skipping 2019-08-11 14:30: [Errno 2] No such file or directory: '/gws/ssde/j25b/swift/nflics_nowcasts/2019/08/11/1430/Nowcast_201908111430_000.nc'
Skipping 2019-08-11 14:45: [Errno 2] No such file or directory: '/gws/ssde/j25b/swift/nflics_nowcasts/2019/08/11/1445/Nowcast_201908111445_000.nc'
Skipping 2019-08-14 14:00: [Errno 2] No such file or directory: '/gws/ssde/j25b/swift/nflics_nowcasts/2019/08/14/1400/Nowcast_201908141400_000.nc'
Skipping 2019-08-14 14:15: [Errno 2] No such file or directory: '/gws/ssde/j25b/swift/nflics_nowcasts/2019/08/14/1415/Nowcast_201908141415_000.nc'
Skipping 2019-08-14 14:30: [Errno 2] No such file or directory: '/gws/ssde/j25b/swift/nflics_nowcasts/2019/08/14/1430/Nowcast_201908141430_000.nc'
Skipping 2019-08-14 14:45: [Errno 2] No such file or directory: '/gws/ssde/j25b/swift/nflics_nowcasts/2019/08/14/1445/Nowcast_201908141445_000.nc'
Skipping 2019-08-15 14:00: [Errno 2] No such file or directory: '/gws/ssde/j25b/swift/nflics_nowcasts/2019/08/15/1400/Nowcast_201908151400_000.nc'
Skipping 2019-08-15 14:15: [Errno 2] No such file or directory: '/gws/ssde/j25b/swift/nflics_nowcasts/2019/08/15/1415/Nowcast_201908151415_000.nc'
Skipping 2019-08-15 14:30: [Errno 2] No such file or directory: '/gws/ssde/j25b/swift/nflics_nowcasts/2019/08/15/1430/Nowcast_201908151430_000.nc'
Skipping 2019-08-15 14:45: [Errno 2] No such file or directory: '/gws/ssde/j25b/swift/nflics_nowcasts/2019/08/15/1445/Nowcast_201908151445_000.nc'
Skipping 2019-08-16 14:00: [Errno 2] No such file or directory: '/gws/ssde/j25b/swift/nflics_nowcasts/2019/08/16/1400/Nowcast_201908161400_000.nc'
Skipping 2019-08-16 14:15: [Errno 2] No such file or directory: '/gws/ssde/j25b/swift/nflics_nowcasts/2019/08/16/1415/Nowcast_201908161415_000.nc'
Skipping 2019-08-16 14:30: [Errno 2] No such file or directory: '/gws/ssde/j25b/swift/nflics_nowcasts/2019/08/16/1430/Nowcast_201908161430_000.nc'
Skipping 2019-08-16 14:45: [Errno 2] No such file or directory: '/gws/ssde/j25b/swift/nflics_nowcasts/2019/08/16/1445/Nowcast_201908161445_000.nc'
Skipping 2019-08-17 14:15: [Errno 2] No such file or directory: '/gws/ssde/j25b/swift/nflics_nowcasts/2019/08/17/1415/Nowcast_201908171415_000.nc'
Skipping 2019-08-17 14:30: [Errno 2] No such file or directory: '/gws/ssde/j25b/swift/nflics_nowcasts/2019/08/17/1430/Nowcast_201908171430_000.nc'
Skipping 2019-08-17 14:45: [Errno 2] No such file or directory: '/gws/ssde/j25b/swift/nflics_nowcasts/2019/08/17/1445/Nowcast_201908171445_000.nc'
Skipping 2019-08-18 14:00: [Errno 2] No such file or directory: '/gws/ssde/j25b/swift/nflics_nowcasts/2019/08/18/1400/Nowcast_201908181400_000.nc'
Skipping 2019-08-18 14:15: [Errno 2] No such file or directory: '/gws/ssde/j25b/swift/nflics_nowcasts/2019/08/18/1415/Nowcast_201908181415_000.nc'
Skipping 2019-08-18 14:30: [Errno 2] No such file or directory: '/gws/ssde/j25b/swift/nflics_nowcasts/2019/08/18/1430/Nowcast_201908181430_000.nc'
Skipping 2019-08-18 14:45: [Errno 2] No such file or directory: '/gws/ssde/j25b/swift/nflics_nowcasts/2019/08/18/1445/Nowcast_201908181445_000.nc'
Skipping 2019-08-19 14:00: [Errno 2] No such file or directory: '/gws/ssde/j25b/swift/nflics_nowcasts/2019/08/19/1400/Nowcast_201908191400_000.nc'
Skipping 2019-08-19 14:15: [Errno 2] No such file or directory: '/gws/ssde/j25b/swift/nflics_nowcasts/2019/08/19/1415/Nowcast_201908191415_000.nc'
Skipping 2019-08-19 14:30: [Errno 2] No such file or directory: '/gws/ssde/j25b/swift/nflics_nowcasts/2019/08/19/1430/Nowcast_201908191430_000.nc'
Skipping 2019-08-19 14:45: [Errno 2] No such file or directory: '/gws/ssde/j25b/swift/nflics_nowcasts/2019/08/19/1445/Nowcast_201908191445_000.nc'
Skipping 2019-08-20 14:15: [Errno 2] No such file or directory: '/gws/ssde/j25b/swift/nflics_nowcasts/2019/08/20/1415/Nowcast_201908201415_000.nc'
Skipping 2019-08-20 14:30: [Errno 2] No such file or directory: '/gws/ssde/j25b/swift/nflics_nowcasts/2019/08/20/1430/Nowcast_201908201430_000.nc'
Skipping 2019-08-20 14:45: [Errno 2] No such file or directory: '/gws/ssde/j25b/swift/nflics_nowcasts/2019/08/20/1445/Nowcast_201908201445_000.nc'
Skipping 2019-08-21 14:00: [Errno 2] No such file or directory: '/gws/ssde/j25b/swift/nflics_nowcasts/2019/08/21/1400/Nowcast_201908211400_000.nc'
Skipping 2019-08-21 14:15: [Errno 2] No such file or directory: '/gws/ssde/j25b/swift/nflics_nowcasts/2019/08/21/1415/Nowcast_201908211415_000.nc'
Skipping 2019-08-21 14:30: [Errno 2] No such file or directory: '/gws/ssde/j25b/swift/nflics_nowcasts/2019/08/21/1430/Nowcast_201908211430_000.nc'
Skipping 2019-08-21 14:45: [Errno 2] No such file or directory: '/gws/ssde/j25b/swift/nflics_nowcasts/2019/08/21/1445/Nowcast_201908211445_000.nc'
Skipping 2019-08-22 14:00: [Errno 2] No such file or directory: '/gws/ssde/j25b/swift/nflics_nowcasts/2019/08/22/1400/Nowcast_201908221400_000.nc'
Skipping 2019-08-22 14:15: [Errno 2] No such file or directory: '/gws/ssde/j25b/swift/nflics_nowcasts/2019/08/22/1415/Nowcast_201908221415_000.nc'
Skipping 2019-08-22 14:30: [Errno 2] No such file or directory: '/gws/ssde/j25b/swift/nflics_nowcasts/2019/08/22/1430/Nowcast_201908221430_000.nc'
Skipping 2019-08-22 14:45: [Errno 2] No such file or directory: '/gws/ssde/j25b/swift/nflics_nowcasts/2019/08/22/1445/Nowcast_201908221445_000.nc'
Skipping 2019-08-24 14:00: [Errno 2] No such file or directory: '/gws/ssde/j25b/swift/nflics_nowcasts/2019/08/24/1400/Nowcast_201908241400_000.nc'
Skipping 2019-08-24 14:15: [Errno 2] No such file or directory: '/gws/ssde/j25b/swift/nflics_nowcasts/2019/08/24/1415/Nowcast_201908241415_000.nc'
Skipping 2019-08-24 14:30: [Errno 2] No such file or directory: '/gws/ssde/j25b/swift/nflics_nowcasts/2019/08/24/1430/Nowcast_201908241430_000.nc'
Skipping 2019-08-24 14:45: [Errno 2] No such file or directory: '/gws/ssde/j25b/swift/nflics_nowcasts/2019/08/24/1445/Nowcast_201908241445_000.nc'
Skipping 2019-08-25 14:00: [Errno 2] No such file or directory: '/gws/ssde/j25b/swift/nflics_nowcasts/2019/08/25/1400/Nowcast_201908251400_000.nc'
Skipping 2019-08-25 14:15: [Errno 2] No such file or directory: '/gws/ssde/j25b/swift/nflics_nowcasts/2019/08/25/1415/Nowcast_201908251415_000.nc'
Skipping 2019-08-25 14:30: [Errno 2] No such file or directory: '/gws/ssde/j25b/swift/nflics_nowcasts/2019/08/25/1430/Nowcast_201908251430_000.nc'
Skipping 2019-08-25 14:45: [Errno 2] No such file or directory: '/gws/ssde/j25b/swift/nflics_nowcasts/2019/08/25/1445/Nowcast_201908251445_000.nc'
Skipping 2019-08-26 14:00: [Errno 2] No such file or directory: '/gws/ssde/j25b/swift/nflics_nowcasts/2019/08/26/1400/Nowcast_201908261400_000.nc'
Skipping 2019-08-26 14:15: [Errno 2] No such file or directory: '/gws/ssde/j25b/swift/nflics_nowcasts/2019/08/26/1415/Nowcast_201908261415_000.nc'
Skipping 2019-08-26 14:30: [Errno 2] No such file or directory: '/gws/ssde/j25b/swift/nflics_nowcasts/2019/08/26/1430/Nowcast_201908261430_000.nc'
Skipping 2019-08-26 14:45: [Errno 2] No such file or directory: '/gws/ssde/j25b/swift/nflics_nowcasts/2019/08/26/1445/Nowcast_201908261445_000.nc'
Skipping 2019-08-27 14:00: [Errno 2] No such file or directory: '/gws/ssde/j25b/swift/nflics_nowcasts/2019/08/27/1400/Nowcast_201908271400_000.nc'
Skipping 2019-08-27 14:15: [Errno 2] No such file or directory: '/gws/ssde/j25b/swift/nflics_nowcasts/2019/08/27/1415/Nowcast_201908271415_000.nc'
Skipping 2019-08-27 14:30: [Errno 2] No such file or directory: '/gws/ssde/j25b/swift/nflics_nowcasts/2019/08/27/1430/Nowcast_201908271430_000.nc'
Skipping 2019-08-27 14:45: [Errno 2] No such file or directory: '/gws/ssde/j25b/swift/nflics_nowcasts/2019/08/27/1445/Nowcast_201908271445_000.nc'
Skipping 2019-08-28 14:00: [Errno 2] No such file or directory: '/gws/ssde/j25b/swift/nflics_nowcasts/2019/08/28/1400/Nowcast_201908281400_000.nc'
Skipping 2019-08-28 14:15: [Errno 2] No such file or directory: '/gws/ssde/j25b/swift/nflics_nowcasts/2019/08/28/1415/Nowcast_201908281415_000.nc'
Skipping 2019-08-28 14:30: [Errno 2] No such file or directory: '/gws/ssde/j25b/swift/nflics_nowcasts/2019/08/28/1430/Nowcast_201908281430_000.nc'
Skipping 2019-08-28 14:45: [Errno 2] No such file or directory: '/gws/ssde/j25b/swift/nflics_nowcasts/2019/08/28/1445/Nowcast_201908281445_000.nc'
Skipping 2019-08-29 14:00: [Errno 2] No such file or directory: '/gws/ssde/j25b/swift/nflics_nowcasts/2019/08/29/1400/Nowcast_201908291400_000.nc'
Skipping 2019-08-29 14:15: [Errno 2] No such file or directory: '/gws/ssde/j25b/swift/nflics_nowcasts/2019/08/29/1415/Nowcast_201908291415_000.nc'
Skipping 2019-08-29 14:30: [Errno 2] No such file or directory: '/gws/ssde/j25b/swift/nflics_nowcasts/2019/08/29/1430/Nowcast_201908291430_000.nc'
Skipping 2019-08-29 14:45: [Errno 2] No such file or directory: '/gws/ssde/j25b/swift/nflics_nowcasts/2019/08/29/1445/Nowcast_201908291445_000.nc'
Skipping 2019-08-30 14:00: [Errno 2] No such file or directory: '/gws/ssde/j25b/swift/nflics_nowcasts/2019/08/30/1400/Nowcast_201908301400_000.nc'
Skipping 2019-08-30 14:15: [Errno 2] No such file or directory: '/gws/ssde/j25b/swift/nflics_nowcasts/2019/08/30/1415/Nowcast_201908301415_000.nc'
Skipping 2019-08-30 14:30: [Errno 2] No such file or directory: '/gws/ssde/j25b/swift/nflics_nowcasts/2019/08/30/1430/Nowcast_201908301430_000.nc'
Skipping 2019-08-30 14:45: [Errno 2] No such file or directory: '/gws/ssde/j25b/swift/nflics_nowcasts/2019/08/30/1445/Nowcast_201908301445_000.nc'
Skipping 2019-08-31 14:30: [Errno 2] No such file or directory: '/gws/ssde/j25b/swift/nflics_nowcasts/2019/08/31/1430/Nowcast_201908311430_000.nc'
Skipping 2019-08-31 14:45: [Errno 2] No such file or directory: '/gws/ssde/j25b/swift/nflics_nowcasts/2019/08/31/1445/Nowcast_201908311445_000.nc'
All ensemble nowcasts completed on CPU.
======================================================
 Job completed successfully at Sat 29 Nov 12:12:25 GMT 2025
======================================================
