======================================================
 Job started on host1056.jc.rl.ac.uk at Sat 29 Nov 12:10:55 GMT 2025
======================================================
Running ensemble nowcast inference:
 Lead time : 6
 Year      : 2019
 Month     : 06
 Hour      : 10
======================================================
Running on CPU with 8 threads
Loaded 5 ensemble models on CPU
Detected 40 inputs for 2019-06 10 UTC
Skipping 2019-06-02 10:00: [Errno 2] No such file or directory: '/gws/ssde/j25b/swift/nflics_nowcasts/2019/06/02/1000/Nowcast_201906021000_000.nc'
Skipping 2019-06-02 10:15: [Errno 2] No such file or directory: '/gws/ssde/j25b/swift/nflics_nowcasts/2019/06/02/1015/Nowcast_201906021015_000.nc'
Skipping 2019-06-02 10:30: [Errno 2] No such file or directory: '/gws/ssde/j25b/swift/nflics_nowcasts/2019/06/02/1030/Nowcast_201906021030_000.nc'
Skipping 2019-06-02 10:45: [Errno 2] No such file or directory: '/gws/ssde/j25b/swift/nflics_nowcasts/2019/06/02/1045/Nowcast_201906021045_000.nc'
Skipping 2019-06-03 10:00: [Errno 2] No such file or directory: '/gws/ssde/j25b/swift/nflics_nowcasts/2019/06/03/1000/Nowcast_201906031000_000.nc'
Skipping 2019-06-03 10:15: [Errno 2] No such file or directory: '/gws/ssde/j25b/swift/nflics_nowcasts/2019/06/03/1015/Nowcast_201906031015_000.nc'
Skipping 2019-06-03 10:30: [Errno 2] No such file or directory: '/gws/ssde/j25b/swift/nflics_nowcasts/2019/06/03/1030/Nowcast_201906031030_000.nc'
Skipping 2019-06-03 10:45: [Errno 2] No such file or directory: '/gws/ssde/j25b/swift/nflics_nowcasts/2019/06/03/1045/Nowcast_201906031045_000.nc'
Skipping 2019-06-04 10:00: [Errno 2] No such file or directory: '/gws/ssde/j25b/swift/nflics_nowcasts/2019/06/04/1000/Nowcast_201906041000_000.nc'
Skipping 2019-06-04 10:15: [Errno 2] No such file or directory: '/gws/ssde/j25b/swift/nflics_nowcasts/2019/06/04/1015/Nowcast_201906041015_000.nc'
Skipping 2019-06-04 10:30: [Errno 2] No such file or directory: '/gws/ssde/j25b/swift/nflics_nowcasts/2019/06/04/1030/Nowcast_201906041030_000.nc'
Skipping 2019-06-04 10:45: [Errno 2] No such file or directory: '/gws/ssde/j25b/swift/nflics_nowcasts/2019/06/04/1045/Nowcast_201906041045_000.nc'
Skipping 2019-06-09 10:00: [Errno 2] No such file or directory: '/gws/ssde/j25b/swift/nflics_nowcasts/2019/06/09/1000/Nowcast_201906091000_000.nc'
Skipping 2019-06-09 10:15: [Errno 2] No such file or directory: '/gws/ssde/j25b/swift/nflics_nowcasts/2019/06/09/1015/Nowcast_201906091015_000.nc'
Skipping 2019-06-09 10:30: [Errno 2] No such file or directory: '/gws/ssde/j25b/swift/nflics_nowcasts/2019/06/09/1030/Nowcast_201906091030_000.nc'
Skipping 2019-06-09 10:45: [Errno 2] No such file or directory: '/gws/ssde/j25b/swift/nflics_nowcasts/2019/06/09/1045/Nowcast_201906091045_000.nc'
Skipping 2019-06-10 10:00: [Errno 2] No such file or directory: '/gws/ssde/j25b/swift/nflics_nowcasts/2019/06/10/1000/Nowcast_201906101000_000.nc'
Skipping 2019-06-10 10:15: [Errno 2] No such file or directory: '/gws/ssde/j25b/swift/nflics_nowcasts/2019/06/10/1015/Nowcast_201906101015_000.nc'
Skipping 2019-06-10 10:30: [Errno 2] No such file or directory: '/gws/ssde/j25b/swift/nflics_nowcasts/2019/06/10/1030/Nowcast_201906101030_000.nc'
Skipping 2019-06-10 10:45: [Errno 2] No such file or directory: '/gws/ssde/j25b/swift/nflics_nowcasts/2019/06/10/1045/Nowcast_201906101045_000.nc'
Skipping 2019-06-11 10:00: [Errno 2] No such file or directory: '/gws/ssde/j25b/swift/nflics_nowcasts/2019/06/11/1000/Nowcast_201906111000_000.nc'
Skipping 2019-06-11 10:15: [Errno 2] No such file or directory: '/gws/ssde/j25b/swift/nflics_nowcasts/2019/06/11/1015/Nowcast_201906111015_000.nc'
Skipping 2019-06-11 10:30: [Errno 2] No such file or directory: '/gws/ssde/j25b/swift/nflics_nowcasts/2019/06/11/1030/Nowcast_201906111030_000.nc'
Skipping 2019-06-11 10:45: [Errno 2] No such file or directory: '/gws/ssde/j25b/swift/nflics_nowcasts/2019/06/11/1045/Nowcast_201906111045_000.nc'
Skipping 2019-06-12 10:45: [Errno 2] No such file or directory: '/gws/ssde/j25b/swift/nflics_nowcasts/2019/06/12/1045/Nowcast_201906121045_000.nc'
Skipping 2019-06-15 10:00: [Errno 2] No such file or directory: '/gws/ssde/j25b/swift/nflics_nowcasts/2019/06/15/1000/Nowcast_201906151000_000.nc'
Skipping 2019-06-15 10:15: [Errno 2] No such file or directory: '/gws/ssde/j25b/swift/nflics_nowcasts/2019/06/15/1015/Nowcast_201906151015_000.nc'
Skipping 2019-06-15 10:30: [Errno 2] No such file or directory: '/gws/ssde/j25b/swift/nflics_nowcasts/2019/06/15/1030/Nowcast_201906151030_000.nc'
Skipping 2019-06-15 10:45: [Errno 2] No such file or directory: '/gws/ssde/j25b/swift/nflics_nowcasts/2019/06/15/1045/Nowcast_201906151045_000.nc'
Skipping 2019-06-21 10:00: [Errno 2] No such file or directory: '/gws/ssde/j25b/swift/nflics_nowcasts/2019/06/21/1000/Nowcast_201906211000_000.nc'
Skipping 2019-06-21 10:15: [Errno 2] No such file or directory: '/gws/ssde/j25b/swift/nflics_nowcasts/2019/06/21/1015/Nowcast_201906211015_000.nc'
Skipping 2019-06-21 10:30: [Errno 2] No such file or directory: '/gws/ssde/j25b/swift/nflics_nowcasts/2019/06/21/1030/Nowcast_201906211030_000.nc'
Skipping 2019-06-21 10:45: [Errno 2] No such file or directory: '/gws/ssde/j25b/swift/nflics_nowcasts/2019/06/21/1045/Nowcast_201906211045_000.nc'
Skipping 2019-06-27 10:00: [Errno 2] No such file or directory: '/gws/ssde/j25b/swift/nflics_nowcasts/2019/06/27/1000/Nowcast_201906271000_000.nc'
Skipping 2019-06-27 10:15: [Errno 2] No such file or directory: '/gws/ssde/j25b/swift/nflics_nowcasts/2019/06/27/1015/Nowcast_201906271015_000.nc'
Skipping 2019-06-27 10:30: [Errno 2] No such file or directory: '/gws/ssde/j25b/swift/nflics_nowcasts/2019/06/27/1030/Nowcast_201906271030_000.nc'
Skipping 2019-06-27 10:45: [Errno 2] No such file or directory: '/gws/ssde/j25b/swift/nflics_nowcasts/2019/06/27/1045/Nowcast_201906271045_000.nc'
Skipping 2019-06-29 10:00: [Errno 2] No such file or directory: '/gws/ssde/j25b/swift/nflics_nowcasts/2019/06/29/1000/Nowcast_201906291000_000.nc'
Skipping 2019-06-29 10:30: [Errno 2] No such file or directory: '/gws/ssde/j25b/swift/nflics_nowcasts/2019/06/29/1030/Nowcast_201906291030_000.nc'
Skipping 2019-06-29 10:45: [Errno 2] No such file or directory: '/gws/ssde/j25b/swift/nflics_nowcasts/2019/06/29/1045/Nowcast_201906291045_000.nc'
All ensemble nowcasts completed on CPU.
======================================================
 Job completed successfully at Sat 29 Nov 12:11:08 GMT 2025
======================================================
