======================================================
 Job started on host1086.jc.rl.ac.uk at Sat 29 Nov 12:12:17 GMT 2025
======================================================
Running ensemble nowcast inference:
 Lead time : 6
 Year      : 2019
 Month     : 08
 Hour      : 20
======================================================
Running on CPU with 8 threads
Loaded 5 ensemble models on CPU
Detected 87 inputs for 2019-08 20 UTC
Skipping 2019-08-01 20:00: [Errno 2] No such file or directory: '/gws/ssde/j25b/swift/nflics_nowcasts/2019/08/01/2000/Nowcast_201908012000_000.nc'
Skipping 2019-08-01 20:15: [Errno 2] No such file or directory: '/gws/ssde/j25b/swift/nflics_nowcasts/2019/08/01/2015/Nowcast_201908012015_000.nc'
Skipping 2019-08-01 20:30: [Errno 2] No such file or directory: '/gws/ssde/j25b/swift/nflics_nowcasts/2019/08/01/2030/Nowcast_201908012030_000.nc'
Skipping 2019-08-01 20:45: [Errno 2] No such file or directory: '/gws/ssde/j25b/swift/nflics_nowcasts/2019/08/01/2045/Nowcast_201908012045_000.nc'
Skipping 2019-08-02 20:00: [Errno 2] No such file or directory: '/gws/ssde/j25b/swift/nflics_nowcasts/2019/08/02/2000/Nowcast_201908022000_000.nc'
Skipping 2019-08-02 20:15: [Errno 2] No such file or directory: '/gws/ssde/j25b/swift/nflics_nowcasts/2019/08/02/2015/Nowcast_201908022015_000.nc'
Skipping 2019-08-02 20:30: [Errno 2] No such file or directory: '/gws/ssde/j25b/swift/nflics_nowcasts/2019/08/02/2030/Nowcast_201908022030_000.nc'
Skipping 2019-08-02 20:45: [Errno 2] No such file or directory: '/gws/ssde/j25b/swift/nflics_nowcasts/2019/08/02/2045/Nowcast_201908022045_000.nc'
Skipping 2019-08-03 20:15: [Errno 2] No such file or directory: '/gws/ssde/j25b/swift/nflics_nowcasts/2019/08/03/2015/Nowcast_201908032015_000.nc'
Skipping 2019-08-03 20:30: [Errno 2] No such file or directory: '/gws/ssde/j25b/swift/nflics_nowcasts/2019/08/03/2030/Nowcast_201908032030_000.nc'
Skipping 2019-08-03 20:45: [Errno 2] No such file or directory: '/gws/ssde/j25b/swift/nflics_nowcasts/2019/08/03/2045/Nowcast_201908032045_000.nc'
Skipping 2019-08-05 20:00: [Errno 2] No such file or directory: '/gws/ssde/j25b/swift/nflics_nowcasts/2019/08/05/2000/Nowcast_201908052000_000.nc'
Skipping 2019-08-05 20:15: [Errno 2] No such file or directory: '/gws/ssde/j25b/swift/nflics_nowcasts/2019/08/05/2015/Nowcast_201908052015_000.nc'
Skipping 2019-08-05 20:30: [Errno 2] No such file or directory: '/gws/ssde/j25b/swift/nflics_nowcasts/2019/08/05/2030/Nowcast_201908052030_000.nc'
Skipping 2019-08-05 20:45: [Errno 2] No such file or directory: '/gws/ssde/j25b/swift/nflics_nowcasts/2019/08/05/2045/Nowcast_201908052045_000.nc'
Skipping 2019-08-06 20:00: [Errno 2] No such file or directory: '/gws/ssde/j25b/swift/nflics_nowcasts/2019/08/06/2000/Nowcast_201908062000_000.nc'
Skipping 2019-08-06 20:15: [Errno 2] No such file or directory: '/gws/ssde/j25b/swift/nflics_nowcasts/2019/08/06/2015/Nowcast_201908062015_000.nc'
Skipping 2019-08-06 20:30: [Errno 2] No such file or directory: '/gws/ssde/j25b/swift/nflics_nowcasts/2019/08/06/2030/Nowcast_201908062030_000.nc'
Skipping 2019-08-06 20:45: [Errno 2] No such file or directory: '/gws/ssde/j25b/swift/nflics_nowcasts/2019/08/06/2045/Nowcast_201908062045_000.nc'
Skipping 2019-08-10 20:00: [Errno 2] No such file or directory: '/gws/ssde/j25b/swift/nflics_nowcasts/2019/08/10/2000/Nowcast_201908102000_000.nc'
Skipping 2019-08-10 20:15: [Errno 2] No such file or directory: '/gws/ssde/j25b/swift/nflics_nowcasts/2019/08/10/2015/Nowcast_201908102015_000.nc'
Skipping 2019-08-10 20:30: [Errno 2] No such file or directory: '/gws/ssde/j25b/swift/nflics_nowcasts/2019/08/10/2030/Nowcast_201908102030_000.nc'
Skipping 2019-08-10 20:45: [Errno 2] No such file or directory: '/gws/ssde/j25b/swift/nflics_nowcasts/2019/08/10/2045/Nowcast_201908102045_000.nc'
Skipping 2019-08-11 20:00: [Errno 2] No such file or directory: '/gws/ssde/j25b/swift/nflics_nowcasts/2019/08/11/2000/Nowcast_201908112000_000.nc'
Skipping 2019-08-11 20:15: [Errno 2] No such file or directory: '/gws/ssde/j25b/swift/nflics_nowcasts/2019/08/11/2015/Nowcast_201908112015_000.nc'
Skipping 2019-08-13 20:00: [Errno 2] No such file or directory: '/gws/ssde/j25b/swift/nflics_nowcasts/2019/08/13/2000/Nowcast_201908132000_000.nc'
Skipping 2019-08-13 20:15: [Errno 2] No such file or directory: '/gws/ssde/j25b/swift/nflics_nowcasts/2019/08/13/2015/Nowcast_201908132015_000.nc'
Skipping 2019-08-13 20:30: [Errno 2] No such file or directory: '/gws/ssde/j25b/swift/nflics_nowcasts/2019/08/13/2030/Nowcast_201908132030_000.nc'
Skipping 2019-08-13 20:45: [Errno 2] No such file or directory: '/gws/ssde/j25b/swift/nflics_nowcasts/2019/08/13/2045/Nowcast_201908132045_000.nc'
Skipping 2019-08-14 20:00: [Errno 2] No such file or directory: '/gws/ssde/j25b/swift/nflics_nowcasts/2019/08/14/2000/Nowcast_201908142000_000.nc'
Skipping 2019-08-14 20:15: [Errno 2] No such file or directory: '/gws/ssde/j25b/swift/nflics_nowcasts/2019/08/14/2015/Nowcast_201908142015_000.nc'
Skipping 2019-08-14 20:30: [Errno 2] No such file or directory: '/gws/ssde/j25b/swift/nflics_nowcasts/2019/08/14/2030/Nowcast_201908142030_000.nc'
Skipping 2019-08-14 20:45: [Errno 2] No such file or directory: '/gws/ssde/j25b/swift/nflics_nowcasts/2019/08/14/2045/Nowcast_201908142045_000.nc'
Skipping 2019-08-15 20:00: [Errno 2] No such file or directory: '/gws/ssde/j25b/swift/nflics_nowcasts/2019/08/15/2000/Nowcast_201908152000_000.nc'
Skipping 2019-08-15 20:15: [Errno 2] No such file or directory: '/gws/ssde/j25b/swift/nflics_nowcasts/2019/08/15/2015/Nowcast_201908152015_000.nc'
Skipping 2019-08-15 20:30: [Errno 2] No such file or directory: '/gws/ssde/j25b/swift/nflics_nowcasts/2019/08/15/2030/Nowcast_201908152030_000.nc'
Skipping 2019-08-15 20:45: [Errno 2] No such file or directory: '/gws/ssde/j25b/swift/nflics_nowcasts/2019/08/15/2045/Nowcast_201908152045_000.nc'
Skipping 2019-08-17 20:00: [Errno 2] No such file or directory: '/gws/ssde/j25b/swift/nflics_nowcasts/2019/08/17/2000/Nowcast_201908172000_000.nc'
Skipping 2019-08-17 20:15: [Errno 2] No such file or directory: '/gws/ssde/j25b/swift/nflics_nowcasts/2019/08/17/2015/Nowcast_201908172015_000.nc'
Skipping 2019-08-17 20:30: [Errno 2] No such file or directory: '/gws/ssde/j25b/swift/nflics_nowcasts/2019/08/17/2030/Nowcast_201908172030_000.nc'
Skipping 2019-08-17 20:45: [Errno 2] No such file or directory: '/gws/ssde/j25b/swift/nflics_nowcasts/2019/08/17/2045/Nowcast_201908172045_000.nc'
Skipping 2019-08-18 20:00: [Errno 2] No such file or directory: '/gws/ssde/j25b/swift/nflics_nowcasts/2019/08/18/2000/Nowcast_201908182000_000.nc'
Skipping 2019-08-18 20:15: [Errno 2] No such file or directory: '/gws/ssde/j25b/swift/nflics_nowcasts/2019/08/18/2015/Nowcast_201908182015_000.nc'
Skipping 2019-08-18 20:30: [Errno 2] No such file or directory: '/gws/ssde/j25b/swift/nflics_nowcasts/2019/08/18/2030/Nowcast_201908182030_000.nc'
Skipping 2019-08-18 20:45: [Errno 2] No such file or directory: '/gws/ssde/j25b/swift/nflics_nowcasts/2019/08/18/2045/Nowcast_201908182045_000.nc'
Skipping 2019-08-19 20:00: [Errno 2] No such file or directory: '/gws/ssde/j25b/swift/nflics_nowcasts/2019/08/19/2000/Nowcast_201908192000_000.nc'
Skipping 2019-08-19 20:15: [Errno 2] No such file or directory: '/gws/ssde/j25b/swift/nflics_nowcasts/2019/08/19/2015/Nowcast_201908192015_000.nc'
Skipping 2019-08-19 20:30: [Errno 2] No such file or directory: '/gws/ssde/j25b/swift/nflics_nowcasts/2019/08/19/2030/Nowcast_201908192030_000.nc'
Skipping 2019-08-19 20:45: [Errno 2] No such file or directory: '/gws/ssde/j25b/swift/nflics_nowcasts/2019/08/19/2045/Nowcast_201908192045_000.nc'
Skipping 2019-08-20 20:00: [Errno 2] No such file or directory: '/gws/ssde/j25b/swift/nflics_nowcasts/2019/08/20/2000/Nowcast_201908202000_000.nc'
Skipping 2019-08-20 20:15: [Errno 2] No such file or directory: '/gws/ssde/j25b/swift/nflics_nowcasts/2019/08/20/2015/Nowcast_201908202015_000.nc'
Skipping 2019-08-20 20:30: [Errno 2] No such file or directory: '/gws/ssde/j25b/swift/nflics_nowcasts/2019/08/20/2030/Nowcast_201908202030_000.nc'
Skipping 2019-08-20 20:45: [Errno 2] No such file or directory: '/gws/ssde/j25b/swift/nflics_nowcasts/2019/08/20/2045/Nowcast_201908202045_000.nc'
Skipping 2019-08-21 20:00: [Errno 2] No such file or directory: '/gws/ssde/j25b/swift/nflics_nowcasts/2019/08/21/2000/Nowcast_201908212000_000.nc'
Skipping 2019-08-21 20:15: [Errno 2] No such file or directory: '/gws/ssde/j25b/swift/nflics_nowcasts/2019/08/21/2015/Nowcast_201908212015_000.nc'
Skipping 2019-08-21 20:30: [Errno 2] No such file or directory: '/gws/ssde/j25b/swift/nflics_nowcasts/2019/08/21/2030/Nowcast_201908212030_000.nc'
Skipping 2019-08-21 20:45: [Errno 2] No such file or directory: '/gws/ssde/j25b/swift/nflics_nowcasts/2019/08/21/2045/Nowcast_201908212045_000.nc'
Skipping 2019-08-23 20:00: [Errno 2] No such file or directory: '/gws/ssde/j25b/swift/nflics_nowcasts/2019/08/23/2000/Nowcast_201908232000_000.nc'
Skipping 2019-08-23 20:15: [Errno 2] No such file or directory: '/gws/ssde/j25b/swift/nflics_nowcasts/2019/08/23/2015/Nowcast_201908232015_000.nc'
Skipping 2019-08-23 20:30: [Errno 2] No such file or directory: '/gws/ssde/j25b/swift/nflics_nowcasts/2019/08/23/2030/Nowcast_201908232030_000.nc'
Skipping 2019-08-23 20:45: [Errno 2] No such file or directory: '/gws/ssde/j25b/swift/nflics_nowcasts/2019/08/23/2045/Nowcast_201908232045_000.nc'
Skipping 2019-08-24 20:00: [Errno 2] No such file or directory: '/gws/ssde/j25b/swift/nflics_nowcasts/2019/08/24/2000/Nowcast_201908242000_000.nc'
Skipping 2019-08-24 20:15: [Errno 2] No such file or directory: '/gws/ssde/j25b/swift/nflics_nowcasts/2019/08/24/2015/Nowcast_201908242015_000.nc'
Skipping 2019-08-24 20:30: [Errno 2] No such file or directory: '/gws/ssde/j25b/swift/nflics_nowcasts/2019/08/24/2030/Nowcast_201908242030_000.nc'
Skipping 2019-08-24 20:45: [Errno 2] No such file or directory: '/gws/ssde/j25b/swift/nflics_nowcasts/2019/08/24/2045/Nowcast_201908242045_000.nc'
Skipping 2019-08-26 20:30: [Errno 2] No such file or directory: '/gws/ssde/j25b/swift/nflics_nowcasts/2019/08/26/2030/Nowcast_201908262030_000.nc'
Skipping 2019-08-26 20:45: [Errno 2] No such file or directory: '/gws/ssde/j25b/swift/nflics_nowcasts/2019/08/26/2045/Nowcast_201908262045_000.nc'
Skipping 2019-08-27 20:00: [Errno 2] No such file or directory: '/gws/ssde/j25b/swift/nflics_nowcasts/2019/08/27/2000/Nowcast_201908272000_000.nc'
Skipping 2019-08-27 20:15: [Errno 2] No such file or directory: '/gws/ssde/j25b/swift/nflics_nowcasts/2019/08/27/2015/Nowcast_201908272015_000.nc'
Skipping 2019-08-27 20:30: [Errno 2] No such file or directory: '/gws/ssde/j25b/swift/nflics_nowcasts/2019/08/27/2030/Nowcast_201908272030_000.nc'
Skipping 2019-08-27 20:45: [Errno 2] No such file or directory: '/gws/ssde/j25b/swift/nflics_nowcasts/2019/08/27/2045/Nowcast_201908272045_000.nc'
Skipping 2019-08-28 20:00: [Errno 2] No such file or directory: '/gws/ssde/j25b/swift/nflics_nowcasts/2019/08/28/2000/Nowcast_201908282000_000.nc'
Skipping 2019-08-28 20:15: [Errno 2] No such file or directory: '/gws/ssde/j25b/swift/nflics_nowcasts/2019/08/28/2015/Nowcast_201908282015_000.nc'
Skipping 2019-08-28 20:30: [Errno 2] No such file or directory: '/gws/ssde/j25b/swift/nflics_nowcasts/2019/08/28/2030/Nowcast_201908282030_000.nc'
Skipping 2019-08-28 20:45: [Errno 2] No such file or directory: '/gws/ssde/j25b/swift/nflics_nowcasts/2019/08/28/2045/Nowcast_201908282045_000.nc'
Skipping 2019-08-29 20:00: [Errno 2] No such file or directory: '/gws/ssde/j25b/swift/nflics_nowcasts/2019/08/29/2000/Nowcast_201908292000_000.nc'
Skipping 2019-08-29 20:15: [Errno 2] No such file or directory: '/gws/ssde/j25b/swift/nflics_nowcasts/2019/08/29/2015/Nowcast_201908292015_000.nc'
Skipping 2019-08-29 20:30: [Errno 2] No such file or directory: '/gws/ssde/j25b/swift/nflics_nowcasts/2019/08/29/2030/Nowcast_201908292030_000.nc'
Skipping 2019-08-29 20:45: [Errno 2] No such file or directory: '/gws/ssde/j25b/swift/nflics_nowcasts/2019/08/29/2045/Nowcast_201908292045_000.nc'
Skipping 2019-08-30 20:00: [Errno 2] No such file or directory: '/gws/ssde/j25b/swift/nflics_nowcasts/2019/08/30/2000/Nowcast_201908302000_000.nc'
Skipping 2019-08-30 20:15: [Errno 2] No such file or directory: '/gws/ssde/j25b/swift/nflics_nowcasts/2019/08/30/2015/Nowcast_201908302015_000.nc'
Skipping 2019-08-30 20:30: [Errno 2] No such file or directory: '/gws/ssde/j25b/swift/nflics_nowcasts/2019/08/30/2030/Nowcast_201908302030_000.nc'
Skipping 2019-08-30 20:45: [Errno 2] No such file or directory: '/gws/ssde/j25b/swift/nflics_nowcasts/2019/08/30/2045/Nowcast_201908302045_000.nc'
Skipping 2019-08-31 20:00: [Errno 2] No such file or directory: '/gws/ssde/j25b/swift/nflics_nowcasts/2019/08/31/2000/Nowcast_201908312000_000.nc'
Skipping 2019-08-31 20:15: [Errno 2] No such file or directory: '/gws/ssde/j25b/swift/nflics_nowcasts/2019/08/31/2015/Nowcast_201908312015_000.nc'
Skipping 2019-08-31 20:30: [Errno 2] No such file or directory: '/gws/ssde/j25b/swift/nflics_nowcasts/2019/08/31/2030/Nowcast_201908312030_000.nc'
Skipping 2019-08-31 20:45: [Errno 2] No such file or directory: '/gws/ssde/j25b/swift/nflics_nowcasts/2019/08/31/2045/Nowcast_201908312045_000.nc'
All ensemble nowcasts completed on CPU.
======================================================
 Job completed successfully at Sat 29 Nov 12:12:27 GMT 2025
======================================================
