======================================================
 Job started on host1053.jc.rl.ac.uk at Sat 29 Nov 12:10:37 GMT 2025
======================================================
Running ensemble nowcast inference:
 Lead time : 1
 Year      : 2019
 Month     : 06
 Hour      : 09
======================================================
Running on CPU with 8 threads
Loaded 5 ensemble models on CPU
Detected 37 inputs for 2019-06 09 UTC
Skipping 2019-06-02 09:00: [Errno 2] No such file or directory: '/gws/ssde/j25b/swift/nflics_nowcasts/2019/06/02/0900/Nowcast_201906020900_000.nc'
Skipping 2019-06-02 09:15: [Errno 2] No such file or directory: '/gws/ssde/j25b/swift/nflics_nowcasts/2019/06/02/0915/Nowcast_201906020915_000.nc'
Skipping 2019-06-02 09:30: [Errno 2] No such file or directory: '/gws/ssde/j25b/swift/nflics_nowcasts/2019/06/02/0930/Nowcast_201906020930_000.nc'
Skipping 2019-06-02 09:45: [Errno 2] No such file or directory: '/gws/ssde/j25b/swift/nflics_nowcasts/2019/06/02/0945/Nowcast_201906020945_000.nc'
Skipping 2019-06-03 09:00: [Errno 2] No such file or directory: '/gws/ssde/j25b/swift/nflics_nowcasts/2019/06/03/0900/Nowcast_201906030900_000.nc'
Skipping 2019-06-03 09:15: [Errno 2] No such file or directory: '/gws/ssde/j25b/swift/nflics_nowcasts/2019/06/03/0915/Nowcast_201906030915_000.nc'
Skipping 2019-06-03 09:30: [Errno 2] No such file or directory: '/gws/ssde/j25b/swift/nflics_nowcasts/2019/06/03/0930/Nowcast_201906030930_000.nc'
Skipping 2019-06-03 09:45: [Errno 2] No such file or directory: '/gws/ssde/j25b/swift/nflics_nowcasts/2019/06/03/0945/Nowcast_201906030945_000.nc'
Skipping 2019-06-04 09:00: [Errno 2] No such file or directory: '/gws/ssde/j25b/swift/nflics_nowcasts/2019/06/04/0900/Nowcast_201906040900_000.nc'
Skipping 2019-06-04 09:15: [Errno 2] No such file or directory: '/gws/ssde/j25b/swift/nflics_nowcasts/2019/06/04/0915/Nowcast_201906040915_000.nc'
Skipping 2019-06-04 09:30: [Errno 2] No such file or directory: '/gws/ssde/j25b/swift/nflics_nowcasts/2019/06/04/0930/Nowcast_201906040930_000.nc'
Skipping 2019-06-04 09:45: [Errno 2] No such file or directory: '/gws/ssde/j25b/swift/nflics_nowcasts/2019/06/04/0945/Nowcast_201906040945_000.nc'
Skipping 2019-06-09 09:00: [Errno 2] No such file or directory: '/gws/ssde/j25b/swift/nflics_nowcasts/2019/06/09/0900/Nowcast_201906090900_000.nc'
Skipping 2019-06-09 09:15: [Errno 2] No such file or directory: '/gws/ssde/j25b/swift/nflics_nowcasts/2019/06/09/0915/Nowcast_201906090915_000.nc'
Skipping 2019-06-09 09:30: [Errno 2] No such file or directory: '/gws/ssde/j25b/swift/nflics_nowcasts/2019/06/09/0930/Nowcast_201906090930_000.nc'
Skipping 2019-06-09 09:45: [Errno 2] No such file or directory: '/gws/ssde/j25b/swift/nflics_nowcasts/2019/06/09/0945/Nowcast_201906090945_000.nc'
Skipping 2019-06-10 09:00: [Errno 2] No such file or directory: '/gws/ssde/j25b/swift/nflics_nowcasts/2019/06/10/0900/Nowcast_201906100900_000.nc'
Skipping 2019-06-10 09:15: [Errno 2] No such file or directory: '/gws/ssde/j25b/swift/nflics_nowcasts/2019/06/10/0915/Nowcast_201906100915_000.nc'
Skipping 2019-06-10 09:30: [Errno 2] No such file or directory: '/gws/ssde/j25b/swift/nflics_nowcasts/2019/06/10/0930/Nowcast_201906100930_000.nc'
Skipping 2019-06-10 09:45: [Errno 2] No such file or directory: '/gws/ssde/j25b/swift/nflics_nowcasts/2019/06/10/0945/Nowcast_201906100945_000.nc'
Skipping 2019-06-11 09:00: [Errno 2] No such file or directory: '/gws/ssde/j25b/swift/nflics_nowcasts/2019/06/11/0900/Nowcast_201906110900_000.nc'
Skipping 2019-06-11 09:15: [Errno 2] No such file or directory: '/gws/ssde/j25b/swift/nflics_nowcasts/2019/06/11/0915/Nowcast_201906110915_000.nc'
Skipping 2019-06-11 09:30: [Errno 2] No such file or directory: '/gws/ssde/j25b/swift/nflics_nowcasts/2019/06/11/0930/Nowcast_201906110930_000.nc'
Skipping 2019-06-11 09:45: [Errno 2] No such file or directory: '/gws/ssde/j25b/swift/nflics_nowcasts/2019/06/11/0945/Nowcast_201906110945_000.nc'
Skipping 2019-06-12 09:00: [Errno 2] No such file or directory: '/gws/ssde/j25b/swift/nflics_nowcasts/2019/06/12/0900/Nowcast_201906120900_000.nc'
Skipping 2019-06-12 09:15: [Errno 2] No such file or directory: '/gws/ssde/j25b/swift/nflics_nowcasts/2019/06/12/0915/Nowcast_201906120915_000.nc'
Skipping 2019-06-12 09:30: [Errno 2] No such file or directory: '/gws/ssde/j25b/swift/nflics_nowcasts/2019/06/12/0930/Nowcast_201906120930_000.nc'
Skipping 2019-06-12 09:45: [Errno 2] No such file or directory: '/gws/ssde/j25b/swift/nflics_nowcasts/2019/06/12/0945/Nowcast_201906120945_000.nc'
Skipping 2019-06-15 09:00: [Errno 2] No such file or directory: '/gws/ssde/j25b/swift/nflics_nowcasts/2019/06/15/0900/Nowcast_201906150900_000.nc'
Skipping 2019-06-21 09:00: [Errno 2] No such file or directory: '/gws/ssde/j25b/swift/nflics_nowcasts/2019/06/21/0900/Nowcast_201906210900_000.nc'
Skipping 2019-06-21 09:15: [Errno 2] No such file or directory: '/gws/ssde/j25b/swift/nflics_nowcasts/2019/06/21/0915/Nowcast_201906210915_000.nc'
Skipping 2019-06-21 09:30: [Errno 2] No such file or directory: '/gws/ssde/j25b/swift/nflics_nowcasts/2019/06/21/0930/Nowcast_201906210930_000.nc'
Skipping 2019-06-21 09:45: [Errno 2] No such file or directory: '/gws/ssde/j25b/swift/nflics_nowcasts/2019/06/21/0945/Nowcast_201906210945_000.nc'
Skipping 2019-06-27 09:45: [Errno 2] No such file or directory: '/gws/ssde/j25b/swift/nflics_nowcasts/2019/06/27/0945/Nowcast_201906270945_000.nc'
Skipping 2019-06-29 09:00: [Errno 2] No such file or directory: '/gws/ssde/j25b/swift/nflics_nowcasts/2019/06/29/0900/Nowcast_201906290900_000.nc'
Skipping 2019-06-29 09:30: [Errno 2] No such file or directory: '/gws/ssde/j25b/swift/nflics_nowcasts/2019/06/29/0930/Nowcast_201906290930_000.nc'
Skipping 2019-06-29 09:45: [Errno 2] No such file or directory: '/gws/ssde/j25b/swift/nflics_nowcasts/2019/06/29/0945/Nowcast_201906290945_000.nc'
All ensemble nowcasts completed on CPU.
======================================================
 Job completed successfully at Sat 29 Nov 12:10:55 GMT 2025
======================================================
