======================================================
 Job started on host1085.jc.rl.ac.uk at Sat 29 Nov 12:11:56 GMT 2025
======================================================
Running ensemble nowcast inference:
 Lead time : 3
 Year      : 2019
 Month     : 08
 Hour      : 09
======================================================
Running on CPU with 8 threads
Loaded 5 ensemble models on CPU
Detected 52 inputs for 2019-08 09 UTC
Skipping 2019-08-01 09:00: [Errno 2] No such file or directory: '/gws/ssde/j25b/swift/nflics_nowcasts/2019/08/01/0900/Nowcast_201908010900_000.nc'
Skipping 2019-08-01 09:15: [Errno 2] No such file or directory: '/gws/ssde/j25b/swift/nflics_nowcasts/2019/08/01/0915/Nowcast_201908010915_000.nc'
Skipping 2019-08-01 09:30: [Errno 2] No such file or directory: '/gws/ssde/j25b/swift/nflics_nowcasts/2019/08/01/0930/Nowcast_201908010930_000.nc'
Skipping 2019-08-01 09:45: [Errno 2] No such file or directory: '/gws/ssde/j25b/swift/nflics_nowcasts/2019/08/01/0945/Nowcast_201908010945_000.nc'
Skipping 2019-08-06 09:00: [Errno 2] No such file or directory: '/gws/ssde/j25b/swift/nflics_nowcasts/2019/08/06/0900/Nowcast_201908060900_000.nc'
Skipping 2019-08-06 09:15: [Errno 2] No such file or directory: '/gws/ssde/j25b/swift/nflics_nowcasts/2019/08/06/0915/Nowcast_201908060915_000.nc'
Skipping 2019-08-06 09:30: [Errno 2] No such file or directory: '/gws/ssde/j25b/swift/nflics_nowcasts/2019/08/06/0930/Nowcast_201908060930_000.nc'
Skipping 2019-08-06 09:45: [Errno 2] No such file or directory: '/gws/ssde/j25b/swift/nflics_nowcasts/2019/08/06/0945/Nowcast_201908060945_000.nc'
Skipping 2019-08-11 09:00: [Errno 2] No such file or directory: '/gws/ssde/j25b/swift/nflics_nowcasts/2019/08/11/0900/Nowcast_201908110900_000.nc'
Skipping 2019-08-11 09:15: [Errno 2] No such file or directory: '/gws/ssde/j25b/swift/nflics_nowcasts/2019/08/11/0915/Nowcast_201908110915_000.nc'
Skipping 2019-08-11 09:30: [Errno 2] No such file or directory: '/gws/ssde/j25b/swift/nflics_nowcasts/2019/08/11/0930/Nowcast_201908110930_000.nc'
Skipping 2019-08-11 09:45: [Errno 2] No such file or directory: '/gws/ssde/j25b/swift/nflics_nowcasts/2019/08/11/0945/Nowcast_201908110945_000.nc'
Skipping 2019-08-15 09:15: [Errno 2] No such file or directory: '/gws/ssde/j25b/swift/nflics_nowcasts/2019/08/15/0915/Nowcast_201908150915_000.nc'
Skipping 2019-08-15 09:30: [Errno 2] No such file or directory: '/gws/ssde/j25b/swift/nflics_nowcasts/2019/08/15/0930/Nowcast_201908150930_000.nc'
Skipping 2019-08-15 09:45: [Errno 2] No such file or directory: '/gws/ssde/j25b/swift/nflics_nowcasts/2019/08/15/0945/Nowcast_201908150945_000.nc'
Skipping 2019-08-16 09:00: [Errno 2] No such file or directory: '/gws/ssde/j25b/swift/nflics_nowcasts/2019/08/16/0900/Nowcast_201908160900_000.nc'
Skipping 2019-08-16 09:15: [Errno 2] No such file or directory: '/gws/ssde/j25b/swift/nflics_nowcasts/2019/08/16/0915/Nowcast_201908160915_000.nc'
Skipping 2019-08-16 09:30: [Errno 2] No such file or directory: '/gws/ssde/j25b/swift/nflics_nowcasts/2019/08/16/0930/Nowcast_201908160930_000.nc'
Skipping 2019-08-16 09:45: [Errno 2] No such file or directory: '/gws/ssde/j25b/swift/nflics_nowcasts/2019/08/16/0945/Nowcast_201908160945_000.nc'
Skipping 2019-08-18 09:00: [Errno 2] No such file or directory: '/gws/ssde/j25b/swift/nflics_nowcasts/2019/08/18/0900/Nowcast_201908180900_000.nc'
Skipping 2019-08-18 09:15: [Errno 2] No such file or directory: '/gws/ssde/j25b/swift/nflics_nowcasts/2019/08/18/0915/Nowcast_201908180915_000.nc'
Skipping 2019-08-18 09:30: [Errno 2] No such file or directory: '/gws/ssde/j25b/swift/nflics_nowcasts/2019/08/18/0930/Nowcast_201908180930_000.nc'
Skipping 2019-08-18 09:45: [Errno 2] No such file or directory: '/gws/ssde/j25b/swift/nflics_nowcasts/2019/08/18/0945/Nowcast_201908180945_000.nc'
Skipping 2019-08-20 09:00: [Errno 2] No such file or directory: '/gws/ssde/j25b/swift/nflics_nowcasts/2019/08/20/0900/Nowcast_201908200900_000.nc'
Skipping 2019-08-20 09:15: [Errno 2] No such file or directory: '/gws/ssde/j25b/swift/nflics_nowcasts/2019/08/20/0915/Nowcast_201908200915_000.nc'
Skipping 2019-08-20 09:30: [Errno 2] No such file or directory: '/gws/ssde/j25b/swift/nflics_nowcasts/2019/08/20/0930/Nowcast_201908200930_000.nc'
Skipping 2019-08-20 09:45: [Errno 2] No such file or directory: '/gws/ssde/j25b/swift/nflics_nowcasts/2019/08/20/0945/Nowcast_201908200945_000.nc'
Skipping 2019-08-21 09:00: [Errno 2] No such file or directory: '/gws/ssde/j25b/swift/nflics_nowcasts/2019/08/21/0900/Nowcast_201908210900_000.nc'
Skipping 2019-08-21 09:15: [Errno 2] No such file or directory: '/gws/ssde/j25b/swift/nflics_nowcasts/2019/08/21/0915/Nowcast_201908210915_000.nc'
Skipping 2019-08-21 09:30: [Errno 2] No such file or directory: '/gws/ssde/j25b/swift/nflics_nowcasts/2019/08/21/0930/Nowcast_201908210930_000.nc'
Skipping 2019-08-21 09:45: [Errno 2] No such file or directory: '/gws/ssde/j25b/swift/nflics_nowcasts/2019/08/21/0945/Nowcast_201908210945_000.nc'
Skipping 2019-08-22 09:00: [Errno 2] No such file or directory: '/gws/ssde/j25b/swift/nflics_nowcasts/2019/08/22/0900/Nowcast_201908220900_000.nc'
Skipping 2019-08-22 09:15: [Errno 2] No such file or directory: '/gws/ssde/j25b/swift/nflics_nowcasts/2019/08/22/0915/Nowcast_201908220915_000.nc'
Skipping 2019-08-22 09:30: [Errno 2] No such file or directory: '/gws/ssde/j25b/swift/nflics_nowcasts/2019/08/22/0930/Nowcast_201908220930_000.nc'
Skipping 2019-08-22 09:45: [Errno 2] No such file or directory: '/gws/ssde/j25b/swift/nflics_nowcasts/2019/08/22/0945/Nowcast_201908220945_000.nc'
Skipping 2019-08-24 09:00: [Errno 2] No such file or directory: '/gws/ssde/j25b/swift/nflics_nowcasts/2019/08/24/0900/Nowcast_201908240900_000.nc'
Skipping 2019-08-24 09:15: [Errno 2] No such file or directory: '/gws/ssde/j25b/swift/nflics_nowcasts/2019/08/24/0915/Nowcast_201908240915_000.nc'
Skipping 2019-08-24 09:30: [Errno 2] No such file or directory: '/gws/ssde/j25b/swift/nflics_nowcasts/2019/08/24/0930/Nowcast_201908240930_000.nc'
Skipping 2019-08-24 09:45: [Errno 2] No such file or directory: '/gws/ssde/j25b/swift/nflics_nowcasts/2019/08/24/0945/Nowcast_201908240945_000.nc'
Skipping 2019-08-25 09:00: [Errno 2] No such file or directory: '/gws/ssde/j25b/swift/nflics_nowcasts/2019/08/25/0900/Nowcast_201908250900_000.nc'
Skipping 2019-08-25 09:15: [Errno 2] No such file or directory: '/gws/ssde/j25b/swift/nflics_nowcasts/2019/08/25/0915/Nowcast_201908250915_000.nc'
Skipping 2019-08-25 09:30: [Errno 2] No such file or directory: '/gws/ssde/j25b/swift/nflics_nowcasts/2019/08/25/0930/Nowcast_201908250930_000.nc'
Skipping 2019-08-25 09:45: [Errno 2] No such file or directory: '/gws/ssde/j25b/swift/nflics_nowcasts/2019/08/25/0945/Nowcast_201908250945_000.nc'
Skipping 2019-08-27 09:30: [Errno 2] No such file or directory: '/gws/ssde/j25b/swift/nflics_nowcasts/2019/08/27/0930/Nowcast_201908270930_000.nc'
Skipping 2019-08-27 09:45: [Errno 2] No such file or directory: '/gws/ssde/j25b/swift/nflics_nowcasts/2019/08/27/0945/Nowcast_201908270945_000.nc'
Skipping 2019-08-28 09:00: [Errno 2] No such file or directory: '/gws/ssde/j25b/swift/nflics_nowcasts/2019/08/28/0900/Nowcast_201908280900_000.nc'
Skipping 2019-08-28 09:15: [Errno 2] No such file or directory: '/gws/ssde/j25b/swift/nflics_nowcasts/2019/08/28/0915/Nowcast_201908280915_000.nc'
Skipping 2019-08-28 09:45: [Errno 2] No such file or directory: '/gws/ssde/j25b/swift/nflics_nowcasts/2019/08/28/0945/Nowcast_201908280945_000.nc'
Skipping 2019-08-29 09:00: [Errno 2] No such file or directory: '/gws/ssde/j25b/swift/nflics_nowcasts/2019/08/29/0900/Nowcast_201908290900_000.nc'
Skipping 2019-08-29 09:15: [Errno 2] No such file or directory: '/gws/ssde/j25b/swift/nflics_nowcasts/2019/08/29/0915/Nowcast_201908290915_000.nc'
Skipping 2019-08-29 09:30: [Errno 2] No such file or directory: '/gws/ssde/j25b/swift/nflics_nowcasts/2019/08/29/0930/Nowcast_201908290930_000.nc'
Skipping 2019-08-29 09:45: [Errno 2] No such file or directory: '/gws/ssde/j25b/swift/nflics_nowcasts/2019/08/29/0945/Nowcast_201908290945_000.nc'
All ensemble nowcasts completed on CPU.
======================================================
 Job completed successfully at Sat 29 Nov 12:12:03 GMT 2025
======================================================
