======================================================
 Job started on host1085.jc.rl.ac.uk at Sat 29 Nov 12:10:55 GMT 2025
======================================================
Running ensemble nowcast inference:
 Lead time : 6
 Year      : 2019
 Month     : 06
 Hour      : 11
======================================================
Running on CPU with 8 threads
Loaded 5 ensemble models on CPU
Detected 48 inputs for 2019-06 11 UTC
Skipping 2019-06-02 11:00: [Errno 2] No such file or directory: '/gws/ssde/j25b/swift/nflics_nowcasts/2019/06/02/1100/Nowcast_201906021100_000.nc'
Skipping 2019-06-02 11:15: [Errno 2] No such file or directory: '/gws/ssde/j25b/swift/nflics_nowcasts/2019/06/02/1115/Nowcast_201906021115_000.nc'
Skipping 2019-06-02 11:30: [Errno 2] No such file or directory: '/gws/ssde/j25b/swift/nflics_nowcasts/2019/06/02/1130/Nowcast_201906021130_000.nc'
Skipping 2019-06-02 11:45: [Errno 2] No such file or directory: '/gws/ssde/j25b/swift/nflics_nowcasts/2019/06/02/1145/Nowcast_201906021145_000.nc'
Skipping 2019-06-03 11:00: [Errno 2] No such file or directory: '/gws/ssde/j25b/swift/nflics_nowcasts/2019/06/03/1100/Nowcast_201906031100_000.nc'
Skipping 2019-06-03 11:15: [Errno 2] No such file or directory: '/gws/ssde/j25b/swift/nflics_nowcasts/2019/06/03/1115/Nowcast_201906031115_000.nc'
Skipping 2019-06-03 11:30: [Errno 2] No such file or directory: '/gws/ssde/j25b/swift/nflics_nowcasts/2019/06/03/1130/Nowcast_201906031130_000.nc'
Skipping 2019-06-03 11:45: [Errno 2] No such file or directory: '/gws/ssde/j25b/swift/nflics_nowcasts/2019/06/03/1145/Nowcast_201906031145_000.nc'
Skipping 2019-06-04 11:00: [Errno 2] No such file or directory: '/gws/ssde/j25b/swift/nflics_nowcasts/2019/06/04/1100/Nowcast_201906041100_000.nc'
Skipping 2019-06-04 11:15: [Errno 2] No such file or directory: '/gws/ssde/j25b/swift/nflics_nowcasts/2019/06/04/1115/Nowcast_201906041115_000.nc'
Skipping 2019-06-04 11:30: [Errno 2] No such file or directory: '/gws/ssde/j25b/swift/nflics_nowcasts/2019/06/04/1130/Nowcast_201906041130_000.nc'
Skipping 2019-06-04 11:45: [Errno 2] No such file or directory: '/gws/ssde/j25b/swift/nflics_nowcasts/2019/06/04/1145/Nowcast_201906041145_000.nc'
Skipping 2019-06-09 11:00: [Errno 2] No such file or directory: '/gws/ssde/j25b/swift/nflics_nowcasts/2019/06/09/1100/Nowcast_201906091100_000.nc'
Skipping 2019-06-09 11:15: [Errno 2] No such file or directory: '/gws/ssde/j25b/swift/nflics_nowcasts/2019/06/09/1115/Nowcast_201906091115_000.nc'
Skipping 2019-06-09 11:30: [Errno 2] No such file or directory: '/gws/ssde/j25b/swift/nflics_nowcasts/2019/06/09/1130/Nowcast_201906091130_000.nc'
Skipping 2019-06-09 11:45: [Errno 2] No such file or directory: '/gws/ssde/j25b/swift/nflics_nowcasts/2019/06/09/1145/Nowcast_201906091145_000.nc'
Skipping 2019-06-10 11:00: [Errno 2] No such file or directory: '/gws/ssde/j25b/swift/nflics_nowcasts/2019/06/10/1100/Nowcast_201906101100_000.nc'
Skipping 2019-06-10 11:15: [Errno 2] No such file or directory: '/gws/ssde/j25b/swift/nflics_nowcasts/2019/06/10/1115/Nowcast_201906101115_000.nc'
Skipping 2019-06-10 11:30: [Errno 2] No such file or directory: '/gws/ssde/j25b/swift/nflics_nowcasts/2019/06/10/1130/Nowcast_201906101130_000.nc'
Skipping 2019-06-10 11:45: [Errno 2] No such file or directory: '/gws/ssde/j25b/swift/nflics_nowcasts/2019/06/10/1145/Nowcast_201906101145_000.nc'
Skipping 2019-06-11 11:00: [Errno 2] No such file or directory: '/gws/ssde/j25b/swift/nflics_nowcasts/2019/06/11/1100/Nowcast_201906111100_000.nc'
Skipping 2019-06-11 11:15: [Errno 2] No such file or directory: '/gws/ssde/j25b/swift/nflics_nowcasts/2019/06/11/1115/Nowcast_201906111115_000.nc'
Skipping 2019-06-11 11:30: [Errno 2] No such file or directory: '/gws/ssde/j25b/swift/nflics_nowcasts/2019/06/11/1130/Nowcast_201906111130_000.nc'
Skipping 2019-06-11 11:45: [Errno 2] No such file or directory: '/gws/ssde/j25b/swift/nflics_nowcasts/2019/06/11/1145/Nowcast_201906111145_000.nc'
Skipping 2019-06-12 11:00: [Errno 2] No such file or directory: '/gws/ssde/j25b/swift/nflics_nowcasts/2019/06/12/1100/Nowcast_201906121100_000.nc'
Skipping 2019-06-12 11:15: [Errno 2] No such file or directory: '/gws/ssde/j25b/swift/nflics_nowcasts/2019/06/12/1115/Nowcast_201906121115_000.nc'
Skipping 2019-06-12 11:45: [Errno 2] No such file or directory: '/gws/ssde/j25b/swift/nflics_nowcasts/2019/06/12/1145/Nowcast_201906121145_000.nc'
Skipping 2019-06-15 11:00: [Errno 2] No such file or directory: '/gws/ssde/j25b/swift/nflics_nowcasts/2019/06/15/1100/Nowcast_201906151100_000.nc'
Skipping 2019-06-15 11:15: [Errno 2] No such file or directory: '/gws/ssde/j25b/swift/nflics_nowcasts/2019/06/15/1115/Nowcast_201906151115_000.nc'
Skipping 2019-06-15 11:30: [Errno 2] No such file or directory: '/gws/ssde/j25b/swift/nflics_nowcasts/2019/06/15/1130/Nowcast_201906151130_000.nc'
Skipping 2019-06-17 11:15: [Errno 2] No such file or directory: '/gws/ssde/j25b/swift/nflics_nowcasts/2019/06/17/1115/Nowcast_201906171115_000.nc'
Skipping 2019-06-17 11:30: [Errno 2] No such file or directory: '/gws/ssde/j25b/swift/nflics_nowcasts/2019/06/17/1130/Nowcast_201906171130_000.nc'
Skipping 2019-06-21 11:00: [Errno 2] No such file or directory: '/gws/ssde/j25b/swift/nflics_nowcasts/2019/06/21/1100/Nowcast_201906211100_000.nc'
Skipping 2019-06-21 11:15: [Errno 2] No such file or directory: '/gws/ssde/j25b/swift/nflics_nowcasts/2019/06/21/1115/Nowcast_201906211115_000.nc'
Skipping 2019-06-21 11:30: [Errno 2] No such file or directory: '/gws/ssde/j25b/swift/nflics_nowcasts/2019/06/21/1130/Nowcast_201906211130_000.nc'
Skipping 2019-06-21 11:45: [Errno 2] No such file or directory: '/gws/ssde/j25b/swift/nflics_nowcasts/2019/06/21/1145/Nowcast_201906211145_000.nc'
Skipping 2019-06-22 11:00: [Errno 2] No such file or directory: '/gws/ssde/j25b/swift/nflics_nowcasts/2019/06/22/1100/Nowcast_201906221100_000.nc'
Skipping 2019-06-22 11:15: [Errno 2] No such file or directory: '/gws/ssde/j25b/swift/nflics_nowcasts/2019/06/22/1115/Nowcast_201906221115_000.nc'
Skipping 2019-06-22 11:30: [Errno 2] No such file or directory: '/gws/ssde/j25b/swift/nflics_nowcasts/2019/06/22/1130/Nowcast_201906221130_000.nc'
Skipping 2019-06-22 11:45: [Errno 2] No such file or directory: '/gws/ssde/j25b/swift/nflics_nowcasts/2019/06/22/1145/Nowcast_201906221145_000.nc'
Skipping 2019-06-27 11:00: [Errno 2] No such file or directory: '/gws/ssde/j25b/swift/nflics_nowcasts/2019/06/27/1100/Nowcast_201906271100_000.nc'
Skipping 2019-06-27 11:15: [Errno 2] No such file or directory: '/gws/ssde/j25b/swift/nflics_nowcasts/2019/06/27/1115/Nowcast_201906271115_000.nc'
Skipping 2019-06-27 11:30: [Errno 2] No such file or directory: '/gws/ssde/j25b/swift/nflics_nowcasts/2019/06/27/1130/Nowcast_201906271130_000.nc'
Skipping 2019-06-27 11:45: [Errno 2] No such file or directory: '/gws/ssde/j25b/swift/nflics_nowcasts/2019/06/27/1145/Nowcast_201906271145_000.nc'
Skipping 2019-06-29 11:00: [Errno 2] No such file or directory: '/gws/ssde/j25b/swift/nflics_nowcasts/2019/06/29/1100/Nowcast_201906291100_000.nc'
Skipping 2019-06-29 11:15: [Errno 2] No such file or directory: '/gws/ssde/j25b/swift/nflics_nowcasts/2019/06/29/1115/Nowcast_201906291115_000.nc'
Skipping 2019-06-29 11:30: [Errno 2] No such file or directory: '/gws/ssde/j25b/swift/nflics_nowcasts/2019/06/29/1130/Nowcast_201906291130_000.nc'
Skipping 2019-06-29 11:45: [Errno 2] No such file or directory: '/gws/ssde/j25b/swift/nflics_nowcasts/2019/06/29/1145/Nowcast_201906291145_000.nc'
All ensemble nowcasts completed on CPU.
======================================================
 Job completed successfully at Sat 29 Nov 12:11:02 GMT 2025
======================================================
