======================================================
 Job started on host1081.jc.rl.ac.uk at Sat 29 Nov 12:11:56 GMT 2025
======================================================
Running ensemble nowcast inference:
 Lead time : 3
 Year      : 2019
 Month     : 08
 Hour      : 02
======================================================
Running on CPU with 8 threads
Loaded 5 ensemble models on CPU
Detected 63 inputs for 2019-08 02 UTC
Skipping 2019-08-01 02:00: [Errno 2] No such file or directory: '/gws/ssde/j25b/swift/nflics_nowcasts/2019/08/01/0200/Nowcast_201908010200_000.nc'
Skipping 2019-08-01 02:15: [Errno 2] No such file or directory: '/gws/ssde/j25b/swift/nflics_nowcasts/2019/08/01/0215/Nowcast_201908010215_000.nc'
Skipping 2019-08-01 02:30: [Errno 2] No such file or directory: '/gws/ssde/j25b/swift/nflics_nowcasts/2019/08/01/0230/Nowcast_201908010230_000.nc'
Skipping 2019-08-01 02:45: [Errno 2] No such file or directory: '/gws/ssde/j25b/swift/nflics_nowcasts/2019/08/01/0245/Nowcast_201908010245_000.nc'
Skipping 2019-08-02 02:00: [Errno 2] No such file or directory: '/gws/ssde/j25b/swift/nflics_nowcasts/2019/08/02/0200/Nowcast_201908020200_000.nc'
Skipping 2019-08-02 02:15: [Errno 2] No such file or directory: '/gws/ssde/j25b/swift/nflics_nowcasts/2019/08/02/0215/Nowcast_201908020215_000.nc'
Skipping 2019-08-02 02:30: [Errno 2] No such file or directory: '/gws/ssde/j25b/swift/nflics_nowcasts/2019/08/02/0230/Nowcast_201908020230_000.nc'
Skipping 2019-08-03 02:00: [Errno 2] No such file or directory: '/gws/ssde/j25b/swift/nflics_nowcasts/2019/08/03/0200/Nowcast_201908030200_000.nc'
Skipping 2019-08-06 02:00: [Errno 2] No such file or directory: '/gws/ssde/j25b/swift/nflics_nowcasts/2019/08/06/0200/Nowcast_201908060200_000.nc'
Skipping 2019-08-06 02:15: [Errno 2] No such file or directory: '/gws/ssde/j25b/swift/nflics_nowcasts/2019/08/06/0215/Nowcast_201908060215_000.nc'
Skipping 2019-08-06 02:30: [Errno 2] No such file or directory: '/gws/ssde/j25b/swift/nflics_nowcasts/2019/08/06/0230/Nowcast_201908060230_000.nc'
Skipping 2019-08-06 02:45: [Errno 2] No such file or directory: '/gws/ssde/j25b/swift/nflics_nowcasts/2019/08/06/0245/Nowcast_201908060245_000.nc'
Skipping 2019-08-07 02:00: [Errno 2] No such file or directory: '/gws/ssde/j25b/swift/nflics_nowcasts/2019/08/07/0200/Nowcast_201908070200_000.nc'
Skipping 2019-08-11 02:00: [Errno 2] No such file or directory: '/gws/ssde/j25b/swift/nflics_nowcasts/2019/08/11/0200/Nowcast_201908110200_000.nc'
Skipping 2019-08-11 02:15: [Errno 2] No such file or directory: '/gws/ssde/j25b/swift/nflics_nowcasts/2019/08/11/0215/Nowcast_201908110215_000.nc'
Skipping 2019-08-11 02:30: [Errno 2] No such file or directory: '/gws/ssde/j25b/swift/nflics_nowcasts/2019/08/11/0230/Nowcast_201908110230_000.nc'
Skipping 2019-08-11 02:45: [Errno 2] No such file or directory: '/gws/ssde/j25b/swift/nflics_nowcasts/2019/08/11/0245/Nowcast_201908110245_000.nc'
Skipping 2019-08-15 02:00: [Errno 2] No such file or directory: '/gws/ssde/j25b/swift/nflics_nowcasts/2019/08/15/0200/Nowcast_201908150200_000.nc'
Skipping 2019-08-15 02:30: [Errno 2] No such file or directory: '/gws/ssde/j25b/swift/nflics_nowcasts/2019/08/15/0230/Nowcast_201908150230_000.nc'
Skipping 2019-08-15 02:45: [Errno 2] No such file or directory: '/gws/ssde/j25b/swift/nflics_nowcasts/2019/08/15/0245/Nowcast_201908150245_000.nc'
Skipping 2019-08-16 02:00: [Errno 2] No such file or directory: '/gws/ssde/j25b/swift/nflics_nowcasts/2019/08/16/0200/Nowcast_201908160200_000.nc'
Skipping 2019-08-16 02:15: [Errno 2] No such file or directory: '/gws/ssde/j25b/swift/nflics_nowcasts/2019/08/16/0215/Nowcast_201908160215_000.nc'
Skipping 2019-08-16 02:30: [Errno 2] No such file or directory: '/gws/ssde/j25b/swift/nflics_nowcasts/2019/08/16/0230/Nowcast_201908160230_000.nc'
Skipping 2019-08-16 02:45: [Errno 2] No such file or directory: '/gws/ssde/j25b/swift/nflics_nowcasts/2019/08/16/0245/Nowcast_201908160245_000.nc'
Skipping 2019-08-18 02:00: [Errno 2] No such file or directory: '/gws/ssde/j25b/swift/nflics_nowcasts/2019/08/18/0200/Nowcast_201908180200_000.nc'
Skipping 2019-08-18 02:15: [Errno 2] No such file or directory: '/gws/ssde/j25b/swift/nflics_nowcasts/2019/08/18/0215/Nowcast_201908180215_000.nc'
Skipping 2019-08-18 02:30: [Errno 2] No such file or directory: '/gws/ssde/j25b/swift/nflics_nowcasts/2019/08/18/0230/Nowcast_201908180230_000.nc'
Skipping 2019-08-18 02:45: [Errno 2] No such file or directory: '/gws/ssde/j25b/swift/nflics_nowcasts/2019/08/18/0245/Nowcast_201908180245_000.nc'
Skipping 2019-08-20 02:00: [Errno 2] No such file or directory: '/gws/ssde/j25b/swift/nflics_nowcasts/2019/08/20/0200/Nowcast_201908200200_000.nc'
Skipping 2019-08-20 02:15: [Errno 2] No such file or directory: '/gws/ssde/j25b/swift/nflics_nowcasts/2019/08/20/0215/Nowcast_201908200215_000.nc'
Skipping 2019-08-20 02:30: [Errno 2] No such file or directory: '/gws/ssde/j25b/swift/nflics_nowcasts/2019/08/20/0230/Nowcast_201908200230_000.nc'
Skipping 2019-08-20 02:45: [Errno 2] No such file or directory: '/gws/ssde/j25b/swift/nflics_nowcasts/2019/08/20/0245/Nowcast_201908200245_000.nc'
Skipping 2019-08-21 02:00: [Errno 2] No such file or directory: '/gws/ssde/j25b/swift/nflics_nowcasts/2019/08/21/0200/Nowcast_201908210200_000.nc'
Skipping 2019-08-21 02:15: [Errno 2] No such file or directory: '/gws/ssde/j25b/swift/nflics_nowcasts/2019/08/21/0215/Nowcast_201908210215_000.nc'
Skipping 2019-08-21 02:30: [Errno 2] No such file or directory: '/gws/ssde/j25b/swift/nflics_nowcasts/2019/08/21/0230/Nowcast_201908210230_000.nc'
Skipping 2019-08-21 02:45: [Errno 2] No such file or directory: '/gws/ssde/j25b/swift/nflics_nowcasts/2019/08/21/0245/Nowcast_201908210245_000.nc'
Skipping 2019-08-22 02:00: [Errno 2] No such file or directory: '/gws/ssde/j25b/swift/nflics_nowcasts/2019/08/22/0200/Nowcast_201908220200_000.nc'
Skipping 2019-08-22 02:15: [Errno 2] No such file or directory: '/gws/ssde/j25b/swift/nflics_nowcasts/2019/08/22/0215/Nowcast_201908220215_000.nc'
Skipping 2019-08-22 02:30: [Errno 2] No such file or directory: '/gws/ssde/j25b/swift/nflics_nowcasts/2019/08/22/0230/Nowcast_201908220230_000.nc'
Skipping 2019-08-22 02:45: [Errno 2] No such file or directory: '/gws/ssde/j25b/swift/nflics_nowcasts/2019/08/22/0245/Nowcast_201908220245_000.nc'
Skipping 2019-08-24 02:00: [Errno 2] No such file or directory: '/gws/ssde/j25b/swift/nflics_nowcasts/2019/08/24/0200/Nowcast_201908240200_000.nc'
Skipping 2019-08-24 02:15: [Errno 2] No such file or directory: '/gws/ssde/j25b/swift/nflics_nowcasts/2019/08/24/0215/Nowcast_201908240215_000.nc'
Skipping 2019-08-24 02:30: [Errno 2] No such file or directory: '/gws/ssde/j25b/swift/nflics_nowcasts/2019/08/24/0230/Nowcast_201908240230_000.nc'
Skipping 2019-08-24 02:45: [Errno 2] No such file or directory: '/gws/ssde/j25b/swift/nflics_nowcasts/2019/08/24/0245/Nowcast_201908240245_000.nc'
Skipping 2019-08-25 02:00: [Errno 2] No such file or directory: '/gws/ssde/j25b/swift/nflics_nowcasts/2019/08/25/0200/Nowcast_201908250200_000.nc'
Skipping 2019-08-25 02:15: [Errno 2] No such file or directory: '/gws/ssde/j25b/swift/nflics_nowcasts/2019/08/25/0215/Nowcast_201908250215_000.nc'
Skipping 2019-08-25 02:30: [Errno 2] No such file or directory: '/gws/ssde/j25b/swift/nflics_nowcasts/2019/08/25/0230/Nowcast_201908250230_000.nc'
Skipping 2019-08-25 02:45: [Errno 2] No such file or directory: '/gws/ssde/j25b/swift/nflics_nowcasts/2019/08/25/0245/Nowcast_201908250245_000.nc'
Skipping 2019-08-28 02:00: [Errno 2] No such file or directory: '/gws/ssde/j25b/swift/nflics_nowcasts/2019/08/28/0200/Nowcast_201908280200_000.nc'
Skipping 2019-08-28 02:15: [Errno 2] No such file or directory: '/gws/ssde/j25b/swift/nflics_nowcasts/2019/08/28/0215/Nowcast_201908280215_000.nc'
Skipping 2019-08-28 02:30: [Errno 2] No such file or directory: '/gws/ssde/j25b/swift/nflics_nowcasts/2019/08/28/0230/Nowcast_201908280230_000.nc'
Skipping 2019-08-28 02:45: [Errno 2] No such file or directory: '/gws/ssde/j25b/swift/nflics_nowcasts/2019/08/28/0245/Nowcast_201908280245_000.nc'
Skipping 2019-08-29 02:00: [Errno 2] No such file or directory: '/gws/ssde/j25b/swift/nflics_nowcasts/2019/08/29/0200/Nowcast_201908290200_000.nc'
Skipping 2019-08-29 02:15: [Errno 2] No such file or directory: '/gws/ssde/j25b/swift/nflics_nowcasts/2019/08/29/0215/Nowcast_201908290215_000.nc'
Skipping 2019-08-29 02:30: [Errno 2] No such file or directory: '/gws/ssde/j25b/swift/nflics_nowcasts/2019/08/29/0230/Nowcast_201908290230_000.nc'
Skipping 2019-08-29 02:45: [Errno 2] No such file or directory: '/gws/ssde/j25b/swift/nflics_nowcasts/2019/08/29/0245/Nowcast_201908290245_000.nc'
Skipping 2019-08-30 02:00: [Errno 2] No such file or directory: '/gws/ssde/j25b/swift/nflics_nowcasts/2019/08/30/0200/Nowcast_201908300200_000.nc'
Skipping 2019-08-30 02:15: [Errno 2] No such file or directory: '/gws/ssde/j25b/swift/nflics_nowcasts/2019/08/30/0215/Nowcast_201908300215_000.nc'
Skipping 2019-08-30 02:30: [Errno 2] No such file or directory: '/gws/ssde/j25b/swift/nflics_nowcasts/2019/08/30/0230/Nowcast_201908300230_000.nc'
Skipping 2019-08-31 02:00: [Errno 2] No such file or directory: '/gws/ssde/j25b/swift/nflics_nowcasts/2019/08/31/0200/Nowcast_201908310200_000.nc'
Skipping 2019-08-31 02:15: [Errno 2] No such file or directory: '/gws/ssde/j25b/swift/nflics_nowcasts/2019/08/31/0215/Nowcast_201908310215_000.nc'
Skipping 2019-08-31 02:30: [Errno 2] No such file or directory: '/gws/ssde/j25b/swift/nflics_nowcasts/2019/08/31/0230/Nowcast_201908310230_000.nc'
Skipping 2019-08-31 02:45: [Errno 2] No such file or directory: '/gws/ssde/j25b/swift/nflics_nowcasts/2019/08/31/0245/Nowcast_201908310245_000.nc'
All ensemble nowcasts completed on CPU.
======================================================
 Job completed successfully at Sat 29 Nov 12:12:03 GMT 2025
======================================================
