======================================================
 Job started on host1081.jc.rl.ac.uk at Sat 29 Nov 12:11:16 GMT 2025
======================================================
Running ensemble nowcast inference:
 Lead time : 6
 Year      : 2019
 Month     : 06
 Hour      : 21
======================================================
Running on CPU with 8 threads
Loaded 5 ensemble models on CPU
Detected 84 inputs for 2019-06 21 UTC
Skipping 2019-06-01 21:00: [Errno 2] No such file or directory: '/gws/ssde/j25b/swift/nflics_nowcasts/2019/06/01/2100/Nowcast_201906012100_000.nc'
Skipping 2019-06-01 21:15: [Errno 2] No such file or directory: '/gws/ssde/j25b/swift/nflics_nowcasts/2019/06/01/2115/Nowcast_201906012115_000.nc'
Skipping 2019-06-01 21:30: [Errno 2] No such file or directory: '/gws/ssde/j25b/swift/nflics_nowcasts/2019/06/01/2130/Nowcast_201906012130_000.nc'
Skipping 2019-06-01 21:45: [Errno 2] No such file or directory: '/gws/ssde/j25b/swift/nflics_nowcasts/2019/06/01/2145/Nowcast_201906012145_000.nc'
Skipping 2019-06-02 21:00: [Errno 2] No such file or directory: '/gws/ssde/j25b/swift/nflics_nowcasts/2019/06/02/2100/Nowcast_201906022100_000.nc'
Skipping 2019-06-02 21:15: [Errno 2] No such file or directory: '/gws/ssde/j25b/swift/nflics_nowcasts/2019/06/02/2115/Nowcast_201906022115_000.nc'
Skipping 2019-06-02 21:30: [Errno 2] No such file or directory: '/gws/ssde/j25b/swift/nflics_nowcasts/2019/06/02/2130/Nowcast_201906022130_000.nc'
Skipping 2019-06-02 21:45: [Errno 2] No such file or directory: '/gws/ssde/j25b/swift/nflics_nowcasts/2019/06/02/2145/Nowcast_201906022145_000.nc'
Skipping 2019-06-03 21:00: [Errno 2] No such file or directory: '/gws/ssde/j25b/swift/nflics_nowcasts/2019/06/03/2100/Nowcast_201906032100_000.nc'
Skipping 2019-06-03 21:15: [Errno 2] No such file or directory: '/gws/ssde/j25b/swift/nflics_nowcasts/2019/06/03/2115/Nowcast_201906032115_000.nc'
Skipping 2019-06-03 21:30: [Errno 2] No such file or directory: '/gws/ssde/j25b/swift/nflics_nowcasts/2019/06/03/2130/Nowcast_201906032130_000.nc'
Skipping 2019-06-03 21:45: [Errno 2] No such file or directory: '/gws/ssde/j25b/swift/nflics_nowcasts/2019/06/03/2145/Nowcast_201906032145_000.nc'
Skipping 2019-06-07 21:00: [Errno 2] No such file or directory: '/gws/ssde/j25b/swift/nflics_nowcasts/2019/06/07/2100/Nowcast_201906072100_000.nc'
Skipping 2019-06-07 21:15: [Errno 2] No such file or directory: '/gws/ssde/j25b/swift/nflics_nowcasts/2019/06/07/2115/Nowcast_201906072115_000.nc'
Skipping 2019-06-07 21:30: [Errno 2] No such file or directory: '/gws/ssde/j25b/swift/nflics_nowcasts/2019/06/07/2130/Nowcast_201906072130_000.nc'
Skipping 2019-06-07 21:45: [Errno 2] No such file or directory: '/gws/ssde/j25b/swift/nflics_nowcasts/2019/06/07/2145/Nowcast_201906072145_000.nc'
Skipping 2019-06-09 21:00: [Errno 2] No such file or directory: '/gws/ssde/j25b/swift/nflics_nowcasts/2019/06/09/2100/Nowcast_201906092100_000.nc'
Skipping 2019-06-09 21:15: [Errno 2] No such file or directory: '/gws/ssde/j25b/swift/nflics_nowcasts/2019/06/09/2115/Nowcast_201906092115_000.nc'
Skipping 2019-06-09 21:30: [Errno 2] No such file or directory: '/gws/ssde/j25b/swift/nflics_nowcasts/2019/06/09/2130/Nowcast_201906092130_000.nc'
Skipping 2019-06-09 21:45: [Errno 2] No such file or directory: '/gws/ssde/j25b/swift/nflics_nowcasts/2019/06/09/2145/Nowcast_201906092145_000.nc'
Skipping 2019-06-10 21:00: [Errno 2] No such file or directory: '/gws/ssde/j25b/swift/nflics_nowcasts/2019/06/10/2100/Nowcast_201906102100_000.nc'
Skipping 2019-06-10 21:15: [Errno 2] No such file or directory: '/gws/ssde/j25b/swift/nflics_nowcasts/2019/06/10/2115/Nowcast_201906102115_000.nc'
Skipping 2019-06-10 21:30: [Errno 2] No such file or directory: '/gws/ssde/j25b/swift/nflics_nowcasts/2019/06/10/2130/Nowcast_201906102130_000.nc'
Skipping 2019-06-10 21:45: [Errno 2] No such file or directory: '/gws/ssde/j25b/swift/nflics_nowcasts/2019/06/10/2145/Nowcast_201906102145_000.nc'
Skipping 2019-06-11 21:00: [Errno 2] No such file or directory: '/gws/ssde/j25b/swift/nflics_nowcasts/2019/06/11/2100/Nowcast_201906112100_000.nc'
Skipping 2019-06-11 21:15: [Errno 2] No such file or directory: '/gws/ssde/j25b/swift/nflics_nowcasts/2019/06/11/2115/Nowcast_201906112115_000.nc'
Skipping 2019-06-11 21:30: [Errno 2] No such file or directory: '/gws/ssde/j25b/swift/nflics_nowcasts/2019/06/11/2130/Nowcast_201906112130_000.nc'
Skipping 2019-06-11 21:45: [Errno 2] No such file or directory: '/gws/ssde/j25b/swift/nflics_nowcasts/2019/06/11/2145/Nowcast_201906112145_000.nc'
Skipping 2019-06-13 21:00: [Errno 2] No such file or directory: '/gws/ssde/j25b/swift/nflics_nowcasts/2019/06/13/2100/Nowcast_201906132100_000.nc'
Skipping 2019-06-13 21:15: [Errno 2] No such file or directory: '/gws/ssde/j25b/swift/nflics_nowcasts/2019/06/13/2115/Nowcast_201906132115_000.nc'
Skipping 2019-06-13 21:30: [Errno 2] No such file or directory: '/gws/ssde/j25b/swift/nflics_nowcasts/2019/06/13/2130/Nowcast_201906132130_000.nc'
Skipping 2019-06-13 21:45: [Errno 2] No such file or directory: '/gws/ssde/j25b/swift/nflics_nowcasts/2019/06/13/2145/Nowcast_201906132145_000.nc'
Skipping 2019-06-14 21:00: [Errno 2] No such file or directory: '/gws/ssde/j25b/swift/nflics_nowcasts/2019/06/14/2100/Nowcast_201906142100_000.nc'
Skipping 2019-06-14 21:15: [Errno 2] No such file or directory: '/gws/ssde/j25b/swift/nflics_nowcasts/2019/06/14/2115/Nowcast_201906142115_000.nc'
Skipping 2019-06-14 21:30: [Errno 2] No such file or directory: '/gws/ssde/j25b/swift/nflics_nowcasts/2019/06/14/2130/Nowcast_201906142130_000.nc'
Skipping 2019-06-14 21:45: [Errno 2] No such file or directory: '/gws/ssde/j25b/swift/nflics_nowcasts/2019/06/14/2145/Nowcast_201906142145_000.nc'
Skipping 2019-06-15 21:15: [Errno 2] No such file or directory: '/gws/ssde/j25b/swift/nflics_nowcasts/2019/06/15/2115/Nowcast_201906152115_000.nc'
Skipping 2019-06-15 21:30: [Errno 2] No such file or directory: '/gws/ssde/j25b/swift/nflics_nowcasts/2019/06/15/2130/Nowcast_201906152130_000.nc'
Skipping 2019-06-15 21:45: [Errno 2] No such file or directory: '/gws/ssde/j25b/swift/nflics_nowcasts/2019/06/15/2145/Nowcast_201906152145_000.nc'
Skipping 2019-06-16 21:00: [Errno 2] No such file or directory: '/gws/ssde/j25b/swift/nflics_nowcasts/2019/06/16/2100/Nowcast_201906162100_000.nc'
Skipping 2019-06-16 21:15: [Errno 2] No such file or directory: '/gws/ssde/j25b/swift/nflics_nowcasts/2019/06/16/2115/Nowcast_201906162115_000.nc'
Skipping 2019-06-16 21:30: [Errno 2] No such file or directory: '/gws/ssde/j25b/swift/nflics_nowcasts/2019/06/16/2130/Nowcast_201906162130_000.nc'
Skipping 2019-06-16 21:45: [Errno 2] No such file or directory: '/gws/ssde/j25b/swift/nflics_nowcasts/2019/06/16/2145/Nowcast_201906162145_000.nc'
Skipping 2019-06-17 21:00: [Errno 2] No such file or directory: '/gws/ssde/j25b/swift/nflics_nowcasts/2019/06/17/2100/Nowcast_201906172100_000.nc'
Skipping 2019-06-17 21:15: [Errno 2] No such file or directory: '/gws/ssde/j25b/swift/nflics_nowcasts/2019/06/17/2115/Nowcast_201906172115_000.nc'
Skipping 2019-06-17 21:30: [Errno 2] No such file or directory: '/gws/ssde/j25b/swift/nflics_nowcasts/2019/06/17/2130/Nowcast_201906172130_000.nc'
Skipping 2019-06-17 21:45: [Errno 2] No such file or directory: '/gws/ssde/j25b/swift/nflics_nowcasts/2019/06/17/2145/Nowcast_201906172145_000.nc'
Skipping 2019-06-18 21:30: [Errno 2] No such file or directory: '/gws/ssde/j25b/swift/nflics_nowcasts/2019/06/18/2130/Nowcast_201906182130_000.nc'
Skipping 2019-06-19 21:00: [Errno 2] No such file or directory: '/gws/ssde/j25b/swift/nflics_nowcasts/2019/06/19/2100/Nowcast_201906192100_000.nc'
Skipping 2019-06-19 21:15: [Errno 2] No such file or directory: '/gws/ssde/j25b/swift/nflics_nowcasts/2019/06/19/2115/Nowcast_201906192115_000.nc'
Skipping 2019-06-19 21:30: [Errno 2] No such file or directory: '/gws/ssde/j25b/swift/nflics_nowcasts/2019/06/19/2130/Nowcast_201906192130_000.nc'
Skipping 2019-06-19 21:45: [Errno 2] No such file or directory: '/gws/ssde/j25b/swift/nflics_nowcasts/2019/06/19/2145/Nowcast_201906192145_000.nc'
Skipping 2019-06-20 21:00: [Errno 2] No such file or directory: '/gws/ssde/j25b/swift/nflics_nowcasts/2019/06/20/2100/Nowcast_201906202100_000.nc'
Skipping 2019-06-20 21:15: [Errno 2] No such file or directory: '/gws/ssde/j25b/swift/nflics_nowcasts/2019/06/20/2115/Nowcast_201906202115_000.nc'
Skipping 2019-06-20 21:30: [Errno 2] No such file or directory: '/gws/ssde/j25b/swift/nflics_nowcasts/2019/06/20/2130/Nowcast_201906202130_000.nc'
Skipping 2019-06-20 21:45: [Errno 2] No such file or directory: '/gws/ssde/j25b/swift/nflics_nowcasts/2019/06/20/2145/Nowcast_201906202145_000.nc'
Skipping 2019-06-21 21:00: [Errno 2] No such file or directory: '/gws/ssde/j25b/swift/nflics_nowcasts/2019/06/21/2100/Nowcast_201906212100_000.nc'
Skipping 2019-06-21 21:15: [Errno 2] No such file or directory: '/gws/ssde/j25b/swift/nflics_nowcasts/2019/06/21/2115/Nowcast_201906212115_000.nc'
Skipping 2019-06-21 21:30: [Errno 2] No such file or directory: '/gws/ssde/j25b/swift/nflics_nowcasts/2019/06/21/2130/Nowcast_201906212130_000.nc'
Skipping 2019-06-21 21:45: [Errno 2] No such file or directory: '/gws/ssde/j25b/swift/nflics_nowcasts/2019/06/21/2145/Nowcast_201906212145_000.nc'
Skipping 2019-06-22 21:00: [Errno 2] No such file or directory: '/gws/ssde/j25b/swift/nflics_nowcasts/2019/06/22/2100/Nowcast_201906222100_000.nc'
Skipping 2019-06-22 21:15: [Errno 2] No such file or directory: '/gws/ssde/j25b/swift/nflics_nowcasts/2019/06/22/2115/Nowcast_201906222115_000.nc'
Skipping 2019-06-22 21:30: [Errno 2] No such file or directory: '/gws/ssde/j25b/swift/nflics_nowcasts/2019/06/22/2130/Nowcast_201906222130_000.nc'
Skipping 2019-06-22 21:45: [Errno 2] No such file or directory: '/gws/ssde/j25b/swift/nflics_nowcasts/2019/06/22/2145/Nowcast_201906222145_000.nc'
Skipping 2019-06-26 21:00: [Errno 2] No such file or directory: '/gws/ssde/j25b/swift/nflics_nowcasts/2019/06/26/2100/Nowcast_201906262100_000.nc'
Skipping 2019-06-26 21:15: [Errno 2] No such file or directory: '/gws/ssde/j25b/swift/nflics_nowcasts/2019/06/26/2115/Nowcast_201906262115_000.nc'
Skipping 2019-06-26 21:30: [Errno 2] No such file or directory: '/gws/ssde/j25b/swift/nflics_nowcasts/2019/06/26/2130/Nowcast_201906262130_000.nc'
Skipping 2019-06-26 21:45: [Errno 2] No such file or directory: '/gws/ssde/j25b/swift/nflics_nowcasts/2019/06/26/2145/Nowcast_201906262145_000.nc'
Skipping 2019-06-27 21:00: [Errno 2] No such file or directory: '/gws/ssde/j25b/swift/nflics_nowcasts/2019/06/27/2100/Nowcast_201906272100_000.nc'
Skipping 2019-06-27 21:15: [Errno 2] No such file or directory: '/gws/ssde/j25b/swift/nflics_nowcasts/2019/06/27/2115/Nowcast_201906272115_000.nc'
Skipping 2019-06-27 21:30: [Errno 2] No such file or directory: '/gws/ssde/j25b/swift/nflics_nowcasts/2019/06/27/2130/Nowcast_201906272130_000.nc'
Skipping 2019-06-27 21:45: [Errno 2] No such file or directory: '/gws/ssde/j25b/swift/nflics_nowcasts/2019/06/27/2145/Nowcast_201906272145_000.nc'
Skipping 2019-06-28 21:00: [Errno 2] No such file or directory: '/gws/ssde/j25b/swift/nflics_nowcasts/2019/06/28/2100/Nowcast_201906282100_000.nc'
Skipping 2019-06-28 21:15: [Errno 2] No such file or directory: '/gws/ssde/j25b/swift/nflics_nowcasts/2019/06/28/2115/Nowcast_201906282115_000.nc'
Skipping 2019-06-28 21:30: [Errno 2] No such file or directory: '/gws/ssde/j25b/swift/nflics_nowcasts/2019/06/28/2130/Nowcast_201906282130_000.nc'
Skipping 2019-06-28 21:45: [Errno 2] No such file or directory: '/gws/ssde/j25b/swift/nflics_nowcasts/2019/06/28/2145/Nowcast_201906282145_000.nc'
Skipping 2019-06-29 21:00: [Errno 2] No such file or directory: '/gws/ssde/j25b/swift/nflics_nowcasts/2019/06/29/2100/Nowcast_201906292100_000.nc'
Skipping 2019-06-29 21:15: [Errno 2] No such file or directory: '/gws/ssde/j25b/swift/nflics_nowcasts/2019/06/29/2115/Nowcast_201906292115_000.nc'
Skipping 2019-06-29 21:30: [Errno 2] No such file or directory: '/gws/ssde/j25b/swift/nflics_nowcasts/2019/06/29/2130/Nowcast_201906292130_000.nc'
Skipping 2019-06-29 21:45: [Errno 2] No such file or directory: '/gws/ssde/j25b/swift/nflics_nowcasts/2019/06/29/2145/Nowcast_201906292145_000.nc'
Skipping 2019-06-30 21:00: [Errno 2] No such file or directory: '/gws/ssde/j25b/swift/nflics_nowcasts/2019/06/30/2100/Nowcast_201906302100_000.nc'
Skipping 2019-06-30 21:15: [Errno 2] No such file or directory: '/gws/ssde/j25b/swift/nflics_nowcasts/2019/06/30/2115/Nowcast_201906302115_000.nc'
Skipping 2019-06-30 21:30: [Errno 2] No such file or directory: '/gws/ssde/j25b/swift/nflics_nowcasts/2019/06/30/2130/Nowcast_201906302130_000.nc'
Skipping 2019-06-30 21:45: [Errno 2] No such file or directory: '/gws/ssde/j25b/swift/nflics_nowcasts/2019/06/30/2145/Nowcast_201906302145_000.nc'
All ensemble nowcasts completed on CPU.
======================================================
 Job completed successfully at Sat 29 Nov 12:11:24 GMT 2025
======================================================
