======================================================
 Job started on host1085.jc.rl.ac.uk at Sat 29 Nov 12:12:17 GMT 2025
======================================================
Running ensemble nowcast inference:
 Lead time : 3
 Year      : 2019
 Month     : 08
 Hour      : 16
======================================================
Running on CPU with 8 threads
Loaded 5 ensemble models on CPU
Detected 99 inputs for 2019-08 16 UTC
Skipping 2019-08-01 16:00: [Errno 2] No such file or directory: '/gws/ssde/j25b/swift/nflics_nowcasts/2019/08/01/1600/Nowcast_201908011600_000.nc'
Skipping 2019-08-01 16:15: [Errno 2] No such file or directory: '/gws/ssde/j25b/swift/nflics_nowcasts/2019/08/01/1615/Nowcast_201908011615_000.nc'
Skipping 2019-08-01 16:30: [Errno 2] No such file or directory: '/gws/ssde/j25b/swift/nflics_nowcasts/2019/08/01/1630/Nowcast_201908011630_000.nc'
Skipping 2019-08-01 16:45: [Errno 2] No such file or directory: '/gws/ssde/j25b/swift/nflics_nowcasts/2019/08/01/1645/Nowcast_201908011645_000.nc'
Skipping 2019-08-02 16:00: [Errno 2] No such file or directory: '/gws/ssde/j25b/swift/nflics_nowcasts/2019/08/02/1600/Nowcast_201908021600_000.nc'
Skipping 2019-08-02 16:15: [Errno 2] No such file or directory: '/gws/ssde/j25b/swift/nflics_nowcasts/2019/08/02/1615/Nowcast_201908021615_000.nc'
Skipping 2019-08-02 16:30: [Errno 2] No such file or directory: '/gws/ssde/j25b/swift/nflics_nowcasts/2019/08/02/1630/Nowcast_201908021630_000.nc'
Skipping 2019-08-02 16:45: [Errno 2] No such file or directory: '/gws/ssde/j25b/swift/nflics_nowcasts/2019/08/02/1645/Nowcast_201908021645_000.nc'
Skipping 2019-08-03 16:00: [Errno 2] No such file or directory: '/gws/ssde/j25b/swift/nflics_nowcasts/2019/08/03/1600/Nowcast_201908031600_000.nc'
Skipping 2019-08-03 16:15: [Errno 2] No such file or directory: '/gws/ssde/j25b/swift/nflics_nowcasts/2019/08/03/1615/Nowcast_201908031615_000.nc'
Skipping 2019-08-03 16:30: [Errno 2] No such file or directory: '/gws/ssde/j25b/swift/nflics_nowcasts/2019/08/03/1630/Nowcast_201908031630_000.nc'
Skipping 2019-08-03 16:45: [Errno 2] No such file or directory: '/gws/ssde/j25b/swift/nflics_nowcasts/2019/08/03/1645/Nowcast_201908031645_000.nc'
Skipping 2019-08-05 16:00: [Errno 2] No such file or directory: '/gws/ssde/j25b/swift/nflics_nowcasts/2019/08/05/1600/Nowcast_201908051600_000.nc'
Skipping 2019-08-05 16:15: [Errno 2] No such file or directory: '/gws/ssde/j25b/swift/nflics_nowcasts/2019/08/05/1615/Nowcast_201908051615_000.nc'
Skipping 2019-08-05 16:30: [Errno 2] No such file or directory: '/gws/ssde/j25b/swift/nflics_nowcasts/2019/08/05/1630/Nowcast_201908051630_000.nc'
Skipping 2019-08-05 16:45: [Errno 2] No such file or directory: '/gws/ssde/j25b/swift/nflics_nowcasts/2019/08/05/1645/Nowcast_201908051645_000.nc'
Skipping 2019-08-06 16:00: [Errno 2] No such file or directory: '/gws/ssde/j25b/swift/nflics_nowcasts/2019/08/06/1600/Nowcast_201908061600_000.nc'
Skipping 2019-08-06 16:15: [Errno 2] No such file or directory: '/gws/ssde/j25b/swift/nflics_nowcasts/2019/08/06/1615/Nowcast_201908061615_000.nc'
Skipping 2019-08-06 16:30: [Errno 2] No such file or directory: '/gws/ssde/j25b/swift/nflics_nowcasts/2019/08/06/1630/Nowcast_201908061630_000.nc'
Skipping 2019-08-06 16:45: [Errno 2] No such file or directory: '/gws/ssde/j25b/swift/nflics_nowcasts/2019/08/06/1645/Nowcast_201908061645_000.nc'
Skipping 2019-08-10 16:00: [Errno 2] No such file or directory: '/gws/ssde/j25b/swift/nflics_nowcasts/2019/08/10/1600/Nowcast_201908101600_000.nc'
Skipping 2019-08-10 16:15: [Errno 2] No such file or directory: '/gws/ssde/j25b/swift/nflics_nowcasts/2019/08/10/1615/Nowcast_201908101615_000.nc'
Skipping 2019-08-10 16:30: [Errno 2] No such file or directory: '/gws/ssde/j25b/swift/nflics_nowcasts/2019/08/10/1630/Nowcast_201908101630_000.nc'
Skipping 2019-08-10 16:45: [Errno 2] No such file or directory: '/gws/ssde/j25b/swift/nflics_nowcasts/2019/08/10/1645/Nowcast_201908101645_000.nc'
Skipping 2019-08-11 16:00: [Errno 2] No such file or directory: '/gws/ssde/j25b/swift/nflics_nowcasts/2019/08/11/1600/Nowcast_201908111600_000.nc'
Skipping 2019-08-11 16:15: [Errno 2] No such file or directory: '/gws/ssde/j25b/swift/nflics_nowcasts/2019/08/11/1615/Nowcast_201908111615_000.nc'
Skipping 2019-08-11 16:30: [Errno 2] No such file or directory: '/gws/ssde/j25b/swift/nflics_nowcasts/2019/08/11/1630/Nowcast_201908111630_000.nc'
Skipping 2019-08-11 16:45: [Errno 2] No such file or directory: '/gws/ssde/j25b/swift/nflics_nowcasts/2019/08/11/1645/Nowcast_201908111645_000.nc'
Skipping 2019-08-13 16:00: [Errno 2] No such file or directory: '/gws/ssde/j25b/swift/nflics_nowcasts/2019/08/13/1600/Nowcast_201908131600_000.nc'
Skipping 2019-08-13 16:15: [Errno 2] No such file or directory: '/gws/ssde/j25b/swift/nflics_nowcasts/2019/08/13/1615/Nowcast_201908131615_000.nc'
Skipping 2019-08-13 16:30: [Errno 2] No such file or directory: '/gws/ssde/j25b/swift/nflics_nowcasts/2019/08/13/1630/Nowcast_201908131630_000.nc'
Skipping 2019-08-13 16:45: [Errno 2] No such file or directory: '/gws/ssde/j25b/swift/nflics_nowcasts/2019/08/13/1645/Nowcast_201908131645_000.nc'
Skipping 2019-08-14 16:00: [Errno 2] No such file or directory: '/gws/ssde/j25b/swift/nflics_nowcasts/2019/08/14/1600/Nowcast_201908141600_000.nc'
Skipping 2019-08-14 16:15: [Errno 2] No such file or directory: '/gws/ssde/j25b/swift/nflics_nowcasts/2019/08/14/1615/Nowcast_201908141615_000.nc'
Skipping 2019-08-14 16:30: [Errno 2] No such file or directory: '/gws/ssde/j25b/swift/nflics_nowcasts/2019/08/14/1630/Nowcast_201908141630_000.nc'
Skipping 2019-08-14 16:45: [Errno 2] No such file or directory: '/gws/ssde/j25b/swift/nflics_nowcasts/2019/08/14/1645/Nowcast_201908141645_000.nc'
Skipping 2019-08-15 16:00: [Errno 2] No such file or directory: '/gws/ssde/j25b/swift/nflics_nowcasts/2019/08/15/1600/Nowcast_201908151600_000.nc'
Skipping 2019-08-15 16:15: [Errno 2] No such file or directory: '/gws/ssde/j25b/swift/nflics_nowcasts/2019/08/15/1615/Nowcast_201908151615_000.nc'
Skipping 2019-08-15 16:30: [Errno 2] No such file or directory: '/gws/ssde/j25b/swift/nflics_nowcasts/2019/08/15/1630/Nowcast_201908151630_000.nc'
Skipping 2019-08-15 16:45: [Errno 2] No such file or directory: '/gws/ssde/j25b/swift/nflics_nowcasts/2019/08/15/1645/Nowcast_201908151645_000.nc'
Skipping 2019-08-16 16:00: [Errno 2] No such file or directory: '/gws/ssde/j25b/swift/nflics_nowcasts/2019/08/16/1600/Nowcast_201908161600_000.nc'
Skipping 2019-08-16 16:15: [Errno 2] No such file or directory: '/gws/ssde/j25b/swift/nflics_nowcasts/2019/08/16/1615/Nowcast_201908161615_000.nc'
Skipping 2019-08-16 16:30: [Errno 2] No such file or directory: '/gws/ssde/j25b/swift/nflics_nowcasts/2019/08/16/1630/Nowcast_201908161630_000.nc'
Skipping 2019-08-16 16:45: [Errno 2] No such file or directory: '/gws/ssde/j25b/swift/nflics_nowcasts/2019/08/16/1645/Nowcast_201908161645_000.nc'
Skipping 2019-08-17 16:00: [Errno 2] No such file or directory: '/gws/ssde/j25b/swift/nflics_nowcasts/2019/08/17/1600/Nowcast_201908171600_000.nc'
Skipping 2019-08-17 16:15: [Errno 2] No such file or directory: '/gws/ssde/j25b/swift/nflics_nowcasts/2019/08/17/1615/Nowcast_201908171615_000.nc'
Skipping 2019-08-17 16:30: [Errno 2] No such file or directory: '/gws/ssde/j25b/swift/nflics_nowcasts/2019/08/17/1630/Nowcast_201908171630_000.nc'
Skipping 2019-08-17 16:45: [Errno 2] No such file or directory: '/gws/ssde/j25b/swift/nflics_nowcasts/2019/08/17/1645/Nowcast_201908171645_000.nc'
Skipping 2019-08-18 16:00: [Errno 2] No such file or directory: '/gws/ssde/j25b/swift/nflics_nowcasts/2019/08/18/1600/Nowcast_201908181600_000.nc'
Skipping 2019-08-18 16:15: [Errno 2] No such file or directory: '/gws/ssde/j25b/swift/nflics_nowcasts/2019/08/18/1615/Nowcast_201908181615_000.nc'
Skipping 2019-08-18 16:30: [Errno 2] No such file or directory: '/gws/ssde/j25b/swift/nflics_nowcasts/2019/08/18/1630/Nowcast_201908181630_000.nc'
Skipping 2019-08-18 16:45: [Errno 2] No such file or directory: '/gws/ssde/j25b/swift/nflics_nowcasts/2019/08/18/1645/Nowcast_201908181645_000.nc'
Skipping 2019-08-19 16:00: [Errno 2] No such file or directory: '/gws/ssde/j25b/swift/nflics_nowcasts/2019/08/19/1600/Nowcast_201908191600_000.nc'
Skipping 2019-08-19 16:15: [Errno 2] No such file or directory: '/gws/ssde/j25b/swift/nflics_nowcasts/2019/08/19/1615/Nowcast_201908191615_000.nc'
Skipping 2019-08-19 16:30: [Errno 2] No such file or directory: '/gws/ssde/j25b/swift/nflics_nowcasts/2019/08/19/1630/Nowcast_201908191630_000.nc'
Skipping 2019-08-19 16:45: [Errno 2] No such file or directory: '/gws/ssde/j25b/swift/nflics_nowcasts/2019/08/19/1645/Nowcast_201908191645_000.nc'
Skipping 2019-08-20 16:15: [Errno 2] No such file or directory: '/gws/ssde/j25b/swift/nflics_nowcasts/2019/08/20/1615/Nowcast_201908201615_000.nc'
Skipping 2019-08-20 16:30: [Errno 2] No such file or directory: '/gws/ssde/j25b/swift/nflics_nowcasts/2019/08/20/1630/Nowcast_201908201630_000.nc'
Skipping 2019-08-20 16:45: [Errno 2] No such file or directory: '/gws/ssde/j25b/swift/nflics_nowcasts/2019/08/20/1645/Nowcast_201908201645_000.nc'
Skipping 2019-08-21 16:00: [Errno 2] No such file or directory: '/gws/ssde/j25b/swift/nflics_nowcasts/2019/08/21/1600/Nowcast_201908211600_000.nc'
Skipping 2019-08-21 16:15: [Errno 2] No such file or directory: '/gws/ssde/j25b/swift/nflics_nowcasts/2019/08/21/1615/Nowcast_201908211615_000.nc'
Skipping 2019-08-21 16:30: [Errno 2] No such file or directory: '/gws/ssde/j25b/swift/nflics_nowcasts/2019/08/21/1630/Nowcast_201908211630_000.nc'
Skipping 2019-08-21 16:45: [Errno 2] No such file or directory: '/gws/ssde/j25b/swift/nflics_nowcasts/2019/08/21/1645/Nowcast_201908211645_000.nc'
Skipping 2019-08-23 16:00: [Errno 2] No such file or directory: '/gws/ssde/j25b/swift/nflics_nowcasts/2019/08/23/1600/Nowcast_201908231600_000.nc'
Skipping 2019-08-23 16:15: [Errno 2] No such file or directory: '/gws/ssde/j25b/swift/nflics_nowcasts/2019/08/23/1615/Nowcast_201908231615_000.nc'
Skipping 2019-08-23 16:30: [Errno 2] No such file or directory: '/gws/ssde/j25b/swift/nflics_nowcasts/2019/08/23/1630/Nowcast_201908231630_000.nc'
Skipping 2019-08-23 16:45: [Errno 2] No such file or directory: '/gws/ssde/j25b/swift/nflics_nowcasts/2019/08/23/1645/Nowcast_201908231645_000.nc'
Skipping 2019-08-24 16:00: [Errno 2] No such file or directory: '/gws/ssde/j25b/swift/nflics_nowcasts/2019/08/24/1600/Nowcast_201908241600_000.nc'
Skipping 2019-08-24 16:15: [Errno 2] No such file or directory: '/gws/ssde/j25b/swift/nflics_nowcasts/2019/08/24/1615/Nowcast_201908241615_000.nc'
Skipping 2019-08-24 16:30: [Errno 2] No such file or directory: '/gws/ssde/j25b/swift/nflics_nowcasts/2019/08/24/1630/Nowcast_201908241630_000.nc'
Skipping 2019-08-24 16:45: [Errno 2] No such file or directory: '/gws/ssde/j25b/swift/nflics_nowcasts/2019/08/24/1645/Nowcast_201908241645_000.nc'
Skipping 2019-08-25 16:00: [Errno 2] No such file or directory: '/gws/ssde/j25b/swift/nflics_nowcasts/2019/08/25/1600/Nowcast_201908251600_000.nc'
Skipping 2019-08-25 16:15: [Errno 2] No such file or directory: '/gws/ssde/j25b/swift/nflics_nowcasts/2019/08/25/1615/Nowcast_201908251615_000.nc'
Skipping 2019-08-25 16:30: [Errno 2] No such file or directory: '/gws/ssde/j25b/swift/nflics_nowcasts/2019/08/25/1630/Nowcast_201908251630_000.nc'
Skipping 2019-08-25 16:45: [Errno 2] No such file or directory: '/gws/ssde/j25b/swift/nflics_nowcasts/2019/08/25/1645/Nowcast_201908251645_000.nc'
Skipping 2019-08-26 16:00: [Errno 2] No such file or directory: '/gws/ssde/j25b/swift/nflics_nowcasts/2019/08/26/1600/Nowcast_201908261600_000.nc'
Skipping 2019-08-26 16:15: [Errno 2] No such file or directory: '/gws/ssde/j25b/swift/nflics_nowcasts/2019/08/26/1615/Nowcast_201908261615_000.nc'
Skipping 2019-08-26 16:30: [Errno 2] No such file or directory: '/gws/ssde/j25b/swift/nflics_nowcasts/2019/08/26/1630/Nowcast_201908261630_000.nc'
Skipping 2019-08-26 16:45: [Errno 2] No such file or directory: '/gws/ssde/j25b/swift/nflics_nowcasts/2019/08/26/1645/Nowcast_201908261645_000.nc'
Skipping 2019-08-27 16:00: [Errno 2] No such file or directory: '/gws/ssde/j25b/swift/nflics_nowcasts/2019/08/27/1600/Nowcast_201908271600_000.nc'
Skipping 2019-08-27 16:15: [Errno 2] No such file or directory: '/gws/ssde/j25b/swift/nflics_nowcasts/2019/08/27/1615/Nowcast_201908271615_000.nc'
Skipping 2019-08-27 16:30: [Errno 2] No such file or directory: '/gws/ssde/j25b/swift/nflics_nowcasts/2019/08/27/1630/Nowcast_201908271630_000.nc'
Skipping 2019-08-27 16:45: [Errno 2] No such file or directory: '/gws/ssde/j25b/swift/nflics_nowcasts/2019/08/27/1645/Nowcast_201908271645_000.nc'
Skipping 2019-08-28 16:00: [Errno 2] No such file or directory: '/gws/ssde/j25b/swift/nflics_nowcasts/2019/08/28/1600/Nowcast_201908281600_000.nc'
Skipping 2019-08-28 16:15: [Errno 2] No such file or directory: '/gws/ssde/j25b/swift/nflics_nowcasts/2019/08/28/1615/Nowcast_201908281615_000.nc'
Skipping 2019-08-28 16:30: [Errno 2] No such file or directory: '/gws/ssde/j25b/swift/nflics_nowcasts/2019/08/28/1630/Nowcast_201908281630_000.nc'
Skipping 2019-08-28 16:45: [Errno 2] No such file or directory: '/gws/ssde/j25b/swift/nflics_nowcasts/2019/08/28/1645/Nowcast_201908281645_000.nc'
Skipping 2019-08-29 16:00: [Errno 2] No such file or directory: '/gws/ssde/j25b/swift/nflics_nowcasts/2019/08/29/1600/Nowcast_201908291600_000.nc'
Skipping 2019-08-29 16:15: [Errno 2] No such file or directory: '/gws/ssde/j25b/swift/nflics_nowcasts/2019/08/29/1615/Nowcast_201908291615_000.nc'
Skipping 2019-08-29 16:30: [Errno 2] No such file or directory: '/gws/ssde/j25b/swift/nflics_nowcasts/2019/08/29/1630/Nowcast_201908291630_000.nc'
Skipping 2019-08-29 16:45: [Errno 2] No such file or directory: '/gws/ssde/j25b/swift/nflics_nowcasts/2019/08/29/1645/Nowcast_201908291645_000.nc'
Skipping 2019-08-30 16:00: [Errno 2] No such file or directory: '/gws/ssde/j25b/swift/nflics_nowcasts/2019/08/30/1600/Nowcast_201908301600_000.nc'
Skipping 2019-08-30 16:15: [Errno 2] No such file or directory: '/gws/ssde/j25b/swift/nflics_nowcasts/2019/08/30/1615/Nowcast_201908301615_000.nc'
Skipping 2019-08-30 16:30: [Errno 2] No such file or directory: '/gws/ssde/j25b/swift/nflics_nowcasts/2019/08/30/1630/Nowcast_201908301630_000.nc'
Skipping 2019-08-30 16:45: [Errno 2] No such file or directory: '/gws/ssde/j25b/swift/nflics_nowcasts/2019/08/30/1645/Nowcast_201908301645_000.nc'
Skipping 2019-08-31 16:00: [Errno 2] No such file or directory: '/gws/ssde/j25b/swift/nflics_nowcasts/2019/08/31/1600/Nowcast_201908311600_000.nc'
Skipping 2019-08-31 16:15: [Errno 2] No such file or directory: '/gws/ssde/j25b/swift/nflics_nowcasts/2019/08/31/1615/Nowcast_201908311615_000.nc'
Skipping 2019-08-31 16:30: [Errno 2] No such file or directory: '/gws/ssde/j25b/swift/nflics_nowcasts/2019/08/31/1630/Nowcast_201908311630_000.nc'
Skipping 2019-08-31 16:45: [Errno 2] No such file or directory: '/gws/ssde/j25b/swift/nflics_nowcasts/2019/08/31/1645/Nowcast_201908311645_000.nc'
All ensemble nowcasts completed on CPU.
======================================================
 Job completed successfully at Sat 29 Nov 12:12:25 GMT 2025
======================================================
