======================================================
 Job started on host1085.jc.rl.ac.uk at Sat 29 Nov 12:12:57 GMT 2025
======================================================
Running ensemble nowcast inference:
 Lead time : 6
 Year      : 2019
 Month     : 09
 Hour      : 17
======================================================
Running on CPU with 8 threads
Loaded 5 ensemble models on CPU
Detected 120 inputs for 2019-09 17 UTC
Skipping 2019-09-01 17:00: [Errno 2] No such file or directory: '/gws/ssde/j25b/swift/nflics_nowcasts/2019/09/01/1700/Nowcast_201909011700_000.nc'
Skipping 2019-09-01 17:15: [Errno 2] No such file or directory: '/gws/ssde/j25b/swift/nflics_nowcasts/2019/09/01/1715/Nowcast_201909011715_000.nc'
Skipping 2019-09-01 17:30: [Errno 2] No such file or directory: '/gws/ssde/j25b/swift/nflics_nowcasts/2019/09/01/1730/Nowcast_201909011730_000.nc'
Skipping 2019-09-01 17:45: [Errno 2] No such file or directory: '/gws/ssde/j25b/swift/nflics_nowcasts/2019/09/01/1745/Nowcast_201909011745_000.nc'
Skipping 2019-09-02 17:00: [Errno 2] No such file or directory: '/gws/ssde/j25b/swift/nflics_nowcasts/2019/09/02/1700/Nowcast_201909021700_000.nc'
Skipping 2019-09-02 17:15: [Errno 2] No such file or directory: '/gws/ssde/j25b/swift/nflics_nowcasts/2019/09/02/1715/Nowcast_201909021715_000.nc'
Skipping 2019-09-02 17:30: [Errno 2] No such file or directory: '/gws/ssde/j25b/swift/nflics_nowcasts/2019/09/02/1730/Nowcast_201909021730_000.nc'
Skipping 2019-09-02 17:45: [Errno 2] No such file or directory: '/gws/ssde/j25b/swift/nflics_nowcasts/2019/09/02/1745/Nowcast_201909021745_000.nc'
Skipping 2019-09-03 17:00: [Errno 2] No such file or directory: '/gws/ssde/j25b/swift/nflics_nowcasts/2019/09/03/1700/Nowcast_201909031700_000.nc'
Skipping 2019-09-03 17:15: [Errno 2] No such file or directory: '/gws/ssde/j25b/swift/nflics_nowcasts/2019/09/03/1715/Nowcast_201909031715_000.nc'
Skipping 2019-09-03 17:30: [Errno 2] No such file or directory: '/gws/ssde/j25b/swift/nflics_nowcasts/2019/09/03/1730/Nowcast_201909031730_000.nc'
Skipping 2019-09-03 17:45: [Errno 2] No such file or directory: '/gws/ssde/j25b/swift/nflics_nowcasts/2019/09/03/1745/Nowcast_201909031745_000.nc'
Skipping 2019-09-04 17:00: [Errno 2] No such file or directory: '/gws/ssde/j25b/swift/nflics_nowcasts/2019/09/04/1700/Nowcast_201909041700_000.nc'
Skipping 2019-09-04 17:15: [Errno 2] No such file or directory: '/gws/ssde/j25b/swift/nflics_nowcasts/2019/09/04/1715/Nowcast_201909041715_000.nc'
Skipping 2019-09-04 17:30: [Errno 2] No such file or directory: '/gws/ssde/j25b/swift/nflics_nowcasts/2019/09/04/1730/Nowcast_201909041730_000.nc'
Skipping 2019-09-04 17:45: [Errno 2] No such file or directory: '/gws/ssde/j25b/swift/nflics_nowcasts/2019/09/04/1745/Nowcast_201909041745_000.nc'
Skipping 2019-09-05 17:00: [Errno 2] No such file or directory: '/gws/ssde/j25b/swift/nflics_nowcasts/2019/09/05/1700/Nowcast_201909051700_000.nc'
Skipping 2019-09-05 17:15: [Errno 2] No such file or directory: '/gws/ssde/j25b/swift/nflics_nowcasts/2019/09/05/1715/Nowcast_201909051715_000.nc'
Skipping 2019-09-05 17:30: [Errno 2] No such file or directory: '/gws/ssde/j25b/swift/nflics_nowcasts/2019/09/05/1730/Nowcast_201909051730_000.nc'
Skipping 2019-09-05 17:45: [Errno 2] No such file or directory: '/gws/ssde/j25b/swift/nflics_nowcasts/2019/09/05/1745/Nowcast_201909051745_000.nc'
Skipping 2019-09-06 17:00: [Errno 2] No such file or directory: '/gws/ssde/j25b/swift/nflics_nowcasts/2019/09/06/1700/Nowcast_201909061700_000.nc'
Skipping 2019-09-06 17:15: [Errno 2] No such file or directory: '/gws/ssde/j25b/swift/nflics_nowcasts/2019/09/06/1715/Nowcast_201909061715_000.nc'
Skipping 2019-09-06 17:30: [Errno 2] No such file or directory: '/gws/ssde/j25b/swift/nflics_nowcasts/2019/09/06/1730/Nowcast_201909061730_000.nc'
Skipping 2019-09-06 17:45: [Errno 2] No such file or directory: '/gws/ssde/j25b/swift/nflics_nowcasts/2019/09/06/1745/Nowcast_201909061745_000.nc'
Skipping 2019-09-07 17:00: [Errno 2] No such file or directory: '/gws/ssde/j25b/swift/nflics_nowcasts/2019/09/07/1700/Nowcast_201909071700_000.nc'
Skipping 2019-09-07 17:15: [Errno 2] No such file or directory: '/gws/ssde/j25b/swift/nflics_nowcasts/2019/09/07/1715/Nowcast_201909071715_000.nc'
Skipping 2019-09-07 17:30: [Errno 2] No such file or directory: '/gws/ssde/j25b/swift/nflics_nowcasts/2019/09/07/1730/Nowcast_201909071730_000.nc'
Skipping 2019-09-07 17:45: [Errno 2] No such file or directory: '/gws/ssde/j25b/swift/nflics_nowcasts/2019/09/07/1745/Nowcast_201909071745_000.nc'
Skipping 2019-09-08 17:00: [Errno 2] No such file or directory: '/gws/ssde/j25b/swift/nflics_nowcasts/2019/09/08/1700/Nowcast_201909081700_000.nc'
Skipping 2019-09-08 17:15: [Errno 2] No such file or directory: '/gws/ssde/j25b/swift/nflics_nowcasts/2019/09/08/1715/Nowcast_201909081715_000.nc'
Skipping 2019-09-08 17:30: [Errno 2] No such file or directory: '/gws/ssde/j25b/swift/nflics_nowcasts/2019/09/08/1730/Nowcast_201909081730_000.nc'
Skipping 2019-09-08 17:45: [Errno 2] No such file or directory: '/gws/ssde/j25b/swift/nflics_nowcasts/2019/09/08/1745/Nowcast_201909081745_000.nc'
Skipping 2019-09-09 17:00: [Errno 2] No such file or directory: '/gws/ssde/j25b/swift/nflics_nowcasts/2019/09/09/1700/Nowcast_201909091700_000.nc'
Skipping 2019-09-09 17:15: [Errno 2] No such file or directory: '/gws/ssde/j25b/swift/nflics_nowcasts/2019/09/09/1715/Nowcast_201909091715_000.nc'
Skipping 2019-09-09 17:30: [Errno 2] No such file or directory: '/gws/ssde/j25b/swift/nflics_nowcasts/2019/09/09/1730/Nowcast_201909091730_000.nc'
Skipping 2019-09-09 17:45: [Errno 2] No such file or directory: '/gws/ssde/j25b/swift/nflics_nowcasts/2019/09/09/1745/Nowcast_201909091745_000.nc'
Skipping 2019-09-10 17:00: [Errno 2] No such file or directory: '/gws/ssde/j25b/swift/nflics_nowcasts/2019/09/10/1700/Nowcast_201909101700_000.nc'
Skipping 2019-09-10 17:15: [Errno 2] No such file or directory: '/gws/ssde/j25b/swift/nflics_nowcasts/2019/09/10/1715/Nowcast_201909101715_000.nc'
Skipping 2019-09-10 17:30: [Errno 2] No such file or directory: '/gws/ssde/j25b/swift/nflics_nowcasts/2019/09/10/1730/Nowcast_201909101730_000.nc'
Skipping 2019-09-10 17:45: [Errno 2] No such file or directory: '/gws/ssde/j25b/swift/nflics_nowcasts/2019/09/10/1745/Nowcast_201909101745_000.nc'
Skipping 2019-09-11 17:00: [Errno 2] No such file or directory: '/gws/ssde/j25b/swift/nflics_nowcasts/2019/09/11/1700/Nowcast_201909111700_000.nc'
Skipping 2019-09-11 17:15: [Errno 2] No such file or directory: '/gws/ssde/j25b/swift/nflics_nowcasts/2019/09/11/1715/Nowcast_201909111715_000.nc'
Skipping 2019-09-11 17:30: [Errno 2] No such file or directory: '/gws/ssde/j25b/swift/nflics_nowcasts/2019/09/11/1730/Nowcast_201909111730_000.nc'
Skipping 2019-09-11 17:45: [Errno 2] No such file or directory: '/gws/ssde/j25b/swift/nflics_nowcasts/2019/09/11/1745/Nowcast_201909111745_000.nc'
Skipping 2019-09-12 17:00: [Errno 2] No such file or directory: '/gws/ssde/j25b/swift/nflics_nowcasts/2019/09/12/1700/Nowcast_201909121700_000.nc'
Skipping 2019-09-12 17:15: [Errno 2] No such file or directory: '/gws/ssde/j25b/swift/nflics_nowcasts/2019/09/12/1715/Nowcast_201909121715_000.nc'
Skipping 2019-09-12 17:30: [Errno 2] No such file or directory: '/gws/ssde/j25b/swift/nflics_nowcasts/2019/09/12/1730/Nowcast_201909121730_000.nc'
Skipping 2019-09-12 17:45: [Errno 2] No such file or directory: '/gws/ssde/j25b/swift/nflics_nowcasts/2019/09/12/1745/Nowcast_201909121745_000.nc'
Skipping 2019-09-13 17:00: [Errno 2] No such file or directory: '/gws/ssde/j25b/swift/nflics_nowcasts/2019/09/13/1700/Nowcast_201909131700_000.nc'
Skipping 2019-09-13 17:15: [Errno 2] No such file or directory: '/gws/ssde/j25b/swift/nflics_nowcasts/2019/09/13/1715/Nowcast_201909131715_000.nc'
Skipping 2019-09-13 17:30: [Errno 2] No such file or directory: '/gws/ssde/j25b/swift/nflics_nowcasts/2019/09/13/1730/Nowcast_201909131730_000.nc'
Skipping 2019-09-13 17:45: [Errno 2] No such file or directory: '/gws/ssde/j25b/swift/nflics_nowcasts/2019/09/13/1745/Nowcast_201909131745_000.nc'
Skipping 2019-09-14 17:00: [Errno 2] No such file or directory: '/gws/ssde/j25b/swift/nflics_nowcasts/2019/09/14/1700/Nowcast_201909141700_000.nc'
Skipping 2019-09-14 17:15: [Errno 2] No such file or directory: '/gws/ssde/j25b/swift/nflics_nowcasts/2019/09/14/1715/Nowcast_201909141715_000.nc'
Skipping 2019-09-14 17:30: [Errno 2] No such file or directory: '/gws/ssde/j25b/swift/nflics_nowcasts/2019/09/14/1730/Nowcast_201909141730_000.nc'
Skipping 2019-09-14 17:45: [Errno 2] No such file or directory: '/gws/ssde/j25b/swift/nflics_nowcasts/2019/09/14/1745/Nowcast_201909141745_000.nc'
Skipping 2019-09-15 17:00: [Errno 2] No such file or directory: '/gws/ssde/j25b/swift/nflics_nowcasts/2019/09/15/1700/Nowcast_201909151700_000.nc'
Skipping 2019-09-15 17:15: [Errno 2] No such file or directory: '/gws/ssde/j25b/swift/nflics_nowcasts/2019/09/15/1715/Nowcast_201909151715_000.nc'
Skipping 2019-09-15 17:30: [Errno 2] No such file or directory: '/gws/ssde/j25b/swift/nflics_nowcasts/2019/09/15/1730/Nowcast_201909151730_000.nc'
Skipping 2019-09-15 17:45: [Errno 2] No such file or directory: '/gws/ssde/j25b/swift/nflics_nowcasts/2019/09/15/1745/Nowcast_201909151745_000.nc'
Skipping 2019-09-16 17:00: [Errno 2] No such file or directory: '/gws/ssde/j25b/swift/nflics_nowcasts/2019/09/16/1700/Nowcast_201909161700_000.nc'
Skipping 2019-09-16 17:15: [Errno 2] No such file or directory: '/gws/ssde/j25b/swift/nflics_nowcasts/2019/09/16/1715/Nowcast_201909161715_000.nc'
Skipping 2019-09-16 17:30: [Errno 2] No such file or directory: '/gws/ssde/j25b/swift/nflics_nowcasts/2019/09/16/1730/Nowcast_201909161730_000.nc'
Skipping 2019-09-16 17:45: [Errno 2] No such file or directory: '/gws/ssde/j25b/swift/nflics_nowcasts/2019/09/16/1745/Nowcast_201909161745_000.nc'
Skipping 2019-09-17 17:00: [Errno 2] No such file or directory: '/gws/ssde/j25b/swift/nflics_nowcasts/2019/09/17/1700/Nowcast_201909171700_000.nc'
Skipping 2019-09-17 17:15: [Errno 2] No such file or directory: '/gws/ssde/j25b/swift/nflics_nowcasts/2019/09/17/1715/Nowcast_201909171715_000.nc'
Skipping 2019-09-17 17:30: [Errno 2] No such file or directory: '/gws/ssde/j25b/swift/nflics_nowcasts/2019/09/17/1730/Nowcast_201909171730_000.nc'
Skipping 2019-09-17 17:45: [Errno 2] No such file or directory: '/gws/ssde/j25b/swift/nflics_nowcasts/2019/09/17/1745/Nowcast_201909171745_000.nc'
Skipping 2019-09-18 17:00: [Errno 2] No such file or directory: '/gws/ssde/j25b/swift/nflics_nowcasts/2019/09/18/1700/Nowcast_201909181700_000.nc'
Skipping 2019-09-18 17:15: [Errno 2] No such file or directory: '/gws/ssde/j25b/swift/nflics_nowcasts/2019/09/18/1715/Nowcast_201909181715_000.nc'
Skipping 2019-09-18 17:30: [Errno 2] No such file or directory: '/gws/ssde/j25b/swift/nflics_nowcasts/2019/09/18/1730/Nowcast_201909181730_000.nc'
Skipping 2019-09-18 17:45: [Errno 2] No such file or directory: '/gws/ssde/j25b/swift/nflics_nowcasts/2019/09/18/1745/Nowcast_201909181745_000.nc'
Skipping 2019-09-19 17:00: [Errno 2] No such file or directory: '/gws/ssde/j25b/swift/nflics_nowcasts/2019/09/19/1700/Nowcast_201909191700_000.nc'
Skipping 2019-09-19 17:15: [Errno 2] No such file or directory: '/gws/ssde/j25b/swift/nflics_nowcasts/2019/09/19/1715/Nowcast_201909191715_000.nc'
Skipping 2019-09-19 17:30: [Errno 2] No such file or directory: '/gws/ssde/j25b/swift/nflics_nowcasts/2019/09/19/1730/Nowcast_201909191730_000.nc'
Skipping 2019-09-19 17:45: [Errno 2] No such file or directory: '/gws/ssde/j25b/swift/nflics_nowcasts/2019/09/19/1745/Nowcast_201909191745_000.nc'
Skipping 2019-09-20 17:00: [Errno 2] No such file or directory: '/gws/ssde/j25b/swift/nflics_nowcasts/2019/09/20/1700/Nowcast_201909201700_000.nc'
Skipping 2019-09-20 17:15: [Errno 2] No such file or directory: '/gws/ssde/j25b/swift/nflics_nowcasts/2019/09/20/1715/Nowcast_201909201715_000.nc'
Skipping 2019-09-20 17:30: [Errno 2] No such file or directory: '/gws/ssde/j25b/swift/nflics_nowcasts/2019/09/20/1730/Nowcast_201909201730_000.nc'
Skipping 2019-09-20 17:45: [Errno 2] No such file or directory: '/gws/ssde/j25b/swift/nflics_nowcasts/2019/09/20/1745/Nowcast_201909201745_000.nc'
Skipping 2019-09-21 17:00: [Errno 2] No such file or directory: '/gws/ssde/j25b/swift/nflics_nowcasts/2019/09/21/1700/Nowcast_201909211700_000.nc'
Skipping 2019-09-21 17:15: [Errno 2] No such file or directory: '/gws/ssde/j25b/swift/nflics_nowcasts/2019/09/21/1715/Nowcast_201909211715_000.nc'
Skipping 2019-09-21 17:30: [Errno 2] No such file or directory: '/gws/ssde/j25b/swift/nflics_nowcasts/2019/09/21/1730/Nowcast_201909211730_000.nc'
Skipping 2019-09-21 17:45: [Errno 2] No such file or directory: '/gws/ssde/j25b/swift/nflics_nowcasts/2019/09/21/1745/Nowcast_201909211745_000.nc'
Skipping 2019-09-22 17:00: [Errno 2] No such file or directory: '/gws/ssde/j25b/swift/nflics_nowcasts/2019/09/22/1700/Nowcast_201909221700_000.nc'
Skipping 2019-09-22 17:15: [Errno 2] No such file or directory: '/gws/ssde/j25b/swift/nflics_nowcasts/2019/09/22/1715/Nowcast_201909221715_000.nc'
Skipping 2019-09-22 17:30: [Errno 2] No such file or directory: '/gws/ssde/j25b/swift/nflics_nowcasts/2019/09/22/1730/Nowcast_201909221730_000.nc'
Skipping 2019-09-22 17:45: [Errno 2] No such file or directory: '/gws/ssde/j25b/swift/nflics_nowcasts/2019/09/22/1745/Nowcast_201909221745_000.nc'
Skipping 2019-09-23 17:00: [Errno 2] No such file or directory: '/gws/ssde/j25b/swift/nflics_nowcasts/2019/09/23/1700/Nowcast_201909231700_000.nc'
Skipping 2019-09-23 17:15: [Errno 2] No such file or directory: '/gws/ssde/j25b/swift/nflics_nowcasts/2019/09/23/1715/Nowcast_201909231715_000.nc'
Skipping 2019-09-23 17:30: [Errno 2] No such file or directory: '/gws/ssde/j25b/swift/nflics_nowcasts/2019/09/23/1730/Nowcast_201909231730_000.nc'
Skipping 2019-09-23 17:45: [Errno 2] No such file or directory: '/gws/ssde/j25b/swift/nflics_nowcasts/2019/09/23/1745/Nowcast_201909231745_000.nc'
Skipping 2019-09-24 17:00: [Errno 2] No such file or directory: '/gws/ssde/j25b/swift/nflics_nowcasts/2019/09/24/1700/Nowcast_201909241700_000.nc'
Skipping 2019-09-24 17:15: [Errno 2] No such file or directory: '/gws/ssde/j25b/swift/nflics_nowcasts/2019/09/24/1715/Nowcast_201909241715_000.nc'
Skipping 2019-09-24 17:30: [Errno 2] No such file or directory: '/gws/ssde/j25b/swift/nflics_nowcasts/2019/09/24/1730/Nowcast_201909241730_000.nc'
Skipping 2019-09-24 17:45: [Errno 2] No such file or directory: '/gws/ssde/j25b/swift/nflics_nowcasts/2019/09/24/1745/Nowcast_201909241745_000.nc'
Skipping 2019-09-25 17:00: [Errno 2] No such file or directory: '/gws/ssde/j25b/swift/nflics_nowcasts/2019/09/25/1700/Nowcast_201909251700_000.nc'
Skipping 2019-09-25 17:15: [Errno 2] No such file or directory: '/gws/ssde/j25b/swift/nflics_nowcasts/2019/09/25/1715/Nowcast_201909251715_000.nc'
Skipping 2019-09-25 17:30: [Errno 2] No such file or directory: '/gws/ssde/j25b/swift/nflics_nowcasts/2019/09/25/1730/Nowcast_201909251730_000.nc'
Skipping 2019-09-25 17:45: [Errno 2] No such file or directory: '/gws/ssde/j25b/swift/nflics_nowcasts/2019/09/25/1745/Nowcast_201909251745_000.nc'
Skipping 2019-09-26 17:00: [Errno 2] No such file or directory: '/gws/ssde/j25b/swift/nflics_nowcasts/2019/09/26/1700/Nowcast_201909261700_000.nc'
Skipping 2019-09-26 17:15: [Errno 2] No such file or directory: '/gws/ssde/j25b/swift/nflics_nowcasts/2019/09/26/1715/Nowcast_201909261715_000.nc'
Skipping 2019-09-26 17:30: [Errno 2] No such file or directory: '/gws/ssde/j25b/swift/nflics_nowcasts/2019/09/26/1730/Nowcast_201909261730_000.nc'
Skipping 2019-09-26 17:45: [Errno 2] No such file or directory: '/gws/ssde/j25b/swift/nflics_nowcasts/2019/09/26/1745/Nowcast_201909261745_000.nc'
Skipping 2019-09-27 17:00: [Errno 2] No such file or directory: '/gws/ssde/j25b/swift/nflics_nowcasts/2019/09/27/1700/Nowcast_201909271700_000.nc'
Skipping 2019-09-27 17:15: [Errno 2] No such file or directory: '/gws/ssde/j25b/swift/nflics_nowcasts/2019/09/27/1715/Nowcast_201909271715_000.nc'
Skipping 2019-09-27 17:30: [Errno 2] No such file or directory: '/gws/ssde/j25b/swift/nflics_nowcasts/2019/09/27/1730/Nowcast_201909271730_000.nc'
Skipping 2019-09-27 17:45: [Errno 2] No such file or directory: '/gws/ssde/j25b/swift/nflics_nowcasts/2019/09/27/1745/Nowcast_201909271745_000.nc'
Skipping 2019-09-28 17:00: [Errno 2] No such file or directory: '/gws/ssde/j25b/swift/nflics_nowcasts/2019/09/28/1700/Nowcast_201909281700_000.nc'
Skipping 2019-09-28 17:15: [Errno 2] No such file or directory: '/gws/ssde/j25b/swift/nflics_nowcasts/2019/09/28/1715/Nowcast_201909281715_000.nc'
Skipping 2019-09-28 17:30: [Errno 2] No such file or directory: '/gws/ssde/j25b/swift/nflics_nowcasts/2019/09/28/1730/Nowcast_201909281730_000.nc'
Skipping 2019-09-28 17:45: [Errno 2] No such file or directory: '/gws/ssde/j25b/swift/nflics_nowcasts/2019/09/28/1745/Nowcast_201909281745_000.nc'
Skipping 2019-09-29 17:00: [Errno 2] No such file or directory: '/gws/ssde/j25b/swift/nflics_nowcasts/2019/09/29/1700/Nowcast_201909291700_000.nc'
Skipping 2019-09-29 17:15: [Errno 2] No such file or directory: '/gws/ssde/j25b/swift/nflics_nowcasts/2019/09/29/1715/Nowcast_201909291715_000.nc'
Skipping 2019-09-29 17:30: [Errno 2] No such file or directory: '/gws/ssde/j25b/swift/nflics_nowcasts/2019/09/29/1730/Nowcast_201909291730_000.nc'
Skipping 2019-09-29 17:45: [Errno 2] No such file or directory: '/gws/ssde/j25b/swift/nflics_nowcasts/2019/09/29/1745/Nowcast_201909291745_000.nc'
Skipping 2019-09-30 17:00: [Errno 2] No such file or directory: '/gws/ssde/j25b/swift/nflics_nowcasts/2019/09/30/1700/Nowcast_201909301700_000.nc'
Skipping 2019-09-30 17:15: [Errno 2] No such file or directory: '/gws/ssde/j25b/swift/nflics_nowcasts/2019/09/30/1715/Nowcast_201909301715_000.nc'
Skipping 2019-09-30 17:30: [Errno 2] No such file or directory: '/gws/ssde/j25b/swift/nflics_nowcasts/2019/09/30/1730/Nowcast_201909301730_000.nc'
Skipping 2019-09-30 17:45: [Errno 2] No such file or directory: '/gws/ssde/j25b/swift/nflics_nowcasts/2019/09/30/1745/Nowcast_201909301745_000.nc'
All ensemble nowcasts completed on CPU.
======================================================
 Job completed successfully at Sat 29 Nov 12:13:04 GMT 2025
======================================================
