======================================================
 Job started on host1039.jc.rl.ac.uk at Sat 29 Nov 12:10:37 GMT 2025
======================================================
Running ensemble nowcast inference:
 Lead time : 6
 Year      : 2019
 Month     : 06
 Hour      : 08
======================================================
Running on CPU with 8 threads
Loaded 5 ensemble models on CPU
Detected 39 inputs for 2019-06 08 UTC
Skipping 2019-06-02 08:00: [Errno 2] No such file or directory: '/gws/ssde/j25b/swift/nflics_nowcasts/2019/06/02/0800/Nowcast_201906020800_000.nc'
Skipping 2019-06-02 08:15: [Errno 2] No such file or directory: '/gws/ssde/j25b/swift/nflics_nowcasts/2019/06/02/0815/Nowcast_201906020815_000.nc'
Skipping 2019-06-02 08:30: [Errno 2] No such file or directory: '/gws/ssde/j25b/swift/nflics_nowcasts/2019/06/02/0830/Nowcast_201906020830_000.nc'
Skipping 2019-06-02 08:45: [Errno 2] No such file or directory: '/gws/ssde/j25b/swift/nflics_nowcasts/2019/06/02/0845/Nowcast_201906020845_000.nc'
Skipping 2019-06-03 08:00: [Errno 2] No such file or directory: '/gws/ssde/j25b/swift/nflics_nowcasts/2019/06/03/0800/Nowcast_201906030800_000.nc'
Skipping 2019-06-03 08:15: [Errno 2] No such file or directory: '/gws/ssde/j25b/swift/nflics_nowcasts/2019/06/03/0815/Nowcast_201906030815_000.nc'
Skipping 2019-06-03 08:30: [Errno 2] No such file or directory: '/gws/ssde/j25b/swift/nflics_nowcasts/2019/06/03/0830/Nowcast_201906030830_000.nc'
Skipping 2019-06-03 08:45: [Errno 2] No such file or directory: '/gws/ssde/j25b/swift/nflics_nowcasts/2019/06/03/0845/Nowcast_201906030845_000.nc'
Skipping 2019-06-04 08:00: [Errno 2] No such file or directory: '/gws/ssde/j25b/swift/nflics_nowcasts/2019/06/04/0800/Nowcast_201906040800_000.nc'
Skipping 2019-06-04 08:15: [Errno 2] No such file or directory: '/gws/ssde/j25b/swift/nflics_nowcasts/2019/06/04/0815/Nowcast_201906040815_000.nc'
Skipping 2019-06-04 08:30: [Errno 2] No such file or directory: '/gws/ssde/j25b/swift/nflics_nowcasts/2019/06/04/0830/Nowcast_201906040830_000.nc'
Skipping 2019-06-04 08:45: [Errno 2] No such file or directory: '/gws/ssde/j25b/swift/nflics_nowcasts/2019/06/04/0845/Nowcast_201906040845_000.nc'
Skipping 2019-06-09 08:00: [Errno 2] No such file or directory: '/gws/ssde/j25b/swift/nflics_nowcasts/2019/06/09/0800/Nowcast_201906090800_000.nc'
Skipping 2019-06-09 08:15: [Errno 2] No such file or directory: '/gws/ssde/j25b/swift/nflics_nowcasts/2019/06/09/0815/Nowcast_201906090815_000.nc'
Skipping 2019-06-09 08:30: [Errno 2] No such file or directory: '/gws/ssde/j25b/swift/nflics_nowcasts/2019/06/09/0830/Nowcast_201906090830_000.nc'
Skipping 2019-06-09 08:45: [Errno 2] No such file or directory: '/gws/ssde/j25b/swift/nflics_nowcasts/2019/06/09/0845/Nowcast_201906090845_000.nc'
Skipping 2019-06-10 08:00: [Errno 2] No such file or directory: '/gws/ssde/j25b/swift/nflics_nowcasts/2019/06/10/0800/Nowcast_201906100800_000.nc'
Skipping 2019-06-10 08:15: [Errno 2] No such file or directory: '/gws/ssde/j25b/swift/nflics_nowcasts/2019/06/10/0815/Nowcast_201906100815_000.nc'
Skipping 2019-06-10 08:30: [Errno 2] No such file or directory: '/gws/ssde/j25b/swift/nflics_nowcasts/2019/06/10/0830/Nowcast_201906100830_000.nc'
Skipping 2019-06-10 08:45: [Errno 2] No such file or directory: '/gws/ssde/j25b/swift/nflics_nowcasts/2019/06/10/0845/Nowcast_201906100845_000.nc'
Skipping 2019-06-11 08:00: [Errno 2] No such file or directory: '/gws/ssde/j25b/swift/nflics_nowcasts/2019/06/11/0800/Nowcast_201906110800_000.nc'
Skipping 2019-06-11 08:15: [Errno 2] No such file or directory: '/gws/ssde/j25b/swift/nflics_nowcasts/2019/06/11/0815/Nowcast_201906110815_000.nc'
Skipping 2019-06-11 08:30: [Errno 2] No such file or directory: '/gws/ssde/j25b/swift/nflics_nowcasts/2019/06/11/0830/Nowcast_201906110830_000.nc'
Skipping 2019-06-11 08:45: [Errno 2] No such file or directory: '/gws/ssde/j25b/swift/nflics_nowcasts/2019/06/11/0845/Nowcast_201906110845_000.nc'
Skipping 2019-06-12 08:00: [Errno 2] No such file or directory: '/gws/ssde/j25b/swift/nflics_nowcasts/2019/06/12/0800/Nowcast_201906120800_000.nc'
Skipping 2019-06-12 08:15: [Errno 2] No such file or directory: '/gws/ssde/j25b/swift/nflics_nowcasts/2019/06/12/0815/Nowcast_201906120815_000.nc'
Skipping 2019-06-12 08:45: [Errno 2] No such file or directory: '/gws/ssde/j25b/swift/nflics_nowcasts/2019/06/12/0845/Nowcast_201906120845_000.nc'
Skipping 2019-06-15 08:00: [Errno 2] No such file or directory: '/gws/ssde/j25b/swift/nflics_nowcasts/2019/06/15/0800/Nowcast_201906150800_000.nc'
Skipping 2019-06-15 08:15: [Errno 2] No such file or directory: '/gws/ssde/j25b/swift/nflics_nowcasts/2019/06/15/0815/Nowcast_201906150815_000.nc'
Skipping 2019-06-15 08:30: [Errno 2] No such file or directory: '/gws/ssde/j25b/swift/nflics_nowcasts/2019/06/15/0830/Nowcast_201906150830_000.nc'
Skipping 2019-06-15 08:45: [Errno 2] No such file or directory: '/gws/ssde/j25b/swift/nflics_nowcasts/2019/06/15/0845/Nowcast_201906150845_000.nc'
Skipping 2019-06-21 08:00: [Errno 2] No such file or directory: '/gws/ssde/j25b/swift/nflics_nowcasts/2019/06/21/0800/Nowcast_201906210800_000.nc'
Skipping 2019-06-21 08:15: [Errno 2] No such file or directory: '/gws/ssde/j25b/swift/nflics_nowcasts/2019/06/21/0815/Nowcast_201906210815_000.nc'
Skipping 2019-06-21 08:30: [Errno 2] No such file or directory: '/gws/ssde/j25b/swift/nflics_nowcasts/2019/06/21/0830/Nowcast_201906210830_000.nc'
Skipping 2019-06-21 08:45: [Errno 2] No such file or directory: '/gws/ssde/j25b/swift/nflics_nowcasts/2019/06/21/0845/Nowcast_201906210845_000.nc'
Skipping 2019-06-29 08:00: [Errno 2] No such file or directory: '/gws/ssde/j25b/swift/nflics_nowcasts/2019/06/29/0800/Nowcast_201906290800_000.nc'
Skipping 2019-06-29 08:15: [Errno 2] No such file or directory: '/gws/ssde/j25b/swift/nflics_nowcasts/2019/06/29/0815/Nowcast_201906290815_000.nc'
Skipping 2019-06-29 08:30: [Errno 2] No such file or directory: '/gws/ssde/j25b/swift/nflics_nowcasts/2019/06/29/0830/Nowcast_201906290830_000.nc'
Skipping 2019-06-29 08:45: [Errno 2] No such file or directory: '/gws/ssde/j25b/swift/nflics_nowcasts/2019/06/29/0845/Nowcast_201906290845_000.nc'
All ensemble nowcasts completed on CPU.
======================================================
 Job completed successfully at Sat 29 Nov 12:10:55 GMT 2025
======================================================
