======================================================
 Job started on host1085.jc.rl.ac.uk at Sat 29 Nov 12:12:57 GMT 2025
======================================================
Running ensemble nowcast inference:
 Lead time : 3
 Year      : 2019
 Month     : 09
 Hour      : 21
======================================================
Running on CPU with 8 threads
Loaded 5 ensemble models on CPU
Detected 108 inputs for 2019-09 21 UTC
Skipping 2019-09-01 21:00: [Errno 2] No such file or directory: '/gws/ssde/j25b/swift/nflics_nowcasts/2019/09/01/2100/Nowcast_201909012100_000.nc'
Skipping 2019-09-01 21:15: [Errno 2] No such file or directory: '/gws/ssde/j25b/swift/nflics_nowcasts/2019/09/01/2115/Nowcast_201909012115_000.nc'
Skipping 2019-09-01 21:30: [Errno 2] No such file or directory: '/gws/ssde/j25b/swift/nflics_nowcasts/2019/09/01/2130/Nowcast_201909012130_000.nc'
Skipping 2019-09-01 21:45: [Errno 2] No such file or directory: '/gws/ssde/j25b/swift/nflics_nowcasts/2019/09/01/2145/Nowcast_201909012145_000.nc'
Skipping 2019-09-02 21:00: [Errno 2] No such file or directory: '/gws/ssde/j25b/swift/nflics_nowcasts/2019/09/02/2100/Nowcast_201909022100_000.nc'
Skipping 2019-09-02 21:15: [Errno 2] No such file or directory: '/gws/ssde/j25b/swift/nflics_nowcasts/2019/09/02/2115/Nowcast_201909022115_000.nc'
Skipping 2019-09-02 21:30: [Errno 2] No such file or directory: '/gws/ssde/j25b/swift/nflics_nowcasts/2019/09/02/2130/Nowcast_201909022130_000.nc'
Skipping 2019-09-02 21:45: [Errno 2] No such file or directory: '/gws/ssde/j25b/swift/nflics_nowcasts/2019/09/02/2145/Nowcast_201909022145_000.nc'
Skipping 2019-09-03 21:00: [Errno 2] No such file or directory: '/gws/ssde/j25b/swift/nflics_nowcasts/2019/09/03/2100/Nowcast_201909032100_000.nc'
Skipping 2019-09-03 21:15: [Errno 2] No such file or directory: '/gws/ssde/j25b/swift/nflics_nowcasts/2019/09/03/2115/Nowcast_201909032115_000.nc'
Skipping 2019-09-03 21:30: [Errno 2] No such file or directory: '/gws/ssde/j25b/swift/nflics_nowcasts/2019/09/03/2130/Nowcast_201909032130_000.nc'
Skipping 2019-09-03 21:45: [Errno 2] No such file or directory: '/gws/ssde/j25b/swift/nflics_nowcasts/2019/09/03/2145/Nowcast_201909032145_000.nc'
Skipping 2019-09-04 21:00: [Errno 2] No such file or directory: '/gws/ssde/j25b/swift/nflics_nowcasts/2019/09/04/2100/Nowcast_201909042100_000.nc'
Skipping 2019-09-04 21:15: [Errno 2] No such file or directory: '/gws/ssde/j25b/swift/nflics_nowcasts/2019/09/04/2115/Nowcast_201909042115_000.nc'
Skipping 2019-09-04 21:30: [Errno 2] No such file or directory: '/gws/ssde/j25b/swift/nflics_nowcasts/2019/09/04/2130/Nowcast_201909042130_000.nc'
Skipping 2019-09-04 21:45: [Errno 2] No such file or directory: '/gws/ssde/j25b/swift/nflics_nowcasts/2019/09/04/2145/Nowcast_201909042145_000.nc'
Skipping 2019-09-05 21:00: [Errno 2] No such file or directory: '/gws/ssde/j25b/swift/nflics_nowcasts/2019/09/05/2100/Nowcast_201909052100_000.nc'
Skipping 2019-09-05 21:15: [Errno 2] No such file or directory: '/gws/ssde/j25b/swift/nflics_nowcasts/2019/09/05/2115/Nowcast_201909052115_000.nc'
Skipping 2019-09-05 21:30: [Errno 2] No such file or directory: '/gws/ssde/j25b/swift/nflics_nowcasts/2019/09/05/2130/Nowcast_201909052130_000.nc'
Skipping 2019-09-05 21:45: [Errno 2] No such file or directory: '/gws/ssde/j25b/swift/nflics_nowcasts/2019/09/05/2145/Nowcast_201909052145_000.nc'
Skipping 2019-09-06 21:00: [Errno 2] No such file or directory: '/gws/ssde/j25b/swift/nflics_nowcasts/2019/09/06/2100/Nowcast_201909062100_000.nc'
Skipping 2019-09-06 21:15: [Errno 2] No such file or directory: '/gws/ssde/j25b/swift/nflics_nowcasts/2019/09/06/2115/Nowcast_201909062115_000.nc'
Skipping 2019-09-06 21:30: [Errno 2] No such file or directory: '/gws/ssde/j25b/swift/nflics_nowcasts/2019/09/06/2130/Nowcast_201909062130_000.nc'
Skipping 2019-09-06 21:45: [Errno 2] No such file or directory: '/gws/ssde/j25b/swift/nflics_nowcasts/2019/09/06/2145/Nowcast_201909062145_000.nc'
Skipping 2019-09-08 21:00: [Errno 2] No such file or directory: '/gws/ssde/j25b/swift/nflics_nowcasts/2019/09/08/2100/Nowcast_201909082100_000.nc'
Skipping 2019-09-08 21:15: [Errno 2] No such file or directory: '/gws/ssde/j25b/swift/nflics_nowcasts/2019/09/08/2115/Nowcast_201909082115_000.nc'
Skipping 2019-09-08 21:30: [Errno 2] No such file or directory: '/gws/ssde/j25b/swift/nflics_nowcasts/2019/09/08/2130/Nowcast_201909082130_000.nc'
Skipping 2019-09-08 21:45: [Errno 2] No such file or directory: '/gws/ssde/j25b/swift/nflics_nowcasts/2019/09/08/2145/Nowcast_201909082145_000.nc'
Skipping 2019-09-09 21:00: [Errno 2] No such file or directory: '/gws/ssde/j25b/swift/nflics_nowcasts/2019/09/09/2100/Nowcast_201909092100_000.nc'
Skipping 2019-09-09 21:15: [Errno 2] No such file or directory: '/gws/ssde/j25b/swift/nflics_nowcasts/2019/09/09/2115/Nowcast_201909092115_000.nc'
Skipping 2019-09-09 21:30: [Errno 2] No such file or directory: '/gws/ssde/j25b/swift/nflics_nowcasts/2019/09/09/2130/Nowcast_201909092130_000.nc'
Skipping 2019-09-09 21:45: [Errno 2] No such file or directory: '/gws/ssde/j25b/swift/nflics_nowcasts/2019/09/09/2145/Nowcast_201909092145_000.nc'
Skipping 2019-09-10 21:00: [Errno 2] No such file or directory: '/gws/ssde/j25b/swift/nflics_nowcasts/2019/09/10/2100/Nowcast_201909102100_000.nc'
Skipping 2019-09-10 21:15: [Errno 2] No such file or directory: '/gws/ssde/j25b/swift/nflics_nowcasts/2019/09/10/2115/Nowcast_201909102115_000.nc'
Skipping 2019-09-10 21:30: [Errno 2] No such file or directory: '/gws/ssde/j25b/swift/nflics_nowcasts/2019/09/10/2130/Nowcast_201909102130_000.nc'
Skipping 2019-09-10 21:45: [Errno 2] No such file or directory: '/gws/ssde/j25b/swift/nflics_nowcasts/2019/09/10/2145/Nowcast_201909102145_000.nc'
Skipping 2019-09-11 21:00: [Errno 2] No such file or directory: '/gws/ssde/j25b/swift/nflics_nowcasts/2019/09/11/2100/Nowcast_201909112100_000.nc'
Skipping 2019-09-11 21:15: [Errno 2] No such file or directory: '/gws/ssde/j25b/swift/nflics_nowcasts/2019/09/11/2115/Nowcast_201909112115_000.nc'
Skipping 2019-09-11 21:30: [Errno 2] No such file or directory: '/gws/ssde/j25b/swift/nflics_nowcasts/2019/09/11/2130/Nowcast_201909112130_000.nc'
Skipping 2019-09-11 21:45: [Errno 2] No such file or directory: '/gws/ssde/j25b/swift/nflics_nowcasts/2019/09/11/2145/Nowcast_201909112145_000.nc'
Skipping 2019-09-13 21:00: [Errno 2] No such file or directory: '/gws/ssde/j25b/swift/nflics_nowcasts/2019/09/13/2100/Nowcast_201909132100_000.nc'
Skipping 2019-09-13 21:15: [Errno 2] No such file or directory: '/gws/ssde/j25b/swift/nflics_nowcasts/2019/09/13/2115/Nowcast_201909132115_000.nc'
Skipping 2019-09-13 21:30: [Errno 2] No such file or directory: '/gws/ssde/j25b/swift/nflics_nowcasts/2019/09/13/2130/Nowcast_201909132130_000.nc'
Skipping 2019-09-13 21:45: [Errno 2] No such file or directory: '/gws/ssde/j25b/swift/nflics_nowcasts/2019/09/13/2145/Nowcast_201909132145_000.nc'
Skipping 2019-09-14 21:00: [Errno 2] No such file or directory: '/gws/ssde/j25b/swift/nflics_nowcasts/2019/09/14/2100/Nowcast_201909142100_000.nc'
Skipping 2019-09-14 21:15: [Errno 2] No such file or directory: '/gws/ssde/j25b/swift/nflics_nowcasts/2019/09/14/2115/Nowcast_201909142115_000.nc'
Skipping 2019-09-14 21:30: [Errno 2] No such file or directory: '/gws/ssde/j25b/swift/nflics_nowcasts/2019/09/14/2130/Nowcast_201909142130_000.nc'
Skipping 2019-09-14 21:45: [Errno 2] No such file or directory: '/gws/ssde/j25b/swift/nflics_nowcasts/2019/09/14/2145/Nowcast_201909142145_000.nc'
Skipping 2019-09-15 21:00: [Errno 2] No such file or directory: '/gws/ssde/j25b/swift/nflics_nowcasts/2019/09/15/2100/Nowcast_201909152100_000.nc'
Skipping 2019-09-15 21:15: [Errno 2] No such file or directory: '/gws/ssde/j25b/swift/nflics_nowcasts/2019/09/15/2115/Nowcast_201909152115_000.nc'
Skipping 2019-09-15 21:30: [Errno 2] No such file or directory: '/gws/ssde/j25b/swift/nflics_nowcasts/2019/09/15/2130/Nowcast_201909152130_000.nc'
Skipping 2019-09-15 21:45: [Errno 2] No such file or directory: '/gws/ssde/j25b/swift/nflics_nowcasts/2019/09/15/2145/Nowcast_201909152145_000.nc'
Skipping 2019-09-16 21:00: [Errno 2] No such file or directory: '/gws/ssde/j25b/swift/nflics_nowcasts/2019/09/16/2100/Nowcast_201909162100_000.nc'
Skipping 2019-09-16 21:15: [Errno 2] No such file or directory: '/gws/ssde/j25b/swift/nflics_nowcasts/2019/09/16/2115/Nowcast_201909162115_000.nc'
Skipping 2019-09-16 21:30: [Errno 2] No such file or directory: '/gws/ssde/j25b/swift/nflics_nowcasts/2019/09/16/2130/Nowcast_201909162130_000.nc'
Skipping 2019-09-16 21:45: [Errno 2] No such file or directory: '/gws/ssde/j25b/swift/nflics_nowcasts/2019/09/16/2145/Nowcast_201909162145_000.nc'
Skipping 2019-09-17 21:00: [Errno 2] No such file or directory: '/gws/ssde/j25b/swift/nflics_nowcasts/2019/09/17/2100/Nowcast_201909172100_000.nc'
Skipping 2019-09-17 21:15: [Errno 2] No such file or directory: '/gws/ssde/j25b/swift/nflics_nowcasts/2019/09/17/2115/Nowcast_201909172115_000.nc'
Skipping 2019-09-17 21:30: [Errno 2] No such file or directory: '/gws/ssde/j25b/swift/nflics_nowcasts/2019/09/17/2130/Nowcast_201909172130_000.nc'
Skipping 2019-09-17 21:45: [Errno 2] No such file or directory: '/gws/ssde/j25b/swift/nflics_nowcasts/2019/09/17/2145/Nowcast_201909172145_000.nc'
Skipping 2019-09-18 21:00: [Errno 2] No such file or directory: '/gws/ssde/j25b/swift/nflics_nowcasts/2019/09/18/2100/Nowcast_201909182100_000.nc'
Skipping 2019-09-18 21:15: [Errno 2] No such file or directory: '/gws/ssde/j25b/swift/nflics_nowcasts/2019/09/18/2115/Nowcast_201909182115_000.nc'
Skipping 2019-09-18 21:30: [Errno 2] No such file or directory: '/gws/ssde/j25b/swift/nflics_nowcasts/2019/09/18/2130/Nowcast_201909182130_000.nc'
Skipping 2019-09-18 21:45: [Errno 2] No such file or directory: '/gws/ssde/j25b/swift/nflics_nowcasts/2019/09/18/2145/Nowcast_201909182145_000.nc'
Skipping 2019-09-19 21:00: [Errno 2] No such file or directory: '/gws/ssde/j25b/swift/nflics_nowcasts/2019/09/19/2100/Nowcast_201909192100_000.nc'
Skipping 2019-09-19 21:15: [Errno 2] No such file or directory: '/gws/ssde/j25b/swift/nflics_nowcasts/2019/09/19/2115/Nowcast_201909192115_000.nc'
Skipping 2019-09-19 21:30: [Errno 2] No such file or directory: '/gws/ssde/j25b/swift/nflics_nowcasts/2019/09/19/2130/Nowcast_201909192130_000.nc'
Skipping 2019-09-19 21:45: [Errno 2] No such file or directory: '/gws/ssde/j25b/swift/nflics_nowcasts/2019/09/19/2145/Nowcast_201909192145_000.nc'
Skipping 2019-09-20 21:00: [Errno 2] No such file or directory: '/gws/ssde/j25b/swift/nflics_nowcasts/2019/09/20/2100/Nowcast_201909202100_000.nc'
Skipping 2019-09-20 21:15: [Errno 2] No such file or directory: '/gws/ssde/j25b/swift/nflics_nowcasts/2019/09/20/2115/Nowcast_201909202115_000.nc'
Skipping 2019-09-20 21:30: [Errno 2] No such file or directory: '/gws/ssde/j25b/swift/nflics_nowcasts/2019/09/20/2130/Nowcast_201909202130_000.nc'
Skipping 2019-09-20 21:45: [Errno 2] No such file or directory: '/gws/ssde/j25b/swift/nflics_nowcasts/2019/09/20/2145/Nowcast_201909202145_000.nc'
Skipping 2019-09-21 21:00: [Errno 2] No such file or directory: '/gws/ssde/j25b/swift/nflics_nowcasts/2019/09/21/2100/Nowcast_201909212100_000.nc'
Skipping 2019-09-21 21:15: [Errno 2] No such file or directory: '/gws/ssde/j25b/swift/nflics_nowcasts/2019/09/21/2115/Nowcast_201909212115_000.nc'
Skipping 2019-09-21 21:30: [Errno 2] No such file or directory: '/gws/ssde/j25b/swift/nflics_nowcasts/2019/09/21/2130/Nowcast_201909212130_000.nc'
Skipping 2019-09-21 21:45: [Errno 2] No such file or directory: '/gws/ssde/j25b/swift/nflics_nowcasts/2019/09/21/2145/Nowcast_201909212145_000.nc'
Skipping 2019-09-22 21:00: [Errno 2] No such file or directory: '/gws/ssde/j25b/swift/nflics_nowcasts/2019/09/22/2100/Nowcast_201909222100_000.nc'
Skipping 2019-09-22 21:15: [Errno 2] No such file or directory: '/gws/ssde/j25b/swift/nflics_nowcasts/2019/09/22/2115/Nowcast_201909222115_000.nc'
Skipping 2019-09-22 21:30: [Errno 2] No such file or directory: '/gws/ssde/j25b/swift/nflics_nowcasts/2019/09/22/2130/Nowcast_201909222130_000.nc'
Skipping 2019-09-22 21:45: [Errno 2] No such file or directory: '/gws/ssde/j25b/swift/nflics_nowcasts/2019/09/22/2145/Nowcast_201909222145_000.nc'
Skipping 2019-09-23 21:00: [Errno 2] No such file or directory: '/gws/ssde/j25b/swift/nflics_nowcasts/2019/09/23/2100/Nowcast_201909232100_000.nc'
Skipping 2019-09-23 21:15: [Errno 2] No such file or directory: '/gws/ssde/j25b/swift/nflics_nowcasts/2019/09/23/2115/Nowcast_201909232115_000.nc'
Skipping 2019-09-23 21:30: [Errno 2] No such file or directory: '/gws/ssde/j25b/swift/nflics_nowcasts/2019/09/23/2130/Nowcast_201909232130_000.nc'
Skipping 2019-09-23 21:45: [Errno 2] No such file or directory: '/gws/ssde/j25b/swift/nflics_nowcasts/2019/09/23/2145/Nowcast_201909232145_000.nc'
Skipping 2019-09-24 21:00: [Errno 2] No such file or directory: '/gws/ssde/j25b/swift/nflics_nowcasts/2019/09/24/2100/Nowcast_201909242100_000.nc'
Skipping 2019-09-24 21:15: [Errno 2] No such file or directory: '/gws/ssde/j25b/swift/nflics_nowcasts/2019/09/24/2115/Nowcast_201909242115_000.nc'
Skipping 2019-09-24 21:30: [Errno 2] No such file or directory: '/gws/ssde/j25b/swift/nflics_nowcasts/2019/09/24/2130/Nowcast_201909242130_000.nc'
Skipping 2019-09-24 21:45: [Errno 2] No such file or directory: '/gws/ssde/j25b/swift/nflics_nowcasts/2019/09/24/2145/Nowcast_201909242145_000.nc'
Skipping 2019-09-25 21:00: [Errno 2] No such file or directory: '/gws/ssde/j25b/swift/nflics_nowcasts/2019/09/25/2100/Nowcast_201909252100_000.nc'
Skipping 2019-09-25 21:15: [Errno 2] No such file or directory: '/gws/ssde/j25b/swift/nflics_nowcasts/2019/09/25/2115/Nowcast_201909252115_000.nc'
Skipping 2019-09-25 21:30: [Errno 2] No such file or directory: '/gws/ssde/j25b/swift/nflics_nowcasts/2019/09/25/2130/Nowcast_201909252130_000.nc'
Skipping 2019-09-25 21:45: [Errno 2] No such file or directory: '/gws/ssde/j25b/swift/nflics_nowcasts/2019/09/25/2145/Nowcast_201909252145_000.nc'
Skipping 2019-09-26 21:00: [Errno 2] No such file or directory: '/gws/ssde/j25b/swift/nflics_nowcasts/2019/09/26/2100/Nowcast_201909262100_000.nc'
Skipping 2019-09-27 21:00: [Errno 2] No such file or directory: '/gws/ssde/j25b/swift/nflics_nowcasts/2019/09/27/2100/Nowcast_201909272100_000.nc'
Skipping 2019-09-27 21:15: [Errno 2] No such file or directory: '/gws/ssde/j25b/swift/nflics_nowcasts/2019/09/27/2115/Nowcast_201909272115_000.nc'
Skipping 2019-09-27 21:30: [Errno 2] No such file or directory: '/gws/ssde/j25b/swift/nflics_nowcasts/2019/09/27/2130/Nowcast_201909272130_000.nc'
Skipping 2019-09-27 21:45: [Errno 2] No such file or directory: '/gws/ssde/j25b/swift/nflics_nowcasts/2019/09/27/2145/Nowcast_201909272145_000.nc'
Skipping 2019-09-28 21:00: [Errno 2] No such file or directory: '/gws/ssde/j25b/swift/nflics_nowcasts/2019/09/28/2100/Nowcast_201909282100_000.nc'
Skipping 2019-09-28 21:15: [Errno 2] No such file or directory: '/gws/ssde/j25b/swift/nflics_nowcasts/2019/09/28/2115/Nowcast_201909282115_000.nc'
Skipping 2019-09-28 21:30: [Errno 2] No such file or directory: '/gws/ssde/j25b/swift/nflics_nowcasts/2019/09/28/2130/Nowcast_201909282130_000.nc'
Skipping 2019-09-29 21:00: [Errno 2] No such file or directory: '/gws/ssde/j25b/swift/nflics_nowcasts/2019/09/29/2100/Nowcast_201909292100_000.nc'
Skipping 2019-09-29 21:15: [Errno 2] No such file or directory: '/gws/ssde/j25b/swift/nflics_nowcasts/2019/09/29/2115/Nowcast_201909292115_000.nc'
Skipping 2019-09-29 21:30: [Errno 2] No such file or directory: '/gws/ssde/j25b/swift/nflics_nowcasts/2019/09/29/2130/Nowcast_201909292130_000.nc'
Skipping 2019-09-29 21:45: [Errno 2] No such file or directory: '/gws/ssde/j25b/swift/nflics_nowcasts/2019/09/29/2145/Nowcast_201909292145_000.nc'
Skipping 2019-09-30 21:00: [Errno 2] No such file or directory: '/gws/ssde/j25b/swift/nflics_nowcasts/2019/09/30/2100/Nowcast_201909302100_000.nc'
Skipping 2019-09-30 21:15: [Errno 2] No such file or directory: '/gws/ssde/j25b/swift/nflics_nowcasts/2019/09/30/2115/Nowcast_201909302115_000.nc'
Skipping 2019-09-30 21:30: [Errno 2] No such file or directory: '/gws/ssde/j25b/swift/nflics_nowcasts/2019/09/30/2130/Nowcast_201909302130_000.nc'
Skipping 2019-09-30 21:45: [Errno 2] No such file or directory: '/gws/ssde/j25b/swift/nflics_nowcasts/2019/09/30/2145/Nowcast_201909302145_000.nc'
All ensemble nowcasts completed on CPU.
======================================================
 Job completed successfully at Sat 29 Nov 12:13:04 GMT 2025
======================================================
