======================================================
 Job started on host1086.jc.rl.ac.uk at Sat 29 Nov 12:12:58 GMT 2025
======================================================
Running ensemble nowcast inference:
 Lead time : 3
 Year      : 2019
 Month     : 09
 Hour      : 22
======================================================
Running on CPU with 8 threads
Loaded 5 ensemble models on CPU
Detected 105 inputs for 2019-09 22 UTC
Skipping 2019-09-01 22:00: [Errno 2] No such file or directory: '/gws/ssde/j25b/swift/nflics_nowcasts/2019/09/01/2200/Nowcast_201909012200_000.nc'
Skipping 2019-09-01 22:15: [Errno 2] No such file or directory: '/gws/ssde/j25b/swift/nflics_nowcasts/2019/09/01/2215/Nowcast_201909012215_000.nc'
Skipping 2019-09-01 22:30: [Errno 2] No such file or directory: '/gws/ssde/j25b/swift/nflics_nowcasts/2019/09/01/2230/Nowcast_201909012230_000.nc'
Skipping 2019-09-01 22:45: [Errno 2] No such file or directory: '/gws/ssde/j25b/swift/nflics_nowcasts/2019/09/01/2245/Nowcast_201909012245_000.nc'
Skipping 2019-09-02 22:00: [Errno 2] No such file or directory: '/gws/ssde/j25b/swift/nflics_nowcasts/2019/09/02/2200/Nowcast_201909022200_000.nc'
Skipping 2019-09-02 22:15: [Errno 2] No such file or directory: '/gws/ssde/j25b/swift/nflics_nowcasts/2019/09/02/2215/Nowcast_201909022215_000.nc'
Skipping 2019-09-02 22:30: [Errno 2] No such file or directory: '/gws/ssde/j25b/swift/nflics_nowcasts/2019/09/02/2230/Nowcast_201909022230_000.nc'
Skipping 2019-09-02 22:45: [Errno 2] No such file or directory: '/gws/ssde/j25b/swift/nflics_nowcasts/2019/09/02/2245/Nowcast_201909022245_000.nc'
Skipping 2019-09-03 22:00: [Errno 2] No such file or directory: '/gws/ssde/j25b/swift/nflics_nowcasts/2019/09/03/2200/Nowcast_201909032200_000.nc'
Skipping 2019-09-03 22:15: [Errno 2] No such file or directory: '/gws/ssde/j25b/swift/nflics_nowcasts/2019/09/03/2215/Nowcast_201909032215_000.nc'
Skipping 2019-09-03 22:30: [Errno 2] No such file or directory: '/gws/ssde/j25b/swift/nflics_nowcasts/2019/09/03/2230/Nowcast_201909032230_000.nc'
Skipping 2019-09-03 22:45: [Errno 2] No such file or directory: '/gws/ssde/j25b/swift/nflics_nowcasts/2019/09/03/2245/Nowcast_201909032245_000.nc'
Skipping 2019-09-04 22:00: [Errno 2] No such file or directory: '/gws/ssde/j25b/swift/nflics_nowcasts/2019/09/04/2200/Nowcast_201909042200_000.nc'
Skipping 2019-09-04 22:15: [Errno 2] No such file or directory: '/gws/ssde/j25b/swift/nflics_nowcasts/2019/09/04/2215/Nowcast_201909042215_000.nc'
Skipping 2019-09-04 22:30: [Errno 2] No such file or directory: '/gws/ssde/j25b/swift/nflics_nowcasts/2019/09/04/2230/Nowcast_201909042230_000.nc'
Skipping 2019-09-04 22:45: [Errno 2] No such file or directory: '/gws/ssde/j25b/swift/nflics_nowcasts/2019/09/04/2245/Nowcast_201909042245_000.nc'
Skipping 2019-09-05 22:00: [Errno 2] No such file or directory: '/gws/ssde/j25b/swift/nflics_nowcasts/2019/09/05/2200/Nowcast_201909052200_000.nc'
Skipping 2019-09-05 22:15: [Errno 2] No such file or directory: '/gws/ssde/j25b/swift/nflics_nowcasts/2019/09/05/2215/Nowcast_201909052215_000.nc'
Skipping 2019-09-05 22:30: [Errno 2] No such file or directory: '/gws/ssde/j25b/swift/nflics_nowcasts/2019/09/05/2230/Nowcast_201909052230_000.nc'
Skipping 2019-09-05 22:45: [Errno 2] No such file or directory: '/gws/ssde/j25b/swift/nflics_nowcasts/2019/09/05/2245/Nowcast_201909052245_000.nc'
Skipping 2019-09-06 22:00: [Errno 2] No such file or directory: '/gws/ssde/j25b/swift/nflics_nowcasts/2019/09/06/2200/Nowcast_201909062200_000.nc'
Skipping 2019-09-06 22:15: [Errno 2] No such file or directory: '/gws/ssde/j25b/swift/nflics_nowcasts/2019/09/06/2215/Nowcast_201909062215_000.nc'
Skipping 2019-09-06 22:30: [Errno 2] No such file or directory: '/gws/ssde/j25b/swift/nflics_nowcasts/2019/09/06/2230/Nowcast_201909062230_000.nc'
Skipping 2019-09-06 22:45: [Errno 2] No such file or directory: '/gws/ssde/j25b/swift/nflics_nowcasts/2019/09/06/2245/Nowcast_201909062245_000.nc'
Skipping 2019-09-08 22:00: [Errno 2] No such file or directory: '/gws/ssde/j25b/swift/nflics_nowcasts/2019/09/08/2200/Nowcast_201909082200_000.nc'
Skipping 2019-09-08 22:15: [Errno 2] No such file or directory: '/gws/ssde/j25b/swift/nflics_nowcasts/2019/09/08/2215/Nowcast_201909082215_000.nc'
Skipping 2019-09-08 22:30: [Errno 2] No such file or directory: '/gws/ssde/j25b/swift/nflics_nowcasts/2019/09/08/2230/Nowcast_201909082230_000.nc'
Skipping 2019-09-08 22:45: [Errno 2] No such file or directory: '/gws/ssde/j25b/swift/nflics_nowcasts/2019/09/08/2245/Nowcast_201909082245_000.nc'
Skipping 2019-09-09 22:00: [Errno 2] No such file or directory: '/gws/ssde/j25b/swift/nflics_nowcasts/2019/09/09/2200/Nowcast_201909092200_000.nc'
Skipping 2019-09-09 22:15: [Errno 2] No such file or directory: '/gws/ssde/j25b/swift/nflics_nowcasts/2019/09/09/2215/Nowcast_201909092215_000.nc'
Skipping 2019-09-09 22:30: [Errno 2] No such file or directory: '/gws/ssde/j25b/swift/nflics_nowcasts/2019/09/09/2230/Nowcast_201909092230_000.nc'
Skipping 2019-09-09 22:45: [Errno 2] No such file or directory: '/gws/ssde/j25b/swift/nflics_nowcasts/2019/09/09/2245/Nowcast_201909092245_000.nc'
Skipping 2019-09-10 22:00: [Errno 2] No such file or directory: '/gws/ssde/j25b/swift/nflics_nowcasts/2019/09/10/2200/Nowcast_201909102200_000.nc'
Skipping 2019-09-10 22:15: [Errno 2] No such file or directory: '/gws/ssde/j25b/swift/nflics_nowcasts/2019/09/10/2215/Nowcast_201909102215_000.nc'
Skipping 2019-09-10 22:30: [Errno 2] No such file or directory: '/gws/ssde/j25b/swift/nflics_nowcasts/2019/09/10/2230/Nowcast_201909102230_000.nc'
Skipping 2019-09-11 22:00: [Errno 2] No such file or directory: '/gws/ssde/j25b/swift/nflics_nowcasts/2019/09/11/2200/Nowcast_201909112200_000.nc'
Skipping 2019-09-11 22:15: [Errno 2] No such file or directory: '/gws/ssde/j25b/swift/nflics_nowcasts/2019/09/11/2215/Nowcast_201909112215_000.nc'
Skipping 2019-09-11 22:30: [Errno 2] No such file or directory: '/gws/ssde/j25b/swift/nflics_nowcasts/2019/09/11/2230/Nowcast_201909112230_000.nc'
Skipping 2019-09-11 22:45: [Errno 2] No such file or directory: '/gws/ssde/j25b/swift/nflics_nowcasts/2019/09/11/2245/Nowcast_201909112245_000.nc'
Skipping 2019-09-12 22:00: [Errno 2] No such file or directory: '/gws/ssde/j25b/swift/nflics_nowcasts/2019/09/12/2200/Nowcast_201909122200_000.nc'
Skipping 2019-09-13 22:00: [Errno 2] No such file or directory: '/gws/ssde/j25b/swift/nflics_nowcasts/2019/09/13/2200/Nowcast_201909132200_000.nc'
Skipping 2019-09-13 22:15: [Errno 2] No such file or directory: '/gws/ssde/j25b/swift/nflics_nowcasts/2019/09/13/2215/Nowcast_201909132215_000.nc'
Skipping 2019-09-13 22:30: [Errno 2] No such file or directory: '/gws/ssde/j25b/swift/nflics_nowcasts/2019/09/13/2230/Nowcast_201909132230_000.nc'
Skipping 2019-09-13 22:45: [Errno 2] No such file or directory: '/gws/ssde/j25b/swift/nflics_nowcasts/2019/09/13/2245/Nowcast_201909132245_000.nc'
Skipping 2019-09-14 22:00: [Errno 2] No such file or directory: '/gws/ssde/j25b/swift/nflics_nowcasts/2019/09/14/2200/Nowcast_201909142200_000.nc'
Skipping 2019-09-14 22:15: [Errno 2] No such file or directory: '/gws/ssde/j25b/swift/nflics_nowcasts/2019/09/14/2215/Nowcast_201909142215_000.nc'
Skipping 2019-09-14 22:30: [Errno 2] No such file or directory: '/gws/ssde/j25b/swift/nflics_nowcasts/2019/09/14/2230/Nowcast_201909142230_000.nc'
Skipping 2019-09-14 22:45: [Errno 2] No such file or directory: '/gws/ssde/j25b/swift/nflics_nowcasts/2019/09/14/2245/Nowcast_201909142245_000.nc'
Skipping 2019-09-15 22:00: [Errno 2] No such file or directory: '/gws/ssde/j25b/swift/nflics_nowcasts/2019/09/15/2200/Nowcast_201909152200_000.nc'
Skipping 2019-09-15 22:15: [Errno 2] No such file or directory: '/gws/ssde/j25b/swift/nflics_nowcasts/2019/09/15/2215/Nowcast_201909152215_000.nc'
Skipping 2019-09-15 22:30: [Errno 2] No such file or directory: '/gws/ssde/j25b/swift/nflics_nowcasts/2019/09/15/2230/Nowcast_201909152230_000.nc'
Skipping 2019-09-15 22:45: [Errno 2] No such file or directory: '/gws/ssde/j25b/swift/nflics_nowcasts/2019/09/15/2245/Nowcast_201909152245_000.nc'
Skipping 2019-09-16 22:00: [Errno 2] No such file or directory: '/gws/ssde/j25b/swift/nflics_nowcasts/2019/09/16/2200/Nowcast_201909162200_000.nc'
Skipping 2019-09-16 22:15: [Errno 2] No such file or directory: '/gws/ssde/j25b/swift/nflics_nowcasts/2019/09/16/2215/Nowcast_201909162215_000.nc'
Skipping 2019-09-16 22:30: [Errno 2] No such file or directory: '/gws/ssde/j25b/swift/nflics_nowcasts/2019/09/16/2230/Nowcast_201909162230_000.nc'
Skipping 2019-09-16 22:45: [Errno 2] No such file or directory: '/gws/ssde/j25b/swift/nflics_nowcasts/2019/09/16/2245/Nowcast_201909162245_000.nc'
Skipping 2019-09-17 22:00: [Errno 2] No such file or directory: '/gws/ssde/j25b/swift/nflics_nowcasts/2019/09/17/2200/Nowcast_201909172200_000.nc'
Skipping 2019-09-17 22:15: [Errno 2] No such file or directory: '/gws/ssde/j25b/swift/nflics_nowcasts/2019/09/17/2215/Nowcast_201909172215_000.nc'
Skipping 2019-09-17 22:30: [Errno 2] No such file or directory: '/gws/ssde/j25b/swift/nflics_nowcasts/2019/09/17/2230/Nowcast_201909172230_000.nc'
Skipping 2019-09-18 22:00: [Errno 2] No such file or directory: '/gws/ssde/j25b/swift/nflics_nowcasts/2019/09/18/2200/Nowcast_201909182200_000.nc'
Skipping 2019-09-18 22:15: [Errno 2] No such file or directory: '/gws/ssde/j25b/swift/nflics_nowcasts/2019/09/18/2215/Nowcast_201909182215_000.nc'
Skipping 2019-09-18 22:30: [Errno 2] No such file or directory: '/gws/ssde/j25b/swift/nflics_nowcasts/2019/09/18/2230/Nowcast_201909182230_000.nc'
Skipping 2019-09-18 22:45: [Errno 2] No such file or directory: '/gws/ssde/j25b/swift/nflics_nowcasts/2019/09/18/2245/Nowcast_201909182245_000.nc'
Skipping 2019-09-19 22:00: [Errno 2] No such file or directory: '/gws/ssde/j25b/swift/nflics_nowcasts/2019/09/19/2200/Nowcast_201909192200_000.nc'
Skipping 2019-09-19 22:15: [Errno 2] No such file or directory: '/gws/ssde/j25b/swift/nflics_nowcasts/2019/09/19/2215/Nowcast_201909192215_000.nc'
Skipping 2019-09-19 22:30: [Errno 2] No such file or directory: '/gws/ssde/j25b/swift/nflics_nowcasts/2019/09/19/2230/Nowcast_201909192230_000.nc'
Skipping 2019-09-19 22:45: [Errno 2] No such file or directory: '/gws/ssde/j25b/swift/nflics_nowcasts/2019/09/19/2245/Nowcast_201909192245_000.nc'
Skipping 2019-09-20 22:00: [Errno 2] No such file or directory: '/gws/ssde/j25b/swift/nflics_nowcasts/2019/09/20/2200/Nowcast_201909202200_000.nc'
Skipping 2019-09-20 22:15: [Errno 2] No such file or directory: '/gws/ssde/j25b/swift/nflics_nowcasts/2019/09/20/2215/Nowcast_201909202215_000.nc'
Skipping 2019-09-20 22:30: [Errno 2] No such file or directory: '/gws/ssde/j25b/swift/nflics_nowcasts/2019/09/20/2230/Nowcast_201909202230_000.nc'
Skipping 2019-09-20 22:45: [Errno 2] No such file or directory: '/gws/ssde/j25b/swift/nflics_nowcasts/2019/09/20/2245/Nowcast_201909202245_000.nc'
Skipping 2019-09-21 22:00: [Errno 2] No such file or directory: '/gws/ssde/j25b/swift/nflics_nowcasts/2019/09/21/2200/Nowcast_201909212200_000.nc'
Skipping 2019-09-21 22:15: [Errno 2] No such file or directory: '/gws/ssde/j25b/swift/nflics_nowcasts/2019/09/21/2215/Nowcast_201909212215_000.nc'
Skipping 2019-09-21 22:30: [Errno 2] No such file or directory: '/gws/ssde/j25b/swift/nflics_nowcasts/2019/09/21/2230/Nowcast_201909212230_000.nc'
Skipping 2019-09-21 22:45: [Errno 2] No such file or directory: '/gws/ssde/j25b/swift/nflics_nowcasts/2019/09/21/2245/Nowcast_201909212245_000.nc'
Skipping 2019-09-22 22:00: [Errno 2] No such file or directory: '/gws/ssde/j25b/swift/nflics_nowcasts/2019/09/22/2200/Nowcast_201909222200_000.nc'
Skipping 2019-09-22 22:15: [Errno 2] No such file or directory: '/gws/ssde/j25b/swift/nflics_nowcasts/2019/09/22/2215/Nowcast_201909222215_000.nc'
Skipping 2019-09-22 22:30: [Errno 2] No such file or directory: '/gws/ssde/j25b/swift/nflics_nowcasts/2019/09/22/2230/Nowcast_201909222230_000.nc'
Skipping 2019-09-22 22:45: [Errno 2] No such file or directory: '/gws/ssde/j25b/swift/nflics_nowcasts/2019/09/22/2245/Nowcast_201909222245_000.nc'
Skipping 2019-09-23 22:00: [Errno 2] No such file or directory: '/gws/ssde/j25b/swift/nflics_nowcasts/2019/09/23/2200/Nowcast_201909232200_000.nc'
Skipping 2019-09-23 22:15: [Errno 2] No such file or directory: '/gws/ssde/j25b/swift/nflics_nowcasts/2019/09/23/2215/Nowcast_201909232215_000.nc'
Skipping 2019-09-23 22:30: [Errno 2] No such file or directory: '/gws/ssde/j25b/swift/nflics_nowcasts/2019/09/23/2230/Nowcast_201909232230_000.nc'
Skipping 2019-09-23 22:45: [Errno 2] No such file or directory: '/gws/ssde/j25b/swift/nflics_nowcasts/2019/09/23/2245/Nowcast_201909232245_000.nc'
Skipping 2019-09-24 22:00: [Errno 2] No such file or directory: '/gws/ssde/j25b/swift/nflics_nowcasts/2019/09/24/2200/Nowcast_201909242200_000.nc'
Skipping 2019-09-24 22:15: [Errno 2] No such file or directory: '/gws/ssde/j25b/swift/nflics_nowcasts/2019/09/24/2215/Nowcast_201909242215_000.nc'
Skipping 2019-09-24 22:30: [Errno 2] No such file or directory: '/gws/ssde/j25b/swift/nflics_nowcasts/2019/09/24/2230/Nowcast_201909242230_000.nc'
Skipping 2019-09-24 22:45: [Errno 2] No such file or directory: '/gws/ssde/j25b/swift/nflics_nowcasts/2019/09/24/2245/Nowcast_201909242245_000.nc'
Skipping 2019-09-25 22:00: [Errno 2] No such file or directory: '/gws/ssde/j25b/swift/nflics_nowcasts/2019/09/25/2200/Nowcast_201909252200_000.nc'
Skipping 2019-09-25 22:15: [Errno 2] No such file or directory: '/gws/ssde/j25b/swift/nflics_nowcasts/2019/09/25/2215/Nowcast_201909252215_000.nc'
Skipping 2019-09-25 22:30: [Errno 2] No such file or directory: '/gws/ssde/j25b/swift/nflics_nowcasts/2019/09/25/2230/Nowcast_201909252230_000.nc'
Skipping 2019-09-25 22:45: [Errno 2] No such file or directory: '/gws/ssde/j25b/swift/nflics_nowcasts/2019/09/25/2245/Nowcast_201909252245_000.nc'
Skipping 2019-09-27 22:00: [Errno 2] No such file or directory: '/gws/ssde/j25b/swift/nflics_nowcasts/2019/09/27/2200/Nowcast_201909272200_000.nc'
Skipping 2019-09-27 22:15: [Errno 2] No such file or directory: '/gws/ssde/j25b/swift/nflics_nowcasts/2019/09/27/2215/Nowcast_201909272215_000.nc'
Skipping 2019-09-27 22:30: [Errno 2] No such file or directory: '/gws/ssde/j25b/swift/nflics_nowcasts/2019/09/27/2230/Nowcast_201909272230_000.nc'
Skipping 2019-09-27 22:45: [Errno 2] No such file or directory: '/gws/ssde/j25b/swift/nflics_nowcasts/2019/09/27/2245/Nowcast_201909272245_000.nc'
Skipping 2019-09-28 22:00: [Errno 2] No such file or directory: '/gws/ssde/j25b/swift/nflics_nowcasts/2019/09/28/2200/Nowcast_201909282200_000.nc'
Skipping 2019-09-28 22:15: [Errno 2] No such file or directory: '/gws/ssde/j25b/swift/nflics_nowcasts/2019/09/28/2215/Nowcast_201909282215_000.nc'
Skipping 2019-09-28 22:30: [Errno 2] No such file or directory: '/gws/ssde/j25b/swift/nflics_nowcasts/2019/09/28/2230/Nowcast_201909282230_000.nc'
Skipping 2019-09-29 22:00: [Errno 2] No such file or directory: '/gws/ssde/j25b/swift/nflics_nowcasts/2019/09/29/2200/Nowcast_201909292200_000.nc'
Skipping 2019-09-29 22:15: [Errno 2] No such file or directory: '/gws/ssde/j25b/swift/nflics_nowcasts/2019/09/29/2215/Nowcast_201909292215_000.nc'
Skipping 2019-09-29 22:30: [Errno 2] No such file or directory: '/gws/ssde/j25b/swift/nflics_nowcasts/2019/09/29/2230/Nowcast_201909292230_000.nc'
Skipping 2019-09-30 22:00: [Errno 2] No such file or directory: '/gws/ssde/j25b/swift/nflics_nowcasts/2019/09/30/2200/Nowcast_201909302200_000.nc'
Skipping 2019-09-30 22:15: [Errno 2] No such file or directory: '/gws/ssde/j25b/swift/nflics_nowcasts/2019/09/30/2215/Nowcast_201909302215_000.nc'
Skipping 2019-09-30 22:30: [Errno 2] No such file or directory: '/gws/ssde/j25b/swift/nflics_nowcasts/2019/09/30/2230/Nowcast_201909302230_000.nc'
Skipping 2019-09-30 22:45: [Errno 2] No such file or directory: '/gws/ssde/j25b/swift/nflics_nowcasts/2019/09/30/2245/Nowcast_201909302245_000.nc'
All ensemble nowcasts completed on CPU.
======================================================
 Job completed successfully at Sat 29 Nov 12:13:05 GMT 2025
======================================================
