======================================================
 Job started on host1085.jc.rl.ac.uk at Sat 29 Nov 12:12:38 GMT 2025
======================================================
Running ensemble nowcast inference:
 Lead time : 1
 Year      : 2019
 Month     : 09
 Hour      : 03
======================================================
Running on CPU with 8 threads
Loaded 5 ensemble models on CPU
Detected 68 inputs for 2019-09 03 UTC
Skipping 2019-09-02 03:00: [Errno 2] No such file or directory: '/gws/ssde/j25b/swift/nflics_nowcasts/2019/09/02/0300/Nowcast_201909020300_000.nc'
Skipping 2019-09-02 03:15: [Errno 2] No such file or directory: '/gws/ssde/j25b/swift/nflics_nowcasts/2019/09/02/0315/Nowcast_201909020315_000.nc'
Skipping 2019-09-02 03:30: [Errno 2] No such file or directory: '/gws/ssde/j25b/swift/nflics_nowcasts/2019/09/02/0330/Nowcast_201909020330_000.nc'
Skipping 2019-09-02 03:45: [Errno 2] No such file or directory: '/gws/ssde/j25b/swift/nflics_nowcasts/2019/09/02/0345/Nowcast_201909020345_000.nc'
Skipping 2019-09-03 03:15: [Errno 2] No such file or directory: '/gws/ssde/j25b/swift/nflics_nowcasts/2019/09/03/0315/Nowcast_201909030315_000.nc'
Skipping 2019-09-03 03:30: [Errno 2] No such file or directory: '/gws/ssde/j25b/swift/nflics_nowcasts/2019/09/03/0330/Nowcast_201909030330_000.nc'
Skipping 2019-09-03 03:45: [Errno 2] No such file or directory: '/gws/ssde/j25b/swift/nflics_nowcasts/2019/09/03/0345/Nowcast_201909030345_000.nc'
Skipping 2019-09-04 03:00: [Errno 2] No such file or directory: '/gws/ssde/j25b/swift/nflics_nowcasts/2019/09/04/0300/Nowcast_201909040300_000.nc'
Skipping 2019-09-04 03:15: [Errno 2] No such file or directory: '/gws/ssde/j25b/swift/nflics_nowcasts/2019/09/04/0315/Nowcast_201909040315_000.nc'
Skipping 2019-09-04 03:30: [Errno 2] No such file or directory: '/gws/ssde/j25b/swift/nflics_nowcasts/2019/09/04/0330/Nowcast_201909040330_000.nc'
Skipping 2019-09-04 03:45: [Errno 2] No such file or directory: '/gws/ssde/j25b/swift/nflics_nowcasts/2019/09/04/0345/Nowcast_201909040345_000.nc'
Skipping 2019-09-05 03:45: [Errno 2] No such file or directory: '/gws/ssde/j25b/swift/nflics_nowcasts/2019/09/05/0345/Nowcast_201909050345_000.nc'
Skipping 2019-09-07 03:00: [Errno 2] No such file or directory: '/gws/ssde/j25b/swift/nflics_nowcasts/2019/09/07/0300/Nowcast_201909070300_000.nc'
Skipping 2019-09-07 03:15: [Errno 2] No such file or directory: '/gws/ssde/j25b/swift/nflics_nowcasts/2019/09/07/0315/Nowcast_201909070315_000.nc'
Skipping 2019-09-07 03:30: [Errno 2] No such file or directory: '/gws/ssde/j25b/swift/nflics_nowcasts/2019/09/07/0330/Nowcast_201909070330_000.nc'
Skipping 2019-09-07 03:45: [Errno 2] No such file or directory: '/gws/ssde/j25b/swift/nflics_nowcasts/2019/09/07/0345/Nowcast_201909070345_000.nc'
Skipping 2019-09-09 03:15: [Errno 2] No such file or directory: '/gws/ssde/j25b/swift/nflics_nowcasts/2019/09/09/0315/Nowcast_201909090315_000.nc'
Skipping 2019-09-09 03:30: [Errno 2] No such file or directory: '/gws/ssde/j25b/swift/nflics_nowcasts/2019/09/09/0330/Nowcast_201909090330_000.nc'
Skipping 2019-09-09 03:45: [Errno 2] No such file or directory: '/gws/ssde/j25b/swift/nflics_nowcasts/2019/09/09/0345/Nowcast_201909090345_000.nc'
Skipping 2019-09-10 03:00: [Errno 2] No such file or directory: '/gws/ssde/j25b/swift/nflics_nowcasts/2019/09/10/0300/Nowcast_201909100300_000.nc'
Skipping 2019-09-10 03:15: [Errno 2] No such file or directory: '/gws/ssde/j25b/swift/nflics_nowcasts/2019/09/10/0315/Nowcast_201909100315_000.nc'
Skipping 2019-09-10 03:30: [Errno 2] No such file or directory: '/gws/ssde/j25b/swift/nflics_nowcasts/2019/09/10/0330/Nowcast_201909100330_000.nc'
Skipping 2019-09-10 03:45: [Errno 2] No such file or directory: '/gws/ssde/j25b/swift/nflics_nowcasts/2019/09/10/0345/Nowcast_201909100345_000.nc'
Skipping 2019-09-12 03:00: [Errno 2] No such file or directory: '/gws/ssde/j25b/swift/nflics_nowcasts/2019/09/12/0300/Nowcast_201909120300_000.nc'
Skipping 2019-09-12 03:15: [Errno 2] No such file or directory: '/gws/ssde/j25b/swift/nflics_nowcasts/2019/09/12/0315/Nowcast_201909120315_000.nc'
Skipping 2019-09-12 03:30: [Errno 2] No such file or directory: '/gws/ssde/j25b/swift/nflics_nowcasts/2019/09/12/0330/Nowcast_201909120330_000.nc'
Skipping 2019-09-12 03:45: [Errno 2] No such file or directory: '/gws/ssde/j25b/swift/nflics_nowcasts/2019/09/12/0345/Nowcast_201909120345_000.nc'
Skipping 2019-09-16 03:00: [Errno 2] No such file or directory: '/gws/ssde/j25b/swift/nflics_nowcasts/2019/09/16/0300/Nowcast_201909160300_000.nc'
Skipping 2019-09-16 03:15: [Errno 2] No such file or directory: '/gws/ssde/j25b/swift/nflics_nowcasts/2019/09/16/0315/Nowcast_201909160315_000.nc'
Skipping 2019-09-16 03:30: [Errno 2] No such file or directory: '/gws/ssde/j25b/swift/nflics_nowcasts/2019/09/16/0330/Nowcast_201909160330_000.nc'
Skipping 2019-09-16 03:45: [Errno 2] No such file or directory: '/gws/ssde/j25b/swift/nflics_nowcasts/2019/09/16/0345/Nowcast_201909160345_000.nc'
Skipping 2019-09-17 03:00: [Errno 2] No such file or directory: '/gws/ssde/j25b/swift/nflics_nowcasts/2019/09/17/0300/Nowcast_201909170300_000.nc'
Skipping 2019-09-17 03:15: [Errno 2] No such file or directory: '/gws/ssde/j25b/swift/nflics_nowcasts/2019/09/17/0315/Nowcast_201909170315_000.nc'
Skipping 2019-09-17 03:30: [Errno 2] No such file or directory: '/gws/ssde/j25b/swift/nflics_nowcasts/2019/09/17/0330/Nowcast_201909170330_000.nc'
Skipping 2019-09-17 03:45: [Errno 2] No such file or directory: '/gws/ssde/j25b/swift/nflics_nowcasts/2019/09/17/0345/Nowcast_201909170345_000.nc'
Skipping 2019-09-19 03:30: [Errno 2] No such file or directory: '/gws/ssde/j25b/swift/nflics_nowcasts/2019/09/19/0330/Nowcast_201909190330_000.nc'
Skipping 2019-09-19 03:45: [Errno 2] No such file or directory: '/gws/ssde/j25b/swift/nflics_nowcasts/2019/09/19/0345/Nowcast_201909190345_000.nc'
Skipping 2019-09-20 03:00: [Errno 2] No such file or directory: '/gws/ssde/j25b/swift/nflics_nowcasts/2019/09/20/0300/Nowcast_201909200300_000.nc'
Skipping 2019-09-20 03:15: [Errno 2] No such file or directory: '/gws/ssde/j25b/swift/nflics_nowcasts/2019/09/20/0315/Nowcast_201909200315_000.nc'
Skipping 2019-09-20 03:30: [Errno 2] No such file or directory: '/gws/ssde/j25b/swift/nflics_nowcasts/2019/09/20/0330/Nowcast_201909200330_000.nc'
Skipping 2019-09-20 03:45: [Errno 2] No such file or directory: '/gws/ssde/j25b/swift/nflics_nowcasts/2019/09/20/0345/Nowcast_201909200345_000.nc'
Skipping 2019-09-21 03:00: [Errno 2] No such file or directory: '/gws/ssde/j25b/swift/nflics_nowcasts/2019/09/21/0300/Nowcast_201909210300_000.nc'
Skipping 2019-09-21 03:15: [Errno 2] No such file or directory: '/gws/ssde/j25b/swift/nflics_nowcasts/2019/09/21/0315/Nowcast_201909210315_000.nc'
Skipping 2019-09-21 03:30: [Errno 2] No such file or directory: '/gws/ssde/j25b/swift/nflics_nowcasts/2019/09/21/0330/Nowcast_201909210330_000.nc'
Skipping 2019-09-21 03:45: [Errno 2] No such file or directory: '/gws/ssde/j25b/swift/nflics_nowcasts/2019/09/21/0345/Nowcast_201909210345_000.nc'
Skipping 2019-09-22 03:00: [Errno 2] No such file or directory: '/gws/ssde/j25b/swift/nflics_nowcasts/2019/09/22/0300/Nowcast_201909220300_000.nc'
Skipping 2019-09-22 03:15: [Errno 2] No such file or directory: '/gws/ssde/j25b/swift/nflics_nowcasts/2019/09/22/0315/Nowcast_201909220315_000.nc'
Skipping 2019-09-22 03:30: [Errno 2] No such file or directory: '/gws/ssde/j25b/swift/nflics_nowcasts/2019/09/22/0330/Nowcast_201909220330_000.nc'
Skipping 2019-09-22 03:45: [Errno 2] No such file or directory: '/gws/ssde/j25b/swift/nflics_nowcasts/2019/09/22/0345/Nowcast_201909220345_000.nc'
Skipping 2019-09-23 03:00: [Errno 2] No such file or directory: '/gws/ssde/j25b/swift/nflics_nowcasts/2019/09/23/0300/Nowcast_201909230300_000.nc'
Skipping 2019-09-23 03:15: [Errno 2] No such file or directory: '/gws/ssde/j25b/swift/nflics_nowcasts/2019/09/23/0315/Nowcast_201909230315_000.nc'
Skipping 2019-09-23 03:30: [Errno 2] No such file or directory: '/gws/ssde/j25b/swift/nflics_nowcasts/2019/09/23/0330/Nowcast_201909230330_000.nc'
Skipping 2019-09-23 03:45: [Errno 2] No such file or directory: '/gws/ssde/j25b/swift/nflics_nowcasts/2019/09/23/0345/Nowcast_201909230345_000.nc'
Skipping 2019-09-24 03:00: [Errno 2] No such file or directory: '/gws/ssde/j25b/swift/nflics_nowcasts/2019/09/24/0300/Nowcast_201909240300_000.nc'
Skipping 2019-09-24 03:15: [Errno 2] No such file or directory: '/gws/ssde/j25b/swift/nflics_nowcasts/2019/09/24/0315/Nowcast_201909240315_000.nc'
Skipping 2019-09-24 03:30: [Errno 2] No such file or directory: '/gws/ssde/j25b/swift/nflics_nowcasts/2019/09/24/0330/Nowcast_201909240330_000.nc'
Skipping 2019-09-24 03:45: [Errno 2] No such file or directory: '/gws/ssde/j25b/swift/nflics_nowcasts/2019/09/24/0345/Nowcast_201909240345_000.nc'
Skipping 2019-09-26 03:00: [Errno 2] No such file or directory: '/gws/ssde/j25b/swift/nflics_nowcasts/2019/09/26/0300/Nowcast_201909260300_000.nc'
Skipping 2019-09-26 03:15: [Errno 2] No such file or directory: '/gws/ssde/j25b/swift/nflics_nowcasts/2019/09/26/0315/Nowcast_201909260315_000.nc'
Skipping 2019-09-26 03:30: [Errno 2] No such file or directory: '/gws/ssde/j25b/swift/nflics_nowcasts/2019/09/26/0330/Nowcast_201909260330_000.nc'
Skipping 2019-09-26 03:45: [Errno 2] No such file or directory: '/gws/ssde/j25b/swift/nflics_nowcasts/2019/09/26/0345/Nowcast_201909260345_000.nc'
Skipping 2019-09-28 03:00: [Errno 2] No such file or directory: '/gws/ssde/j25b/swift/nflics_nowcasts/2019/09/28/0300/Nowcast_201909280300_000.nc'
Skipping 2019-09-28 03:15: [Errno 2] No such file or directory: '/gws/ssde/j25b/swift/nflics_nowcasts/2019/09/28/0315/Nowcast_201909280315_000.nc'
Skipping 2019-09-28 03:30: [Errno 2] No such file or directory: '/gws/ssde/j25b/swift/nflics_nowcasts/2019/09/28/0330/Nowcast_201909280330_000.nc'
Skipping 2019-09-28 03:45: [Errno 2] No such file or directory: '/gws/ssde/j25b/swift/nflics_nowcasts/2019/09/28/0345/Nowcast_201909280345_000.nc'
Skipping 2019-09-29 03:00: [Errno 2] No such file or directory: '/gws/ssde/j25b/swift/nflics_nowcasts/2019/09/29/0300/Nowcast_201909290300_000.nc'
Skipping 2019-09-29 03:15: [Errno 2] No such file or directory: '/gws/ssde/j25b/swift/nflics_nowcasts/2019/09/29/0315/Nowcast_201909290315_000.nc'
Skipping 2019-09-29 03:30: [Errno 2] No such file or directory: '/gws/ssde/j25b/swift/nflics_nowcasts/2019/09/29/0330/Nowcast_201909290330_000.nc'
All ensemble nowcasts completed on CPU.
======================================================
 Job completed successfully at Sat 29 Nov 12:12:45 GMT 2025
======================================================
