======================================================
 Job started on host1085.jc.rl.ac.uk at Sat 29 Nov 12:10:55 GMT 2025
======================================================
Running ensemble nowcast inference:
 Lead time : 3
 Year      : 2019
 Month     : 06
 Hour      : 14
======================================================
Running on CPU with 8 threads
Loaded 5 ensemble models on CPU
Detected 82 inputs for 2019-06 14 UTC
Skipping 2019-06-01 14:00: [Errno 2] No such file or directory: '/gws/ssde/j25b/swift/nflics_nowcasts/2019/06/01/1400/Nowcast_201906011400_000.nc'
Skipping 2019-06-01 14:15: [Errno 2] No such file or directory: '/gws/ssde/j25b/swift/nflics_nowcasts/2019/06/01/1415/Nowcast_201906011415_000.nc'
Skipping 2019-06-01 14:30: [Errno 2] No such file or directory: '/gws/ssde/j25b/swift/nflics_nowcasts/2019/06/01/1430/Nowcast_201906011430_000.nc'
Skipping 2019-06-01 14:45: [Errno 2] No such file or directory: '/gws/ssde/j25b/swift/nflics_nowcasts/2019/06/01/1445/Nowcast_201906011445_000.nc'
Skipping 2019-06-02 14:00: [Errno 2] No such file or directory: '/gws/ssde/j25b/swift/nflics_nowcasts/2019/06/02/1400/Nowcast_201906021400_000.nc'
Skipping 2019-06-02 14:15: [Errno 2] No such file or directory: '/gws/ssde/j25b/swift/nflics_nowcasts/2019/06/02/1415/Nowcast_201906021415_000.nc'
Skipping 2019-06-02 14:30: [Errno 2] No such file or directory: '/gws/ssde/j25b/swift/nflics_nowcasts/2019/06/02/1430/Nowcast_201906021430_000.nc'
Skipping 2019-06-02 14:45: [Errno 2] No such file or directory: '/gws/ssde/j25b/swift/nflics_nowcasts/2019/06/02/1445/Nowcast_201906021445_000.nc'
Skipping 2019-06-03 14:00: [Errno 2] No such file or directory: '/gws/ssde/j25b/swift/nflics_nowcasts/2019/06/03/1400/Nowcast_201906031400_000.nc'
Skipping 2019-06-03 14:15: [Errno 2] No such file or directory: '/gws/ssde/j25b/swift/nflics_nowcasts/2019/06/03/1415/Nowcast_201906031415_000.nc'
Skipping 2019-06-03 14:30: [Errno 2] No such file or directory: '/gws/ssde/j25b/swift/nflics_nowcasts/2019/06/03/1430/Nowcast_201906031430_000.nc'
Skipping 2019-06-03 14:45: [Errno 2] No such file or directory: '/gws/ssde/j25b/swift/nflics_nowcasts/2019/06/03/1445/Nowcast_201906031445_000.nc'
Skipping 2019-06-04 14:00: [Errno 2] No such file or directory: '/gws/ssde/j25b/swift/nflics_nowcasts/2019/06/04/1400/Nowcast_201906041400_000.nc'
Skipping 2019-06-04 14:15: [Errno 2] No such file or directory: '/gws/ssde/j25b/swift/nflics_nowcasts/2019/06/04/1415/Nowcast_201906041415_000.nc'
Skipping 2019-06-04 14:30: [Errno 2] No such file or directory: '/gws/ssde/j25b/swift/nflics_nowcasts/2019/06/04/1430/Nowcast_201906041430_000.nc'
Skipping 2019-06-04 14:45: [Errno 2] No such file or directory: '/gws/ssde/j25b/swift/nflics_nowcasts/2019/06/04/1445/Nowcast_201906041445_000.nc'
Skipping 2019-06-07 14:30: [Errno 2] No such file or directory: '/gws/ssde/j25b/swift/nflics_nowcasts/2019/06/07/1430/Nowcast_201906071430_000.nc'
Skipping 2019-06-07 14:45: [Errno 2] No such file or directory: '/gws/ssde/j25b/swift/nflics_nowcasts/2019/06/07/1445/Nowcast_201906071445_000.nc'
Skipping 2019-06-09 14:00: [Errno 2] No such file or directory: '/gws/ssde/j25b/swift/nflics_nowcasts/2019/06/09/1400/Nowcast_201906091400_000.nc'
Skipping 2019-06-09 14:15: [Errno 2] No such file or directory: '/gws/ssde/j25b/swift/nflics_nowcasts/2019/06/09/1415/Nowcast_201906091415_000.nc'
Skipping 2019-06-09 14:30: [Errno 2] No such file or directory: '/gws/ssde/j25b/swift/nflics_nowcasts/2019/06/09/1430/Nowcast_201906091430_000.nc'
Skipping 2019-06-09 14:45: [Errno 2] No such file or directory: '/gws/ssde/j25b/swift/nflics_nowcasts/2019/06/09/1445/Nowcast_201906091445_000.nc'
Skipping 2019-06-10 14:00: [Errno 2] No such file or directory: '/gws/ssde/j25b/swift/nflics_nowcasts/2019/06/10/1400/Nowcast_201906101400_000.nc'
Skipping 2019-06-10 14:15: [Errno 2] No such file or directory: '/gws/ssde/j25b/swift/nflics_nowcasts/2019/06/10/1415/Nowcast_201906101415_000.nc'
Skipping 2019-06-10 14:30: [Errno 2] No such file or directory: '/gws/ssde/j25b/swift/nflics_nowcasts/2019/06/10/1430/Nowcast_201906101430_000.nc'
Skipping 2019-06-10 14:45: [Errno 2] No such file or directory: '/gws/ssde/j25b/swift/nflics_nowcasts/2019/06/10/1445/Nowcast_201906101445_000.nc'
Skipping 2019-06-11 14:00: [Errno 2] No such file or directory: '/gws/ssde/j25b/swift/nflics_nowcasts/2019/06/11/1400/Nowcast_201906111400_000.nc'
Skipping 2019-06-11 14:15: [Errno 2] No such file or directory: '/gws/ssde/j25b/swift/nflics_nowcasts/2019/06/11/1415/Nowcast_201906111415_000.nc'
Skipping 2019-06-11 14:30: [Errno 2] No such file or directory: '/gws/ssde/j25b/swift/nflics_nowcasts/2019/06/11/1430/Nowcast_201906111430_000.nc'
Skipping 2019-06-11 14:45: [Errno 2] No such file or directory: '/gws/ssde/j25b/swift/nflics_nowcasts/2019/06/11/1445/Nowcast_201906111445_000.nc'
Skipping 2019-06-12 14:00: [Errno 2] No such file or directory: '/gws/ssde/j25b/swift/nflics_nowcasts/2019/06/12/1400/Nowcast_201906121400_000.nc'
Skipping 2019-06-12 14:15: [Errno 2] No such file or directory: '/gws/ssde/j25b/swift/nflics_nowcasts/2019/06/12/1415/Nowcast_201906121415_000.nc'
Skipping 2019-06-12 14:30: [Errno 2] No such file or directory: '/gws/ssde/j25b/swift/nflics_nowcasts/2019/06/12/1430/Nowcast_201906121430_000.nc'
Skipping 2019-06-12 14:45: [Errno 2] No such file or directory: '/gws/ssde/j25b/swift/nflics_nowcasts/2019/06/12/1445/Nowcast_201906121445_000.nc'
Skipping 2019-06-13 14:00: [Errno 2] No such file or directory: '/gws/ssde/j25b/swift/nflics_nowcasts/2019/06/13/1400/Nowcast_201906131400_000.nc'
Skipping 2019-06-13 14:15: [Errno 2] No such file or directory: '/gws/ssde/j25b/swift/nflics_nowcasts/2019/06/13/1415/Nowcast_201906131415_000.nc'
Skipping 2019-06-13 14:30: [Errno 2] No such file or directory: '/gws/ssde/j25b/swift/nflics_nowcasts/2019/06/13/1430/Nowcast_201906131430_000.nc'
Skipping 2019-06-13 14:45: [Errno 2] No such file or directory: '/gws/ssde/j25b/swift/nflics_nowcasts/2019/06/13/1445/Nowcast_201906131445_000.nc'
Skipping 2019-06-14 14:00: [Errno 2] No such file or directory: '/gws/ssde/j25b/swift/nflics_nowcasts/2019/06/14/1400/Nowcast_201906141400_000.nc'
Skipping 2019-06-14 14:15: [Errno 2] No such file or directory: '/gws/ssde/j25b/swift/nflics_nowcasts/2019/06/14/1415/Nowcast_201906141415_000.nc'
Skipping 2019-06-14 14:30: [Errno 2] No such file or directory: '/gws/ssde/j25b/swift/nflics_nowcasts/2019/06/14/1430/Nowcast_201906141430_000.nc'
Skipping 2019-06-14 14:45: [Errno 2] No such file or directory: '/gws/ssde/j25b/swift/nflics_nowcasts/2019/06/14/1445/Nowcast_201906141445_000.nc'
Skipping 2019-06-15 14:00: [Errno 2] No such file or directory: '/gws/ssde/j25b/swift/nflics_nowcasts/2019/06/15/1400/Nowcast_201906151400_000.nc'
Skipping 2019-06-15 14:45: [Errno 2] No such file or directory: '/gws/ssde/j25b/swift/nflics_nowcasts/2019/06/15/1445/Nowcast_201906151445_000.nc'
Skipping 2019-06-16 14:00: [Errno 2] No such file or directory: '/gws/ssde/j25b/swift/nflics_nowcasts/2019/06/16/1400/Nowcast_201906161400_000.nc'
Skipping 2019-06-16 14:15: [Errno 2] No such file or directory: '/gws/ssde/j25b/swift/nflics_nowcasts/2019/06/16/1415/Nowcast_201906161415_000.nc'
Skipping 2019-06-16 14:30: [Errno 2] No such file or directory: '/gws/ssde/j25b/swift/nflics_nowcasts/2019/06/16/1430/Nowcast_201906161430_000.nc'
Skipping 2019-06-16 14:45: [Errno 2] No such file or directory: '/gws/ssde/j25b/swift/nflics_nowcasts/2019/06/16/1445/Nowcast_201906161445_000.nc'
Skipping 2019-06-17 14:00: [Errno 2] No such file or directory: '/gws/ssde/j25b/swift/nflics_nowcasts/2019/06/17/1400/Nowcast_201906171400_000.nc'
Skipping 2019-06-17 14:15: [Errno 2] No such file or directory: '/gws/ssde/j25b/swift/nflics_nowcasts/2019/06/17/1415/Nowcast_201906171415_000.nc'
Skipping 2019-06-17 14:30: [Errno 2] No such file or directory: '/gws/ssde/j25b/swift/nflics_nowcasts/2019/06/17/1430/Nowcast_201906171430_000.nc'
Skipping 2019-06-17 14:45: [Errno 2] No such file or directory: '/gws/ssde/j25b/swift/nflics_nowcasts/2019/06/17/1445/Nowcast_201906171445_000.nc'
Skipping 2019-06-20 14:00: [Errno 2] No such file or directory: '/gws/ssde/j25b/swift/nflics_nowcasts/2019/06/20/1400/Nowcast_201906201400_000.nc'
Skipping 2019-06-20 14:15: [Errno 2] No such file or directory: '/gws/ssde/j25b/swift/nflics_nowcasts/2019/06/20/1415/Nowcast_201906201415_000.nc'
Skipping 2019-06-20 14:30: [Errno 2] No such file or directory: '/gws/ssde/j25b/swift/nflics_nowcasts/2019/06/20/1430/Nowcast_201906201430_000.nc'
Skipping 2019-06-20 14:45: [Errno 2] No such file or directory: '/gws/ssde/j25b/swift/nflics_nowcasts/2019/06/20/1445/Nowcast_201906201445_000.nc'
Skipping 2019-06-21 14:00: [Errno 2] No such file or directory: '/gws/ssde/j25b/swift/nflics_nowcasts/2019/06/21/1400/Nowcast_201906211400_000.nc'
Skipping 2019-06-21 14:15: [Errno 2] No such file or directory: '/gws/ssde/j25b/swift/nflics_nowcasts/2019/06/21/1415/Nowcast_201906211415_000.nc'
Skipping 2019-06-21 14:30: [Errno 2] No such file or directory: '/gws/ssde/j25b/swift/nflics_nowcasts/2019/06/21/1430/Nowcast_201906211430_000.nc'
Skipping 2019-06-21 14:45: [Errno 2] No such file or directory: '/gws/ssde/j25b/swift/nflics_nowcasts/2019/06/21/1445/Nowcast_201906211445_000.nc'
Skipping 2019-06-22 14:00: [Errno 2] No such file or directory: '/gws/ssde/j25b/swift/nflics_nowcasts/2019/06/22/1400/Nowcast_201906221400_000.nc'
Skipping 2019-06-22 14:15: [Errno 2] No such file or directory: '/gws/ssde/j25b/swift/nflics_nowcasts/2019/06/22/1415/Nowcast_201906221415_000.nc'
Skipping 2019-06-22 14:30: [Errno 2] No such file or directory: '/gws/ssde/j25b/swift/nflics_nowcasts/2019/06/22/1430/Nowcast_201906221430_000.nc'
Skipping 2019-06-22 14:45: [Errno 2] No such file or directory: '/gws/ssde/j25b/swift/nflics_nowcasts/2019/06/22/1445/Nowcast_201906221445_000.nc'
Skipping 2019-06-24 14:15: [Errno 2] No such file or directory: '/gws/ssde/j25b/swift/nflics_nowcasts/2019/06/24/1415/Nowcast_201906241415_000.nc'
Skipping 2019-06-24 14:30: [Errno 2] No such file or directory: '/gws/ssde/j25b/swift/nflics_nowcasts/2019/06/24/1430/Nowcast_201906241430_000.nc'
Skipping 2019-06-24 14:45: [Errno 2] No such file or directory: '/gws/ssde/j25b/swift/nflics_nowcasts/2019/06/24/1445/Nowcast_201906241445_000.nc'
Skipping 2019-06-26 14:00: [Errno 2] No such file or directory: '/gws/ssde/j25b/swift/nflics_nowcasts/2019/06/26/1400/Nowcast_201906261400_000.nc'
Skipping 2019-06-26 14:15: [Errno 2] No such file or directory: '/gws/ssde/j25b/swift/nflics_nowcasts/2019/06/26/1415/Nowcast_201906261415_000.nc'
Skipping 2019-06-26 14:30: [Errno 2] No such file or directory: '/gws/ssde/j25b/swift/nflics_nowcasts/2019/06/26/1430/Nowcast_201906261430_000.nc'
Skipping 2019-06-26 14:45: [Errno 2] No such file or directory: '/gws/ssde/j25b/swift/nflics_nowcasts/2019/06/26/1445/Nowcast_201906261445_000.nc'
Skipping 2019-06-27 14:00: [Errno 2] No such file or directory: '/gws/ssde/j25b/swift/nflics_nowcasts/2019/06/27/1400/Nowcast_201906271400_000.nc'
Skipping 2019-06-27 14:15: [Errno 2] No such file or directory: '/gws/ssde/j25b/swift/nflics_nowcasts/2019/06/27/1415/Nowcast_201906271415_000.nc'
Skipping 2019-06-27 14:30: [Errno 2] No such file or directory: '/gws/ssde/j25b/swift/nflics_nowcasts/2019/06/27/1430/Nowcast_201906271430_000.nc'
Skipping 2019-06-27 14:45: [Errno 2] No such file or directory: '/gws/ssde/j25b/swift/nflics_nowcasts/2019/06/27/1445/Nowcast_201906271445_000.nc'
Skipping 2019-06-28 14:15: [Errno 2] No such file or directory: '/gws/ssde/j25b/swift/nflics_nowcasts/2019/06/28/1415/Nowcast_201906281415_000.nc'
Skipping 2019-06-29 14:00: [Errno 2] No such file or directory: '/gws/ssde/j25b/swift/nflics_nowcasts/2019/06/29/1400/Nowcast_201906291400_000.nc'
Skipping 2019-06-29 14:15: [Errno 2] No such file or directory: '/gws/ssde/j25b/swift/nflics_nowcasts/2019/06/29/1415/Nowcast_201906291415_000.nc'
Skipping 2019-06-29 14:30: [Errno 2] No such file or directory: '/gws/ssde/j25b/swift/nflics_nowcasts/2019/06/29/1430/Nowcast_201906291430_000.nc'
Skipping 2019-06-29 14:45: [Errno 2] No such file or directory: '/gws/ssde/j25b/swift/nflics_nowcasts/2019/06/29/1445/Nowcast_201906291445_000.nc'
Skipping 2019-06-30 14:30: [Errno 2] No such file or directory: '/gws/ssde/j25b/swift/nflics_nowcasts/2019/06/30/1430/Nowcast_201906301430_000.nc'
Skipping 2019-06-30 14:45: [Errno 2] No such file or directory: '/gws/ssde/j25b/swift/nflics_nowcasts/2019/06/30/1445/Nowcast_201906301445_000.nc'
All ensemble nowcasts completed on CPU.
======================================================
 Job completed successfully at Sat 29 Nov 12:11:02 GMT 2025
======================================================
