======================================================
 Job started on host1085.jc.rl.ac.uk at Sat 29 Nov 12:11:16 GMT 2025
======================================================
Running ensemble nowcast inference:
 Lead time : 6
 Year      : 2019
 Month     : 07
 Hour      : 06
======================================================
Running on CPU with 8 threads
Loaded 5 ensemble models on CPU
Detected 51 inputs for 2019-07 06 UTC
Skipping 2019-07-01 06:00: [Errno 2] No such file or directory: '/gws/ssde/j25b/swift/nflics_nowcasts/2019/07/01/0600/Nowcast_201907010600_000.nc'
Skipping 2019-07-02 06:00: [Errno 2] No such file or directory: '/gws/ssde/j25b/swift/nflics_nowcasts/2019/07/02/0600/Nowcast_201907020600_000.nc'
Skipping 2019-07-02 06:30: [Errno 2] No such file or directory: '/gws/ssde/j25b/swift/nflics_nowcasts/2019/07/02/0630/Nowcast_201907020630_000.nc'
Skipping 2019-07-02 06:45: [Errno 2] No such file or directory: '/gws/ssde/j25b/swift/nflics_nowcasts/2019/07/02/0645/Nowcast_201907020645_000.nc'
Skipping 2019-07-03 06:00: [Errno 2] No such file or directory: '/gws/ssde/j25b/swift/nflics_nowcasts/2019/07/03/0600/Nowcast_201907030600_000.nc'
Skipping 2019-07-05 06:00: [Errno 2] No such file or directory: '/gws/ssde/j25b/swift/nflics_nowcasts/2019/07/05/0600/Nowcast_201907050600_000.nc'
Skipping 2019-07-05 06:15: [Errno 2] No such file or directory: '/gws/ssde/j25b/swift/nflics_nowcasts/2019/07/05/0615/Nowcast_201907050615_000.nc'
Skipping 2019-07-05 06:30: [Errno 2] No such file or directory: '/gws/ssde/j25b/swift/nflics_nowcasts/2019/07/05/0630/Nowcast_201907050630_000.nc'
Skipping 2019-07-05 06:45: [Errno 2] No such file or directory: '/gws/ssde/j25b/swift/nflics_nowcasts/2019/07/05/0645/Nowcast_201907050645_000.nc'
Skipping 2019-07-07 06:15: [Errno 2] No such file or directory: '/gws/ssde/j25b/swift/nflics_nowcasts/2019/07/07/0615/Nowcast_201907070615_000.nc'
Skipping 2019-07-07 06:30: [Errno 2] No such file or directory: '/gws/ssde/j25b/swift/nflics_nowcasts/2019/07/07/0630/Nowcast_201907070630_000.nc'
Skipping 2019-07-07 06:45: [Errno 2] No such file or directory: '/gws/ssde/j25b/swift/nflics_nowcasts/2019/07/07/0645/Nowcast_201907070645_000.nc'
Skipping 2019-07-08 06:00: [Errno 2] No such file or directory: '/gws/ssde/j25b/swift/nflics_nowcasts/2019/07/08/0600/Nowcast_201907080600_000.nc'
Skipping 2019-07-08 06:15: [Errno 2] No such file or directory: '/gws/ssde/j25b/swift/nflics_nowcasts/2019/07/08/0615/Nowcast_201907080615_000.nc'
Skipping 2019-07-08 06:30: [Errno 2] No such file or directory: '/gws/ssde/j25b/swift/nflics_nowcasts/2019/07/08/0630/Nowcast_201907080630_000.nc'
Skipping 2019-07-08 06:45: [Errno 2] No such file or directory: '/gws/ssde/j25b/swift/nflics_nowcasts/2019/07/08/0645/Nowcast_201907080645_000.nc'
Skipping 2019-07-09 06:45: [Errno 2] No such file or directory: '/gws/ssde/j25b/swift/nflics_nowcasts/2019/07/09/0645/Nowcast_201907090645_000.nc'
Skipping 2019-07-13 06:00: [Errno 2] No such file or directory: '/gws/ssde/j25b/swift/nflics_nowcasts/2019/07/13/0600/Nowcast_201907130600_000.nc'
Skipping 2019-07-13 06:15: [Errno 2] No such file or directory: '/gws/ssde/j25b/swift/nflics_nowcasts/2019/07/13/0615/Nowcast_201907130615_000.nc'
Skipping 2019-07-13 06:30: [Errno 2] No such file or directory: '/gws/ssde/j25b/swift/nflics_nowcasts/2019/07/13/0630/Nowcast_201907130630_000.nc'
Skipping 2019-07-15 06:00: [Errno 2] No such file or directory: '/gws/ssde/j25b/swift/nflics_nowcasts/2019/07/15/0600/Nowcast_201907150600_000.nc'
Skipping 2019-07-15 06:15: [Errno 2] No such file or directory: '/gws/ssde/j25b/swift/nflics_nowcasts/2019/07/15/0615/Nowcast_201907150615_000.nc'
Skipping 2019-07-16 06:00: [Errno 2] No such file or directory: '/gws/ssde/j25b/swift/nflics_nowcasts/2019/07/16/0600/Nowcast_201907160600_000.nc'
Skipping 2019-07-16 06:15: [Errno 2] No such file or directory: '/gws/ssde/j25b/swift/nflics_nowcasts/2019/07/16/0615/Nowcast_201907160615_000.nc'
Skipping 2019-07-16 06:30: [Errno 2] No such file or directory: '/gws/ssde/j25b/swift/nflics_nowcasts/2019/07/16/0630/Nowcast_201907160630_000.nc'
Skipping 2019-07-16 06:45: [Errno 2] No such file or directory: '/gws/ssde/j25b/swift/nflics_nowcasts/2019/07/16/0645/Nowcast_201907160645_000.nc'
Skipping 2019-07-17 06:00: [Errno 2] No such file or directory: '/gws/ssde/j25b/swift/nflics_nowcasts/2019/07/17/0600/Nowcast_201907170600_000.nc'
Skipping 2019-07-17 06:15: [Errno 2] No such file or directory: '/gws/ssde/j25b/swift/nflics_nowcasts/2019/07/17/0615/Nowcast_201907170615_000.nc'
Skipping 2019-07-19 06:00: [Errno 2] No such file or directory: '/gws/ssde/j25b/swift/nflics_nowcasts/2019/07/19/0600/Nowcast_201907190600_000.nc'
Skipping 2019-07-19 06:15: [Errno 2] No such file or directory: '/gws/ssde/j25b/swift/nflics_nowcasts/2019/07/19/0615/Nowcast_201907190615_000.nc'
Skipping 2019-07-19 06:30: [Errno 2] No such file or directory: '/gws/ssde/j25b/swift/nflics_nowcasts/2019/07/19/0630/Nowcast_201907190630_000.nc'
Skipping 2019-07-19 06:45: [Errno 2] No such file or directory: '/gws/ssde/j25b/swift/nflics_nowcasts/2019/07/19/0645/Nowcast_201907190645_000.nc'
Skipping 2019-07-23 06:00: [Errno 2] No such file or directory: '/gws/ssde/j25b/swift/nflics_nowcasts/2019/07/23/0600/Nowcast_201907230600_000.nc'
Skipping 2019-07-23 06:15: [Errno 2] No such file or directory: '/gws/ssde/j25b/swift/nflics_nowcasts/2019/07/23/0615/Nowcast_201907230615_000.nc'
Skipping 2019-07-23 06:30: [Errno 2] No such file or directory: '/gws/ssde/j25b/swift/nflics_nowcasts/2019/07/23/0630/Nowcast_201907230630_000.nc'
Skipping 2019-07-23 06:45: [Errno 2] No such file or directory: '/gws/ssde/j25b/swift/nflics_nowcasts/2019/07/23/0645/Nowcast_201907230645_000.nc'
Skipping 2019-07-26 06:00: [Errno 2] No such file or directory: '/gws/ssde/j25b/swift/nflics_nowcasts/2019/07/26/0600/Nowcast_201907260600_000.nc'
Skipping 2019-07-26 06:15: [Errno 2] No such file or directory: '/gws/ssde/j25b/swift/nflics_nowcasts/2019/07/26/0615/Nowcast_201907260615_000.nc'
Skipping 2019-07-26 06:30: [Errno 2] No such file or directory: '/gws/ssde/j25b/swift/nflics_nowcasts/2019/07/26/0630/Nowcast_201907260630_000.nc'
Skipping 2019-07-26 06:45: [Errno 2] No such file or directory: '/gws/ssde/j25b/swift/nflics_nowcasts/2019/07/26/0645/Nowcast_201907260645_000.nc'
Skipping 2019-07-27 06:00: [Errno 2] No such file or directory: '/gws/ssde/j25b/swift/nflics_nowcasts/2019/07/27/0600/Nowcast_201907270600_000.nc'
Skipping 2019-07-27 06:15: [Errno 2] No such file or directory: '/gws/ssde/j25b/swift/nflics_nowcasts/2019/07/27/0615/Nowcast_201907270615_000.nc'
Skipping 2019-07-27 06:30: [Errno 2] No such file or directory: '/gws/ssde/j25b/swift/nflics_nowcasts/2019/07/27/0630/Nowcast_201907270630_000.nc'
Skipping 2019-07-27 06:45: [Errno 2] No such file or directory: '/gws/ssde/j25b/swift/nflics_nowcasts/2019/07/27/0645/Nowcast_201907270645_000.nc'
Skipping 2019-07-28 06:00: [Errno 2] No such file or directory: '/gws/ssde/j25b/swift/nflics_nowcasts/2019/07/28/0600/Nowcast_201907280600_000.nc'
Skipping 2019-07-28 06:15: [Errno 2] No such file or directory: '/gws/ssde/j25b/swift/nflics_nowcasts/2019/07/28/0615/Nowcast_201907280615_000.nc'
Skipping 2019-07-28 06:30: [Errno 2] No such file or directory: '/gws/ssde/j25b/swift/nflics_nowcasts/2019/07/28/0630/Nowcast_201907280630_000.nc'
Skipping 2019-07-28 06:45: [Errno 2] No such file or directory: '/gws/ssde/j25b/swift/nflics_nowcasts/2019/07/28/0645/Nowcast_201907280645_000.nc'
Skipping 2019-07-31 06:00: [Errno 2] No such file or directory: '/gws/ssde/j25b/swift/nflics_nowcasts/2019/07/31/0600/Nowcast_201907310600_000.nc'
Skipping 2019-07-31 06:15: [Errno 2] No such file or directory: '/gws/ssde/j25b/swift/nflics_nowcasts/2019/07/31/0615/Nowcast_201907310615_000.nc'
Skipping 2019-07-31 06:30: [Errno 2] No such file or directory: '/gws/ssde/j25b/swift/nflics_nowcasts/2019/07/31/0630/Nowcast_201907310630_000.nc'
All ensemble nowcasts completed on CPU.
======================================================
 Job completed successfully at Sat 29 Nov 12:11:23 GMT 2025
======================================================
