======================================================
 Job started on host1085.jc.rl.ac.uk at Sat 29 Nov 12:11:36 GMT 2025
======================================================
Running ensemble nowcast inference:
 Lead time : 3
 Year      : 2019
 Month     : 07
 Hour      : 14
======================================================
Running on CPU with 8 threads
Loaded 5 ensemble models on CPU
Detected 92 inputs for 2019-07 14 UTC
Skipping 2019-07-01 14:30: [Errno 2] No such file or directory: '/gws/ssde/j25b/swift/nflics_nowcasts/2019/07/01/1430/Nowcast_201907011430_000.nc'
Skipping 2019-07-02 14:00: [Errno 2] No such file or directory: '/gws/ssde/j25b/swift/nflics_nowcasts/2019/07/02/1400/Nowcast_201907021400_000.nc'
Skipping 2019-07-02 14:15: [Errno 2] No such file or directory: '/gws/ssde/j25b/swift/nflics_nowcasts/2019/07/02/1415/Nowcast_201907021415_000.nc'
Skipping 2019-07-02 14:30: [Errno 2] No such file or directory: '/gws/ssde/j25b/swift/nflics_nowcasts/2019/07/02/1430/Nowcast_201907021430_000.nc'
Skipping 2019-07-02 14:45: [Errno 2] No such file or directory: '/gws/ssde/j25b/swift/nflics_nowcasts/2019/07/02/1445/Nowcast_201907021445_000.nc'
Skipping 2019-07-04 14:00: [Errno 2] No such file or directory: '/gws/ssde/j25b/swift/nflics_nowcasts/2019/07/04/1400/Nowcast_201907041400_000.nc'
Skipping 2019-07-04 14:15: [Errno 2] No such file or directory: '/gws/ssde/j25b/swift/nflics_nowcasts/2019/07/04/1415/Nowcast_201907041415_000.nc'
Skipping 2019-07-04 14:30: [Errno 2] No such file or directory: '/gws/ssde/j25b/swift/nflics_nowcasts/2019/07/04/1430/Nowcast_201907041430_000.nc'
Skipping 2019-07-04 14:45: [Errno 2] No such file or directory: '/gws/ssde/j25b/swift/nflics_nowcasts/2019/07/04/1445/Nowcast_201907041445_000.nc'
Skipping 2019-07-05 14:00: [Errno 2] No such file or directory: '/gws/ssde/j25b/swift/nflics_nowcasts/2019/07/05/1400/Nowcast_201907051400_000.nc'
Skipping 2019-07-05 14:15: [Errno 2] No such file or directory: '/gws/ssde/j25b/swift/nflics_nowcasts/2019/07/05/1415/Nowcast_201907051415_000.nc'
Skipping 2019-07-05 14:30: [Errno 2] No such file or directory: '/gws/ssde/j25b/swift/nflics_nowcasts/2019/07/05/1430/Nowcast_201907051430_000.nc'
Skipping 2019-07-05 14:45: [Errno 2] No such file or directory: '/gws/ssde/j25b/swift/nflics_nowcasts/2019/07/05/1445/Nowcast_201907051445_000.nc'
Skipping 2019-07-06 14:30: [Errno 2] No such file or directory: '/gws/ssde/j25b/swift/nflics_nowcasts/2019/07/06/1430/Nowcast_201907061430_000.nc'
Skipping 2019-07-06 14:45: [Errno 2] No such file or directory: '/gws/ssde/j25b/swift/nflics_nowcasts/2019/07/06/1445/Nowcast_201907061445_000.nc'
Skipping 2019-07-07 14:00: [Errno 2] No such file or directory: '/gws/ssde/j25b/swift/nflics_nowcasts/2019/07/07/1400/Nowcast_201907071400_000.nc'
Skipping 2019-07-07 14:15: [Errno 2] No such file or directory: '/gws/ssde/j25b/swift/nflics_nowcasts/2019/07/07/1415/Nowcast_201907071415_000.nc'
Skipping 2019-07-07 14:30: [Errno 2] No such file or directory: '/gws/ssde/j25b/swift/nflics_nowcasts/2019/07/07/1430/Nowcast_201907071430_000.nc'
Skipping 2019-07-07 14:45: [Errno 2] No such file or directory: '/gws/ssde/j25b/swift/nflics_nowcasts/2019/07/07/1445/Nowcast_201907071445_000.nc'
Skipping 2019-07-08 14:00: [Errno 2] No such file or directory: '/gws/ssde/j25b/swift/nflics_nowcasts/2019/07/08/1400/Nowcast_201907081400_000.nc'
Skipping 2019-07-08 14:15: [Errno 2] No such file or directory: '/gws/ssde/j25b/swift/nflics_nowcasts/2019/07/08/1415/Nowcast_201907081415_000.nc'
Skipping 2019-07-08 14:30: [Errno 2] No such file or directory: '/gws/ssde/j25b/swift/nflics_nowcasts/2019/07/08/1430/Nowcast_201907081430_000.nc'
Skipping 2019-07-11 14:30: [Errno 2] No such file or directory: '/gws/ssde/j25b/swift/nflics_nowcasts/2019/07/11/1430/Nowcast_201907111430_000.nc'
Skipping 2019-07-11 14:45: [Errno 2] No such file or directory: '/gws/ssde/j25b/swift/nflics_nowcasts/2019/07/11/1445/Nowcast_201907111445_000.nc'
Skipping 2019-07-12 14:00: [Errno 2] No such file or directory: '/gws/ssde/j25b/swift/nflics_nowcasts/2019/07/12/1400/Nowcast_201907121400_000.nc'
Skipping 2019-07-12 14:15: [Errno 2] No such file or directory: '/gws/ssde/j25b/swift/nflics_nowcasts/2019/07/12/1415/Nowcast_201907121415_000.nc'
Skipping 2019-07-12 14:30: [Errno 2] No such file or directory: '/gws/ssde/j25b/swift/nflics_nowcasts/2019/07/12/1430/Nowcast_201907121430_000.nc'
Skipping 2019-07-12 14:45: [Errno 2] No such file or directory: '/gws/ssde/j25b/swift/nflics_nowcasts/2019/07/12/1445/Nowcast_201907121445_000.nc'
Skipping 2019-07-13 14:00: [Errno 2] No such file or directory: '/gws/ssde/j25b/swift/nflics_nowcasts/2019/07/13/1400/Nowcast_201907131400_000.nc'
Skipping 2019-07-13 14:15: [Errno 2] No such file or directory: '/gws/ssde/j25b/swift/nflics_nowcasts/2019/07/13/1415/Nowcast_201907131415_000.nc'
Skipping 2019-07-13 14:30: [Errno 2] No such file or directory: '/gws/ssde/j25b/swift/nflics_nowcasts/2019/07/13/1430/Nowcast_201907131430_000.nc'
Skipping 2019-07-13 14:45: [Errno 2] No such file or directory: '/gws/ssde/j25b/swift/nflics_nowcasts/2019/07/13/1445/Nowcast_201907131445_000.nc'
Skipping 2019-07-15 14:00: [Errno 2] No such file or directory: '/gws/ssde/j25b/swift/nflics_nowcasts/2019/07/15/1400/Nowcast_201907151400_000.nc'
Skipping 2019-07-15 14:15: [Errno 2] No such file or directory: '/gws/ssde/j25b/swift/nflics_nowcasts/2019/07/15/1415/Nowcast_201907151415_000.nc'
Skipping 2019-07-15 14:30: [Errno 2] No such file or directory: '/gws/ssde/j25b/swift/nflics_nowcasts/2019/07/15/1430/Nowcast_201907151430_000.nc'
Skipping 2019-07-15 14:45: [Errno 2] No such file or directory: '/gws/ssde/j25b/swift/nflics_nowcasts/2019/07/15/1445/Nowcast_201907151445_000.nc'
Skipping 2019-07-16 14:15: [Errno 2] No such file or directory: '/gws/ssde/j25b/swift/nflics_nowcasts/2019/07/16/1415/Nowcast_201907161415_000.nc'
Skipping 2019-07-16 14:30: [Errno 2] No such file or directory: '/gws/ssde/j25b/swift/nflics_nowcasts/2019/07/16/1430/Nowcast_201907161430_000.nc'
Skipping 2019-07-16 14:45: [Errno 2] No such file or directory: '/gws/ssde/j25b/swift/nflics_nowcasts/2019/07/16/1445/Nowcast_201907161445_000.nc'
Skipping 2019-07-17 14:00: [Errno 2] No such file or directory: '/gws/ssde/j25b/swift/nflics_nowcasts/2019/07/17/1400/Nowcast_201907171400_000.nc'
Skipping 2019-07-17 14:15: [Errno 2] No such file or directory: '/gws/ssde/j25b/swift/nflics_nowcasts/2019/07/17/1415/Nowcast_201907171415_000.nc'
Skipping 2019-07-17 14:30: [Errno 2] No such file or directory: '/gws/ssde/j25b/swift/nflics_nowcasts/2019/07/17/1430/Nowcast_201907171430_000.nc'
Skipping 2019-07-17 14:45: [Errno 2] No such file or directory: '/gws/ssde/j25b/swift/nflics_nowcasts/2019/07/17/1445/Nowcast_201907171445_000.nc'
Skipping 2019-07-18 14:00: [Errno 2] No such file or directory: '/gws/ssde/j25b/swift/nflics_nowcasts/2019/07/18/1400/Nowcast_201907181400_000.nc'
Skipping 2019-07-18 14:15: [Errno 2] No such file or directory: '/gws/ssde/j25b/swift/nflics_nowcasts/2019/07/18/1415/Nowcast_201907181415_000.nc'
Skipping 2019-07-18 14:30: [Errno 2] No such file or directory: '/gws/ssde/j25b/swift/nflics_nowcasts/2019/07/18/1430/Nowcast_201907181430_000.nc'
Skipping 2019-07-18 14:45: [Errno 2] No such file or directory: '/gws/ssde/j25b/swift/nflics_nowcasts/2019/07/18/1445/Nowcast_201907181445_000.nc'
Skipping 2019-07-19 14:00: [Errno 2] No such file or directory: '/gws/ssde/j25b/swift/nflics_nowcasts/2019/07/19/1400/Nowcast_201907191400_000.nc'
Skipping 2019-07-19 14:15: [Errno 2] No such file or directory: '/gws/ssde/j25b/swift/nflics_nowcasts/2019/07/19/1415/Nowcast_201907191415_000.nc'
Skipping 2019-07-19 14:30: [Errno 2] No such file or directory: '/gws/ssde/j25b/swift/nflics_nowcasts/2019/07/19/1430/Nowcast_201907191430_000.nc'
Skipping 2019-07-19 14:45: [Errno 2] No such file or directory: '/gws/ssde/j25b/swift/nflics_nowcasts/2019/07/19/1445/Nowcast_201907191445_000.nc'
Skipping 2019-07-21 14:00: [Errno 2] No such file or directory: '/gws/ssde/j25b/swift/nflics_nowcasts/2019/07/21/1400/Nowcast_201907211400_000.nc'
Skipping 2019-07-21 14:15: [Errno 2] No such file or directory: '/gws/ssde/j25b/swift/nflics_nowcasts/2019/07/21/1415/Nowcast_201907211415_000.nc'
Skipping 2019-07-21 14:30: [Errno 2] No such file or directory: '/gws/ssde/j25b/swift/nflics_nowcasts/2019/07/21/1430/Nowcast_201907211430_000.nc'
Skipping 2019-07-21 14:45: [Errno 2] No such file or directory: '/gws/ssde/j25b/swift/nflics_nowcasts/2019/07/21/1445/Nowcast_201907211445_000.nc'
Skipping 2019-07-22 14:15: [Errno 2] No such file or directory: '/gws/ssde/j25b/swift/nflics_nowcasts/2019/07/22/1415/Nowcast_201907221415_000.nc'
Skipping 2019-07-22 14:30: [Errno 2] No such file or directory: '/gws/ssde/j25b/swift/nflics_nowcasts/2019/07/22/1430/Nowcast_201907221430_000.nc'
Skipping 2019-07-22 14:45: [Errno 2] No such file or directory: '/gws/ssde/j25b/swift/nflics_nowcasts/2019/07/22/1445/Nowcast_201907221445_000.nc'
Skipping 2019-07-23 14:00: [Errno 2] No such file or directory: '/gws/ssde/j25b/swift/nflics_nowcasts/2019/07/23/1400/Nowcast_201907231400_000.nc'
Skipping 2019-07-23 14:15: [Errno 2] No such file or directory: '/gws/ssde/j25b/swift/nflics_nowcasts/2019/07/23/1415/Nowcast_201907231415_000.nc'
Skipping 2019-07-23 14:30: [Errno 2] No such file or directory: '/gws/ssde/j25b/swift/nflics_nowcasts/2019/07/23/1430/Nowcast_201907231430_000.nc'
Skipping 2019-07-23 14:45: [Errno 2] No such file or directory: '/gws/ssde/j25b/swift/nflics_nowcasts/2019/07/23/1445/Nowcast_201907231445_000.nc'
Skipping 2019-07-24 14:00: [Errno 2] No such file or directory: '/gws/ssde/j25b/swift/nflics_nowcasts/2019/07/24/1400/Nowcast_201907241400_000.nc'
Skipping 2019-07-24 14:15: [Errno 2] No such file or directory: '/gws/ssde/j25b/swift/nflics_nowcasts/2019/07/24/1415/Nowcast_201907241415_000.nc'
Skipping 2019-07-24 14:30: [Errno 2] No such file or directory: '/gws/ssde/j25b/swift/nflics_nowcasts/2019/07/24/1430/Nowcast_201907241430_000.nc'
Skipping 2019-07-24 14:45: [Errno 2] No such file or directory: '/gws/ssde/j25b/swift/nflics_nowcasts/2019/07/24/1445/Nowcast_201907241445_000.nc'
Skipping 2019-07-25 14:15: [Errno 2] No such file or directory: '/gws/ssde/j25b/swift/nflics_nowcasts/2019/07/25/1415/Nowcast_201907251415_000.nc'
Skipping 2019-07-25 14:30: [Errno 2] No such file or directory: '/gws/ssde/j25b/swift/nflics_nowcasts/2019/07/25/1430/Nowcast_201907251430_000.nc'
Skipping 2019-07-25 14:45: [Errno 2] No such file or directory: '/gws/ssde/j25b/swift/nflics_nowcasts/2019/07/25/1445/Nowcast_201907251445_000.nc'
Skipping 2019-07-26 14:00: [Errno 2] No such file or directory: '/gws/ssde/j25b/swift/nflics_nowcasts/2019/07/26/1400/Nowcast_201907261400_000.nc'
Skipping 2019-07-26 14:15: [Errno 2] No such file or directory: '/gws/ssde/j25b/swift/nflics_nowcasts/2019/07/26/1415/Nowcast_201907261415_000.nc'
Skipping 2019-07-26 14:30: [Errno 2] No such file or directory: '/gws/ssde/j25b/swift/nflics_nowcasts/2019/07/26/1430/Nowcast_201907261430_000.nc'
Skipping 2019-07-26 14:45: [Errno 2] No such file or directory: '/gws/ssde/j25b/swift/nflics_nowcasts/2019/07/26/1445/Nowcast_201907261445_000.nc'
Skipping 2019-07-27 14:00: [Errno 2] No such file or directory: '/gws/ssde/j25b/swift/nflics_nowcasts/2019/07/27/1400/Nowcast_201907271400_000.nc'
Skipping 2019-07-27 14:15: [Errno 2] No such file or directory: '/gws/ssde/j25b/swift/nflics_nowcasts/2019/07/27/1415/Nowcast_201907271415_000.nc'
Skipping 2019-07-27 14:30: [Errno 2] No such file or directory: '/gws/ssde/j25b/swift/nflics_nowcasts/2019/07/27/1430/Nowcast_201907271430_000.nc'
Skipping 2019-07-27 14:45: [Errno 2] No such file or directory: '/gws/ssde/j25b/swift/nflics_nowcasts/2019/07/27/1445/Nowcast_201907271445_000.nc'
Skipping 2019-07-28 14:00: [Errno 2] No such file or directory: '/gws/ssde/j25b/swift/nflics_nowcasts/2019/07/28/1400/Nowcast_201907281400_000.nc'
Skipping 2019-07-28 14:15: [Errno 2] No such file or directory: '/gws/ssde/j25b/swift/nflics_nowcasts/2019/07/28/1415/Nowcast_201907281415_000.nc'
Skipping 2019-07-28 14:30: [Errno 2] No such file or directory: '/gws/ssde/j25b/swift/nflics_nowcasts/2019/07/28/1430/Nowcast_201907281430_000.nc'
Skipping 2019-07-28 14:45: [Errno 2] No such file or directory: '/gws/ssde/j25b/swift/nflics_nowcasts/2019/07/28/1445/Nowcast_201907281445_000.nc'
Skipping 2019-07-29 14:00: [Errno 2] No such file or directory: '/gws/ssde/j25b/swift/nflics_nowcasts/2019/07/29/1400/Nowcast_201907291400_000.nc'
Skipping 2019-07-29 14:15: [Errno 2] No such file or directory: '/gws/ssde/j25b/swift/nflics_nowcasts/2019/07/29/1415/Nowcast_201907291415_000.nc'
Skipping 2019-07-29 14:30: [Errno 2] No such file or directory: '/gws/ssde/j25b/swift/nflics_nowcasts/2019/07/29/1430/Nowcast_201907291430_000.nc'
Skipping 2019-07-29 14:45: [Errno 2] No such file or directory: '/gws/ssde/j25b/swift/nflics_nowcasts/2019/07/29/1445/Nowcast_201907291445_000.nc'
Skipping 2019-07-30 14:15: [Errno 2] No such file or directory: '/gws/ssde/j25b/swift/nflics_nowcasts/2019/07/30/1415/Nowcast_201907301415_000.nc'
Skipping 2019-07-30 14:30: [Errno 2] No such file or directory: '/gws/ssde/j25b/swift/nflics_nowcasts/2019/07/30/1430/Nowcast_201907301430_000.nc'
Skipping 2019-07-30 14:45: [Errno 2] No such file or directory: '/gws/ssde/j25b/swift/nflics_nowcasts/2019/07/30/1445/Nowcast_201907301445_000.nc'
Skipping 2019-07-31 14:00: [Errno 2] No such file or directory: '/gws/ssde/j25b/swift/nflics_nowcasts/2019/07/31/1400/Nowcast_201907311400_000.nc'
Skipping 2019-07-31 14:15: [Errno 2] No such file or directory: '/gws/ssde/j25b/swift/nflics_nowcasts/2019/07/31/1415/Nowcast_201907311415_000.nc'
Skipping 2019-07-31 14:30: [Errno 2] No such file or directory: '/gws/ssde/j25b/swift/nflics_nowcasts/2019/07/31/1430/Nowcast_201907311430_000.nc'
Skipping 2019-07-31 14:45: [Errno 2] No such file or directory: '/gws/ssde/j25b/swift/nflics_nowcasts/2019/07/31/1445/Nowcast_201907311445_000.nc'
All ensemble nowcasts completed on CPU.
======================================================
 Job completed successfully at Sat 29 Nov 12:11:44 GMT 2025
======================================================
