======================================================
 Job started on host1085.jc.rl.ac.uk at Sat 29 Nov 12:12:17 GMT 2025
======================================================
Running ensemble nowcast inference:
 Lead time : 6
 Year      : 2019
 Month     : 08
 Hour      : 15
======================================================
Running on CPU with 8 threads
Loaded 5 ensemble models on CPU
Detected 101 inputs for 2019-08 15 UTC
Skipping 2019-08-01 15:00: [Errno 2] No such file or directory: '/gws/ssde/j25b/swift/nflics_nowcasts/2019/08/01/1500/Nowcast_201908011500_000.nc'
Skipping 2019-08-01 15:15: [Errno 2] No such file or directory: '/gws/ssde/j25b/swift/nflics_nowcasts/2019/08/01/1515/Nowcast_201908011515_000.nc'
Skipping 2019-08-01 15:30: [Errno 2] No such file or directory: '/gws/ssde/j25b/swift/nflics_nowcasts/2019/08/01/1530/Nowcast_201908011530_000.nc'
Skipping 2019-08-01 15:45: [Errno 2] No such file or directory: '/gws/ssde/j25b/swift/nflics_nowcasts/2019/08/01/1545/Nowcast_201908011545_000.nc'
Skipping 2019-08-02 15:00: [Errno 2] No such file or directory: '/gws/ssde/j25b/swift/nflics_nowcasts/2019/08/02/1500/Nowcast_201908021500_000.nc'
Skipping 2019-08-02 15:15: [Errno 2] No such file or directory: '/gws/ssde/j25b/swift/nflics_nowcasts/2019/08/02/1515/Nowcast_201908021515_000.nc'
Skipping 2019-08-02 15:30: [Errno 2] No such file or directory: '/gws/ssde/j25b/swift/nflics_nowcasts/2019/08/02/1530/Nowcast_201908021530_000.nc'
Skipping 2019-08-02 15:45: [Errno 2] No such file or directory: '/gws/ssde/j25b/swift/nflics_nowcasts/2019/08/02/1545/Nowcast_201908021545_000.nc'
Skipping 2019-08-03 15:00: [Errno 2] No such file or directory: '/gws/ssde/j25b/swift/nflics_nowcasts/2019/08/03/1500/Nowcast_201908031500_000.nc'
Skipping 2019-08-03 15:15: [Errno 2] No such file or directory: '/gws/ssde/j25b/swift/nflics_nowcasts/2019/08/03/1515/Nowcast_201908031515_000.nc'
Skipping 2019-08-03 15:30: [Errno 2] No such file or directory: '/gws/ssde/j25b/swift/nflics_nowcasts/2019/08/03/1530/Nowcast_201908031530_000.nc'
Skipping 2019-08-03 15:45: [Errno 2] No such file or directory: '/gws/ssde/j25b/swift/nflics_nowcasts/2019/08/03/1545/Nowcast_201908031545_000.nc'
Skipping 2019-08-05 15:00: [Errno 2] No such file or directory: '/gws/ssde/j25b/swift/nflics_nowcasts/2019/08/05/1500/Nowcast_201908051500_000.nc'
Skipping 2019-08-05 15:15: [Errno 2] No such file or directory: '/gws/ssde/j25b/swift/nflics_nowcasts/2019/08/05/1515/Nowcast_201908051515_000.nc'
Skipping 2019-08-05 15:30: [Errno 2] No such file or directory: '/gws/ssde/j25b/swift/nflics_nowcasts/2019/08/05/1530/Nowcast_201908051530_000.nc'
Skipping 2019-08-05 15:45: [Errno 2] No such file or directory: '/gws/ssde/j25b/swift/nflics_nowcasts/2019/08/05/1545/Nowcast_201908051545_000.nc'
Skipping 2019-08-06 15:00: [Errno 2] No such file or directory: '/gws/ssde/j25b/swift/nflics_nowcasts/2019/08/06/1500/Nowcast_201908061500_000.nc'
Skipping 2019-08-06 15:15: [Errno 2] No such file or directory: '/gws/ssde/j25b/swift/nflics_nowcasts/2019/08/06/1515/Nowcast_201908061515_000.nc'
Skipping 2019-08-06 15:30: [Errno 2] No such file or directory: '/gws/ssde/j25b/swift/nflics_nowcasts/2019/08/06/1530/Nowcast_201908061530_000.nc'
Skipping 2019-08-06 15:45: [Errno 2] No such file or directory: '/gws/ssde/j25b/swift/nflics_nowcasts/2019/08/06/1545/Nowcast_201908061545_000.nc'
Skipping 2019-08-10 15:00: [Errno 2] No such file or directory: '/gws/ssde/j25b/swift/nflics_nowcasts/2019/08/10/1500/Nowcast_201908101500_000.nc'
Skipping 2019-08-10 15:15: [Errno 2] No such file or directory: '/gws/ssde/j25b/swift/nflics_nowcasts/2019/08/10/1515/Nowcast_201908101515_000.nc'
Skipping 2019-08-10 15:30: [Errno 2] No such file or directory: '/gws/ssde/j25b/swift/nflics_nowcasts/2019/08/10/1530/Nowcast_201908101530_000.nc'
Skipping 2019-08-10 15:45: [Errno 2] No such file or directory: '/gws/ssde/j25b/swift/nflics_nowcasts/2019/08/10/1545/Nowcast_201908101545_000.nc'
Skipping 2019-08-11 15:00: [Errno 2] No such file or directory: '/gws/ssde/j25b/swift/nflics_nowcasts/2019/08/11/1500/Nowcast_201908111500_000.nc'
Skipping 2019-08-11 15:15: [Errno 2] No such file or directory: '/gws/ssde/j25b/swift/nflics_nowcasts/2019/08/11/1515/Nowcast_201908111515_000.nc'
Skipping 2019-08-11 15:30: [Errno 2] No such file or directory: '/gws/ssde/j25b/swift/nflics_nowcasts/2019/08/11/1530/Nowcast_201908111530_000.nc'
Skipping 2019-08-11 15:45: [Errno 2] No such file or directory: '/gws/ssde/j25b/swift/nflics_nowcasts/2019/08/11/1545/Nowcast_201908111545_000.nc'
Skipping 2019-08-13 15:00: [Errno 2] No such file or directory: '/gws/ssde/j25b/swift/nflics_nowcasts/2019/08/13/1500/Nowcast_201908131500_000.nc'
Skipping 2019-08-13 15:15: [Errno 2] No such file or directory: '/gws/ssde/j25b/swift/nflics_nowcasts/2019/08/13/1515/Nowcast_201908131515_000.nc'
Skipping 2019-08-13 15:30: [Errno 2] No such file or directory: '/gws/ssde/j25b/swift/nflics_nowcasts/2019/08/13/1530/Nowcast_201908131530_000.nc'
Skipping 2019-08-13 15:45: [Errno 2] No such file or directory: '/gws/ssde/j25b/swift/nflics_nowcasts/2019/08/13/1545/Nowcast_201908131545_000.nc'
Skipping 2019-08-14 15:00: [Errno 2] No such file or directory: '/gws/ssde/j25b/swift/nflics_nowcasts/2019/08/14/1500/Nowcast_201908141500_000.nc'
Skipping 2019-08-14 15:15: [Errno 2] No such file or directory: '/gws/ssde/j25b/swift/nflics_nowcasts/2019/08/14/1515/Nowcast_201908141515_000.nc'
Skipping 2019-08-14 15:30: [Errno 2] No such file or directory: '/gws/ssde/j25b/swift/nflics_nowcasts/2019/08/14/1530/Nowcast_201908141530_000.nc'
Skipping 2019-08-14 15:45: [Errno 2] No such file or directory: '/gws/ssde/j25b/swift/nflics_nowcasts/2019/08/14/1545/Nowcast_201908141545_000.nc'
Skipping 2019-08-15 15:00: [Errno 2] No such file or directory: '/gws/ssde/j25b/swift/nflics_nowcasts/2019/08/15/1500/Nowcast_201908151500_000.nc'
Skipping 2019-08-15 15:15: [Errno 2] No such file or directory: '/gws/ssde/j25b/swift/nflics_nowcasts/2019/08/15/1515/Nowcast_201908151515_000.nc'
Skipping 2019-08-15 15:30: [Errno 2] No such file or directory: '/gws/ssde/j25b/swift/nflics_nowcasts/2019/08/15/1530/Nowcast_201908151530_000.nc'
Skipping 2019-08-15 15:45: [Errno 2] No such file or directory: '/gws/ssde/j25b/swift/nflics_nowcasts/2019/08/15/1545/Nowcast_201908151545_000.nc'
Skipping 2019-08-16 15:00: [Errno 2] No such file or directory: '/gws/ssde/j25b/swift/nflics_nowcasts/2019/08/16/1500/Nowcast_201908161500_000.nc'
Skipping 2019-08-16 15:15: [Errno 2] No such file or directory: '/gws/ssde/j25b/swift/nflics_nowcasts/2019/08/16/1515/Nowcast_201908161515_000.nc'
Skipping 2019-08-16 15:30: [Errno 2] No such file or directory: '/gws/ssde/j25b/swift/nflics_nowcasts/2019/08/16/1530/Nowcast_201908161530_000.nc'
Skipping 2019-08-16 15:45: [Errno 2] No such file or directory: '/gws/ssde/j25b/swift/nflics_nowcasts/2019/08/16/1545/Nowcast_201908161545_000.nc'
Skipping 2019-08-17 15:00: [Errno 2] No such file or directory: '/gws/ssde/j25b/swift/nflics_nowcasts/2019/08/17/1500/Nowcast_201908171500_000.nc'
Skipping 2019-08-17 15:15: [Errno 2] No such file or directory: '/gws/ssde/j25b/swift/nflics_nowcasts/2019/08/17/1515/Nowcast_201908171515_000.nc'
Skipping 2019-08-17 15:30: [Errno 2] No such file or directory: '/gws/ssde/j25b/swift/nflics_nowcasts/2019/08/17/1530/Nowcast_201908171530_000.nc'
Skipping 2019-08-17 15:45: [Errno 2] No such file or directory: '/gws/ssde/j25b/swift/nflics_nowcasts/2019/08/17/1545/Nowcast_201908171545_000.nc'
Skipping 2019-08-18 15:00: [Errno 2] No such file or directory: '/gws/ssde/j25b/swift/nflics_nowcasts/2019/08/18/1500/Nowcast_201908181500_000.nc'
Skipping 2019-08-18 15:15: [Errno 2] No such file or directory: '/gws/ssde/j25b/swift/nflics_nowcasts/2019/08/18/1515/Nowcast_201908181515_000.nc'
Skipping 2019-08-18 15:30: [Errno 2] No such file or directory: '/gws/ssde/j25b/swift/nflics_nowcasts/2019/08/18/1530/Nowcast_201908181530_000.nc'
Skipping 2019-08-18 15:45: [Errno 2] No such file or directory: '/gws/ssde/j25b/swift/nflics_nowcasts/2019/08/18/1545/Nowcast_201908181545_000.nc'
Skipping 2019-08-19 15:00: [Errno 2] No such file or directory: '/gws/ssde/j25b/swift/nflics_nowcasts/2019/08/19/1500/Nowcast_201908191500_000.nc'
Skipping 2019-08-19 15:15: [Errno 2] No such file or directory: '/gws/ssde/j25b/swift/nflics_nowcasts/2019/08/19/1515/Nowcast_201908191515_000.nc'
Skipping 2019-08-19 15:30: [Errno 2] No such file or directory: '/gws/ssde/j25b/swift/nflics_nowcasts/2019/08/19/1530/Nowcast_201908191530_000.nc'
Skipping 2019-08-19 15:45: [Errno 2] No such file or directory: '/gws/ssde/j25b/swift/nflics_nowcasts/2019/08/19/1545/Nowcast_201908191545_000.nc'
Skipping 2019-08-20 15:15: [Errno 2] No such file or directory: '/gws/ssde/j25b/swift/nflics_nowcasts/2019/08/20/1515/Nowcast_201908201515_000.nc'
Skipping 2019-08-20 15:30: [Errno 2] No such file or directory: '/gws/ssde/j25b/swift/nflics_nowcasts/2019/08/20/1530/Nowcast_201908201530_000.nc'
Skipping 2019-08-20 15:45: [Errno 2] No such file or directory: '/gws/ssde/j25b/swift/nflics_nowcasts/2019/08/20/1545/Nowcast_201908201545_000.nc'
Skipping 2019-08-21 15:00: [Errno 2] No such file or directory: '/gws/ssde/j25b/swift/nflics_nowcasts/2019/08/21/1500/Nowcast_201908211500_000.nc'
Skipping 2019-08-21 15:15: [Errno 2] No such file or directory: '/gws/ssde/j25b/swift/nflics_nowcasts/2019/08/21/1515/Nowcast_201908211515_000.nc'
Skipping 2019-08-21 15:30: [Errno 2] No such file or directory: '/gws/ssde/j25b/swift/nflics_nowcasts/2019/08/21/1530/Nowcast_201908211530_000.nc'
Skipping 2019-08-21 15:45: [Errno 2] No such file or directory: '/gws/ssde/j25b/swift/nflics_nowcasts/2019/08/21/1545/Nowcast_201908211545_000.nc'
Skipping 2019-08-22 15:00: [Errno 2] No such file or directory: '/gws/ssde/j25b/swift/nflics_nowcasts/2019/08/22/1500/Nowcast_201908221500_000.nc'
Skipping 2019-08-22 15:15: [Errno 2] No such file or directory: '/gws/ssde/j25b/swift/nflics_nowcasts/2019/08/22/1515/Nowcast_201908221515_000.nc'
Skipping 2019-08-22 15:30: [Errno 2] No such file or directory: '/gws/ssde/j25b/swift/nflics_nowcasts/2019/08/22/1530/Nowcast_201908221530_000.nc'
Skipping 2019-08-23 15:15: [Errno 2] No such file or directory: '/gws/ssde/j25b/swift/nflics_nowcasts/2019/08/23/1515/Nowcast_201908231515_000.nc'
Skipping 2019-08-23 15:30: [Errno 2] No such file or directory: '/gws/ssde/j25b/swift/nflics_nowcasts/2019/08/23/1530/Nowcast_201908231530_000.nc'
Skipping 2019-08-23 15:45: [Errno 2] No such file or directory: '/gws/ssde/j25b/swift/nflics_nowcasts/2019/08/23/1545/Nowcast_201908231545_000.nc'
Skipping 2019-08-24 15:00: [Errno 2] No such file or directory: '/gws/ssde/j25b/swift/nflics_nowcasts/2019/08/24/1500/Nowcast_201908241500_000.nc'
Skipping 2019-08-24 15:15: [Errno 2] No such file or directory: '/gws/ssde/j25b/swift/nflics_nowcasts/2019/08/24/1515/Nowcast_201908241515_000.nc'
Skipping 2019-08-24 15:30: [Errno 2] No such file or directory: '/gws/ssde/j25b/swift/nflics_nowcasts/2019/08/24/1530/Nowcast_201908241530_000.nc'
Skipping 2019-08-24 15:45: [Errno 2] No such file or directory: '/gws/ssde/j25b/swift/nflics_nowcasts/2019/08/24/1545/Nowcast_201908241545_000.nc'
Skipping 2019-08-25 15:00: [Errno 2] No such file or directory: '/gws/ssde/j25b/swift/nflics_nowcasts/2019/08/25/1500/Nowcast_201908251500_000.nc'
Skipping 2019-08-25 15:15: [Errno 2] No such file or directory: '/gws/ssde/j25b/swift/nflics_nowcasts/2019/08/25/1515/Nowcast_201908251515_000.nc'
Skipping 2019-08-25 15:30: [Errno 2] No such file or directory: '/gws/ssde/j25b/swift/nflics_nowcasts/2019/08/25/1530/Nowcast_201908251530_000.nc'
Skipping 2019-08-25 15:45: [Errno 2] No such file or directory: '/gws/ssde/j25b/swift/nflics_nowcasts/2019/08/25/1545/Nowcast_201908251545_000.nc'
Skipping 2019-08-26 15:00: [Errno 2] No such file or directory: '/gws/ssde/j25b/swift/nflics_nowcasts/2019/08/26/1500/Nowcast_201908261500_000.nc'
Skipping 2019-08-26 15:15: [Errno 2] No such file or directory: '/gws/ssde/j25b/swift/nflics_nowcasts/2019/08/26/1515/Nowcast_201908261515_000.nc'
Skipping 2019-08-26 15:30: [Errno 2] No such file or directory: '/gws/ssde/j25b/swift/nflics_nowcasts/2019/08/26/1530/Nowcast_201908261530_000.nc'
Skipping 2019-08-26 15:45: [Errno 2] No such file or directory: '/gws/ssde/j25b/swift/nflics_nowcasts/2019/08/26/1545/Nowcast_201908261545_000.nc'
Skipping 2019-08-27 15:00: [Errno 2] No such file or directory: '/gws/ssde/j25b/swift/nflics_nowcasts/2019/08/27/1500/Nowcast_201908271500_000.nc'
Skipping 2019-08-27 15:15: [Errno 2] No such file or directory: '/gws/ssde/j25b/swift/nflics_nowcasts/2019/08/27/1515/Nowcast_201908271515_000.nc'
Skipping 2019-08-27 15:30: [Errno 2] No such file or directory: '/gws/ssde/j25b/swift/nflics_nowcasts/2019/08/27/1530/Nowcast_201908271530_000.nc'
Skipping 2019-08-27 15:45: [Errno 2] No such file or directory: '/gws/ssde/j25b/swift/nflics_nowcasts/2019/08/27/1545/Nowcast_201908271545_000.nc'
Skipping 2019-08-28 15:00: [Errno 2] No such file or directory: '/gws/ssde/j25b/swift/nflics_nowcasts/2019/08/28/1500/Nowcast_201908281500_000.nc'
Skipping 2019-08-28 15:15: [Errno 2] No such file or directory: '/gws/ssde/j25b/swift/nflics_nowcasts/2019/08/28/1515/Nowcast_201908281515_000.nc'
Skipping 2019-08-28 15:30: [Errno 2] No such file or directory: '/gws/ssde/j25b/swift/nflics_nowcasts/2019/08/28/1530/Nowcast_201908281530_000.nc'
Skipping 2019-08-28 15:45: [Errno 2] No such file or directory: '/gws/ssde/j25b/swift/nflics_nowcasts/2019/08/28/1545/Nowcast_201908281545_000.nc'
Skipping 2019-08-29 15:00: [Errno 2] No such file or directory: '/gws/ssde/j25b/swift/nflics_nowcasts/2019/08/29/1500/Nowcast_201908291500_000.nc'
Skipping 2019-08-29 15:15: [Errno 2] No such file or directory: '/gws/ssde/j25b/swift/nflics_nowcasts/2019/08/29/1515/Nowcast_201908291515_000.nc'
Skipping 2019-08-29 15:30: [Errno 2] No such file or directory: '/gws/ssde/j25b/swift/nflics_nowcasts/2019/08/29/1530/Nowcast_201908291530_000.nc'
Skipping 2019-08-29 15:45: [Errno 2] No such file or directory: '/gws/ssde/j25b/swift/nflics_nowcasts/2019/08/29/1545/Nowcast_201908291545_000.nc'
Skipping 2019-08-30 15:00: [Errno 2] No such file or directory: '/gws/ssde/j25b/swift/nflics_nowcasts/2019/08/30/1500/Nowcast_201908301500_000.nc'
Skipping 2019-08-30 15:15: [Errno 2] No such file or directory: '/gws/ssde/j25b/swift/nflics_nowcasts/2019/08/30/1515/Nowcast_201908301515_000.nc'
Skipping 2019-08-30 15:30: [Errno 2] No such file or directory: '/gws/ssde/j25b/swift/nflics_nowcasts/2019/08/30/1530/Nowcast_201908301530_000.nc'
Skipping 2019-08-30 15:45: [Errno 2] No such file or directory: '/gws/ssde/j25b/swift/nflics_nowcasts/2019/08/30/1545/Nowcast_201908301545_000.nc'
Skipping 2019-08-31 15:00: [Errno 2] No such file or directory: '/gws/ssde/j25b/swift/nflics_nowcasts/2019/08/31/1500/Nowcast_201908311500_000.nc'
Skipping 2019-08-31 15:15: [Errno 2] No such file or directory: '/gws/ssde/j25b/swift/nflics_nowcasts/2019/08/31/1515/Nowcast_201908311515_000.nc'
Skipping 2019-08-31 15:30: [Errno 2] No such file or directory: '/gws/ssde/j25b/swift/nflics_nowcasts/2019/08/31/1530/Nowcast_201908311530_000.nc'
Skipping 2019-08-31 15:45: [Errno 2] No such file or directory: '/gws/ssde/j25b/swift/nflics_nowcasts/2019/08/31/1545/Nowcast_201908311545_000.nc'
All ensemble nowcasts completed on CPU.
======================================================
 Job completed successfully at Sat 29 Nov 12:12:25 GMT 2025
======================================================
