======================================================
 Job started on host1085.jc.rl.ac.uk at Sat 29 Nov 12:11:56 GMT 2025
======================================================
Running ensemble nowcast inference:
 Lead time : 1
 Year      : 2019
 Month     : 08
 Hour      : 05
======================================================
Running on CPU with 8 threads
Loaded 5 ensemble models on CPU
Detected 49 inputs for 2019-08 05 UTC
Skipping 2019-08-01 05:00: [Errno 2] No such file or directory: '/gws/ssde/j25b/swift/nflics_nowcasts/2019/08/01/0500/Nowcast_201908010500_000.nc'
Skipping 2019-08-01 05:15: [Errno 2] No such file or directory: '/gws/ssde/j25b/swift/nflics_nowcasts/2019/08/01/0515/Nowcast_201908010515_000.nc'
Skipping 2019-08-01 05:30: [Errno 2] No such file or directory: '/gws/ssde/j25b/swift/nflics_nowcasts/2019/08/01/0530/Nowcast_201908010530_000.nc'
Skipping 2019-08-01 05:45: [Errno 2] No such file or directory: '/gws/ssde/j25b/swift/nflics_nowcasts/2019/08/01/0545/Nowcast_201908010545_000.nc'
Skipping 2019-08-06 05:00: [Errno 2] No such file or directory: '/gws/ssde/j25b/swift/nflics_nowcasts/2019/08/06/0500/Nowcast_201908060500_000.nc'
Skipping 2019-08-06 05:15: [Errno 2] No such file or directory: '/gws/ssde/j25b/swift/nflics_nowcasts/2019/08/06/0515/Nowcast_201908060515_000.nc'
Skipping 2019-08-06 05:30: [Errno 2] No such file or directory: '/gws/ssde/j25b/swift/nflics_nowcasts/2019/08/06/0530/Nowcast_201908060530_000.nc'
Skipping 2019-08-06 05:45: [Errno 2] No such file or directory: '/gws/ssde/j25b/swift/nflics_nowcasts/2019/08/06/0545/Nowcast_201908060545_000.nc'
Skipping 2019-08-11 05:00: [Errno 2] No such file or directory: '/gws/ssde/j25b/swift/nflics_nowcasts/2019/08/11/0500/Nowcast_201908110500_000.nc'
Skipping 2019-08-11 05:15: [Errno 2] No such file or directory: '/gws/ssde/j25b/swift/nflics_nowcasts/2019/08/11/0515/Nowcast_201908110515_000.nc'
Skipping 2019-08-11 05:30: [Errno 2] No such file or directory: '/gws/ssde/j25b/swift/nflics_nowcasts/2019/08/11/0530/Nowcast_201908110530_000.nc'
Skipping 2019-08-11 05:45: [Errno 2] No such file or directory: '/gws/ssde/j25b/swift/nflics_nowcasts/2019/08/11/0545/Nowcast_201908110545_000.nc'
Skipping 2019-08-16 05:00: [Errno 2] No such file or directory: '/gws/ssde/j25b/swift/nflics_nowcasts/2019/08/16/0500/Nowcast_201908160500_000.nc'
Skipping 2019-08-16 05:15: [Errno 2] No such file or directory: '/gws/ssde/j25b/swift/nflics_nowcasts/2019/08/16/0515/Nowcast_201908160515_000.nc'
Skipping 2019-08-16 05:30: [Errno 2] No such file or directory: '/gws/ssde/j25b/swift/nflics_nowcasts/2019/08/16/0530/Nowcast_201908160530_000.nc'
Skipping 2019-08-16 05:45: [Errno 2] No such file or directory: '/gws/ssde/j25b/swift/nflics_nowcasts/2019/08/16/0545/Nowcast_201908160545_000.nc'
Skipping 2019-08-18 05:00: [Errno 2] No such file or directory: '/gws/ssde/j25b/swift/nflics_nowcasts/2019/08/18/0500/Nowcast_201908180500_000.nc'
Skipping 2019-08-18 05:15: [Errno 2] No such file or directory: '/gws/ssde/j25b/swift/nflics_nowcasts/2019/08/18/0515/Nowcast_201908180515_000.nc'
Skipping 2019-08-18 05:30: [Errno 2] No such file or directory: '/gws/ssde/j25b/swift/nflics_nowcasts/2019/08/18/0530/Nowcast_201908180530_000.nc'
Skipping 2019-08-18 05:45: [Errno 2] No such file or directory: '/gws/ssde/j25b/swift/nflics_nowcasts/2019/08/18/0545/Nowcast_201908180545_000.nc'
Skipping 2019-08-20 05:00: [Errno 2] No such file or directory: '/gws/ssde/j25b/swift/nflics_nowcasts/2019/08/20/0500/Nowcast_201908200500_000.nc'
Skipping 2019-08-20 05:15: [Errno 2] No such file or directory: '/gws/ssde/j25b/swift/nflics_nowcasts/2019/08/20/0515/Nowcast_201908200515_000.nc'
Skipping 2019-08-20 05:30: [Errno 2] No such file or directory: '/gws/ssde/j25b/swift/nflics_nowcasts/2019/08/20/0530/Nowcast_201908200530_000.nc'
Skipping 2019-08-20 05:45: [Errno 2] No such file or directory: '/gws/ssde/j25b/swift/nflics_nowcasts/2019/08/20/0545/Nowcast_201908200545_000.nc'
Skipping 2019-08-21 05:00: [Errno 2] No such file or directory: '/gws/ssde/j25b/swift/nflics_nowcasts/2019/08/21/0500/Nowcast_201908210500_000.nc'
Skipping 2019-08-21 05:15: [Errno 2] No such file or directory: '/gws/ssde/j25b/swift/nflics_nowcasts/2019/08/21/0515/Nowcast_201908210515_000.nc'
Skipping 2019-08-21 05:30: [Errno 2] No such file or directory: '/gws/ssde/j25b/swift/nflics_nowcasts/2019/08/21/0530/Nowcast_201908210530_000.nc'
Skipping 2019-08-21 05:45: [Errno 2] No such file or directory: '/gws/ssde/j25b/swift/nflics_nowcasts/2019/08/21/0545/Nowcast_201908210545_000.nc'
Skipping 2019-08-22 05:00: [Errno 2] No such file or directory: '/gws/ssde/j25b/swift/nflics_nowcasts/2019/08/22/0500/Nowcast_201908220500_000.nc'
Skipping 2019-08-22 05:15: [Errno 2] No such file or directory: '/gws/ssde/j25b/swift/nflics_nowcasts/2019/08/22/0515/Nowcast_201908220515_000.nc'
Skipping 2019-08-22 05:30: [Errno 2] No such file or directory: '/gws/ssde/j25b/swift/nflics_nowcasts/2019/08/22/0530/Nowcast_201908220530_000.nc'
Skipping 2019-08-22 05:45: [Errno 2] No such file or directory: '/gws/ssde/j25b/swift/nflics_nowcasts/2019/08/22/0545/Nowcast_201908220545_000.nc'
Skipping 2019-08-24 05:00: [Errno 2] No such file or directory: '/gws/ssde/j25b/swift/nflics_nowcasts/2019/08/24/0500/Nowcast_201908240500_000.nc'
Skipping 2019-08-24 05:15: [Errno 2] No such file or directory: '/gws/ssde/j25b/swift/nflics_nowcasts/2019/08/24/0515/Nowcast_201908240515_000.nc'
Skipping 2019-08-24 05:30: [Errno 2] No such file or directory: '/gws/ssde/j25b/swift/nflics_nowcasts/2019/08/24/0530/Nowcast_201908240530_000.nc'
Skipping 2019-08-24 05:45: [Errno 2] No such file or directory: '/gws/ssde/j25b/swift/nflics_nowcasts/2019/08/24/0545/Nowcast_201908240545_000.nc'
Skipping 2019-08-25 05:00: [Errno 2] No such file or directory: '/gws/ssde/j25b/swift/nflics_nowcasts/2019/08/25/0500/Nowcast_201908250500_000.nc'
Skipping 2019-08-25 05:15: [Errno 2] No such file or directory: '/gws/ssde/j25b/swift/nflics_nowcasts/2019/08/25/0515/Nowcast_201908250515_000.nc'
Skipping 2019-08-25 05:30: [Errno 2] No such file or directory: '/gws/ssde/j25b/swift/nflics_nowcasts/2019/08/25/0530/Nowcast_201908250530_000.nc'
Skipping 2019-08-25 05:45: [Errno 2] No such file or directory: '/gws/ssde/j25b/swift/nflics_nowcasts/2019/08/25/0545/Nowcast_201908250545_000.nc'
Skipping 2019-08-26 05:45: [Errno 2] No such file or directory: '/gws/ssde/j25b/swift/nflics_nowcasts/2019/08/26/0545/Nowcast_201908260545_000.nc'
Skipping 2019-08-28 05:00: [Errno 2] No such file or directory: '/gws/ssde/j25b/swift/nflics_nowcasts/2019/08/28/0500/Nowcast_201908280500_000.nc'
Skipping 2019-08-28 05:15: [Errno 2] No such file or directory: '/gws/ssde/j25b/swift/nflics_nowcasts/2019/08/28/0515/Nowcast_201908280515_000.nc'
Skipping 2019-08-28 05:30: [Errno 2] No such file or directory: '/gws/ssde/j25b/swift/nflics_nowcasts/2019/08/28/0530/Nowcast_201908280530_000.nc'
Skipping 2019-08-28 05:45: [Errno 2] No such file or directory: '/gws/ssde/j25b/swift/nflics_nowcasts/2019/08/28/0545/Nowcast_201908280545_000.nc'
Skipping 2019-08-29 05:00: [Errno 2] No such file or directory: '/gws/ssde/j25b/swift/nflics_nowcasts/2019/08/29/0500/Nowcast_201908290500_000.nc'
Skipping 2019-08-29 05:15: [Errno 2] No such file or directory: '/gws/ssde/j25b/swift/nflics_nowcasts/2019/08/29/0515/Nowcast_201908290515_000.nc'
Skipping 2019-08-29 05:30: [Errno 2] No such file or directory: '/gws/ssde/j25b/swift/nflics_nowcasts/2019/08/29/0530/Nowcast_201908290530_000.nc'
Skipping 2019-08-29 05:45: [Errno 2] No such file or directory: '/gws/ssde/j25b/swift/nflics_nowcasts/2019/08/29/0545/Nowcast_201908290545_000.nc'
All ensemble nowcasts completed on CPU.
======================================================
 Job completed successfully at Sat 29 Nov 12:12:03 GMT 2025
======================================================
