======================================================
 Job started on host1086.jc.rl.ac.uk at Sat 29 Nov 12:12:40 GMT 2025
======================================================
Running ensemble nowcast inference:
 Lead time : 1
 Year      : 2019
 Month     : 09
 Hour      : 10
======================================================
Running on CPU with 8 threads
Loaded 5 ensemble models on CPU
Detected 53 inputs for 2019-09 10 UTC
Skipping 2019-09-02 10:00: [Errno 2] No such file or directory: '/gws/ssde/j25b/swift/nflics_nowcasts/2019/09/02/1000/Nowcast_201909021000_000.nc'
Skipping 2019-09-02 10:15: [Errno 2] No such file or directory: '/gws/ssde/j25b/swift/nflics_nowcasts/2019/09/02/1015/Nowcast_201909021015_000.nc'
Skipping 2019-09-02 10:30: [Errno 2] No such file or directory: '/gws/ssde/j25b/swift/nflics_nowcasts/2019/09/02/1030/Nowcast_201909021030_000.nc'
Skipping 2019-09-02 10:45: [Errno 2] No such file or directory: '/gws/ssde/j25b/swift/nflics_nowcasts/2019/09/02/1045/Nowcast_201909021045_000.nc'
Skipping 2019-09-03 10:00: [Errno 2] No such file or directory: '/gws/ssde/j25b/swift/nflics_nowcasts/2019/09/03/1000/Nowcast_201909031000_000.nc'
Skipping 2019-09-03 10:15: [Errno 2] No such file or directory: '/gws/ssde/j25b/swift/nflics_nowcasts/2019/09/03/1015/Nowcast_201909031015_000.nc'
Skipping 2019-09-03 10:30: [Errno 2] No such file or directory: '/gws/ssde/j25b/swift/nflics_nowcasts/2019/09/03/1030/Nowcast_201909031030_000.nc'
Skipping 2019-09-03 10:45: [Errno 2] No such file or directory: '/gws/ssde/j25b/swift/nflics_nowcasts/2019/09/03/1045/Nowcast_201909031045_000.nc'
Skipping 2019-09-04 10:00: [Errno 2] No such file or directory: '/gws/ssde/j25b/swift/nflics_nowcasts/2019/09/04/1000/Nowcast_201909041000_000.nc'
Skipping 2019-09-04 10:15: [Errno 2] No such file or directory: '/gws/ssde/j25b/swift/nflics_nowcasts/2019/09/04/1015/Nowcast_201909041015_000.nc'
Skipping 2019-09-04 10:30: [Errno 2] No such file or directory: '/gws/ssde/j25b/swift/nflics_nowcasts/2019/09/04/1030/Nowcast_201909041030_000.nc'
Skipping 2019-09-04 10:45: [Errno 2] No such file or directory: '/gws/ssde/j25b/swift/nflics_nowcasts/2019/09/04/1045/Nowcast_201909041045_000.nc'
Skipping 2019-09-06 10:45: [Errno 2] No such file or directory: '/gws/ssde/j25b/swift/nflics_nowcasts/2019/09/06/1045/Nowcast_201909061045_000.nc'
Skipping 2019-09-07 10:00: [Errno 2] No such file or directory: '/gws/ssde/j25b/swift/nflics_nowcasts/2019/09/07/1000/Nowcast_201909071000_000.nc'
Skipping 2019-09-07 10:15: [Errno 2] No such file or directory: '/gws/ssde/j25b/swift/nflics_nowcasts/2019/09/07/1015/Nowcast_201909071015_000.nc'
Skipping 2019-09-07 10:30: [Errno 2] No such file or directory: '/gws/ssde/j25b/swift/nflics_nowcasts/2019/09/07/1030/Nowcast_201909071030_000.nc'
Skipping 2019-09-07 10:45: [Errno 2] No such file or directory: '/gws/ssde/j25b/swift/nflics_nowcasts/2019/09/07/1045/Nowcast_201909071045_000.nc'
Skipping 2019-09-09 10:00: [Errno 2] No such file or directory: '/gws/ssde/j25b/swift/nflics_nowcasts/2019/09/09/1000/Nowcast_201909091000_000.nc'
Skipping 2019-09-09 10:15: [Errno 2] No such file or directory: '/gws/ssde/j25b/swift/nflics_nowcasts/2019/09/09/1015/Nowcast_201909091015_000.nc'
Skipping 2019-09-09 10:30: [Errno 2] No such file or directory: '/gws/ssde/j25b/swift/nflics_nowcasts/2019/09/09/1030/Nowcast_201909091030_000.nc'
Skipping 2019-09-09 10:45: [Errno 2] No such file or directory: '/gws/ssde/j25b/swift/nflics_nowcasts/2019/09/09/1045/Nowcast_201909091045_000.nc'
Skipping 2019-09-10 10:00: [Errno 2] No such file or directory: '/gws/ssde/j25b/swift/nflics_nowcasts/2019/09/10/1000/Nowcast_201909101000_000.nc'
Skipping 2019-09-10 10:30: [Errno 2] No such file or directory: '/gws/ssde/j25b/swift/nflics_nowcasts/2019/09/10/1030/Nowcast_201909101030_000.nc'
Skipping 2019-09-10 10:45: [Errno 2] No such file or directory: '/gws/ssde/j25b/swift/nflics_nowcasts/2019/09/10/1045/Nowcast_201909101045_000.nc'
Skipping 2019-09-12 10:00: [Errno 2] No such file or directory: '/gws/ssde/j25b/swift/nflics_nowcasts/2019/09/12/1000/Nowcast_201909121000_000.nc'
Skipping 2019-09-12 10:15: [Errno 2] No such file or directory: '/gws/ssde/j25b/swift/nflics_nowcasts/2019/09/12/1015/Nowcast_201909121015_000.nc'
Skipping 2019-09-12 10:30: [Errno 2] No such file or directory: '/gws/ssde/j25b/swift/nflics_nowcasts/2019/09/12/1030/Nowcast_201909121030_000.nc'
Skipping 2019-09-12 10:45: [Errno 2] No such file or directory: '/gws/ssde/j25b/swift/nflics_nowcasts/2019/09/12/1045/Nowcast_201909121045_000.nc'
Skipping 2019-09-16 10:00: [Errno 2] No such file or directory: '/gws/ssde/j25b/swift/nflics_nowcasts/2019/09/16/1000/Nowcast_201909161000_000.nc'
Skipping 2019-09-16 10:15: [Errno 2] No such file or directory: '/gws/ssde/j25b/swift/nflics_nowcasts/2019/09/16/1015/Nowcast_201909161015_000.nc'
Skipping 2019-09-16 10:30: [Errno 2] No such file or directory: '/gws/ssde/j25b/swift/nflics_nowcasts/2019/09/16/1030/Nowcast_201909161030_000.nc'
Skipping 2019-09-16 10:45: [Errno 2] No such file or directory: '/gws/ssde/j25b/swift/nflics_nowcasts/2019/09/16/1045/Nowcast_201909161045_000.nc'
Skipping 2019-09-20 10:00: [Errno 2] No such file or directory: '/gws/ssde/j25b/swift/nflics_nowcasts/2019/09/20/1000/Nowcast_201909201000_000.nc'
Skipping 2019-09-20 10:15: [Errno 2] No such file or directory: '/gws/ssde/j25b/swift/nflics_nowcasts/2019/09/20/1015/Nowcast_201909201015_000.nc'
Skipping 2019-09-20 10:30: [Errno 2] No such file or directory: '/gws/ssde/j25b/swift/nflics_nowcasts/2019/09/20/1030/Nowcast_201909201030_000.nc'
Skipping 2019-09-20 10:45: [Errno 2] No such file or directory: '/gws/ssde/j25b/swift/nflics_nowcasts/2019/09/20/1045/Nowcast_201909201045_000.nc'
Skipping 2019-09-21 10:00: [Errno 2] No such file or directory: '/gws/ssde/j25b/swift/nflics_nowcasts/2019/09/21/1000/Nowcast_201909211000_000.nc'
Skipping 2019-09-21 10:15: [Errno 2] No such file or directory: '/gws/ssde/j25b/swift/nflics_nowcasts/2019/09/21/1015/Nowcast_201909211015_000.nc'
Skipping 2019-09-21 10:30: [Errno 2] No such file or directory: '/gws/ssde/j25b/swift/nflics_nowcasts/2019/09/21/1030/Nowcast_201909211030_000.nc'
Skipping 2019-09-21 10:45: [Errno 2] No such file or directory: '/gws/ssde/j25b/swift/nflics_nowcasts/2019/09/21/1045/Nowcast_201909211045_000.nc'
Skipping 2019-09-22 10:00: [Errno 2] No such file or directory: '/gws/ssde/j25b/swift/nflics_nowcasts/2019/09/22/1000/Nowcast_201909221000_000.nc'
Skipping 2019-09-26 10:00: [Errno 2] No such file or directory: '/gws/ssde/j25b/swift/nflics_nowcasts/2019/09/26/1000/Nowcast_201909261000_000.nc'
Skipping 2019-09-26 10:15: [Errno 2] No such file or directory: '/gws/ssde/j25b/swift/nflics_nowcasts/2019/09/26/1015/Nowcast_201909261015_000.nc'
Skipping 2019-09-26 10:30: [Errno 2] No such file or directory: '/gws/ssde/j25b/swift/nflics_nowcasts/2019/09/26/1030/Nowcast_201909261030_000.nc'
Skipping 2019-09-26 10:45: [Errno 2] No such file or directory: '/gws/ssde/j25b/swift/nflics_nowcasts/2019/09/26/1045/Nowcast_201909261045_000.nc'
Skipping 2019-09-28 10:00: [Errno 2] No such file or directory: '/gws/ssde/j25b/swift/nflics_nowcasts/2019/09/28/1000/Nowcast_201909281000_000.nc'
Skipping 2019-09-28 10:15: [Errno 2] No such file or directory: '/gws/ssde/j25b/swift/nflics_nowcasts/2019/09/28/1015/Nowcast_201909281015_000.nc'
Skipping 2019-09-28 10:30: [Errno 2] No such file or directory: '/gws/ssde/j25b/swift/nflics_nowcasts/2019/09/28/1030/Nowcast_201909281030_000.nc'
Skipping 2019-09-28 10:45: [Errno 2] No such file or directory: '/gws/ssde/j25b/swift/nflics_nowcasts/2019/09/28/1045/Nowcast_201909281045_000.nc'
Skipping 2019-09-29 10:00: [Errno 2] No such file or directory: '/gws/ssde/j25b/swift/nflics_nowcasts/2019/09/29/1000/Nowcast_201909291000_000.nc'
Skipping 2019-09-29 10:15: [Errno 2] No such file or directory: '/gws/ssde/j25b/swift/nflics_nowcasts/2019/09/29/1015/Nowcast_201909291015_000.nc'
Skipping 2019-09-29 10:30: [Errno 2] No such file or directory: '/gws/ssde/j25b/swift/nflics_nowcasts/2019/09/29/1030/Nowcast_201909291030_000.nc'
Skipping 2019-09-29 10:45: [Errno 2] No such file or directory: '/gws/ssde/j25b/swift/nflics_nowcasts/2019/09/29/1045/Nowcast_201909291045_000.nc'
All ensemble nowcasts completed on CPU.
======================================================
 Job completed successfully at Sat 29 Nov 12:12:47 GMT 2025
======================================================
