======================================================
 Job started on host1081.jc.rl.ac.uk at Sat 29 Nov 12:12:57 GMT 2025
======================================================
Running ensemble nowcast inference:
 Lead time : 6
 Year      : 2019
 Month     : 09
 Hour      : 14
======================================================
Running on CPU with 8 threads
Loaded 5 ensemble models on CPU
Detected 101 inputs for 2019-09 14 UTC
Skipping 2019-09-01 14:00: [Errno 2] No such file or directory: '/gws/ssde/j25b/swift/nflics_nowcasts/2019/09/01/1400/Nowcast_201909011400_000.nc'
Skipping 2019-09-01 14:15: [Errno 2] No such file or directory: '/gws/ssde/j25b/swift/nflics_nowcasts/2019/09/01/1415/Nowcast_201909011415_000.nc'
Skipping 2019-09-01 14:30: [Errno 2] No such file or directory: '/gws/ssde/j25b/swift/nflics_nowcasts/2019/09/01/1430/Nowcast_201909011430_000.nc'
Skipping 2019-09-01 14:45: [Errno 2] No such file or directory: '/gws/ssde/j25b/swift/nflics_nowcasts/2019/09/01/1445/Nowcast_201909011445_000.nc'
Skipping 2019-09-02 14:00: [Errno 2] No such file or directory: '/gws/ssde/j25b/swift/nflics_nowcasts/2019/09/02/1400/Nowcast_201909021400_000.nc'
Skipping 2019-09-02 14:15: [Errno 2] No such file or directory: '/gws/ssde/j25b/swift/nflics_nowcasts/2019/09/02/1415/Nowcast_201909021415_000.nc'
Skipping 2019-09-02 14:30: [Errno 2] No such file or directory: '/gws/ssde/j25b/swift/nflics_nowcasts/2019/09/02/1430/Nowcast_201909021430_000.nc'
Skipping 2019-09-02 14:45: [Errno 2] No such file or directory: '/gws/ssde/j25b/swift/nflics_nowcasts/2019/09/02/1445/Nowcast_201909021445_000.nc'
Skipping 2019-09-03 14:00: [Errno 2] No such file or directory: '/gws/ssde/j25b/swift/nflics_nowcasts/2019/09/03/1400/Nowcast_201909031400_000.nc'
Skipping 2019-09-03 14:15: [Errno 2] No such file or directory: '/gws/ssde/j25b/swift/nflics_nowcasts/2019/09/03/1415/Nowcast_201909031415_000.nc'
Skipping 2019-09-03 14:30: [Errno 2] No such file or directory: '/gws/ssde/j25b/swift/nflics_nowcasts/2019/09/03/1430/Nowcast_201909031430_000.nc'
Skipping 2019-09-03 14:45: [Errno 2] No such file or directory: '/gws/ssde/j25b/swift/nflics_nowcasts/2019/09/03/1445/Nowcast_201909031445_000.nc'
Skipping 2019-09-04 14:00: [Errno 2] No such file or directory: '/gws/ssde/j25b/swift/nflics_nowcasts/2019/09/04/1400/Nowcast_201909041400_000.nc'
Skipping 2019-09-04 14:15: [Errno 2] No such file or directory: '/gws/ssde/j25b/swift/nflics_nowcasts/2019/09/04/1415/Nowcast_201909041415_000.nc'
Skipping 2019-09-04 14:30: [Errno 2] No such file or directory: '/gws/ssde/j25b/swift/nflics_nowcasts/2019/09/04/1430/Nowcast_201909041430_000.nc'
Skipping 2019-09-04 14:45: [Errno 2] No such file or directory: '/gws/ssde/j25b/swift/nflics_nowcasts/2019/09/04/1445/Nowcast_201909041445_000.nc'
Skipping 2019-09-05 14:30: [Errno 2] No such file or directory: '/gws/ssde/j25b/swift/nflics_nowcasts/2019/09/05/1430/Nowcast_201909051430_000.nc'
Skipping 2019-09-05 14:45: [Errno 2] No such file or directory: '/gws/ssde/j25b/swift/nflics_nowcasts/2019/09/05/1445/Nowcast_201909051445_000.nc'
Skipping 2019-09-06 14:00: [Errno 2] No such file or directory: '/gws/ssde/j25b/swift/nflics_nowcasts/2019/09/06/1400/Nowcast_201909061400_000.nc'
Skipping 2019-09-06 14:15: [Errno 2] No such file or directory: '/gws/ssde/j25b/swift/nflics_nowcasts/2019/09/06/1415/Nowcast_201909061415_000.nc'
Skipping 2019-09-06 14:30: [Errno 2] No such file or directory: '/gws/ssde/j25b/swift/nflics_nowcasts/2019/09/06/1430/Nowcast_201909061430_000.nc'
Skipping 2019-09-06 14:45: [Errno 2] No such file or directory: '/gws/ssde/j25b/swift/nflics_nowcasts/2019/09/06/1445/Nowcast_201909061445_000.nc'
Skipping 2019-09-07 14:00: [Errno 2] No such file or directory: '/gws/ssde/j25b/swift/nflics_nowcasts/2019/09/07/1400/Nowcast_201909071400_000.nc'
Skipping 2019-09-07 14:15: [Errno 2] No such file or directory: '/gws/ssde/j25b/swift/nflics_nowcasts/2019/09/07/1415/Nowcast_201909071415_000.nc'
Skipping 2019-09-07 14:30: [Errno 2] No such file or directory: '/gws/ssde/j25b/swift/nflics_nowcasts/2019/09/07/1430/Nowcast_201909071430_000.nc'
Skipping 2019-09-07 14:45: [Errno 2] No such file or directory: '/gws/ssde/j25b/swift/nflics_nowcasts/2019/09/07/1445/Nowcast_201909071445_000.nc'
Skipping 2019-09-08 14:00: [Errno 2] No such file or directory: '/gws/ssde/j25b/swift/nflics_nowcasts/2019/09/08/1400/Nowcast_201909081400_000.nc'
Skipping 2019-09-08 14:15: [Errno 2] No such file or directory: '/gws/ssde/j25b/swift/nflics_nowcasts/2019/09/08/1415/Nowcast_201909081415_000.nc'
Skipping 2019-09-08 14:30: [Errno 2] No such file or directory: '/gws/ssde/j25b/swift/nflics_nowcasts/2019/09/08/1430/Nowcast_201909081430_000.nc'
Skipping 2019-09-08 14:45: [Errno 2] No such file or directory: '/gws/ssde/j25b/swift/nflics_nowcasts/2019/09/08/1445/Nowcast_201909081445_000.nc'
Skipping 2019-09-09 14:00: [Errno 2] No such file or directory: '/gws/ssde/j25b/swift/nflics_nowcasts/2019/09/09/1400/Nowcast_201909091400_000.nc'
Skipping 2019-09-09 14:15: [Errno 2] No such file or directory: '/gws/ssde/j25b/swift/nflics_nowcasts/2019/09/09/1415/Nowcast_201909091415_000.nc'
Skipping 2019-09-09 14:30: [Errno 2] No such file or directory: '/gws/ssde/j25b/swift/nflics_nowcasts/2019/09/09/1430/Nowcast_201909091430_000.nc'
Skipping 2019-09-09 14:45: [Errno 2] No such file or directory: '/gws/ssde/j25b/swift/nflics_nowcasts/2019/09/09/1445/Nowcast_201909091445_000.nc'
Skipping 2019-09-10 14:00: [Errno 2] No such file or directory: '/gws/ssde/j25b/swift/nflics_nowcasts/2019/09/10/1400/Nowcast_201909101400_000.nc'
Skipping 2019-09-10 14:15: [Errno 2] No such file or directory: '/gws/ssde/j25b/swift/nflics_nowcasts/2019/09/10/1415/Nowcast_201909101415_000.nc'
Skipping 2019-09-10 14:30: [Errno 2] No such file or directory: '/gws/ssde/j25b/swift/nflics_nowcasts/2019/09/10/1430/Nowcast_201909101430_000.nc'
Skipping 2019-09-10 14:45: [Errno 2] No such file or directory: '/gws/ssde/j25b/swift/nflics_nowcasts/2019/09/10/1445/Nowcast_201909101445_000.nc'
Skipping 2019-09-11 14:45: [Errno 2] No such file or directory: '/gws/ssde/j25b/swift/nflics_nowcasts/2019/09/11/1445/Nowcast_201909111445_000.nc'
Skipping 2019-09-12 14:00: [Errno 2] No such file or directory: '/gws/ssde/j25b/swift/nflics_nowcasts/2019/09/12/1400/Nowcast_201909121400_000.nc'
Skipping 2019-09-12 14:15: [Errno 2] No such file or directory: '/gws/ssde/j25b/swift/nflics_nowcasts/2019/09/12/1415/Nowcast_201909121415_000.nc'
Skipping 2019-09-12 14:30: [Errno 2] No such file or directory: '/gws/ssde/j25b/swift/nflics_nowcasts/2019/09/12/1430/Nowcast_201909121430_000.nc'
Skipping 2019-09-12 14:45: [Errno 2] No such file or directory: '/gws/ssde/j25b/swift/nflics_nowcasts/2019/09/12/1445/Nowcast_201909121445_000.nc'
Skipping 2019-09-13 14:00: [Errno 2] No such file or directory: '/gws/ssde/j25b/swift/nflics_nowcasts/2019/09/13/1400/Nowcast_201909131400_000.nc'
Skipping 2019-09-13 14:15: [Errno 2] No such file or directory: '/gws/ssde/j25b/swift/nflics_nowcasts/2019/09/13/1415/Nowcast_201909131415_000.nc'
Skipping 2019-09-13 14:30: [Errno 2] No such file or directory: '/gws/ssde/j25b/swift/nflics_nowcasts/2019/09/13/1430/Nowcast_201909131430_000.nc'
Skipping 2019-09-13 14:45: [Errno 2] No such file or directory: '/gws/ssde/j25b/swift/nflics_nowcasts/2019/09/13/1445/Nowcast_201909131445_000.nc'
Skipping 2019-09-15 14:15: [Errno 2] No such file or directory: '/gws/ssde/j25b/swift/nflics_nowcasts/2019/09/15/1415/Nowcast_201909151415_000.nc'
Skipping 2019-09-15 14:30: [Errno 2] No such file or directory: '/gws/ssde/j25b/swift/nflics_nowcasts/2019/09/15/1430/Nowcast_201909151430_000.nc'
Skipping 2019-09-15 14:45: [Errno 2] No such file or directory: '/gws/ssde/j25b/swift/nflics_nowcasts/2019/09/15/1445/Nowcast_201909151445_000.nc'
Skipping 2019-09-16 14:00: [Errno 2] No such file or directory: '/gws/ssde/j25b/swift/nflics_nowcasts/2019/09/16/1400/Nowcast_201909161400_000.nc'
Skipping 2019-09-16 14:15: [Errno 2] No such file or directory: '/gws/ssde/j25b/swift/nflics_nowcasts/2019/09/16/1415/Nowcast_201909161415_000.nc'
Skipping 2019-09-16 14:30: [Errno 2] No such file or directory: '/gws/ssde/j25b/swift/nflics_nowcasts/2019/09/16/1430/Nowcast_201909161430_000.nc'
Skipping 2019-09-16 14:45: [Errno 2] No such file or directory: '/gws/ssde/j25b/swift/nflics_nowcasts/2019/09/16/1445/Nowcast_201909161445_000.nc'
Skipping 2019-09-17 14:00: [Errno 2] No such file or directory: '/gws/ssde/j25b/swift/nflics_nowcasts/2019/09/17/1400/Nowcast_201909171400_000.nc'
Skipping 2019-09-17 14:15: [Errno 2] No such file or directory: '/gws/ssde/j25b/swift/nflics_nowcasts/2019/09/17/1415/Nowcast_201909171415_000.nc'
Skipping 2019-09-17 14:30: [Errno 2] No such file or directory: '/gws/ssde/j25b/swift/nflics_nowcasts/2019/09/17/1430/Nowcast_201909171430_000.nc'
Skipping 2019-09-17 14:45: [Errno 2] No such file or directory: '/gws/ssde/j25b/swift/nflics_nowcasts/2019/09/17/1445/Nowcast_201909171445_000.nc'
Skipping 2019-09-18 14:00: [Errno 2] No such file or directory: '/gws/ssde/j25b/swift/nflics_nowcasts/2019/09/18/1400/Nowcast_201909181400_000.nc'
Skipping 2019-09-18 14:15: [Errno 2] No such file or directory: '/gws/ssde/j25b/swift/nflics_nowcasts/2019/09/18/1415/Nowcast_201909181415_000.nc'
Skipping 2019-09-18 14:30: [Errno 2] No such file or directory: '/gws/ssde/j25b/swift/nflics_nowcasts/2019/09/18/1430/Nowcast_201909181430_000.nc'
Skipping 2019-09-18 14:45: [Errno 2] No such file or directory: '/gws/ssde/j25b/swift/nflics_nowcasts/2019/09/18/1445/Nowcast_201909181445_000.nc'
Skipping 2019-09-19 14:00: [Errno 2] No such file or directory: '/gws/ssde/j25b/swift/nflics_nowcasts/2019/09/19/1400/Nowcast_201909191400_000.nc'
Skipping 2019-09-19 14:15: [Errno 2] No such file or directory: '/gws/ssde/j25b/swift/nflics_nowcasts/2019/09/19/1415/Nowcast_201909191415_000.nc'
Skipping 2019-09-19 14:30: [Errno 2] No such file or directory: '/gws/ssde/j25b/swift/nflics_nowcasts/2019/09/19/1430/Nowcast_201909191430_000.nc'
Skipping 2019-09-19 14:45: [Errno 2] No such file or directory: '/gws/ssde/j25b/swift/nflics_nowcasts/2019/09/19/1445/Nowcast_201909191445_000.nc'
Skipping 2019-09-20 14:00: [Errno 2] No such file or directory: '/gws/ssde/j25b/swift/nflics_nowcasts/2019/09/20/1400/Nowcast_201909201400_000.nc'
Skipping 2019-09-20 14:15: [Errno 2] No such file or directory: '/gws/ssde/j25b/swift/nflics_nowcasts/2019/09/20/1415/Nowcast_201909201415_000.nc'
Skipping 2019-09-20 14:30: [Errno 2] No such file or directory: '/gws/ssde/j25b/swift/nflics_nowcasts/2019/09/20/1430/Nowcast_201909201430_000.nc'
Skipping 2019-09-20 14:45: [Errno 2] No such file or directory: '/gws/ssde/j25b/swift/nflics_nowcasts/2019/09/20/1445/Nowcast_201909201445_000.nc'
Skipping 2019-09-21 14:00: [Errno 2] No such file or directory: '/gws/ssde/j25b/swift/nflics_nowcasts/2019/09/21/1400/Nowcast_201909211400_000.nc'
Skipping 2019-09-21 14:15: [Errno 2] No such file or directory: '/gws/ssde/j25b/swift/nflics_nowcasts/2019/09/21/1415/Nowcast_201909211415_000.nc'
Skipping 2019-09-21 14:30: [Errno 2] No such file or directory: '/gws/ssde/j25b/swift/nflics_nowcasts/2019/09/21/1430/Nowcast_201909211430_000.nc'
Skipping 2019-09-21 14:45: [Errno 2] No such file or directory: '/gws/ssde/j25b/swift/nflics_nowcasts/2019/09/21/1445/Nowcast_201909211445_000.nc'
Skipping 2019-09-22 14:00: [Errno 2] No such file or directory: '/gws/ssde/j25b/swift/nflics_nowcasts/2019/09/22/1400/Nowcast_201909221400_000.nc'
Skipping 2019-09-22 14:15: [Errno 2] No such file or directory: '/gws/ssde/j25b/swift/nflics_nowcasts/2019/09/22/1415/Nowcast_201909221415_000.nc'
Skipping 2019-09-22 14:30: [Errno 2] No such file or directory: '/gws/ssde/j25b/swift/nflics_nowcasts/2019/09/22/1430/Nowcast_201909221430_000.nc'
Skipping 2019-09-22 14:45: [Errno 2] No such file or directory: '/gws/ssde/j25b/swift/nflics_nowcasts/2019/09/22/1445/Nowcast_201909221445_000.nc'
Skipping 2019-09-23 14:00: [Errno 2] No such file or directory: '/gws/ssde/j25b/swift/nflics_nowcasts/2019/09/23/1400/Nowcast_201909231400_000.nc'
Skipping 2019-09-23 14:15: [Errno 2] No such file or directory: '/gws/ssde/j25b/swift/nflics_nowcasts/2019/09/23/1415/Nowcast_201909231415_000.nc'
Skipping 2019-09-23 14:30: [Errno 2] No such file or directory: '/gws/ssde/j25b/swift/nflics_nowcasts/2019/09/23/1430/Nowcast_201909231430_000.nc'
Skipping 2019-09-23 14:45: [Errno 2] No such file or directory: '/gws/ssde/j25b/swift/nflics_nowcasts/2019/09/23/1445/Nowcast_201909231445_000.nc'
Skipping 2019-09-24 14:30: [Errno 2] No such file or directory: '/gws/ssde/j25b/swift/nflics_nowcasts/2019/09/24/1430/Nowcast_201909241430_000.nc'
Skipping 2019-09-25 14:00: [Errno 2] No such file or directory: '/gws/ssde/j25b/swift/nflics_nowcasts/2019/09/25/1400/Nowcast_201909251400_000.nc'
Skipping 2019-09-25 14:15: [Errno 2] No such file or directory: '/gws/ssde/j25b/swift/nflics_nowcasts/2019/09/25/1415/Nowcast_201909251415_000.nc'
Skipping 2019-09-25 14:30: [Errno 2] No such file or directory: '/gws/ssde/j25b/swift/nflics_nowcasts/2019/09/25/1430/Nowcast_201909251430_000.nc'
Skipping 2019-09-25 14:45: [Errno 2] No such file or directory: '/gws/ssde/j25b/swift/nflics_nowcasts/2019/09/25/1445/Nowcast_201909251445_000.nc'
Skipping 2019-09-26 14:00: [Errno 2] No such file or directory: '/gws/ssde/j25b/swift/nflics_nowcasts/2019/09/26/1400/Nowcast_201909261400_000.nc'
Skipping 2019-09-26 14:15: [Errno 2] No such file or directory: '/gws/ssde/j25b/swift/nflics_nowcasts/2019/09/26/1415/Nowcast_201909261415_000.nc'
Skipping 2019-09-26 14:30: [Errno 2] No such file or directory: '/gws/ssde/j25b/swift/nflics_nowcasts/2019/09/26/1430/Nowcast_201909261430_000.nc'
Skipping 2019-09-26 14:45: [Errno 2] No such file or directory: '/gws/ssde/j25b/swift/nflics_nowcasts/2019/09/26/1445/Nowcast_201909261445_000.nc'
Skipping 2019-09-27 14:30: [Errno 2] No such file or directory: '/gws/ssde/j25b/swift/nflics_nowcasts/2019/09/27/1430/Nowcast_201909271430_000.nc'
Skipping 2019-09-27 14:45: [Errno 2] No such file or directory: '/gws/ssde/j25b/swift/nflics_nowcasts/2019/09/27/1445/Nowcast_201909271445_000.nc'
Skipping 2019-09-28 14:00: [Errno 2] No such file or directory: '/gws/ssde/j25b/swift/nflics_nowcasts/2019/09/28/1400/Nowcast_201909281400_000.nc'
Skipping 2019-09-28 14:15: [Errno 2] No such file or directory: '/gws/ssde/j25b/swift/nflics_nowcasts/2019/09/28/1415/Nowcast_201909281415_000.nc'
Skipping 2019-09-28 14:30: [Errno 2] No such file or directory: '/gws/ssde/j25b/swift/nflics_nowcasts/2019/09/28/1430/Nowcast_201909281430_000.nc'
Skipping 2019-09-28 14:45: [Errno 2] No such file or directory: '/gws/ssde/j25b/swift/nflics_nowcasts/2019/09/28/1445/Nowcast_201909281445_000.nc'
Skipping 2019-09-29 14:00: [Errno 2] No such file or directory: '/gws/ssde/j25b/swift/nflics_nowcasts/2019/09/29/1400/Nowcast_201909291400_000.nc'
Skipping 2019-09-29 14:15: [Errno 2] No such file or directory: '/gws/ssde/j25b/swift/nflics_nowcasts/2019/09/29/1415/Nowcast_201909291415_000.nc'
Skipping 2019-09-29 14:30: [Errno 2] No such file or directory: '/gws/ssde/j25b/swift/nflics_nowcasts/2019/09/29/1430/Nowcast_201909291430_000.nc'
Skipping 2019-09-29 14:45: [Errno 2] No such file or directory: '/gws/ssde/j25b/swift/nflics_nowcasts/2019/09/29/1445/Nowcast_201909291445_000.nc'
All ensemble nowcasts completed on CPU.
======================================================
 Job completed successfully at Sat 29 Nov 12:13:04 GMT 2025
======================================================
