======================================================
 Job started on host1081.jc.rl.ac.uk at Sat 29 Nov 12:11:36 GMT 2025
======================================================
Running ensemble nowcast inference:
 Lead time : 6
 Year      : 2019
 Month     : 07
 Hour      : 13
======================================================
Running on CPU with 8 threads
Loaded 5 ensemble models on CPU
Detected 70 inputs for 2019-07 13 UTC
Skipping 2019-07-02 13:00: [Errno 2] No such file or directory: '/gws/ssde/j25b/swift/nflics_nowcasts/2019/07/02/1300/Nowcast_201907021300_000.nc'
Skipping 2019-07-02 13:15: [Errno 2] No such file or directory: '/gws/ssde/j25b/swift/nflics_nowcasts/2019/07/02/1315/Nowcast_201907021315_000.nc'
Skipping 2019-07-02 13:30: [Errno 2] No such file or directory: '/gws/ssde/j25b/swift/nflics_nowcasts/2019/07/02/1330/Nowcast_201907021330_000.nc'
Skipping 2019-07-02 13:45: [Errno 2] No such file or directory: '/gws/ssde/j25b/swift/nflics_nowcasts/2019/07/02/1345/Nowcast_201907021345_000.nc'
Skipping 2019-07-04 13:30: [Errno 2] No such file or directory: '/gws/ssde/j25b/swift/nflics_nowcasts/2019/07/04/1330/Nowcast_201907041330_000.nc'
Skipping 2019-07-05 13:00: [Errno 2] No such file or directory: '/gws/ssde/j25b/swift/nflics_nowcasts/2019/07/05/1300/Nowcast_201907051300_000.nc'
Skipping 2019-07-05 13:15: [Errno 2] No such file or directory: '/gws/ssde/j25b/swift/nflics_nowcasts/2019/07/05/1315/Nowcast_201907051315_000.nc'
Skipping 2019-07-05 13:30: [Errno 2] No such file or directory: '/gws/ssde/j25b/swift/nflics_nowcasts/2019/07/05/1330/Nowcast_201907051330_000.nc'
Skipping 2019-07-05 13:45: [Errno 2] No such file or directory: '/gws/ssde/j25b/swift/nflics_nowcasts/2019/07/05/1345/Nowcast_201907051345_000.nc'
Skipping 2019-07-06 13:15: [Errno 2] No such file or directory: '/gws/ssde/j25b/swift/nflics_nowcasts/2019/07/06/1315/Nowcast_201907061315_000.nc'
Skipping 2019-07-07 13:00: [Errno 2] No such file or directory: '/gws/ssde/j25b/swift/nflics_nowcasts/2019/07/07/1300/Nowcast_201907071300_000.nc'
Skipping 2019-07-07 13:15: [Errno 2] No such file or directory: '/gws/ssde/j25b/swift/nflics_nowcasts/2019/07/07/1315/Nowcast_201907071315_000.nc'
Skipping 2019-07-07 13:30: [Errno 2] No such file or directory: '/gws/ssde/j25b/swift/nflics_nowcasts/2019/07/07/1330/Nowcast_201907071330_000.nc'
Skipping 2019-07-07 13:45: [Errno 2] No such file or directory: '/gws/ssde/j25b/swift/nflics_nowcasts/2019/07/07/1345/Nowcast_201907071345_000.nc'
Skipping 2019-07-08 13:00: [Errno 2] No such file or directory: '/gws/ssde/j25b/swift/nflics_nowcasts/2019/07/08/1300/Nowcast_201907081300_000.nc'
Skipping 2019-07-08 13:15: [Errno 2] No such file or directory: '/gws/ssde/j25b/swift/nflics_nowcasts/2019/07/08/1315/Nowcast_201907081315_000.nc'
Skipping 2019-07-08 13:30: [Errno 2] No such file or directory: '/gws/ssde/j25b/swift/nflics_nowcasts/2019/07/08/1330/Nowcast_201907081330_000.nc'
Skipping 2019-07-12 13:00: [Errno 2] No such file or directory: '/gws/ssde/j25b/swift/nflics_nowcasts/2019/07/12/1300/Nowcast_201907121300_000.nc'
Skipping 2019-07-12 13:15: [Errno 2] No such file or directory: '/gws/ssde/j25b/swift/nflics_nowcasts/2019/07/12/1315/Nowcast_201907121315_000.nc'
Skipping 2019-07-12 13:30: [Errno 2] No such file or directory: '/gws/ssde/j25b/swift/nflics_nowcasts/2019/07/12/1330/Nowcast_201907121330_000.nc'
Skipping 2019-07-12 13:45: [Errno 2] No such file or directory: '/gws/ssde/j25b/swift/nflics_nowcasts/2019/07/12/1345/Nowcast_201907121345_000.nc'
Skipping 2019-07-13 13:45: [Errno 2] No such file or directory: '/gws/ssde/j25b/swift/nflics_nowcasts/2019/07/13/1345/Nowcast_201907131345_000.nc'
Skipping 2019-07-15 13:45: [Errno 2] No such file or directory: '/gws/ssde/j25b/swift/nflics_nowcasts/2019/07/15/1345/Nowcast_201907151345_000.nc'
Skipping 2019-07-16 13:00: [Errno 2] No such file or directory: '/gws/ssde/j25b/swift/nflics_nowcasts/2019/07/16/1300/Nowcast_201907161300_000.nc'
Skipping 2019-07-16 13:15: [Errno 2] No such file or directory: '/gws/ssde/j25b/swift/nflics_nowcasts/2019/07/16/1315/Nowcast_201907161315_000.nc'
Skipping 2019-07-16 13:30: [Errno 2] No such file or directory: '/gws/ssde/j25b/swift/nflics_nowcasts/2019/07/16/1330/Nowcast_201907161330_000.nc'
Skipping 2019-07-16 13:45: [Errno 2] No such file or directory: '/gws/ssde/j25b/swift/nflics_nowcasts/2019/07/16/1345/Nowcast_201907161345_000.nc'
Skipping 2019-07-17 13:00: [Errno 2] No such file or directory: '/gws/ssde/j25b/swift/nflics_nowcasts/2019/07/17/1300/Nowcast_201907171300_000.nc'
Skipping 2019-07-17 13:15: [Errno 2] No such file or directory: '/gws/ssde/j25b/swift/nflics_nowcasts/2019/07/17/1315/Nowcast_201907171315_000.nc'
Skipping 2019-07-17 13:30: [Errno 2] No such file or directory: '/gws/ssde/j25b/swift/nflics_nowcasts/2019/07/17/1330/Nowcast_201907171330_000.nc'
Skipping 2019-07-17 13:45: [Errno 2] No such file or directory: '/gws/ssde/j25b/swift/nflics_nowcasts/2019/07/17/1345/Nowcast_201907171345_000.nc'
Skipping 2019-07-18 13:00: [Errno 2] No such file or directory: '/gws/ssde/j25b/swift/nflics_nowcasts/2019/07/18/1300/Nowcast_201907181300_000.nc'
Skipping 2019-07-18 13:15: [Errno 2] No such file or directory: '/gws/ssde/j25b/swift/nflics_nowcasts/2019/07/18/1315/Nowcast_201907181315_000.nc'
Skipping 2019-07-18 13:30: [Errno 2] No such file or directory: '/gws/ssde/j25b/swift/nflics_nowcasts/2019/07/18/1330/Nowcast_201907181330_000.nc'
Skipping 2019-07-18 13:45: [Errno 2] No such file or directory: '/gws/ssde/j25b/swift/nflics_nowcasts/2019/07/18/1345/Nowcast_201907181345_000.nc'
Skipping 2019-07-19 13:00: [Errno 2] No such file or directory: '/gws/ssde/j25b/swift/nflics_nowcasts/2019/07/19/1300/Nowcast_201907191300_000.nc'
Skipping 2019-07-19 13:15: [Errno 2] No such file or directory: '/gws/ssde/j25b/swift/nflics_nowcasts/2019/07/19/1315/Nowcast_201907191315_000.nc'
Skipping 2019-07-19 13:30: [Errno 2] No such file or directory: '/gws/ssde/j25b/swift/nflics_nowcasts/2019/07/19/1330/Nowcast_201907191330_000.nc'
Skipping 2019-07-19 13:45: [Errno 2] No such file or directory: '/gws/ssde/j25b/swift/nflics_nowcasts/2019/07/19/1345/Nowcast_201907191345_000.nc'
Skipping 2019-07-21 13:00: [Errno 2] No such file or directory: '/gws/ssde/j25b/swift/nflics_nowcasts/2019/07/21/1300/Nowcast_201907211300_000.nc'
Skipping 2019-07-21 13:15: [Errno 2] No such file or directory: '/gws/ssde/j25b/swift/nflics_nowcasts/2019/07/21/1315/Nowcast_201907211315_000.nc'
Skipping 2019-07-21 13:30: [Errno 2] No such file or directory: '/gws/ssde/j25b/swift/nflics_nowcasts/2019/07/21/1330/Nowcast_201907211330_000.nc'
Skipping 2019-07-21 13:45: [Errno 2] No such file or directory: '/gws/ssde/j25b/swift/nflics_nowcasts/2019/07/21/1345/Nowcast_201907211345_000.nc'
Skipping 2019-07-23 13:00: [Errno 2] No such file or directory: '/gws/ssde/j25b/swift/nflics_nowcasts/2019/07/23/1300/Nowcast_201907231300_000.nc'
Skipping 2019-07-23 13:15: [Errno 2] No such file or directory: '/gws/ssde/j25b/swift/nflics_nowcasts/2019/07/23/1315/Nowcast_201907231315_000.nc'
Skipping 2019-07-23 13:30: [Errno 2] No such file or directory: '/gws/ssde/j25b/swift/nflics_nowcasts/2019/07/23/1330/Nowcast_201907231330_000.nc'
Skipping 2019-07-23 13:45: [Errno 2] No such file or directory: '/gws/ssde/j25b/swift/nflics_nowcasts/2019/07/23/1345/Nowcast_201907231345_000.nc'
Skipping 2019-07-24 13:15: [Errno 2] No such file or directory: '/gws/ssde/j25b/swift/nflics_nowcasts/2019/07/24/1315/Nowcast_201907241315_000.nc'
Skipping 2019-07-24 13:30: [Errno 2] No such file or directory: '/gws/ssde/j25b/swift/nflics_nowcasts/2019/07/24/1330/Nowcast_201907241330_000.nc'
Skipping 2019-07-24 13:45: [Errno 2] No such file or directory: '/gws/ssde/j25b/swift/nflics_nowcasts/2019/07/24/1345/Nowcast_201907241345_000.nc'
Skipping 2019-07-26 13:00: [Errno 2] No such file or directory: '/gws/ssde/j25b/swift/nflics_nowcasts/2019/07/26/1300/Nowcast_201907261300_000.nc'
Skipping 2019-07-26 13:15: [Errno 2] No such file or directory: '/gws/ssde/j25b/swift/nflics_nowcasts/2019/07/26/1315/Nowcast_201907261315_000.nc'
Skipping 2019-07-26 13:30: [Errno 2] No such file or directory: '/gws/ssde/j25b/swift/nflics_nowcasts/2019/07/26/1330/Nowcast_201907261330_000.nc'
Skipping 2019-07-26 13:45: [Errno 2] No such file or directory: '/gws/ssde/j25b/swift/nflics_nowcasts/2019/07/26/1345/Nowcast_201907261345_000.nc'
Skipping 2019-07-27 13:00: [Errno 2] No such file or directory: '/gws/ssde/j25b/swift/nflics_nowcasts/2019/07/27/1300/Nowcast_201907271300_000.nc'
Skipping 2019-07-27 13:15: [Errno 2] No such file or directory: '/gws/ssde/j25b/swift/nflics_nowcasts/2019/07/27/1315/Nowcast_201907271315_000.nc'
Skipping 2019-07-27 13:30: [Errno 2] No such file or directory: '/gws/ssde/j25b/swift/nflics_nowcasts/2019/07/27/1330/Nowcast_201907271330_000.nc'
Skipping 2019-07-27 13:45: [Errno 2] No such file or directory: '/gws/ssde/j25b/swift/nflics_nowcasts/2019/07/27/1345/Nowcast_201907271345_000.nc'
Skipping 2019-07-28 13:00: [Errno 2] No such file or directory: '/gws/ssde/j25b/swift/nflics_nowcasts/2019/07/28/1300/Nowcast_201907281300_000.nc'
Skipping 2019-07-28 13:15: [Errno 2] No such file or directory: '/gws/ssde/j25b/swift/nflics_nowcasts/2019/07/28/1315/Nowcast_201907281315_000.nc'
Skipping 2019-07-28 13:30: [Errno 2] No such file or directory: '/gws/ssde/j25b/swift/nflics_nowcasts/2019/07/28/1330/Nowcast_201907281330_000.nc'
Skipping 2019-07-28 13:45: [Errno 2] No such file or directory: '/gws/ssde/j25b/swift/nflics_nowcasts/2019/07/28/1345/Nowcast_201907281345_000.nc'
Skipping 2019-07-29 13:00: [Errno 2] No such file or directory: '/gws/ssde/j25b/swift/nflics_nowcasts/2019/07/29/1300/Nowcast_201907291300_000.nc'
Skipping 2019-07-29 13:15: [Errno 2] No such file or directory: '/gws/ssde/j25b/swift/nflics_nowcasts/2019/07/29/1315/Nowcast_201907291315_000.nc'
Skipping 2019-07-29 13:30: [Errno 2] No such file or directory: '/gws/ssde/j25b/swift/nflics_nowcasts/2019/07/29/1330/Nowcast_201907291330_000.nc'
Skipping 2019-07-29 13:45: [Errno 2] No such file or directory: '/gws/ssde/j25b/swift/nflics_nowcasts/2019/07/29/1345/Nowcast_201907291345_000.nc'
Skipping 2019-07-31 13:00: [Errno 2] No such file or directory: '/gws/ssde/j25b/swift/nflics_nowcasts/2019/07/31/1300/Nowcast_201907311300_000.nc'
Skipping 2019-07-31 13:15: [Errno 2] No such file or directory: '/gws/ssde/j25b/swift/nflics_nowcasts/2019/07/31/1315/Nowcast_201907311315_000.nc'
Skipping 2019-07-31 13:30: [Errno 2] No such file or directory: '/gws/ssde/j25b/swift/nflics_nowcasts/2019/07/31/1330/Nowcast_201907311330_000.nc'
Skipping 2019-07-31 13:45: [Errno 2] No such file or directory: '/gws/ssde/j25b/swift/nflics_nowcasts/2019/07/31/1345/Nowcast_201907311345_000.nc'
All ensemble nowcasts completed on CPU.
======================================================
 Job completed successfully at Sat 29 Nov 12:11:43 GMT 2025
======================================================
