======================================================
 Job started on host1085.jc.rl.ac.uk at Sat 29 Nov 12:12:57 GMT 2025
======================================================
Running ensemble nowcast inference:
 Lead time : 6
 Year      : 2019
 Month     : 09
 Hour      : 18
======================================================
Running on CPU with 8 threads
Loaded 5 ensemble models on CPU
Detected 119 inputs for 2019-09 18 UTC
Skipping 2019-09-01 18:00: [Errno 2] No such file or directory: '/gws/ssde/j25b/swift/nflics_nowcasts/2019/09/01/1800/Nowcast_201909011800_000.nc'
Skipping 2019-09-01 18:15: [Errno 2] No such file or directory: '/gws/ssde/j25b/swift/nflics_nowcasts/2019/09/01/1815/Nowcast_201909011815_000.nc'
Skipping 2019-09-01 18:30: [Errno 2] No such file or directory: '/gws/ssde/j25b/swift/nflics_nowcasts/2019/09/01/1830/Nowcast_201909011830_000.nc'
Skipping 2019-09-01 18:45: [Errno 2] No such file or directory: '/gws/ssde/j25b/swift/nflics_nowcasts/2019/09/01/1845/Nowcast_201909011845_000.nc'
Skipping 2019-09-02 18:00: [Errno 2] No such file or directory: '/gws/ssde/j25b/swift/nflics_nowcasts/2019/09/02/1800/Nowcast_201909021800_000.nc'
Skipping 2019-09-02 18:15: [Errno 2] No such file or directory: '/gws/ssde/j25b/swift/nflics_nowcasts/2019/09/02/1815/Nowcast_201909021815_000.nc'
Skipping 2019-09-02 18:30: [Errno 2] No such file or directory: '/gws/ssde/j25b/swift/nflics_nowcasts/2019/09/02/1830/Nowcast_201909021830_000.nc'
Skipping 2019-09-02 18:45: [Errno 2] No such file or directory: '/gws/ssde/j25b/swift/nflics_nowcasts/2019/09/02/1845/Nowcast_201909021845_000.nc'
Skipping 2019-09-03 18:00: [Errno 2] No such file or directory: '/gws/ssde/j25b/swift/nflics_nowcasts/2019/09/03/1800/Nowcast_201909031800_000.nc'
Skipping 2019-09-03 18:15: [Errno 2] No such file or directory: '/gws/ssde/j25b/swift/nflics_nowcasts/2019/09/03/1815/Nowcast_201909031815_000.nc'
Skipping 2019-09-03 18:30: [Errno 2] No such file or directory: '/gws/ssde/j25b/swift/nflics_nowcasts/2019/09/03/1830/Nowcast_201909031830_000.nc'
Skipping 2019-09-03 18:45: [Errno 2] No such file or directory: '/gws/ssde/j25b/swift/nflics_nowcasts/2019/09/03/1845/Nowcast_201909031845_000.nc'
Skipping 2019-09-04 18:00: [Errno 2] No such file or directory: '/gws/ssde/j25b/swift/nflics_nowcasts/2019/09/04/1800/Nowcast_201909041800_000.nc'
Skipping 2019-09-04 18:15: [Errno 2] No such file or directory: '/gws/ssde/j25b/swift/nflics_nowcasts/2019/09/04/1815/Nowcast_201909041815_000.nc'
Skipping 2019-09-04 18:30: [Errno 2] No such file or directory: '/gws/ssde/j25b/swift/nflics_nowcasts/2019/09/04/1830/Nowcast_201909041830_000.nc'
Skipping 2019-09-04 18:45: [Errno 2] No such file or directory: '/gws/ssde/j25b/swift/nflics_nowcasts/2019/09/04/1845/Nowcast_201909041845_000.nc'
Skipping 2019-09-05 18:00: [Errno 2] No such file or directory: '/gws/ssde/j25b/swift/nflics_nowcasts/2019/09/05/1800/Nowcast_201909051800_000.nc'
Skipping 2019-09-05 18:15: [Errno 2] No such file or directory: '/gws/ssde/j25b/swift/nflics_nowcasts/2019/09/05/1815/Nowcast_201909051815_000.nc'
Skipping 2019-09-05 18:30: [Errno 2] No such file or directory: '/gws/ssde/j25b/swift/nflics_nowcasts/2019/09/05/1830/Nowcast_201909051830_000.nc'
Skipping 2019-09-05 18:45: [Errno 2] No such file or directory: '/gws/ssde/j25b/swift/nflics_nowcasts/2019/09/05/1845/Nowcast_201909051845_000.nc'
Skipping 2019-09-06 18:00: [Errno 2] No such file or directory: '/gws/ssde/j25b/swift/nflics_nowcasts/2019/09/06/1800/Nowcast_201909061800_000.nc'
Skipping 2019-09-06 18:15: [Errno 2] No such file or directory: '/gws/ssde/j25b/swift/nflics_nowcasts/2019/09/06/1815/Nowcast_201909061815_000.nc'
Skipping 2019-09-06 18:30: [Errno 2] No such file or directory: '/gws/ssde/j25b/swift/nflics_nowcasts/2019/09/06/1830/Nowcast_201909061830_000.nc'
Skipping 2019-09-06 18:45: [Errno 2] No such file or directory: '/gws/ssde/j25b/swift/nflics_nowcasts/2019/09/06/1845/Nowcast_201909061845_000.nc'
Skipping 2019-09-07 18:00: [Errno 2] No such file or directory: '/gws/ssde/j25b/swift/nflics_nowcasts/2019/09/07/1800/Nowcast_201909071800_000.nc'
Skipping 2019-09-07 18:15: [Errno 2] No such file or directory: '/gws/ssde/j25b/swift/nflics_nowcasts/2019/09/07/1815/Nowcast_201909071815_000.nc'
Skipping 2019-09-07 18:30: [Errno 2] No such file or directory: '/gws/ssde/j25b/swift/nflics_nowcasts/2019/09/07/1830/Nowcast_201909071830_000.nc'
Skipping 2019-09-07 18:45: [Errno 2] No such file or directory: '/gws/ssde/j25b/swift/nflics_nowcasts/2019/09/07/1845/Nowcast_201909071845_000.nc'
Skipping 2019-09-08 18:00: [Errno 2] No such file or directory: '/gws/ssde/j25b/swift/nflics_nowcasts/2019/09/08/1800/Nowcast_201909081800_000.nc'
Skipping 2019-09-08 18:15: [Errno 2] No such file or directory: '/gws/ssde/j25b/swift/nflics_nowcasts/2019/09/08/1815/Nowcast_201909081815_000.nc'
Skipping 2019-09-08 18:30: [Errno 2] No such file or directory: '/gws/ssde/j25b/swift/nflics_nowcasts/2019/09/08/1830/Nowcast_201909081830_000.nc'
Skipping 2019-09-08 18:45: [Errno 2] No such file or directory: '/gws/ssde/j25b/swift/nflics_nowcasts/2019/09/08/1845/Nowcast_201909081845_000.nc'
Skipping 2019-09-09 18:00: [Errno 2] No such file or directory: '/gws/ssde/j25b/swift/nflics_nowcasts/2019/09/09/1800/Nowcast_201909091800_000.nc'
Skipping 2019-09-09 18:15: [Errno 2] No such file or directory: '/gws/ssde/j25b/swift/nflics_nowcasts/2019/09/09/1815/Nowcast_201909091815_000.nc'
Skipping 2019-09-09 18:30: [Errno 2] No such file or directory: '/gws/ssde/j25b/swift/nflics_nowcasts/2019/09/09/1830/Nowcast_201909091830_000.nc'
Skipping 2019-09-09 18:45: [Errno 2] No such file or directory: '/gws/ssde/j25b/swift/nflics_nowcasts/2019/09/09/1845/Nowcast_201909091845_000.nc'
Skipping 2019-09-10 18:00: [Errno 2] No such file or directory: '/gws/ssde/j25b/swift/nflics_nowcasts/2019/09/10/1800/Nowcast_201909101800_000.nc'
Skipping 2019-09-10 18:15: [Errno 2] No such file or directory: '/gws/ssde/j25b/swift/nflics_nowcasts/2019/09/10/1815/Nowcast_201909101815_000.nc'
Skipping 2019-09-10 18:30: [Errno 2] No such file or directory: '/gws/ssde/j25b/swift/nflics_nowcasts/2019/09/10/1830/Nowcast_201909101830_000.nc'
Skipping 2019-09-10 18:45: [Errno 2] No such file or directory: '/gws/ssde/j25b/swift/nflics_nowcasts/2019/09/10/1845/Nowcast_201909101845_000.nc'
Skipping 2019-09-11 18:00: [Errno 2] No such file or directory: '/gws/ssde/j25b/swift/nflics_nowcasts/2019/09/11/1800/Nowcast_201909111800_000.nc'
Skipping 2019-09-11 18:15: [Errno 2] No such file or directory: '/gws/ssde/j25b/swift/nflics_nowcasts/2019/09/11/1815/Nowcast_201909111815_000.nc'
Skipping 2019-09-11 18:30: [Errno 2] No such file or directory: '/gws/ssde/j25b/swift/nflics_nowcasts/2019/09/11/1830/Nowcast_201909111830_000.nc'
Skipping 2019-09-11 18:45: [Errno 2] No such file or directory: '/gws/ssde/j25b/swift/nflics_nowcasts/2019/09/11/1845/Nowcast_201909111845_000.nc'
Skipping 2019-09-12 18:00: [Errno 2] No such file or directory: '/gws/ssde/j25b/swift/nflics_nowcasts/2019/09/12/1800/Nowcast_201909121800_000.nc'
Skipping 2019-09-12 18:15: [Errno 2] No such file or directory: '/gws/ssde/j25b/swift/nflics_nowcasts/2019/09/12/1815/Nowcast_201909121815_000.nc'
Skipping 2019-09-12 18:30: [Errno 2] No such file or directory: '/gws/ssde/j25b/swift/nflics_nowcasts/2019/09/12/1830/Nowcast_201909121830_000.nc'
Skipping 2019-09-12 18:45: [Errno 2] No such file or directory: '/gws/ssde/j25b/swift/nflics_nowcasts/2019/09/12/1845/Nowcast_201909121845_000.nc'
Skipping 2019-09-13 18:00: [Errno 2] No such file or directory: '/gws/ssde/j25b/swift/nflics_nowcasts/2019/09/13/1800/Nowcast_201909131800_000.nc'
Skipping 2019-09-13 18:15: [Errno 2] No such file or directory: '/gws/ssde/j25b/swift/nflics_nowcasts/2019/09/13/1815/Nowcast_201909131815_000.nc'
Skipping 2019-09-13 18:30: [Errno 2] No such file or directory: '/gws/ssde/j25b/swift/nflics_nowcasts/2019/09/13/1830/Nowcast_201909131830_000.nc'
Skipping 2019-09-13 18:45: [Errno 2] No such file or directory: '/gws/ssde/j25b/swift/nflics_nowcasts/2019/09/13/1845/Nowcast_201909131845_000.nc'
Skipping 2019-09-14 18:00: [Errno 2] No such file or directory: '/gws/ssde/j25b/swift/nflics_nowcasts/2019/09/14/1800/Nowcast_201909141800_000.nc'
Skipping 2019-09-14 18:15: [Errno 2] No such file or directory: '/gws/ssde/j25b/swift/nflics_nowcasts/2019/09/14/1815/Nowcast_201909141815_000.nc'
Skipping 2019-09-14 18:30: [Errno 2] No such file or directory: '/gws/ssde/j25b/swift/nflics_nowcasts/2019/09/14/1830/Nowcast_201909141830_000.nc'
Skipping 2019-09-14 18:45: [Errno 2] No such file or directory: '/gws/ssde/j25b/swift/nflics_nowcasts/2019/09/14/1845/Nowcast_201909141845_000.nc'
Skipping 2019-09-15 18:00: [Errno 2] No such file or directory: '/gws/ssde/j25b/swift/nflics_nowcasts/2019/09/15/1800/Nowcast_201909151800_000.nc'
Skipping 2019-09-15 18:15: [Errno 2] No such file or directory: '/gws/ssde/j25b/swift/nflics_nowcasts/2019/09/15/1815/Nowcast_201909151815_000.nc'
Skipping 2019-09-15 18:30: [Errno 2] No such file or directory: '/gws/ssde/j25b/swift/nflics_nowcasts/2019/09/15/1830/Nowcast_201909151830_000.nc'
Skipping 2019-09-15 18:45: [Errno 2] No such file or directory: '/gws/ssde/j25b/swift/nflics_nowcasts/2019/09/15/1845/Nowcast_201909151845_000.nc'
Skipping 2019-09-16 18:00: [Errno 2] No such file or directory: '/gws/ssde/j25b/swift/nflics_nowcasts/2019/09/16/1800/Nowcast_201909161800_000.nc'
Skipping 2019-09-16 18:15: [Errno 2] No such file or directory: '/gws/ssde/j25b/swift/nflics_nowcasts/2019/09/16/1815/Nowcast_201909161815_000.nc'
Skipping 2019-09-16 18:30: [Errno 2] No such file or directory: '/gws/ssde/j25b/swift/nflics_nowcasts/2019/09/16/1830/Nowcast_201909161830_000.nc'
Skipping 2019-09-16 18:45: [Errno 2] No such file or directory: '/gws/ssde/j25b/swift/nflics_nowcasts/2019/09/16/1845/Nowcast_201909161845_000.nc'
Skipping 2019-09-17 18:00: [Errno 2] No such file or directory: '/gws/ssde/j25b/swift/nflics_nowcasts/2019/09/17/1800/Nowcast_201909171800_000.nc'
Skipping 2019-09-17 18:15: [Errno 2] No such file or directory: '/gws/ssde/j25b/swift/nflics_nowcasts/2019/09/17/1815/Nowcast_201909171815_000.nc'
Skipping 2019-09-17 18:30: [Errno 2] No such file or directory: '/gws/ssde/j25b/swift/nflics_nowcasts/2019/09/17/1830/Nowcast_201909171830_000.nc'
Skipping 2019-09-17 18:45: [Errno 2] No such file or directory: '/gws/ssde/j25b/swift/nflics_nowcasts/2019/09/17/1845/Nowcast_201909171845_000.nc'
Skipping 2019-09-18 18:00: [Errno 2] No such file or directory: '/gws/ssde/j25b/swift/nflics_nowcasts/2019/09/18/1800/Nowcast_201909181800_000.nc'
Skipping 2019-09-18 18:15: [Errno 2] No such file or directory: '/gws/ssde/j25b/swift/nflics_nowcasts/2019/09/18/1815/Nowcast_201909181815_000.nc'
Skipping 2019-09-18 18:30: [Errno 2] No such file or directory: '/gws/ssde/j25b/swift/nflics_nowcasts/2019/09/18/1830/Nowcast_201909181830_000.nc'
Skipping 2019-09-18 18:45: [Errno 2] No such file or directory: '/gws/ssde/j25b/swift/nflics_nowcasts/2019/09/18/1845/Nowcast_201909181845_000.nc'
Skipping 2019-09-19 18:00: [Errno 2] No such file or directory: '/gws/ssde/j25b/swift/nflics_nowcasts/2019/09/19/1800/Nowcast_201909191800_000.nc'
Skipping 2019-09-19 18:15: [Errno 2] No such file or directory: '/gws/ssde/j25b/swift/nflics_nowcasts/2019/09/19/1815/Nowcast_201909191815_000.nc'
Skipping 2019-09-19 18:30: [Errno 2] No such file or directory: '/gws/ssde/j25b/swift/nflics_nowcasts/2019/09/19/1830/Nowcast_201909191830_000.nc'
Skipping 2019-09-19 18:45: [Errno 2] No such file or directory: '/gws/ssde/j25b/swift/nflics_nowcasts/2019/09/19/1845/Nowcast_201909191845_000.nc'
Skipping 2019-09-20 18:00: [Errno 2] No such file or directory: '/gws/ssde/j25b/swift/nflics_nowcasts/2019/09/20/1800/Nowcast_201909201800_000.nc'
Skipping 2019-09-20 18:15: [Errno 2] No such file or directory: '/gws/ssde/j25b/swift/nflics_nowcasts/2019/09/20/1815/Nowcast_201909201815_000.nc'
Skipping 2019-09-20 18:30: [Errno 2] No such file or directory: '/gws/ssde/j25b/swift/nflics_nowcasts/2019/09/20/1830/Nowcast_201909201830_000.nc'
Skipping 2019-09-20 18:45: [Errno 2] No such file or directory: '/gws/ssde/j25b/swift/nflics_nowcasts/2019/09/20/1845/Nowcast_201909201845_000.nc'
Skipping 2019-09-21 18:00: [Errno 2] No such file or directory: '/gws/ssde/j25b/swift/nflics_nowcasts/2019/09/21/1800/Nowcast_201909211800_000.nc'
Skipping 2019-09-21 18:15: [Errno 2] No such file or directory: '/gws/ssde/j25b/swift/nflics_nowcasts/2019/09/21/1815/Nowcast_201909211815_000.nc'
Skipping 2019-09-21 18:30: [Errno 2] No such file or directory: '/gws/ssde/j25b/swift/nflics_nowcasts/2019/09/21/1830/Nowcast_201909211830_000.nc'
Skipping 2019-09-21 18:45: [Errno 2] No such file or directory: '/gws/ssde/j25b/swift/nflics_nowcasts/2019/09/21/1845/Nowcast_201909211845_000.nc'
Skipping 2019-09-22 18:00: [Errno 2] No such file or directory: '/gws/ssde/j25b/swift/nflics_nowcasts/2019/09/22/1800/Nowcast_201909221800_000.nc'
Skipping 2019-09-22 18:15: [Errno 2] No such file or directory: '/gws/ssde/j25b/swift/nflics_nowcasts/2019/09/22/1815/Nowcast_201909221815_000.nc'
Skipping 2019-09-22 18:30: [Errno 2] No such file or directory: '/gws/ssde/j25b/swift/nflics_nowcasts/2019/09/22/1830/Nowcast_201909221830_000.nc'
Skipping 2019-09-22 18:45: [Errno 2] No such file or directory: '/gws/ssde/j25b/swift/nflics_nowcasts/2019/09/22/1845/Nowcast_201909221845_000.nc'
Skipping 2019-09-23 18:00: [Errno 2] No such file or directory: '/gws/ssde/j25b/swift/nflics_nowcasts/2019/09/23/1800/Nowcast_201909231800_000.nc'
Skipping 2019-09-23 18:15: [Errno 2] No such file or directory: '/gws/ssde/j25b/swift/nflics_nowcasts/2019/09/23/1815/Nowcast_201909231815_000.nc'
Skipping 2019-09-23 18:30: [Errno 2] No such file or directory: '/gws/ssde/j25b/swift/nflics_nowcasts/2019/09/23/1830/Nowcast_201909231830_000.nc'
Skipping 2019-09-23 18:45: [Errno 2] No such file or directory: '/gws/ssde/j25b/swift/nflics_nowcasts/2019/09/23/1845/Nowcast_201909231845_000.nc'
Skipping 2019-09-24 18:00: [Errno 2] No such file or directory: '/gws/ssde/j25b/swift/nflics_nowcasts/2019/09/24/1800/Nowcast_201909241800_000.nc'
Skipping 2019-09-24 18:15: [Errno 2] No such file or directory: '/gws/ssde/j25b/swift/nflics_nowcasts/2019/09/24/1815/Nowcast_201909241815_000.nc'
Skipping 2019-09-24 18:30: [Errno 2] No such file or directory: '/gws/ssde/j25b/swift/nflics_nowcasts/2019/09/24/1830/Nowcast_201909241830_000.nc'
Skipping 2019-09-24 18:45: [Errno 2] No such file or directory: '/gws/ssde/j25b/swift/nflics_nowcasts/2019/09/24/1845/Nowcast_201909241845_000.nc'
Skipping 2019-09-25 18:00: [Errno 2] No such file or directory: '/gws/ssde/j25b/swift/nflics_nowcasts/2019/09/25/1800/Nowcast_201909251800_000.nc'
Skipping 2019-09-25 18:15: [Errno 2] No such file or directory: '/gws/ssde/j25b/swift/nflics_nowcasts/2019/09/25/1815/Nowcast_201909251815_000.nc'
Skipping 2019-09-25 18:30: [Errno 2] No such file or directory: '/gws/ssde/j25b/swift/nflics_nowcasts/2019/09/25/1830/Nowcast_201909251830_000.nc'
Skipping 2019-09-25 18:45: [Errno 2] No such file or directory: '/gws/ssde/j25b/swift/nflics_nowcasts/2019/09/25/1845/Nowcast_201909251845_000.nc'
Skipping 2019-09-26 18:00: [Errno 2] No such file or directory: '/gws/ssde/j25b/swift/nflics_nowcasts/2019/09/26/1800/Nowcast_201909261800_000.nc'
Skipping 2019-09-26 18:15: [Errno 2] No such file or directory: '/gws/ssde/j25b/swift/nflics_nowcasts/2019/09/26/1815/Nowcast_201909261815_000.nc'
Skipping 2019-09-26 18:30: [Errno 2] No such file or directory: '/gws/ssde/j25b/swift/nflics_nowcasts/2019/09/26/1830/Nowcast_201909261830_000.nc'
Skipping 2019-09-26 18:45: [Errno 2] No such file or directory: '/gws/ssde/j25b/swift/nflics_nowcasts/2019/09/26/1845/Nowcast_201909261845_000.nc'
Skipping 2019-09-27 18:00: [Errno 2] No such file or directory: '/gws/ssde/j25b/swift/nflics_nowcasts/2019/09/27/1800/Nowcast_201909271800_000.nc'
Skipping 2019-09-27 18:15: [Errno 2] No such file or directory: '/gws/ssde/j25b/swift/nflics_nowcasts/2019/09/27/1815/Nowcast_201909271815_000.nc'
Skipping 2019-09-27 18:30: [Errno 2] No such file or directory: '/gws/ssde/j25b/swift/nflics_nowcasts/2019/09/27/1830/Nowcast_201909271830_000.nc'
Skipping 2019-09-27 18:45: [Errno 2] No such file or directory: '/gws/ssde/j25b/swift/nflics_nowcasts/2019/09/27/1845/Nowcast_201909271845_000.nc'
Skipping 2019-09-28 18:00: [Errno 2] No such file or directory: '/gws/ssde/j25b/swift/nflics_nowcasts/2019/09/28/1800/Nowcast_201909281800_000.nc'
Skipping 2019-09-28 18:15: [Errno 2] No such file or directory: '/gws/ssde/j25b/swift/nflics_nowcasts/2019/09/28/1815/Nowcast_201909281815_000.nc'
Skipping 2019-09-28 18:30: [Errno 2] No such file or directory: '/gws/ssde/j25b/swift/nflics_nowcasts/2019/09/28/1830/Nowcast_201909281830_000.nc'
Skipping 2019-09-29 18:00: [Errno 2] No such file or directory: '/gws/ssde/j25b/swift/nflics_nowcasts/2019/09/29/1800/Nowcast_201909291800_000.nc'
Skipping 2019-09-29 18:15: [Errno 2] No such file or directory: '/gws/ssde/j25b/swift/nflics_nowcasts/2019/09/29/1815/Nowcast_201909291815_000.nc'
Skipping 2019-09-29 18:30: [Errno 2] No such file or directory: '/gws/ssde/j25b/swift/nflics_nowcasts/2019/09/29/1830/Nowcast_201909291830_000.nc'
Skipping 2019-09-29 18:45: [Errno 2] No such file or directory: '/gws/ssde/j25b/swift/nflics_nowcasts/2019/09/29/1845/Nowcast_201909291845_000.nc'
Skipping 2019-09-30 18:00: [Errno 2] No such file or directory: '/gws/ssde/j25b/swift/nflics_nowcasts/2019/09/30/1800/Nowcast_201909301800_000.nc'
Skipping 2019-09-30 18:15: [Errno 2] No such file or directory: '/gws/ssde/j25b/swift/nflics_nowcasts/2019/09/30/1815/Nowcast_201909301815_000.nc'
Skipping 2019-09-30 18:30: [Errno 2] No such file or directory: '/gws/ssde/j25b/swift/nflics_nowcasts/2019/09/30/1830/Nowcast_201909301830_000.nc'
Skipping 2019-09-30 18:45: [Errno 2] No such file or directory: '/gws/ssde/j25b/swift/nflics_nowcasts/2019/09/30/1845/Nowcast_201909301845_000.nc'
All ensemble nowcasts completed on CPU.
======================================================
 Job completed successfully at Sat 29 Nov 12:13:04 GMT 2025
======================================================
