======================================================
 Job started on host1086.jc.rl.ac.uk at Sat 29 Nov 12:10:37 GMT 2025
======================================================
Running ensemble nowcast inference:
 Lead time : 1
 Year      : 2019
 Month     : 06
 Hour      : 03
======================================================
Running on CPU with 8 threads
Loaded 5 ensemble models on CPU
Detected 49 inputs for 2019-06 03 UTC
Skipping 2019-06-02 03:00: [Errno 2] No such file or directory: '/gws/ssde/j25b/swift/nflics_nowcasts/2019/06/02/0300/Nowcast_201906020300_000.nc'
Skipping 2019-06-02 03:15: [Errno 2] No such file or directory: '/gws/ssde/j25b/swift/nflics_nowcasts/2019/06/02/0315/Nowcast_201906020315_000.nc'
Skipping 2019-06-02 03:30: [Errno 2] No such file or directory: '/gws/ssde/j25b/swift/nflics_nowcasts/2019/06/02/0330/Nowcast_201906020330_000.nc'
Skipping 2019-06-02 03:45: [Errno 2] No such file or directory: '/gws/ssde/j25b/swift/nflics_nowcasts/2019/06/02/0345/Nowcast_201906020345_000.nc'
Skipping 2019-06-03 03:00: [Errno 2] No such file or directory: '/gws/ssde/j25b/swift/nflics_nowcasts/2019/06/03/0300/Nowcast_201906030300_000.nc'
Skipping 2019-06-03 03:15: [Errno 2] No such file or directory: '/gws/ssde/j25b/swift/nflics_nowcasts/2019/06/03/0315/Nowcast_201906030315_000.nc'
Skipping 2019-06-03 03:30: [Errno 2] No such file or directory: '/gws/ssde/j25b/swift/nflics_nowcasts/2019/06/03/0330/Nowcast_201906030330_000.nc'
Skipping 2019-06-03 03:45: [Errno 2] No such file or directory: '/gws/ssde/j25b/swift/nflics_nowcasts/2019/06/03/0345/Nowcast_201906030345_000.nc'
Skipping 2019-06-04 03:00: [Errno 2] No such file or directory: '/gws/ssde/j25b/swift/nflics_nowcasts/2019/06/04/0300/Nowcast_201906040300_000.nc'
Skipping 2019-06-04 03:15: [Errno 2] No such file or directory: '/gws/ssde/j25b/swift/nflics_nowcasts/2019/06/04/0315/Nowcast_201906040315_000.nc'
Skipping 2019-06-04 03:30: [Errno 2] No such file or directory: '/gws/ssde/j25b/swift/nflics_nowcasts/2019/06/04/0330/Nowcast_201906040330_000.nc'
Skipping 2019-06-04 03:45: [Errno 2] No such file or directory: '/gws/ssde/j25b/swift/nflics_nowcasts/2019/06/04/0345/Nowcast_201906040345_000.nc'
Skipping 2019-06-08 03:15: [Errno 2] No such file or directory: '/gws/ssde/j25b/swift/nflics_nowcasts/2019/06/08/0315/Nowcast_201906080315_000.nc'
Skipping 2019-06-08 03:30: [Errno 2] No such file or directory: '/gws/ssde/j25b/swift/nflics_nowcasts/2019/06/08/0330/Nowcast_201906080330_000.nc'
Skipping 2019-06-08 03:45: [Errno 2] No such file or directory: '/gws/ssde/j25b/swift/nflics_nowcasts/2019/06/08/0345/Nowcast_201906080345_000.nc'
Skipping 2019-06-10 03:00: [Errno 2] No such file or directory: '/gws/ssde/j25b/swift/nflics_nowcasts/2019/06/10/0300/Nowcast_201906100300_000.nc'
Skipping 2019-06-10 03:15: [Errno 2] No such file or directory: '/gws/ssde/j25b/swift/nflics_nowcasts/2019/06/10/0315/Nowcast_201906100315_000.nc'
Skipping 2019-06-10 03:30: [Errno 2] No such file or directory: '/gws/ssde/j25b/swift/nflics_nowcasts/2019/06/10/0330/Nowcast_201906100330_000.nc'
Skipping 2019-06-10 03:45: [Errno 2] No such file or directory: '/gws/ssde/j25b/swift/nflics_nowcasts/2019/06/10/0345/Nowcast_201906100345_000.nc'
Skipping 2019-06-11 03:00: [Errno 2] No such file or directory: '/gws/ssde/j25b/swift/nflics_nowcasts/2019/06/11/0300/Nowcast_201906110300_000.nc'
Skipping 2019-06-11 03:15: [Errno 2] No such file or directory: '/gws/ssde/j25b/swift/nflics_nowcasts/2019/06/11/0315/Nowcast_201906110315_000.nc'
Skipping 2019-06-11 03:30: [Errno 2] No such file or directory: '/gws/ssde/j25b/swift/nflics_nowcasts/2019/06/11/0330/Nowcast_201906110330_000.nc'
Skipping 2019-06-11 03:45: [Errno 2] No such file or directory: '/gws/ssde/j25b/swift/nflics_nowcasts/2019/06/11/0345/Nowcast_201906110345_000.nc'
Skipping 2019-06-12 03:00: [Errno 2] No such file or directory: '/gws/ssde/j25b/swift/nflics_nowcasts/2019/06/12/0300/Nowcast_201906120300_000.nc'
Skipping 2019-06-12 03:15: [Errno 2] No such file or directory: '/gws/ssde/j25b/swift/nflics_nowcasts/2019/06/12/0315/Nowcast_201906120315_000.nc'
Skipping 2019-06-12 03:30: [Errno 2] No such file or directory: '/gws/ssde/j25b/swift/nflics_nowcasts/2019/06/12/0330/Nowcast_201906120330_000.nc'
Skipping 2019-06-12 03:45: [Errno 2] No such file or directory: '/gws/ssde/j25b/swift/nflics_nowcasts/2019/06/12/0345/Nowcast_201906120345_000.nc'
Skipping 2019-06-15 03:00: [Errno 2] No such file or directory: '/gws/ssde/j25b/swift/nflics_nowcasts/2019/06/15/0300/Nowcast_201906150300_000.nc'
Skipping 2019-06-15 03:15: [Errno 2] No such file or directory: '/gws/ssde/j25b/swift/nflics_nowcasts/2019/06/15/0315/Nowcast_201906150315_000.nc'
Skipping 2019-06-15 03:30: [Errno 2] No such file or directory: '/gws/ssde/j25b/swift/nflics_nowcasts/2019/06/15/0330/Nowcast_201906150330_000.nc'
Skipping 2019-06-15 03:45: [Errno 2] No such file or directory: '/gws/ssde/j25b/swift/nflics_nowcasts/2019/06/15/0345/Nowcast_201906150345_000.nc'
Skipping 2019-06-17 03:00: [Errno 2] No such file or directory: '/gws/ssde/j25b/swift/nflics_nowcasts/2019/06/17/0300/Nowcast_201906170300_000.nc'
Skipping 2019-06-18 03:30: [Errno 2] No such file or directory: '/gws/ssde/j25b/swift/nflics_nowcasts/2019/06/18/0330/Nowcast_201906180330_000.nc'
Skipping 2019-06-21 03:00: [Errno 2] No such file or directory: '/gws/ssde/j25b/swift/nflics_nowcasts/2019/06/21/0300/Nowcast_201906210300_000.nc'
Skipping 2019-06-21 03:15: [Errno 2] No such file or directory: '/gws/ssde/j25b/swift/nflics_nowcasts/2019/06/21/0315/Nowcast_201906210315_000.nc'
Skipping 2019-06-21 03:30: [Errno 2] No such file or directory: '/gws/ssde/j25b/swift/nflics_nowcasts/2019/06/21/0330/Nowcast_201906210330_000.nc'
Skipping 2019-06-21 03:45: [Errno 2] No such file or directory: '/gws/ssde/j25b/swift/nflics_nowcasts/2019/06/21/0345/Nowcast_201906210345_000.nc'
Skipping 2019-06-23 03:00: [Errno 2] No such file or directory: '/gws/ssde/j25b/swift/nflics_nowcasts/2019/06/23/0300/Nowcast_201906230300_000.nc'
Skipping 2019-06-23 03:15: [Errno 2] No such file or directory: '/gws/ssde/j25b/swift/nflics_nowcasts/2019/06/23/0315/Nowcast_201906230315_000.nc'
Skipping 2019-06-23 03:30: [Errno 2] No such file or directory: '/gws/ssde/j25b/swift/nflics_nowcasts/2019/06/23/0330/Nowcast_201906230330_000.nc'
Skipping 2019-06-23 03:45: [Errno 2] No such file or directory: '/gws/ssde/j25b/swift/nflics_nowcasts/2019/06/23/0345/Nowcast_201906230345_000.nc'
Skipping 2019-06-27 03:45: [Errno 2] No such file or directory: '/gws/ssde/j25b/swift/nflics_nowcasts/2019/06/27/0345/Nowcast_201906270345_000.nc'
Skipping 2019-06-28 03:00: [Errno 2] No such file or directory: '/gws/ssde/j25b/swift/nflics_nowcasts/2019/06/28/0300/Nowcast_201906280300_000.nc'
Skipping 2019-06-28 03:15: [Errno 2] No such file or directory: '/gws/ssde/j25b/swift/nflics_nowcasts/2019/06/28/0315/Nowcast_201906280315_000.nc'
Skipping 2019-06-28 03:30: [Errno 2] No such file or directory: '/gws/ssde/j25b/swift/nflics_nowcasts/2019/06/28/0330/Nowcast_201906280330_000.nc'
Skipping 2019-06-29 03:00: [Errno 2] No such file or directory: '/gws/ssde/j25b/swift/nflics_nowcasts/2019/06/29/0300/Nowcast_201906290300_000.nc'
Skipping 2019-06-29 03:15: [Errno 2] No such file or directory: '/gws/ssde/j25b/swift/nflics_nowcasts/2019/06/29/0315/Nowcast_201906290315_000.nc'
Skipping 2019-06-29 03:30: [Errno 2] No such file or directory: '/gws/ssde/j25b/swift/nflics_nowcasts/2019/06/29/0330/Nowcast_201906290330_000.nc'
Skipping 2019-06-29 03:45: [Errno 2] No such file or directory: '/gws/ssde/j25b/swift/nflics_nowcasts/2019/06/29/0345/Nowcast_201906290345_000.nc'
All ensemble nowcasts completed on CPU.
======================================================
 Job completed successfully at Sat 29 Nov 12:10:55 GMT 2025
======================================================
