======================================================
 Job started on host1086.jc.rl.ac.uk at Sat 29 Nov 12:10:37 GMT 2025
======================================================
Running ensemble nowcast inference:
 Lead time : 3
 Year      : 2019
 Month     : 06
 Hour      : 06
======================================================
Running on CPU with 8 threads
Loaded 5 ensemble models on CPU
Detected 43 inputs for 2019-06 06 UTC
Skipping 2019-06-02 06:00: [Errno 2] No such file or directory: '/gws/ssde/j25b/swift/nflics_nowcasts/2019/06/02/0600/Nowcast_201906020600_000.nc'
Skipping 2019-06-02 06:15: [Errno 2] No such file or directory: '/gws/ssde/j25b/swift/nflics_nowcasts/2019/06/02/0615/Nowcast_201906020615_000.nc'
Skipping 2019-06-02 06:30: [Errno 2] No such file or directory: '/gws/ssde/j25b/swift/nflics_nowcasts/2019/06/02/0630/Nowcast_201906020630_000.nc'
Skipping 2019-06-02 06:45: [Errno 2] No such file or directory: '/gws/ssde/j25b/swift/nflics_nowcasts/2019/06/02/0645/Nowcast_201906020645_000.nc'
Skipping 2019-06-03 06:00: [Errno 2] No such file or directory: '/gws/ssde/j25b/swift/nflics_nowcasts/2019/06/03/0600/Nowcast_201906030600_000.nc'
Skipping 2019-06-03 06:15: [Errno 2] No such file or directory: '/gws/ssde/j25b/swift/nflics_nowcasts/2019/06/03/0615/Nowcast_201906030615_000.nc'
Skipping 2019-06-03 06:30: [Errno 2] No such file or directory: '/gws/ssde/j25b/swift/nflics_nowcasts/2019/06/03/0630/Nowcast_201906030630_000.nc'
Skipping 2019-06-03 06:45: [Errno 2] No such file or directory: '/gws/ssde/j25b/swift/nflics_nowcasts/2019/06/03/0645/Nowcast_201906030645_000.nc'
Skipping 2019-06-04 06:00: [Errno 2] No such file or directory: '/gws/ssde/j25b/swift/nflics_nowcasts/2019/06/04/0600/Nowcast_201906040600_000.nc'
Skipping 2019-06-04 06:15: [Errno 2] No such file or directory: '/gws/ssde/j25b/swift/nflics_nowcasts/2019/06/04/0615/Nowcast_201906040615_000.nc'
Skipping 2019-06-04 06:30: [Errno 2] No such file or directory: '/gws/ssde/j25b/swift/nflics_nowcasts/2019/06/04/0630/Nowcast_201906040630_000.nc'
Skipping 2019-06-04 06:45: [Errno 2] No such file or directory: '/gws/ssde/j25b/swift/nflics_nowcasts/2019/06/04/0645/Nowcast_201906040645_000.nc'
Skipping 2019-06-08 06:30: [Errno 2] No such file or directory: '/gws/ssde/j25b/swift/nflics_nowcasts/2019/06/08/0630/Nowcast_201906080630_000.nc'
Skipping 2019-06-08 06:45: [Errno 2] No such file or directory: '/gws/ssde/j25b/swift/nflics_nowcasts/2019/06/08/0645/Nowcast_201906080645_000.nc'
Skipping 2019-06-09 06:15: [Errno 2] No such file or directory: '/gws/ssde/j25b/swift/nflics_nowcasts/2019/06/09/0615/Nowcast_201906090615_000.nc'
Skipping 2019-06-09 06:30: [Errno 2] No such file or directory: '/gws/ssde/j25b/swift/nflics_nowcasts/2019/06/09/0630/Nowcast_201906090630_000.nc'
Skipping 2019-06-10 06:00: [Errno 2] No such file or directory: '/gws/ssde/j25b/swift/nflics_nowcasts/2019/06/10/0600/Nowcast_201906100600_000.nc'
Skipping 2019-06-10 06:15: [Errno 2] No such file or directory: '/gws/ssde/j25b/swift/nflics_nowcasts/2019/06/10/0615/Nowcast_201906100615_000.nc'
Skipping 2019-06-10 06:30: [Errno 2] No such file or directory: '/gws/ssde/j25b/swift/nflics_nowcasts/2019/06/10/0630/Nowcast_201906100630_000.nc'
Skipping 2019-06-10 06:45: [Errno 2] No such file or directory: '/gws/ssde/j25b/swift/nflics_nowcasts/2019/06/10/0645/Nowcast_201906100645_000.nc'
Skipping 2019-06-11 06:00: [Errno 2] No such file or directory: '/gws/ssde/j25b/swift/nflics_nowcasts/2019/06/11/0600/Nowcast_201906110600_000.nc'
Skipping 2019-06-11 06:15: [Errno 2] No such file or directory: '/gws/ssde/j25b/swift/nflics_nowcasts/2019/06/11/0615/Nowcast_201906110615_000.nc'
Skipping 2019-06-11 06:30: [Errno 2] No such file or directory: '/gws/ssde/j25b/swift/nflics_nowcasts/2019/06/11/0630/Nowcast_201906110630_000.nc'
Skipping 2019-06-11 06:45: [Errno 2] No such file or directory: '/gws/ssde/j25b/swift/nflics_nowcasts/2019/06/11/0645/Nowcast_201906110645_000.nc'
Skipping 2019-06-12 06:00: [Errno 2] No such file or directory: '/gws/ssde/j25b/swift/nflics_nowcasts/2019/06/12/0600/Nowcast_201906120600_000.nc'
Skipping 2019-06-12 06:15: [Errno 2] No such file or directory: '/gws/ssde/j25b/swift/nflics_nowcasts/2019/06/12/0615/Nowcast_201906120615_000.nc'
Skipping 2019-06-12 06:30: [Errno 2] No such file or directory: '/gws/ssde/j25b/swift/nflics_nowcasts/2019/06/12/0630/Nowcast_201906120630_000.nc'
Skipping 2019-06-12 06:45: [Errno 2] No such file or directory: '/gws/ssde/j25b/swift/nflics_nowcasts/2019/06/12/0645/Nowcast_201906120645_000.nc'
Skipping 2019-06-15 06:00: [Errno 2] No such file or directory: '/gws/ssde/j25b/swift/nflics_nowcasts/2019/06/15/0600/Nowcast_201906150600_000.nc'
Skipping 2019-06-15 06:15: [Errno 2] No such file or directory: '/gws/ssde/j25b/swift/nflics_nowcasts/2019/06/15/0615/Nowcast_201906150615_000.nc'
Skipping 2019-06-15 06:30: [Errno 2] No such file or directory: '/gws/ssde/j25b/swift/nflics_nowcasts/2019/06/15/0630/Nowcast_201906150630_000.nc'
Skipping 2019-06-17 06:00: [Errno 2] No such file or directory: '/gws/ssde/j25b/swift/nflics_nowcasts/2019/06/17/0600/Nowcast_201906170600_000.nc'
Skipping 2019-06-18 06:30: [Errno 2] No such file or directory: '/gws/ssde/j25b/swift/nflics_nowcasts/2019/06/18/0630/Nowcast_201906180630_000.nc'
Skipping 2019-06-21 06:00: [Errno 2] No such file or directory: '/gws/ssde/j25b/swift/nflics_nowcasts/2019/06/21/0600/Nowcast_201906210600_000.nc'
Skipping 2019-06-21 06:15: [Errno 2] No such file or directory: '/gws/ssde/j25b/swift/nflics_nowcasts/2019/06/21/0615/Nowcast_201906210615_000.nc'
Skipping 2019-06-21 06:30: [Errno 2] No such file or directory: '/gws/ssde/j25b/swift/nflics_nowcasts/2019/06/21/0630/Nowcast_201906210630_000.nc'
Skipping 2019-06-21 06:45: [Errno 2] No such file or directory: '/gws/ssde/j25b/swift/nflics_nowcasts/2019/06/21/0645/Nowcast_201906210645_000.nc'
Skipping 2019-06-23 06:00: [Errno 2] No such file or directory: '/gws/ssde/j25b/swift/nflics_nowcasts/2019/06/23/0600/Nowcast_201906230600_000.nc'
Skipping 2019-06-27 06:45: [Errno 2] No such file or directory: '/gws/ssde/j25b/swift/nflics_nowcasts/2019/06/27/0645/Nowcast_201906270645_000.nc'
Skipping 2019-06-29 06:00: [Errno 2] No such file or directory: '/gws/ssde/j25b/swift/nflics_nowcasts/2019/06/29/0600/Nowcast_201906290600_000.nc'
Skipping 2019-06-29 06:15: [Errno 2] No such file or directory: '/gws/ssde/j25b/swift/nflics_nowcasts/2019/06/29/0615/Nowcast_201906290615_000.nc'
Skipping 2019-06-29 06:30: [Errno 2] No such file or directory: '/gws/ssde/j25b/swift/nflics_nowcasts/2019/06/29/0630/Nowcast_201906290630_000.nc'
Skipping 2019-06-29 06:45: [Errno 2] No such file or directory: '/gws/ssde/j25b/swift/nflics_nowcasts/2019/06/29/0645/Nowcast_201906290645_000.nc'
All ensemble nowcasts completed on CPU.
======================================================
 Job completed successfully at Sat 29 Nov 12:10:55 GMT 2025
======================================================
