======================================================
 Job started on host1081.jc.rl.ac.uk at Sat 29 Nov 12:12:57 GMT 2025
======================================================
Running ensemble nowcast inference:
 Lead time : 1
 Year      : 2019
 Month     : 09
 Hour      : 12
======================================================
Running on CPU with 8 threads
Loaded 5 ensemble models on CPU
Detected 61 inputs for 2019-09 12 UTC
Skipping 2019-09-02 12:00: [Errno 2] No such file or directory: '/gws/ssde/j25b/swift/nflics_nowcasts/2019/09/02/1200/Nowcast_201909021200_000.nc'
Skipping 2019-09-02 12:15: [Errno 2] No such file or directory: '/gws/ssde/j25b/swift/nflics_nowcasts/2019/09/02/1215/Nowcast_201909021215_000.nc'
Skipping 2019-09-02 12:30: [Errno 2] No such file or directory: '/gws/ssde/j25b/swift/nflics_nowcasts/2019/09/02/1230/Nowcast_201909021230_000.nc'
Skipping 2019-09-02 12:45: [Errno 2] No such file or directory: '/gws/ssde/j25b/swift/nflics_nowcasts/2019/09/02/1245/Nowcast_201909021245_000.nc'
Skipping 2019-09-03 12:00: [Errno 2] No such file or directory: '/gws/ssde/j25b/swift/nflics_nowcasts/2019/09/03/1200/Nowcast_201909031200_000.nc'
Skipping 2019-09-03 12:15: [Errno 2] No such file or directory: '/gws/ssde/j25b/swift/nflics_nowcasts/2019/09/03/1215/Nowcast_201909031215_000.nc'
Skipping 2019-09-03 12:30: [Errno 2] No such file or directory: '/gws/ssde/j25b/swift/nflics_nowcasts/2019/09/03/1230/Nowcast_201909031230_000.nc'
Skipping 2019-09-03 12:45: [Errno 2] No such file or directory: '/gws/ssde/j25b/swift/nflics_nowcasts/2019/09/03/1245/Nowcast_201909031245_000.nc'
Skipping 2019-09-04 12:00: [Errno 2] No such file or directory: '/gws/ssde/j25b/swift/nflics_nowcasts/2019/09/04/1200/Nowcast_201909041200_000.nc'
Skipping 2019-09-04 12:15: [Errno 2] No such file or directory: '/gws/ssde/j25b/swift/nflics_nowcasts/2019/09/04/1215/Nowcast_201909041215_000.nc'
Skipping 2019-09-04 12:30: [Errno 2] No such file or directory: '/gws/ssde/j25b/swift/nflics_nowcasts/2019/09/04/1230/Nowcast_201909041230_000.nc'
Skipping 2019-09-04 12:45: [Errno 2] No such file or directory: '/gws/ssde/j25b/swift/nflics_nowcasts/2019/09/04/1245/Nowcast_201909041245_000.nc'
Skipping 2019-09-05 12:15: [Errno 2] No such file or directory: '/gws/ssde/j25b/swift/nflics_nowcasts/2019/09/05/1215/Nowcast_201909051215_000.nc'
Skipping 2019-09-06 12:00: [Errno 2] No such file or directory: '/gws/ssde/j25b/swift/nflics_nowcasts/2019/09/06/1200/Nowcast_201909061200_000.nc'
Skipping 2019-09-06 12:15: [Errno 2] No such file or directory: '/gws/ssde/j25b/swift/nflics_nowcasts/2019/09/06/1215/Nowcast_201909061215_000.nc'
Skipping 2019-09-06 12:30: [Errno 2] No such file or directory: '/gws/ssde/j25b/swift/nflics_nowcasts/2019/09/06/1230/Nowcast_201909061230_000.nc'
Skipping 2019-09-06 12:45: [Errno 2] No such file or directory: '/gws/ssde/j25b/swift/nflics_nowcasts/2019/09/06/1245/Nowcast_201909061245_000.nc'
Skipping 2019-09-07 12:00: [Errno 2] No such file or directory: '/gws/ssde/j25b/swift/nflics_nowcasts/2019/09/07/1200/Nowcast_201909071200_000.nc'
Skipping 2019-09-07 12:15: [Errno 2] No such file or directory: '/gws/ssde/j25b/swift/nflics_nowcasts/2019/09/07/1215/Nowcast_201909071215_000.nc'
Skipping 2019-09-07 12:30: [Errno 2] No such file or directory: '/gws/ssde/j25b/swift/nflics_nowcasts/2019/09/07/1230/Nowcast_201909071230_000.nc'
Skipping 2019-09-07 12:45: [Errno 2] No such file or directory: '/gws/ssde/j25b/swift/nflics_nowcasts/2019/09/07/1245/Nowcast_201909071245_000.nc'
Skipping 2019-09-08 12:15: [Errno 2] No such file or directory: '/gws/ssde/j25b/swift/nflics_nowcasts/2019/09/08/1215/Nowcast_201909081215_000.nc'
Skipping 2019-09-09 12:00: [Errno 2] No such file or directory: '/gws/ssde/j25b/swift/nflics_nowcasts/2019/09/09/1200/Nowcast_201909091200_000.nc'
Skipping 2019-09-09 12:15: [Errno 2] No such file or directory: '/gws/ssde/j25b/swift/nflics_nowcasts/2019/09/09/1215/Nowcast_201909091215_000.nc'
Skipping 2019-09-09 12:30: [Errno 2] No such file or directory: '/gws/ssde/j25b/swift/nflics_nowcasts/2019/09/09/1230/Nowcast_201909091230_000.nc'
Skipping 2019-09-09 12:45: [Errno 2] No such file or directory: '/gws/ssde/j25b/swift/nflics_nowcasts/2019/09/09/1245/Nowcast_201909091245_000.nc'
Skipping 2019-09-10 12:00: [Errno 2] No such file or directory: '/gws/ssde/j25b/swift/nflics_nowcasts/2019/09/10/1200/Nowcast_201909101200_000.nc'
Skipping 2019-09-12 12:00: [Errno 2] No such file or directory: '/gws/ssde/j25b/swift/nflics_nowcasts/2019/09/12/1200/Nowcast_201909121200_000.nc'
Skipping 2019-09-12 12:15: [Errno 2] No such file or directory: '/gws/ssde/j25b/swift/nflics_nowcasts/2019/09/12/1215/Nowcast_201909121215_000.nc'
Skipping 2019-09-12 12:30: [Errno 2] No such file or directory: '/gws/ssde/j25b/swift/nflics_nowcasts/2019/09/12/1230/Nowcast_201909121230_000.nc'
Skipping 2019-09-12 12:45: [Errno 2] No such file or directory: '/gws/ssde/j25b/swift/nflics_nowcasts/2019/09/12/1245/Nowcast_201909121245_000.nc'
Skipping 2019-09-13 12:15: [Errno 2] No such file or directory: '/gws/ssde/j25b/swift/nflics_nowcasts/2019/09/13/1215/Nowcast_201909131215_000.nc'
Skipping 2019-09-13 12:30: [Errno 2] No such file or directory: '/gws/ssde/j25b/swift/nflics_nowcasts/2019/09/13/1230/Nowcast_201909131230_000.nc'
Skipping 2019-09-13 12:45: [Errno 2] No such file or directory: '/gws/ssde/j25b/swift/nflics_nowcasts/2019/09/13/1245/Nowcast_201909131245_000.nc'
Skipping 2019-09-15 12:15: [Errno 2] No such file or directory: '/gws/ssde/j25b/swift/nflics_nowcasts/2019/09/15/1215/Nowcast_201909151215_000.nc'
Skipping 2019-09-16 12:00: [Errno 2] No such file or directory: '/gws/ssde/j25b/swift/nflics_nowcasts/2019/09/16/1200/Nowcast_201909161200_000.nc'
Skipping 2019-09-16 12:15: [Errno 2] No such file or directory: '/gws/ssde/j25b/swift/nflics_nowcasts/2019/09/16/1215/Nowcast_201909161215_000.nc'
Skipping 2019-09-16 12:30: [Errno 2] No such file or directory: '/gws/ssde/j25b/swift/nflics_nowcasts/2019/09/16/1230/Nowcast_201909161230_000.nc'
Skipping 2019-09-16 12:45: [Errno 2] No such file or directory: '/gws/ssde/j25b/swift/nflics_nowcasts/2019/09/16/1245/Nowcast_201909161245_000.nc'
Skipping 2019-09-20 12:00: [Errno 2] No such file or directory: '/gws/ssde/j25b/swift/nflics_nowcasts/2019/09/20/1200/Nowcast_201909201200_000.nc'
Skipping 2019-09-20 12:15: [Errno 2] No such file or directory: '/gws/ssde/j25b/swift/nflics_nowcasts/2019/09/20/1215/Nowcast_201909201215_000.nc'
Skipping 2019-09-20 12:30: [Errno 2] No such file or directory: '/gws/ssde/j25b/swift/nflics_nowcasts/2019/09/20/1230/Nowcast_201909201230_000.nc'
Skipping 2019-09-20 12:45: [Errno 2] No such file or directory: '/gws/ssde/j25b/swift/nflics_nowcasts/2019/09/20/1245/Nowcast_201909201245_000.nc'
Skipping 2019-09-21 12:00: [Errno 2] No such file or directory: '/gws/ssde/j25b/swift/nflics_nowcasts/2019/09/21/1200/Nowcast_201909211200_000.nc'
Skipping 2019-09-21 12:30: [Errno 2] No such file or directory: '/gws/ssde/j25b/swift/nflics_nowcasts/2019/09/21/1230/Nowcast_201909211230_000.nc'
Skipping 2019-09-21 12:45: [Errno 2] No such file or directory: '/gws/ssde/j25b/swift/nflics_nowcasts/2019/09/21/1245/Nowcast_201909211245_000.nc'
Skipping 2019-09-22 12:45: [Errno 2] No such file or directory: '/gws/ssde/j25b/swift/nflics_nowcasts/2019/09/22/1245/Nowcast_201909221245_000.nc'
Skipping 2019-09-23 12:30: [Errno 2] No such file or directory: '/gws/ssde/j25b/swift/nflics_nowcasts/2019/09/23/1230/Nowcast_201909231230_000.nc'
Skipping 2019-09-23 12:45: [Errno 2] No such file or directory: '/gws/ssde/j25b/swift/nflics_nowcasts/2019/09/23/1245/Nowcast_201909231245_000.nc'
Skipping 2019-09-26 12:00: [Errno 2] No such file or directory: '/gws/ssde/j25b/swift/nflics_nowcasts/2019/09/26/1200/Nowcast_201909261200_000.nc'
Skipping 2019-09-26 12:15: [Errno 2] No such file or directory: '/gws/ssde/j25b/swift/nflics_nowcasts/2019/09/26/1215/Nowcast_201909261215_000.nc'
Skipping 2019-09-26 12:30: [Errno 2] No such file or directory: '/gws/ssde/j25b/swift/nflics_nowcasts/2019/09/26/1230/Nowcast_201909261230_000.nc'
Skipping 2019-09-26 12:45: [Errno 2] No such file or directory: '/gws/ssde/j25b/swift/nflics_nowcasts/2019/09/26/1245/Nowcast_201909261245_000.nc'
Skipping 2019-09-28 12:00: [Errno 2] No such file or directory: '/gws/ssde/j25b/swift/nflics_nowcasts/2019/09/28/1200/Nowcast_201909281200_000.nc'
Skipping 2019-09-28 12:15: [Errno 2] No such file or directory: '/gws/ssde/j25b/swift/nflics_nowcasts/2019/09/28/1215/Nowcast_201909281215_000.nc'
Skipping 2019-09-28 12:30: [Errno 2] No such file or directory: '/gws/ssde/j25b/swift/nflics_nowcasts/2019/09/28/1230/Nowcast_201909281230_000.nc'
Skipping 2019-09-28 12:45: [Errno 2] No such file or directory: '/gws/ssde/j25b/swift/nflics_nowcasts/2019/09/28/1245/Nowcast_201909281245_000.nc'
Skipping 2019-09-29 12:00: [Errno 2] No such file or directory: '/gws/ssde/j25b/swift/nflics_nowcasts/2019/09/29/1200/Nowcast_201909291200_000.nc'
Skipping 2019-09-29 12:15: [Errno 2] No such file or directory: '/gws/ssde/j25b/swift/nflics_nowcasts/2019/09/29/1215/Nowcast_201909291215_000.nc'
Skipping 2019-09-29 12:30: [Errno 2] No such file or directory: '/gws/ssde/j25b/swift/nflics_nowcasts/2019/09/29/1230/Nowcast_201909291230_000.nc'
Skipping 2019-09-29 12:45: [Errno 2] No such file or directory: '/gws/ssde/j25b/swift/nflics_nowcasts/2019/09/29/1245/Nowcast_201909291245_000.nc'
All ensemble nowcasts completed on CPU.
======================================================
 Job completed successfully at Sat 29 Nov 12:13:04 GMT 2025
======================================================
