======================================================
 Job started on host1085.jc.rl.ac.uk at Sat 29 Nov 12:10:55 GMT 2025
======================================================
Running ensemble nowcast inference:
 Lead time : 1
 Year      : 2019
 Month     : 06
 Hour      : 15
======================================================
Running on CPU with 8 threads
Loaded 5 ensemble models on CPU
Detected 96 inputs for 2019-06 15 UTC
Skipping 2019-06-01 15:00: [Errno 2] No such file or directory: '/gws/ssde/j25b/swift/nflics_nowcasts/2019/06/01/1500/Nowcast_201906011500_000.nc'
Skipping 2019-06-01 15:15: [Errno 2] No such file or directory: '/gws/ssde/j25b/swift/nflics_nowcasts/2019/06/01/1515/Nowcast_201906011515_000.nc'
Skipping 2019-06-01 15:30: [Errno 2] No such file or directory: '/gws/ssde/j25b/swift/nflics_nowcasts/2019/06/01/1530/Nowcast_201906011530_000.nc'
Skipping 2019-06-01 15:45: [Errno 2] No such file or directory: '/gws/ssde/j25b/swift/nflics_nowcasts/2019/06/01/1545/Nowcast_201906011545_000.nc'
Skipping 2019-06-02 15:00: [Errno 2] No such file or directory: '/gws/ssde/j25b/swift/nflics_nowcasts/2019/06/02/1500/Nowcast_201906021500_000.nc'
Skipping 2019-06-02 15:15: [Errno 2] No such file or directory: '/gws/ssde/j25b/swift/nflics_nowcasts/2019/06/02/1515/Nowcast_201906021515_000.nc'
Skipping 2019-06-02 15:30: [Errno 2] No such file or directory: '/gws/ssde/j25b/swift/nflics_nowcasts/2019/06/02/1530/Nowcast_201906021530_000.nc'
Skipping 2019-06-02 15:45: [Errno 2] No such file or directory: '/gws/ssde/j25b/swift/nflics_nowcasts/2019/06/02/1545/Nowcast_201906021545_000.nc'
Skipping 2019-06-03 15:00: [Errno 2] No such file or directory: '/gws/ssde/j25b/swift/nflics_nowcasts/2019/06/03/1500/Nowcast_201906031500_000.nc'
Skipping 2019-06-03 15:15: [Errno 2] No such file or directory: '/gws/ssde/j25b/swift/nflics_nowcasts/2019/06/03/1515/Nowcast_201906031515_000.nc'
Skipping 2019-06-03 15:30: [Errno 2] No such file or directory: '/gws/ssde/j25b/swift/nflics_nowcasts/2019/06/03/1530/Nowcast_201906031530_000.nc'
Skipping 2019-06-03 15:45: [Errno 2] No such file or directory: '/gws/ssde/j25b/swift/nflics_nowcasts/2019/06/03/1545/Nowcast_201906031545_000.nc'
Skipping 2019-06-04 15:00: [Errno 2] No such file or directory: '/gws/ssde/j25b/swift/nflics_nowcasts/2019/06/04/1500/Nowcast_201906041500_000.nc'
Skipping 2019-06-04 15:15: [Errno 2] No such file or directory: '/gws/ssde/j25b/swift/nflics_nowcasts/2019/06/04/1515/Nowcast_201906041515_000.nc'
Skipping 2019-06-04 15:30: [Errno 2] No such file or directory: '/gws/ssde/j25b/swift/nflics_nowcasts/2019/06/04/1530/Nowcast_201906041530_000.nc'
Skipping 2019-06-04 15:45: [Errno 2] No such file or directory: '/gws/ssde/j25b/swift/nflics_nowcasts/2019/06/04/1545/Nowcast_201906041545_000.nc'
Skipping 2019-06-05 15:00: [Errno 2] No such file or directory: '/gws/ssde/j25b/swift/nflics_nowcasts/2019/06/05/1500/Nowcast_201906051500_000.nc'
Skipping 2019-06-05 15:15: [Errno 2] No such file or directory: '/gws/ssde/j25b/swift/nflics_nowcasts/2019/06/05/1515/Nowcast_201906051515_000.nc'
Skipping 2019-06-05 15:30: [Errno 2] No such file or directory: '/gws/ssde/j25b/swift/nflics_nowcasts/2019/06/05/1530/Nowcast_201906051530_000.nc'
Skipping 2019-06-05 15:45: [Errno 2] No such file or directory: '/gws/ssde/j25b/swift/nflics_nowcasts/2019/06/05/1545/Nowcast_201906051545_000.nc'
Skipping 2019-06-06 15:30: [Errno 2] No such file or directory: '/gws/ssde/j25b/swift/nflics_nowcasts/2019/06/06/1530/Nowcast_201906061530_000.nc'
Skipping 2019-06-06 15:45: [Errno 2] No such file or directory: '/gws/ssde/j25b/swift/nflics_nowcasts/2019/06/06/1545/Nowcast_201906061545_000.nc'
Skipping 2019-06-07 15:00: [Errno 2] No such file or directory: '/gws/ssde/j25b/swift/nflics_nowcasts/2019/06/07/1500/Nowcast_201906071500_000.nc'
Skipping 2019-06-07 15:15: [Errno 2] No such file or directory: '/gws/ssde/j25b/swift/nflics_nowcasts/2019/06/07/1515/Nowcast_201906071515_000.nc'
Skipping 2019-06-07 15:30: [Errno 2] No such file or directory: '/gws/ssde/j25b/swift/nflics_nowcasts/2019/06/07/1530/Nowcast_201906071530_000.nc'
Skipping 2019-06-07 15:45: [Errno 2] No such file or directory: '/gws/ssde/j25b/swift/nflics_nowcasts/2019/06/07/1545/Nowcast_201906071545_000.nc'
Skipping 2019-06-09 15:00: [Errno 2] No such file or directory: '/gws/ssde/j25b/swift/nflics_nowcasts/2019/06/09/1500/Nowcast_201906091500_000.nc'
Skipping 2019-06-09 15:15: [Errno 2] No such file or directory: '/gws/ssde/j25b/swift/nflics_nowcasts/2019/06/09/1515/Nowcast_201906091515_000.nc'
Skipping 2019-06-09 15:30: [Errno 2] No such file or directory: '/gws/ssde/j25b/swift/nflics_nowcasts/2019/06/09/1530/Nowcast_201906091530_000.nc'
Skipping 2019-06-09 15:45: [Errno 2] No such file or directory: '/gws/ssde/j25b/swift/nflics_nowcasts/2019/06/09/1545/Nowcast_201906091545_000.nc'
Skipping 2019-06-10 15:00: [Errno 2] No such file or directory: '/gws/ssde/j25b/swift/nflics_nowcasts/2019/06/10/1500/Nowcast_201906101500_000.nc'
Skipping 2019-06-10 15:15: [Errno 2] No such file or directory: '/gws/ssde/j25b/swift/nflics_nowcasts/2019/06/10/1515/Nowcast_201906101515_000.nc'
Skipping 2019-06-10 15:30: [Errno 2] No such file or directory: '/gws/ssde/j25b/swift/nflics_nowcasts/2019/06/10/1530/Nowcast_201906101530_000.nc'
Skipping 2019-06-10 15:45: [Errno 2] No such file or directory: '/gws/ssde/j25b/swift/nflics_nowcasts/2019/06/10/1545/Nowcast_201906101545_000.nc'
Skipping 2019-06-11 15:00: [Errno 2] No such file or directory: '/gws/ssde/j25b/swift/nflics_nowcasts/2019/06/11/1500/Nowcast_201906111500_000.nc'
Skipping 2019-06-11 15:15: [Errno 2] No such file or directory: '/gws/ssde/j25b/swift/nflics_nowcasts/2019/06/11/1515/Nowcast_201906111515_000.nc'
Skipping 2019-06-11 15:30: [Errno 2] No such file or directory: '/gws/ssde/j25b/swift/nflics_nowcasts/2019/06/11/1530/Nowcast_201906111530_000.nc'
Skipping 2019-06-11 15:45: [Errno 2] No such file or directory: '/gws/ssde/j25b/swift/nflics_nowcasts/2019/06/11/1545/Nowcast_201906111545_000.nc'
Skipping 2019-06-12 15:00: [Errno 2] No such file or directory: '/gws/ssde/j25b/swift/nflics_nowcasts/2019/06/12/1500/Nowcast_201906121500_000.nc'
Skipping 2019-06-12 15:15: [Errno 2] No such file or directory: '/gws/ssde/j25b/swift/nflics_nowcasts/2019/06/12/1515/Nowcast_201906121515_000.nc'
Skipping 2019-06-12 15:45: [Errno 2] No such file or directory: '/gws/ssde/j25b/swift/nflics_nowcasts/2019/06/12/1545/Nowcast_201906121545_000.nc'
Skipping 2019-06-13 15:00: [Errno 2] No such file or directory: '/gws/ssde/j25b/swift/nflics_nowcasts/2019/06/13/1500/Nowcast_201906131500_000.nc'
Skipping 2019-06-13 15:15: [Errno 2] No such file or directory: '/gws/ssde/j25b/swift/nflics_nowcasts/2019/06/13/1515/Nowcast_201906131515_000.nc'
Skipping 2019-06-13 15:30: [Errno 2] No such file or directory: '/gws/ssde/j25b/swift/nflics_nowcasts/2019/06/13/1530/Nowcast_201906131530_000.nc'
Skipping 2019-06-13 15:45: [Errno 2] No such file or directory: '/gws/ssde/j25b/swift/nflics_nowcasts/2019/06/13/1545/Nowcast_201906131545_000.nc'
Skipping 2019-06-14 15:00: [Errno 2] No such file or directory: '/gws/ssde/j25b/swift/nflics_nowcasts/2019/06/14/1500/Nowcast_201906141500_000.nc'
Skipping 2019-06-14 15:15: [Errno 2] No such file or directory: '/gws/ssde/j25b/swift/nflics_nowcasts/2019/06/14/1515/Nowcast_201906141515_000.nc'
Skipping 2019-06-14 15:30: [Errno 2] No such file or directory: '/gws/ssde/j25b/swift/nflics_nowcasts/2019/06/14/1530/Nowcast_201906141530_000.nc'
Skipping 2019-06-14 15:45: [Errno 2] No such file or directory: '/gws/ssde/j25b/swift/nflics_nowcasts/2019/06/14/1545/Nowcast_201906141545_000.nc'
Skipping 2019-06-15 15:00: [Errno 2] No such file or directory: '/gws/ssde/j25b/swift/nflics_nowcasts/2019/06/15/1500/Nowcast_201906151500_000.nc'
Skipping 2019-06-15 15:45: [Errno 2] No such file or directory: '/gws/ssde/j25b/swift/nflics_nowcasts/2019/06/15/1545/Nowcast_201906151545_000.nc'
Skipping 2019-06-16 15:00: [Errno 2] No such file or directory: '/gws/ssde/j25b/swift/nflics_nowcasts/2019/06/16/1500/Nowcast_201906161500_000.nc'
Skipping 2019-06-16 15:15: [Errno 2] No such file or directory: '/gws/ssde/j25b/swift/nflics_nowcasts/2019/06/16/1515/Nowcast_201906161515_000.nc'
Skipping 2019-06-16 15:30: [Errno 2] No such file or directory: '/gws/ssde/j25b/swift/nflics_nowcasts/2019/06/16/1530/Nowcast_201906161530_000.nc'
Skipping 2019-06-16 15:45: [Errno 2] No such file or directory: '/gws/ssde/j25b/swift/nflics_nowcasts/2019/06/16/1545/Nowcast_201906161545_000.nc'
Skipping 2019-06-17 15:00: [Errno 2] No such file or directory: '/gws/ssde/j25b/swift/nflics_nowcasts/2019/06/17/1500/Nowcast_201906171500_000.nc'
Skipping 2019-06-17 15:15: [Errno 2] No such file or directory: '/gws/ssde/j25b/swift/nflics_nowcasts/2019/06/17/1515/Nowcast_201906171515_000.nc'
Skipping 2019-06-17 15:30: [Errno 2] No such file or directory: '/gws/ssde/j25b/swift/nflics_nowcasts/2019/06/17/1530/Nowcast_201906171530_000.nc'
Skipping 2019-06-17 15:45: [Errno 2] No such file or directory: '/gws/ssde/j25b/swift/nflics_nowcasts/2019/06/17/1545/Nowcast_201906171545_000.nc'
Skipping 2019-06-19 15:30: [Errno 2] No such file or directory: '/gws/ssde/j25b/swift/nflics_nowcasts/2019/06/19/1530/Nowcast_201906191530_000.nc'
Skipping 2019-06-19 15:45: [Errno 2] No such file or directory: '/gws/ssde/j25b/swift/nflics_nowcasts/2019/06/19/1545/Nowcast_201906191545_000.nc'
Skipping 2019-06-20 15:00: [Errno 2] No such file or directory: '/gws/ssde/j25b/swift/nflics_nowcasts/2019/06/20/1500/Nowcast_201906201500_000.nc'
Skipping 2019-06-20 15:15: [Errno 2] No such file or directory: '/gws/ssde/j25b/swift/nflics_nowcasts/2019/06/20/1515/Nowcast_201906201515_000.nc'
Skipping 2019-06-20 15:30: [Errno 2] No such file or directory: '/gws/ssde/j25b/swift/nflics_nowcasts/2019/06/20/1530/Nowcast_201906201530_000.nc'
Skipping 2019-06-20 15:45: [Errno 2] No such file or directory: '/gws/ssde/j25b/swift/nflics_nowcasts/2019/06/20/1545/Nowcast_201906201545_000.nc'
Skipping 2019-06-21 15:00: [Errno 2] No such file or directory: '/gws/ssde/j25b/swift/nflics_nowcasts/2019/06/21/1500/Nowcast_201906211500_000.nc'
Skipping 2019-06-21 15:15: [Errno 2] No such file or directory: '/gws/ssde/j25b/swift/nflics_nowcasts/2019/06/21/1515/Nowcast_201906211515_000.nc'
Skipping 2019-06-21 15:30: [Errno 2] No such file or directory: '/gws/ssde/j25b/swift/nflics_nowcasts/2019/06/21/1530/Nowcast_201906211530_000.nc'
Skipping 2019-06-21 15:45: [Errno 2] No such file or directory: '/gws/ssde/j25b/swift/nflics_nowcasts/2019/06/21/1545/Nowcast_201906211545_000.nc'
Skipping 2019-06-22 15:00: [Errno 2] No such file or directory: '/gws/ssde/j25b/swift/nflics_nowcasts/2019/06/22/1500/Nowcast_201906221500_000.nc'
Skipping 2019-06-22 15:15: [Errno 2] No such file or directory: '/gws/ssde/j25b/swift/nflics_nowcasts/2019/06/22/1515/Nowcast_201906221515_000.nc'
Skipping 2019-06-22 15:30: [Errno 2] No such file or directory: '/gws/ssde/j25b/swift/nflics_nowcasts/2019/06/22/1530/Nowcast_201906221530_000.nc'
Skipping 2019-06-22 15:45: [Errno 2] No such file or directory: '/gws/ssde/j25b/swift/nflics_nowcasts/2019/06/22/1545/Nowcast_201906221545_000.nc'
Skipping 2019-06-24 15:00: [Errno 2] No such file or directory: '/gws/ssde/j25b/swift/nflics_nowcasts/2019/06/24/1500/Nowcast_201906241500_000.nc'
Skipping 2019-06-24 15:15: [Errno 2] No such file or directory: '/gws/ssde/j25b/swift/nflics_nowcasts/2019/06/24/1515/Nowcast_201906241515_000.nc'
Skipping 2019-06-24 15:30: [Errno 2] No such file or directory: '/gws/ssde/j25b/swift/nflics_nowcasts/2019/06/24/1530/Nowcast_201906241530_000.nc'
Skipping 2019-06-24 15:45: [Errno 2] No such file or directory: '/gws/ssde/j25b/swift/nflics_nowcasts/2019/06/24/1545/Nowcast_201906241545_000.nc'
Skipping 2019-06-26 15:00: [Errno 2] No such file or directory: '/gws/ssde/j25b/swift/nflics_nowcasts/2019/06/26/1500/Nowcast_201906261500_000.nc'
Skipping 2019-06-26 15:15: [Errno 2] No such file or directory: '/gws/ssde/j25b/swift/nflics_nowcasts/2019/06/26/1515/Nowcast_201906261515_000.nc'
Skipping 2019-06-26 15:30: [Errno 2] No such file or directory: '/gws/ssde/j25b/swift/nflics_nowcasts/2019/06/26/1530/Nowcast_201906261530_000.nc'
Skipping 2019-06-26 15:45: [Errno 2] No such file or directory: '/gws/ssde/j25b/swift/nflics_nowcasts/2019/06/26/1545/Nowcast_201906261545_000.nc'
Skipping 2019-06-27 15:00: [Errno 2] No such file or directory: '/gws/ssde/j25b/swift/nflics_nowcasts/2019/06/27/1500/Nowcast_201906271500_000.nc'
Skipping 2019-06-27 15:15: [Errno 2] No such file or directory: '/gws/ssde/j25b/swift/nflics_nowcasts/2019/06/27/1515/Nowcast_201906271515_000.nc'
Skipping 2019-06-27 15:30: [Errno 2] No such file or directory: '/gws/ssde/j25b/swift/nflics_nowcasts/2019/06/27/1530/Nowcast_201906271530_000.nc'
Skipping 2019-06-27 15:45: [Errno 2] No such file or directory: '/gws/ssde/j25b/swift/nflics_nowcasts/2019/06/27/1545/Nowcast_201906271545_000.nc'
Skipping 2019-06-28 15:15: [Errno 2] No such file or directory: '/gws/ssde/j25b/swift/nflics_nowcasts/2019/06/28/1515/Nowcast_201906281515_000.nc'
Skipping 2019-06-28 15:30: [Errno 2] No such file or directory: '/gws/ssde/j25b/swift/nflics_nowcasts/2019/06/28/1530/Nowcast_201906281530_000.nc'
Skipping 2019-06-28 15:45: [Errno 2] No such file or directory: '/gws/ssde/j25b/swift/nflics_nowcasts/2019/06/28/1545/Nowcast_201906281545_000.nc'
Skipping 2019-06-29 15:00: [Errno 2] No such file or directory: '/gws/ssde/j25b/swift/nflics_nowcasts/2019/06/29/1500/Nowcast_201906291500_000.nc'
Skipping 2019-06-29 15:15: [Errno 2] No such file or directory: '/gws/ssde/j25b/swift/nflics_nowcasts/2019/06/29/1515/Nowcast_201906291515_000.nc'
Skipping 2019-06-29 15:30: [Errno 2] No such file or directory: '/gws/ssde/j25b/swift/nflics_nowcasts/2019/06/29/1530/Nowcast_201906291530_000.nc'
Skipping 2019-06-29 15:45: [Errno 2] No such file or directory: '/gws/ssde/j25b/swift/nflics_nowcasts/2019/06/29/1545/Nowcast_201906291545_000.nc'
Skipping 2019-06-30 15:00: [Errno 2] No such file or directory: '/gws/ssde/j25b/swift/nflics_nowcasts/2019/06/30/1500/Nowcast_201906301500_000.nc'
Skipping 2019-06-30 15:15: [Errno 2] No such file or directory: '/gws/ssde/j25b/swift/nflics_nowcasts/2019/06/30/1515/Nowcast_201906301515_000.nc'
Skipping 2019-06-30 15:30: [Errno 2] No such file or directory: '/gws/ssde/j25b/swift/nflics_nowcasts/2019/06/30/1530/Nowcast_201906301530_000.nc'
Skipping 2019-06-30 15:45: [Errno 2] No such file or directory: '/gws/ssde/j25b/swift/nflics_nowcasts/2019/06/30/1545/Nowcast_201906301545_000.nc'
All ensemble nowcasts completed on CPU.
======================================================
 Job completed successfully at Sat 29 Nov 12:11:02 GMT 2025
======================================================
