======================================================
 Job started on host1085.jc.rl.ac.uk at Sat 29 Nov 12:12:17 GMT 2025
======================================================
Running ensemble nowcast inference:
 Lead time : 3
 Year      : 2019
 Month     : 08
 Hour      : 18
======================================================
Running on CPU with 8 threads
Loaded 5 ensemble models on CPU
Detected 100 inputs for 2019-08 18 UTC
Skipping 2019-08-01 18:00: [Errno 2] No such file or directory: '/gws/ssde/j25b/swift/nflics_nowcasts/2019/08/01/1800/Nowcast_201908011800_000.nc'
Skipping 2019-08-01 18:15: [Errno 2] No such file or directory: '/gws/ssde/j25b/swift/nflics_nowcasts/2019/08/01/1815/Nowcast_201908011815_000.nc'
Skipping 2019-08-01 18:30: [Errno 2] No such file or directory: '/gws/ssde/j25b/swift/nflics_nowcasts/2019/08/01/1830/Nowcast_201908011830_000.nc'
Skipping 2019-08-01 18:45: [Errno 2] No such file or directory: '/gws/ssde/j25b/swift/nflics_nowcasts/2019/08/01/1845/Nowcast_201908011845_000.nc'
Skipping 2019-08-02 18:00: [Errno 2] No such file or directory: '/gws/ssde/j25b/swift/nflics_nowcasts/2019/08/02/1800/Nowcast_201908021800_000.nc'
Skipping 2019-08-02 18:15: [Errno 2] No such file or directory: '/gws/ssde/j25b/swift/nflics_nowcasts/2019/08/02/1815/Nowcast_201908021815_000.nc'
Skipping 2019-08-02 18:30: [Errno 2] No such file or directory: '/gws/ssde/j25b/swift/nflics_nowcasts/2019/08/02/1830/Nowcast_201908021830_000.nc'
Skipping 2019-08-02 18:45: [Errno 2] No such file or directory: '/gws/ssde/j25b/swift/nflics_nowcasts/2019/08/02/1845/Nowcast_201908021845_000.nc'
Skipping 2019-08-03 18:00: [Errno 2] No such file or directory: '/gws/ssde/j25b/swift/nflics_nowcasts/2019/08/03/1800/Nowcast_201908031800_000.nc'
Skipping 2019-08-03 18:15: [Errno 2] No such file or directory: '/gws/ssde/j25b/swift/nflics_nowcasts/2019/08/03/1815/Nowcast_201908031815_000.nc'
Skipping 2019-08-03 18:30: [Errno 2] No such file or directory: '/gws/ssde/j25b/swift/nflics_nowcasts/2019/08/03/1830/Nowcast_201908031830_000.nc'
Skipping 2019-08-03 18:45: [Errno 2] No such file or directory: '/gws/ssde/j25b/swift/nflics_nowcasts/2019/08/03/1845/Nowcast_201908031845_000.nc'
Skipping 2019-08-05 18:00: [Errno 2] No such file or directory: '/gws/ssde/j25b/swift/nflics_nowcasts/2019/08/05/1800/Nowcast_201908051800_000.nc'
Skipping 2019-08-05 18:15: [Errno 2] No such file or directory: '/gws/ssde/j25b/swift/nflics_nowcasts/2019/08/05/1815/Nowcast_201908051815_000.nc'
Skipping 2019-08-05 18:30: [Errno 2] No such file or directory: '/gws/ssde/j25b/swift/nflics_nowcasts/2019/08/05/1830/Nowcast_201908051830_000.nc'
Skipping 2019-08-05 18:45: [Errno 2] No such file or directory: '/gws/ssde/j25b/swift/nflics_nowcasts/2019/08/05/1845/Nowcast_201908051845_000.nc'
Skipping 2019-08-06 18:00: [Errno 2] No such file or directory: '/gws/ssde/j25b/swift/nflics_nowcasts/2019/08/06/1800/Nowcast_201908061800_000.nc'
Skipping 2019-08-06 18:15: [Errno 2] No such file or directory: '/gws/ssde/j25b/swift/nflics_nowcasts/2019/08/06/1815/Nowcast_201908061815_000.nc'
Skipping 2019-08-06 18:30: [Errno 2] No such file or directory: '/gws/ssde/j25b/swift/nflics_nowcasts/2019/08/06/1830/Nowcast_201908061830_000.nc'
Skipping 2019-08-06 18:45: [Errno 2] No such file or directory: '/gws/ssde/j25b/swift/nflics_nowcasts/2019/08/06/1845/Nowcast_201908061845_000.nc'
Skipping 2019-08-10 18:00: [Errno 2] No such file or directory: '/gws/ssde/j25b/swift/nflics_nowcasts/2019/08/10/1800/Nowcast_201908101800_000.nc'
Skipping 2019-08-10 18:15: [Errno 2] No such file or directory: '/gws/ssde/j25b/swift/nflics_nowcasts/2019/08/10/1815/Nowcast_201908101815_000.nc'
Skipping 2019-08-10 18:30: [Errno 2] No such file or directory: '/gws/ssde/j25b/swift/nflics_nowcasts/2019/08/10/1830/Nowcast_201908101830_000.nc'
Skipping 2019-08-10 18:45: [Errno 2] No such file or directory: '/gws/ssde/j25b/swift/nflics_nowcasts/2019/08/10/1845/Nowcast_201908101845_000.nc'
Skipping 2019-08-11 18:15: [Errno 2] No such file or directory: '/gws/ssde/j25b/swift/nflics_nowcasts/2019/08/11/1815/Nowcast_201908111815_000.nc'
Skipping 2019-08-11 18:30: [Errno 2] No such file or directory: '/gws/ssde/j25b/swift/nflics_nowcasts/2019/08/11/1830/Nowcast_201908111830_000.nc'
Skipping 2019-08-11 18:45: [Errno 2] No such file or directory: '/gws/ssde/j25b/swift/nflics_nowcasts/2019/08/11/1845/Nowcast_201908111845_000.nc'
Skipping 2019-08-13 18:00: [Errno 2] No such file or directory: '/gws/ssde/j25b/swift/nflics_nowcasts/2019/08/13/1800/Nowcast_201908131800_000.nc'
Skipping 2019-08-13 18:15: [Errno 2] No such file or directory: '/gws/ssde/j25b/swift/nflics_nowcasts/2019/08/13/1815/Nowcast_201908131815_000.nc'
Skipping 2019-08-13 18:30: [Errno 2] No such file or directory: '/gws/ssde/j25b/swift/nflics_nowcasts/2019/08/13/1830/Nowcast_201908131830_000.nc'
Skipping 2019-08-13 18:45: [Errno 2] No such file or directory: '/gws/ssde/j25b/swift/nflics_nowcasts/2019/08/13/1845/Nowcast_201908131845_000.nc'
Skipping 2019-08-14 18:00: [Errno 2] No such file or directory: '/gws/ssde/j25b/swift/nflics_nowcasts/2019/08/14/1800/Nowcast_201908141800_000.nc'
Skipping 2019-08-14 18:15: [Errno 2] No such file or directory: '/gws/ssde/j25b/swift/nflics_nowcasts/2019/08/14/1815/Nowcast_201908141815_000.nc'
Skipping 2019-08-14 18:30: [Errno 2] No such file or directory: '/gws/ssde/j25b/swift/nflics_nowcasts/2019/08/14/1830/Nowcast_201908141830_000.nc'
Skipping 2019-08-14 18:45: [Errno 2] No such file or directory: '/gws/ssde/j25b/swift/nflics_nowcasts/2019/08/14/1845/Nowcast_201908141845_000.nc'
Skipping 2019-08-15 18:00: [Errno 2] No such file or directory: '/gws/ssde/j25b/swift/nflics_nowcasts/2019/08/15/1800/Nowcast_201908151800_000.nc'
Skipping 2019-08-15 18:15: [Errno 2] No such file or directory: '/gws/ssde/j25b/swift/nflics_nowcasts/2019/08/15/1815/Nowcast_201908151815_000.nc'
Skipping 2019-08-15 18:30: [Errno 2] No such file or directory: '/gws/ssde/j25b/swift/nflics_nowcasts/2019/08/15/1830/Nowcast_201908151830_000.nc'
Skipping 2019-08-15 18:45: [Errno 2] No such file or directory: '/gws/ssde/j25b/swift/nflics_nowcasts/2019/08/15/1845/Nowcast_201908151845_000.nc'
Skipping 2019-08-16 18:00: [Errno 2] No such file or directory: '/gws/ssde/j25b/swift/nflics_nowcasts/2019/08/16/1800/Nowcast_201908161800_000.nc'
Skipping 2019-08-16 18:15: [Errno 2] No such file or directory: '/gws/ssde/j25b/swift/nflics_nowcasts/2019/08/16/1815/Nowcast_201908161815_000.nc'
Skipping 2019-08-16 18:30: [Errno 2] No such file or directory: '/gws/ssde/j25b/swift/nflics_nowcasts/2019/08/16/1830/Nowcast_201908161830_000.nc'
Skipping 2019-08-16 18:45: [Errno 2] No such file or directory: '/gws/ssde/j25b/swift/nflics_nowcasts/2019/08/16/1845/Nowcast_201908161845_000.nc'
Skipping 2019-08-17 18:00: [Errno 2] No such file or directory: '/gws/ssde/j25b/swift/nflics_nowcasts/2019/08/17/1800/Nowcast_201908171800_000.nc'
Skipping 2019-08-17 18:15: [Errno 2] No such file or directory: '/gws/ssde/j25b/swift/nflics_nowcasts/2019/08/17/1815/Nowcast_201908171815_000.nc'
Skipping 2019-08-17 18:30: [Errno 2] No such file or directory: '/gws/ssde/j25b/swift/nflics_nowcasts/2019/08/17/1830/Nowcast_201908171830_000.nc'
Skipping 2019-08-17 18:45: [Errno 2] No such file or directory: '/gws/ssde/j25b/swift/nflics_nowcasts/2019/08/17/1845/Nowcast_201908171845_000.nc'
Skipping 2019-08-18 18:00: [Errno 2] No such file or directory: '/gws/ssde/j25b/swift/nflics_nowcasts/2019/08/18/1800/Nowcast_201908181800_000.nc'
Skipping 2019-08-18 18:15: [Errno 2] No such file or directory: '/gws/ssde/j25b/swift/nflics_nowcasts/2019/08/18/1815/Nowcast_201908181815_000.nc'
Skipping 2019-08-18 18:30: [Errno 2] No such file or directory: '/gws/ssde/j25b/swift/nflics_nowcasts/2019/08/18/1830/Nowcast_201908181830_000.nc'
Skipping 2019-08-18 18:45: [Errno 2] No such file or directory: '/gws/ssde/j25b/swift/nflics_nowcasts/2019/08/18/1845/Nowcast_201908181845_000.nc'
Skipping 2019-08-19 18:00: [Errno 2] No such file or directory: '/gws/ssde/j25b/swift/nflics_nowcasts/2019/08/19/1800/Nowcast_201908191800_000.nc'
Skipping 2019-08-19 18:15: [Errno 2] No such file or directory: '/gws/ssde/j25b/swift/nflics_nowcasts/2019/08/19/1815/Nowcast_201908191815_000.nc'
Skipping 2019-08-19 18:30: [Errno 2] No such file or directory: '/gws/ssde/j25b/swift/nflics_nowcasts/2019/08/19/1830/Nowcast_201908191830_000.nc'
Skipping 2019-08-19 18:45: [Errno 2] No such file or directory: '/gws/ssde/j25b/swift/nflics_nowcasts/2019/08/19/1845/Nowcast_201908191845_000.nc'
Skipping 2019-08-20 18:00: [Errno 2] No such file or directory: '/gws/ssde/j25b/swift/nflics_nowcasts/2019/08/20/1800/Nowcast_201908201800_000.nc'
Skipping 2019-08-20 18:15: [Errno 2] No such file or directory: '/gws/ssde/j25b/swift/nflics_nowcasts/2019/08/20/1815/Nowcast_201908201815_000.nc'
Skipping 2019-08-20 18:30: [Errno 2] No such file or directory: '/gws/ssde/j25b/swift/nflics_nowcasts/2019/08/20/1830/Nowcast_201908201830_000.nc'
Skipping 2019-08-20 18:45: [Errno 2] No such file or directory: '/gws/ssde/j25b/swift/nflics_nowcasts/2019/08/20/1845/Nowcast_201908201845_000.nc'
Skipping 2019-08-21 18:00: [Errno 2] No such file or directory: '/gws/ssde/j25b/swift/nflics_nowcasts/2019/08/21/1800/Nowcast_201908211800_000.nc'
Skipping 2019-08-21 18:15: [Errno 2] No such file or directory: '/gws/ssde/j25b/swift/nflics_nowcasts/2019/08/21/1815/Nowcast_201908211815_000.nc'
Skipping 2019-08-21 18:30: [Errno 2] No such file or directory: '/gws/ssde/j25b/swift/nflics_nowcasts/2019/08/21/1830/Nowcast_201908211830_000.nc'
Skipping 2019-08-21 18:45: [Errno 2] No such file or directory: '/gws/ssde/j25b/swift/nflics_nowcasts/2019/08/21/1845/Nowcast_201908211845_000.nc'
Skipping 2019-08-22 18:00: [Errno 2] No such file or directory: '/gws/ssde/j25b/swift/nflics_nowcasts/2019/08/22/1800/Nowcast_201908221800_000.nc'
Skipping 2019-08-22 18:15: [Errno 2] No such file or directory: '/gws/ssde/j25b/swift/nflics_nowcasts/2019/08/22/1815/Nowcast_201908221815_000.nc'
Skipping 2019-08-22 18:30: [Errno 2] No such file or directory: '/gws/ssde/j25b/swift/nflics_nowcasts/2019/08/22/1830/Nowcast_201908221830_000.nc'
Skipping 2019-08-23 18:00: [Errno 2] No such file or directory: '/gws/ssde/j25b/swift/nflics_nowcasts/2019/08/23/1800/Nowcast_201908231800_000.nc'
Skipping 2019-08-23 18:15: [Errno 2] No such file or directory: '/gws/ssde/j25b/swift/nflics_nowcasts/2019/08/23/1815/Nowcast_201908231815_000.nc'
Skipping 2019-08-23 18:30: [Errno 2] No such file or directory: '/gws/ssde/j25b/swift/nflics_nowcasts/2019/08/23/1830/Nowcast_201908231830_000.nc'
Skipping 2019-08-23 18:45: [Errno 2] No such file or directory: '/gws/ssde/j25b/swift/nflics_nowcasts/2019/08/23/1845/Nowcast_201908231845_000.nc'
Skipping 2019-08-24 18:00: [Errno 2] No such file or directory: '/gws/ssde/j25b/swift/nflics_nowcasts/2019/08/24/1800/Nowcast_201908241800_000.nc'
Skipping 2019-08-24 18:15: [Errno 2] No such file or directory: '/gws/ssde/j25b/swift/nflics_nowcasts/2019/08/24/1815/Nowcast_201908241815_000.nc'
Skipping 2019-08-24 18:30: [Errno 2] No such file or directory: '/gws/ssde/j25b/swift/nflics_nowcasts/2019/08/24/1830/Nowcast_201908241830_000.nc'
Skipping 2019-08-24 18:45: [Errno 2] No such file or directory: '/gws/ssde/j25b/swift/nflics_nowcasts/2019/08/24/1845/Nowcast_201908241845_000.nc'
Skipping 2019-08-25 18:00: [Errno 2] No such file or directory: '/gws/ssde/j25b/swift/nflics_nowcasts/2019/08/25/1800/Nowcast_201908251800_000.nc'
Skipping 2019-08-25 18:15: [Errno 2] No such file or directory: '/gws/ssde/j25b/swift/nflics_nowcasts/2019/08/25/1815/Nowcast_201908251815_000.nc'
Skipping 2019-08-26 18:00: [Errno 2] No such file or directory: '/gws/ssde/j25b/swift/nflics_nowcasts/2019/08/26/1800/Nowcast_201908261800_000.nc'
Skipping 2019-08-26 18:15: [Errno 2] No such file or directory: '/gws/ssde/j25b/swift/nflics_nowcasts/2019/08/26/1815/Nowcast_201908261815_000.nc'
Skipping 2019-08-26 18:30: [Errno 2] No such file or directory: '/gws/ssde/j25b/swift/nflics_nowcasts/2019/08/26/1830/Nowcast_201908261830_000.nc'
Skipping 2019-08-26 18:45: [Errno 2] No such file or directory: '/gws/ssde/j25b/swift/nflics_nowcasts/2019/08/26/1845/Nowcast_201908261845_000.nc'
Skipping 2019-08-27 18:00: [Errno 2] No such file or directory: '/gws/ssde/j25b/swift/nflics_nowcasts/2019/08/27/1800/Nowcast_201908271800_000.nc'
Skipping 2019-08-27 18:15: [Errno 2] No such file or directory: '/gws/ssde/j25b/swift/nflics_nowcasts/2019/08/27/1815/Nowcast_201908271815_000.nc'
Skipping 2019-08-27 18:30: [Errno 2] No such file or directory: '/gws/ssde/j25b/swift/nflics_nowcasts/2019/08/27/1830/Nowcast_201908271830_000.nc'
Skipping 2019-08-27 18:45: [Errno 2] No such file or directory: '/gws/ssde/j25b/swift/nflics_nowcasts/2019/08/27/1845/Nowcast_201908271845_000.nc'
Skipping 2019-08-28 18:00: [Errno 2] No such file or directory: '/gws/ssde/j25b/swift/nflics_nowcasts/2019/08/28/1800/Nowcast_201908281800_000.nc'
Skipping 2019-08-28 18:15: [Errno 2] No such file or directory: '/gws/ssde/j25b/swift/nflics_nowcasts/2019/08/28/1815/Nowcast_201908281815_000.nc'
Skipping 2019-08-28 18:30: [Errno 2] No such file or directory: '/gws/ssde/j25b/swift/nflics_nowcasts/2019/08/28/1830/Nowcast_201908281830_000.nc'
Skipping 2019-08-28 18:45: [Errno 2] No such file or directory: '/gws/ssde/j25b/swift/nflics_nowcasts/2019/08/28/1845/Nowcast_201908281845_000.nc'
Skipping 2019-08-29 18:00: [Errno 2] No such file or directory: '/gws/ssde/j25b/swift/nflics_nowcasts/2019/08/29/1800/Nowcast_201908291800_000.nc'
Skipping 2019-08-29 18:15: [Errno 2] No such file or directory: '/gws/ssde/j25b/swift/nflics_nowcasts/2019/08/29/1815/Nowcast_201908291815_000.nc'
Skipping 2019-08-29 18:30: [Errno 2] No such file or directory: '/gws/ssde/j25b/swift/nflics_nowcasts/2019/08/29/1830/Nowcast_201908291830_000.nc'
Skipping 2019-08-29 18:45: [Errno 2] No such file or directory: '/gws/ssde/j25b/swift/nflics_nowcasts/2019/08/29/1845/Nowcast_201908291845_000.nc'
Skipping 2019-08-30 18:00: [Errno 2] No such file or directory: '/gws/ssde/j25b/swift/nflics_nowcasts/2019/08/30/1800/Nowcast_201908301800_000.nc'
Skipping 2019-08-30 18:15: [Errno 2] No such file or directory: '/gws/ssde/j25b/swift/nflics_nowcasts/2019/08/30/1815/Nowcast_201908301815_000.nc'
Skipping 2019-08-30 18:30: [Errno 2] No such file or directory: '/gws/ssde/j25b/swift/nflics_nowcasts/2019/08/30/1830/Nowcast_201908301830_000.nc'
Skipping 2019-08-30 18:45: [Errno 2] No such file or directory: '/gws/ssde/j25b/swift/nflics_nowcasts/2019/08/30/1845/Nowcast_201908301845_000.nc'
Skipping 2019-08-31 18:00: [Errno 2] No such file or directory: '/gws/ssde/j25b/swift/nflics_nowcasts/2019/08/31/1800/Nowcast_201908311800_000.nc'
Skipping 2019-08-31 18:15: [Errno 2] No such file or directory: '/gws/ssde/j25b/swift/nflics_nowcasts/2019/08/31/1815/Nowcast_201908311815_000.nc'
Skipping 2019-08-31 18:30: [Errno 2] No such file or directory: '/gws/ssde/j25b/swift/nflics_nowcasts/2019/08/31/1830/Nowcast_201908311830_000.nc'
Skipping 2019-08-31 18:45: [Errno 2] No such file or directory: '/gws/ssde/j25b/swift/nflics_nowcasts/2019/08/31/1845/Nowcast_201908311845_000.nc'
All ensemble nowcasts completed on CPU.
======================================================
 Job completed successfully at Sat 29 Nov 12:12:25 GMT 2025
======================================================
