======================================================
 Job started on host1085.jc.rl.ac.uk at Sat 29 Nov 12:10:37 GMT 2025
======================================================
Running ensemble nowcast inference:
 Lead time : 3
 Year      : 2019
 Month     : 06
 Hour      : 02
======================================================
Running on CPU with 8 threads
Loaded 5 ensemble models on CPU
Detected 59 inputs for 2019-06 02 UTC
Skipping 2019-06-01 02:15: [Errno 2] No such file or directory: '/gws/ssde/j25b/swift/nflics_nowcasts/2019/06/01/0215/Nowcast_201906010215_000.nc'
Skipping 2019-06-01 02:30: [Errno 2] No such file or directory: '/gws/ssde/j25b/swift/nflics_nowcasts/2019/06/01/0230/Nowcast_201906010230_000.nc'
Skipping 2019-06-02 02:00: [Errno 2] No such file or directory: '/gws/ssde/j25b/swift/nflics_nowcasts/2019/06/02/0200/Nowcast_201906020200_000.nc'
Skipping 2019-06-02 02:15: [Errno 2] No such file or directory: '/gws/ssde/j25b/swift/nflics_nowcasts/2019/06/02/0215/Nowcast_201906020215_000.nc'
Skipping 2019-06-02 02:30: [Errno 2] No such file or directory: '/gws/ssde/j25b/swift/nflics_nowcasts/2019/06/02/0230/Nowcast_201906020230_000.nc'
Skipping 2019-06-02 02:45: [Errno 2] No such file or directory: '/gws/ssde/j25b/swift/nflics_nowcasts/2019/06/02/0245/Nowcast_201906020245_000.nc'
Skipping 2019-06-03 02:00: [Errno 2] No such file or directory: '/gws/ssde/j25b/swift/nflics_nowcasts/2019/06/03/0200/Nowcast_201906030200_000.nc'
Skipping 2019-06-03 02:15: [Errno 2] No such file or directory: '/gws/ssde/j25b/swift/nflics_nowcasts/2019/06/03/0215/Nowcast_201906030215_000.nc'
Skipping 2019-06-03 02:30: [Errno 2] No such file or directory: '/gws/ssde/j25b/swift/nflics_nowcasts/2019/06/03/0230/Nowcast_201906030230_000.nc'
Skipping 2019-06-03 02:45: [Errno 2] No such file or directory: '/gws/ssde/j25b/swift/nflics_nowcasts/2019/06/03/0245/Nowcast_201906030245_000.nc'
Skipping 2019-06-04 02:00: [Errno 2] No such file or directory: '/gws/ssde/j25b/swift/nflics_nowcasts/2019/06/04/0200/Nowcast_201906040200_000.nc'
Skipping 2019-06-04 02:15: [Errno 2] No such file or directory: '/gws/ssde/j25b/swift/nflics_nowcasts/2019/06/04/0215/Nowcast_201906040215_000.nc'
Skipping 2019-06-04 02:30: [Errno 2] No such file or directory: '/gws/ssde/j25b/swift/nflics_nowcasts/2019/06/04/0230/Nowcast_201906040230_000.nc'
Skipping 2019-06-04 02:45: [Errno 2] No such file or directory: '/gws/ssde/j25b/swift/nflics_nowcasts/2019/06/04/0245/Nowcast_201906040245_000.nc'
Skipping 2019-06-08 02:00: [Errno 2] No such file or directory: '/gws/ssde/j25b/swift/nflics_nowcasts/2019/06/08/0200/Nowcast_201906080200_000.nc'
Skipping 2019-06-08 02:15: [Errno 2] No such file or directory: '/gws/ssde/j25b/swift/nflics_nowcasts/2019/06/08/0215/Nowcast_201906080215_000.nc'
Skipping 2019-06-08 02:30: [Errno 2] No such file or directory: '/gws/ssde/j25b/swift/nflics_nowcasts/2019/06/08/0230/Nowcast_201906080230_000.nc'
Skipping 2019-06-08 02:45: [Errno 2] No such file or directory: '/gws/ssde/j25b/swift/nflics_nowcasts/2019/06/08/0245/Nowcast_201906080245_000.nc'
Skipping 2019-06-10 02:00: [Errno 2] No such file or directory: '/gws/ssde/j25b/swift/nflics_nowcasts/2019/06/10/0200/Nowcast_201906100200_000.nc'
Skipping 2019-06-10 02:15: [Errno 2] No such file or directory: '/gws/ssde/j25b/swift/nflics_nowcasts/2019/06/10/0215/Nowcast_201906100215_000.nc'
Skipping 2019-06-10 02:30: [Errno 2] No such file or directory: '/gws/ssde/j25b/swift/nflics_nowcasts/2019/06/10/0230/Nowcast_201906100230_000.nc'
Skipping 2019-06-10 02:45: [Errno 2] No such file or directory: '/gws/ssde/j25b/swift/nflics_nowcasts/2019/06/10/0245/Nowcast_201906100245_000.nc'
Skipping 2019-06-11 02:00: [Errno 2] No such file or directory: '/gws/ssde/j25b/swift/nflics_nowcasts/2019/06/11/0200/Nowcast_201906110200_000.nc'
Skipping 2019-06-11 02:15: [Errno 2] No such file or directory: '/gws/ssde/j25b/swift/nflics_nowcasts/2019/06/11/0215/Nowcast_201906110215_000.nc'
Skipping 2019-06-11 02:30: [Errno 2] No such file or directory: '/gws/ssde/j25b/swift/nflics_nowcasts/2019/06/11/0230/Nowcast_201906110230_000.nc'
Skipping 2019-06-11 02:45: [Errno 2] No such file or directory: '/gws/ssde/j25b/swift/nflics_nowcasts/2019/06/11/0245/Nowcast_201906110245_000.nc'
Skipping 2019-06-12 02:00: [Errno 2] No such file or directory: '/gws/ssde/j25b/swift/nflics_nowcasts/2019/06/12/0200/Nowcast_201906120200_000.nc'
Skipping 2019-06-12 02:15: [Errno 2] No such file or directory: '/gws/ssde/j25b/swift/nflics_nowcasts/2019/06/12/0215/Nowcast_201906120215_000.nc'
Skipping 2019-06-12 02:30: [Errno 2] No such file or directory: '/gws/ssde/j25b/swift/nflics_nowcasts/2019/06/12/0230/Nowcast_201906120230_000.nc'
Skipping 2019-06-12 02:45: [Errno 2] No such file or directory: '/gws/ssde/j25b/swift/nflics_nowcasts/2019/06/12/0245/Nowcast_201906120245_000.nc'
Skipping 2019-06-15 02:00: [Errno 2] No such file or directory: '/gws/ssde/j25b/swift/nflics_nowcasts/2019/06/15/0200/Nowcast_201906150200_000.nc'
Skipping 2019-06-15 02:15: [Errno 2] No such file or directory: '/gws/ssde/j25b/swift/nflics_nowcasts/2019/06/15/0215/Nowcast_201906150215_000.nc'
Skipping 2019-06-15 02:30: [Errno 2] No such file or directory: '/gws/ssde/j25b/swift/nflics_nowcasts/2019/06/15/0230/Nowcast_201906150230_000.nc'
Skipping 2019-06-15 02:45: [Errno 2] No such file or directory: '/gws/ssde/j25b/swift/nflics_nowcasts/2019/06/15/0245/Nowcast_201906150245_000.nc'
Skipping 2019-06-16 02:00: [Errno 2] No such file or directory: '/gws/ssde/j25b/swift/nflics_nowcasts/2019/06/16/0200/Nowcast_201906160200_000.nc'
Skipping 2019-06-16 02:15: [Errno 2] No such file or directory: '/gws/ssde/j25b/swift/nflics_nowcasts/2019/06/16/0215/Nowcast_201906160215_000.nc'
Skipping 2019-06-16 02:30: [Errno 2] No such file or directory: '/gws/ssde/j25b/swift/nflics_nowcasts/2019/06/16/0230/Nowcast_201906160230_000.nc'
Skipping 2019-06-17 02:45: [Errno 2] No such file or directory: '/gws/ssde/j25b/swift/nflics_nowcasts/2019/06/17/0245/Nowcast_201906170245_000.nc'
Skipping 2019-06-18 02:00: [Errno 2] No such file or directory: '/gws/ssde/j25b/swift/nflics_nowcasts/2019/06/18/0200/Nowcast_201906180200_000.nc'
Skipping 2019-06-18 02:15: [Errno 2] No such file or directory: '/gws/ssde/j25b/swift/nflics_nowcasts/2019/06/18/0215/Nowcast_201906180215_000.nc'
Skipping 2019-06-18 02:30: [Errno 2] No such file or directory: '/gws/ssde/j25b/swift/nflics_nowcasts/2019/06/18/0230/Nowcast_201906180230_000.nc'
Skipping 2019-06-20 02:00: [Errno 2] No such file or directory: '/gws/ssde/j25b/swift/nflics_nowcasts/2019/06/20/0200/Nowcast_201906200200_000.nc'
Skipping 2019-06-21 02:00: [Errno 2] No such file or directory: '/gws/ssde/j25b/swift/nflics_nowcasts/2019/06/21/0200/Nowcast_201906210200_000.nc'
Skipping 2019-06-21 02:15: [Errno 2] No such file or directory: '/gws/ssde/j25b/swift/nflics_nowcasts/2019/06/21/0215/Nowcast_201906210215_000.nc'
Skipping 2019-06-21 02:30: [Errno 2] No such file or directory: '/gws/ssde/j25b/swift/nflics_nowcasts/2019/06/21/0230/Nowcast_201906210230_000.nc'
Skipping 2019-06-21 02:45: [Errno 2] No such file or directory: '/gws/ssde/j25b/swift/nflics_nowcasts/2019/06/21/0245/Nowcast_201906210245_000.nc'
Skipping 2019-06-23 02:00: [Errno 2] No such file or directory: '/gws/ssde/j25b/swift/nflics_nowcasts/2019/06/23/0200/Nowcast_201906230200_000.nc'
Skipping 2019-06-23 02:15: [Errno 2] No such file or directory: '/gws/ssde/j25b/swift/nflics_nowcasts/2019/06/23/0215/Nowcast_201906230215_000.nc'
Skipping 2019-06-23 02:30: [Errno 2] No such file or directory: '/gws/ssde/j25b/swift/nflics_nowcasts/2019/06/23/0230/Nowcast_201906230230_000.nc'
Skipping 2019-06-23 02:45: [Errno 2] No such file or directory: '/gws/ssde/j25b/swift/nflics_nowcasts/2019/06/23/0245/Nowcast_201906230245_000.nc'
Skipping 2019-06-27 02:00: [Errno 2] No such file or directory: '/gws/ssde/j25b/swift/nflics_nowcasts/2019/06/27/0200/Nowcast_201906270200_000.nc'
Skipping 2019-06-28 02:00: [Errno 2] No such file or directory: '/gws/ssde/j25b/swift/nflics_nowcasts/2019/06/28/0200/Nowcast_201906280200_000.nc'
Skipping 2019-06-28 02:15: [Errno 2] No such file or directory: '/gws/ssde/j25b/swift/nflics_nowcasts/2019/06/28/0215/Nowcast_201906280215_000.nc'
Skipping 2019-06-28 02:30: [Errno 2] No such file or directory: '/gws/ssde/j25b/swift/nflics_nowcasts/2019/06/28/0230/Nowcast_201906280230_000.nc'
Skipping 2019-06-28 02:45: [Errno 2] No such file or directory: '/gws/ssde/j25b/swift/nflics_nowcasts/2019/06/28/0245/Nowcast_201906280245_000.nc'
Skipping 2019-06-29 02:00: [Errno 2] No such file or directory: '/gws/ssde/j25b/swift/nflics_nowcasts/2019/06/29/0200/Nowcast_201906290200_000.nc'
Skipping 2019-06-29 02:15: [Errno 2] No such file or directory: '/gws/ssde/j25b/swift/nflics_nowcasts/2019/06/29/0215/Nowcast_201906290215_000.nc'
Skipping 2019-06-29 02:30: [Errno 2] No such file or directory: '/gws/ssde/j25b/swift/nflics_nowcasts/2019/06/29/0230/Nowcast_201906290230_000.nc'
Skipping 2019-06-29 02:45: [Errno 2] No such file or directory: '/gws/ssde/j25b/swift/nflics_nowcasts/2019/06/29/0245/Nowcast_201906290245_000.nc'
All ensemble nowcasts completed on CPU.
======================================================
 Job completed successfully at Sat 29 Nov 12:10:49 GMT 2025
======================================================
