======================================================
 Job started on host1085.jc.rl.ac.uk at Sat 29 Nov 12:11:36 GMT 2025
======================================================
Running ensemble nowcast inference:
 Lead time : 6
 Year      : 2019
 Month     : 07
 Hour      : 15
======================================================
Running on CPU with 8 threads
Loaded 5 ensemble models on CPU
Detected 105 inputs for 2019-07 15 UTC
Skipping 2019-07-01 15:00: [Errno 2] No such file or directory: '/gws/ssde/j25b/swift/nflics_nowcasts/2019/07/01/1500/Nowcast_201907011500_000.nc'
Skipping 2019-07-01 15:15: [Errno 2] No such file or directory: '/gws/ssde/j25b/swift/nflics_nowcasts/2019/07/01/1515/Nowcast_201907011515_000.nc'
Skipping 2019-07-01 15:30: [Errno 2] No such file or directory: '/gws/ssde/j25b/swift/nflics_nowcasts/2019/07/01/1530/Nowcast_201907011530_000.nc'
Skipping 2019-07-01 15:45: [Errno 2] No such file or directory: '/gws/ssde/j25b/swift/nflics_nowcasts/2019/07/01/1545/Nowcast_201907011545_000.nc'
Skipping 2019-07-02 15:00: [Errno 2] No such file or directory: '/gws/ssde/j25b/swift/nflics_nowcasts/2019/07/02/1500/Nowcast_201907021500_000.nc'
Skipping 2019-07-02 15:15: [Errno 2] No such file or directory: '/gws/ssde/j25b/swift/nflics_nowcasts/2019/07/02/1515/Nowcast_201907021515_000.nc'
Skipping 2019-07-02 15:30: [Errno 2] No such file or directory: '/gws/ssde/j25b/swift/nflics_nowcasts/2019/07/02/1530/Nowcast_201907021530_000.nc'
Skipping 2019-07-02 15:45: [Errno 2] No such file or directory: '/gws/ssde/j25b/swift/nflics_nowcasts/2019/07/02/1545/Nowcast_201907021545_000.nc'
Skipping 2019-07-03 15:45: [Errno 2] No such file or directory: '/gws/ssde/j25b/swift/nflics_nowcasts/2019/07/03/1545/Nowcast_201907031545_000.nc'
Skipping 2019-07-04 15:00: [Errno 2] No such file or directory: '/gws/ssde/j25b/swift/nflics_nowcasts/2019/07/04/1500/Nowcast_201907041500_000.nc'
Skipping 2019-07-04 15:15: [Errno 2] No such file or directory: '/gws/ssde/j25b/swift/nflics_nowcasts/2019/07/04/1515/Nowcast_201907041515_000.nc'
Skipping 2019-07-04 15:30: [Errno 2] No such file or directory: '/gws/ssde/j25b/swift/nflics_nowcasts/2019/07/04/1530/Nowcast_201907041530_000.nc'
Skipping 2019-07-04 15:45: [Errno 2] No such file or directory: '/gws/ssde/j25b/swift/nflics_nowcasts/2019/07/04/1545/Nowcast_201907041545_000.nc'
Skipping 2019-07-05 15:00: [Errno 2] No such file or directory: '/gws/ssde/j25b/swift/nflics_nowcasts/2019/07/05/1500/Nowcast_201907051500_000.nc'
Skipping 2019-07-05 15:15: [Errno 2] No such file or directory: '/gws/ssde/j25b/swift/nflics_nowcasts/2019/07/05/1515/Nowcast_201907051515_000.nc'
Skipping 2019-07-05 15:30: [Errno 2] No such file or directory: '/gws/ssde/j25b/swift/nflics_nowcasts/2019/07/05/1530/Nowcast_201907051530_000.nc'
Skipping 2019-07-05 15:45: [Errno 2] No such file or directory: '/gws/ssde/j25b/swift/nflics_nowcasts/2019/07/05/1545/Nowcast_201907051545_000.nc'
Skipping 2019-07-06 15:30: [Errno 2] No such file or directory: '/gws/ssde/j25b/swift/nflics_nowcasts/2019/07/06/1530/Nowcast_201907061530_000.nc'
Skipping 2019-07-06 15:45: [Errno 2] No such file or directory: '/gws/ssde/j25b/swift/nflics_nowcasts/2019/07/06/1545/Nowcast_201907061545_000.nc'
Skipping 2019-07-07 15:00: [Errno 2] No such file or directory: '/gws/ssde/j25b/swift/nflics_nowcasts/2019/07/07/1500/Nowcast_201907071500_000.nc'
Skipping 2019-07-07 15:15: [Errno 2] No such file or directory: '/gws/ssde/j25b/swift/nflics_nowcasts/2019/07/07/1515/Nowcast_201907071515_000.nc'
Skipping 2019-07-07 15:30: [Errno 2] No such file or directory: '/gws/ssde/j25b/swift/nflics_nowcasts/2019/07/07/1530/Nowcast_201907071530_000.nc'
Skipping 2019-07-07 15:45: [Errno 2] No such file or directory: '/gws/ssde/j25b/swift/nflics_nowcasts/2019/07/07/1545/Nowcast_201907071545_000.nc'
Skipping 2019-07-08 15:00: [Errno 2] No such file or directory: '/gws/ssde/j25b/swift/nflics_nowcasts/2019/07/08/1500/Nowcast_201907081500_000.nc'
Skipping 2019-07-08 15:15: [Errno 2] No such file or directory: '/gws/ssde/j25b/swift/nflics_nowcasts/2019/07/08/1515/Nowcast_201907081515_000.nc'
Skipping 2019-07-08 15:30: [Errno 2] No such file or directory: '/gws/ssde/j25b/swift/nflics_nowcasts/2019/07/08/1530/Nowcast_201907081530_000.nc'
Skipping 2019-07-08 15:45: [Errno 2] No such file or directory: '/gws/ssde/j25b/swift/nflics_nowcasts/2019/07/08/1545/Nowcast_201907081545_000.nc'
Skipping 2019-07-11 15:00: [Errno 2] No such file or directory: '/gws/ssde/j25b/swift/nflics_nowcasts/2019/07/11/1500/Nowcast_201907111500_000.nc'
Skipping 2019-07-11 15:15: [Errno 2] No such file or directory: '/gws/ssde/j25b/swift/nflics_nowcasts/2019/07/11/1515/Nowcast_201907111515_000.nc'
Skipping 2019-07-11 15:30: [Errno 2] No such file or directory: '/gws/ssde/j25b/swift/nflics_nowcasts/2019/07/11/1530/Nowcast_201907111530_000.nc'
Skipping 2019-07-11 15:45: [Errno 2] No such file or directory: '/gws/ssde/j25b/swift/nflics_nowcasts/2019/07/11/1545/Nowcast_201907111545_000.nc'
Skipping 2019-07-12 15:00: [Errno 2] No such file or directory: '/gws/ssde/j25b/swift/nflics_nowcasts/2019/07/12/1500/Nowcast_201907121500_000.nc'
Skipping 2019-07-12 15:15: [Errno 2] No such file or directory: '/gws/ssde/j25b/swift/nflics_nowcasts/2019/07/12/1515/Nowcast_201907121515_000.nc'
Skipping 2019-07-12 15:30: [Errno 2] No such file or directory: '/gws/ssde/j25b/swift/nflics_nowcasts/2019/07/12/1530/Nowcast_201907121530_000.nc'
Skipping 2019-07-12 15:45: [Errno 2] No such file or directory: '/gws/ssde/j25b/swift/nflics_nowcasts/2019/07/12/1545/Nowcast_201907121545_000.nc'
Skipping 2019-07-13 15:00: [Errno 2] No such file or directory: '/gws/ssde/j25b/swift/nflics_nowcasts/2019/07/13/1500/Nowcast_201907131500_000.nc'
Skipping 2019-07-13 15:15: [Errno 2] No such file or directory: '/gws/ssde/j25b/swift/nflics_nowcasts/2019/07/13/1515/Nowcast_201907131515_000.nc'
Skipping 2019-07-13 15:30: [Errno 2] No such file or directory: '/gws/ssde/j25b/swift/nflics_nowcasts/2019/07/13/1530/Nowcast_201907131530_000.nc'
Skipping 2019-07-13 15:45: [Errno 2] No such file or directory: '/gws/ssde/j25b/swift/nflics_nowcasts/2019/07/13/1545/Nowcast_201907131545_000.nc'
Skipping 2019-07-14 15:45: [Errno 2] No such file or directory: '/gws/ssde/j25b/swift/nflics_nowcasts/2019/07/14/1545/Nowcast_201907141545_000.nc'
Skipping 2019-07-15 15:00: [Errno 2] No such file or directory: '/gws/ssde/j25b/swift/nflics_nowcasts/2019/07/15/1500/Nowcast_201907151500_000.nc'
Skipping 2019-07-15 15:15: [Errno 2] No such file or directory: '/gws/ssde/j25b/swift/nflics_nowcasts/2019/07/15/1515/Nowcast_201907151515_000.nc'
Skipping 2019-07-15 15:30: [Errno 2] No such file or directory: '/gws/ssde/j25b/swift/nflics_nowcasts/2019/07/15/1530/Nowcast_201907151530_000.nc'
Skipping 2019-07-15 15:45: [Errno 2] No such file or directory: '/gws/ssde/j25b/swift/nflics_nowcasts/2019/07/15/1545/Nowcast_201907151545_000.nc'
Skipping 2019-07-16 15:15: [Errno 2] No such file or directory: '/gws/ssde/j25b/swift/nflics_nowcasts/2019/07/16/1515/Nowcast_201907161515_000.nc'
Skipping 2019-07-16 15:30: [Errno 2] No such file or directory: '/gws/ssde/j25b/swift/nflics_nowcasts/2019/07/16/1530/Nowcast_201907161530_000.nc'
Skipping 2019-07-16 15:45: [Errno 2] No such file or directory: '/gws/ssde/j25b/swift/nflics_nowcasts/2019/07/16/1545/Nowcast_201907161545_000.nc'
Skipping 2019-07-17 15:00: [Errno 2] No such file or directory: '/gws/ssde/j25b/swift/nflics_nowcasts/2019/07/17/1500/Nowcast_201907171500_000.nc'
Skipping 2019-07-17 15:15: [Errno 2] No such file or directory: '/gws/ssde/j25b/swift/nflics_nowcasts/2019/07/17/1515/Nowcast_201907171515_000.nc'
Skipping 2019-07-17 15:30: [Errno 2] No such file or directory: '/gws/ssde/j25b/swift/nflics_nowcasts/2019/07/17/1530/Nowcast_201907171530_000.nc'
Skipping 2019-07-17 15:45: [Errno 2] No such file or directory: '/gws/ssde/j25b/swift/nflics_nowcasts/2019/07/17/1545/Nowcast_201907171545_000.nc'
Skipping 2019-07-18 15:00: [Errno 2] No such file or directory: '/gws/ssde/j25b/swift/nflics_nowcasts/2019/07/18/1500/Nowcast_201907181500_000.nc'
Skipping 2019-07-18 15:15: [Errno 2] No such file or directory: '/gws/ssde/j25b/swift/nflics_nowcasts/2019/07/18/1515/Nowcast_201907181515_000.nc'
Skipping 2019-07-18 15:30: [Errno 2] No such file or directory: '/gws/ssde/j25b/swift/nflics_nowcasts/2019/07/18/1530/Nowcast_201907181530_000.nc'
Skipping 2019-07-18 15:45: [Errno 2] No such file or directory: '/gws/ssde/j25b/swift/nflics_nowcasts/2019/07/18/1545/Nowcast_201907181545_000.nc'
Skipping 2019-07-19 15:00: [Errno 2] No such file or directory: '/gws/ssde/j25b/swift/nflics_nowcasts/2019/07/19/1500/Nowcast_201907191500_000.nc'
Skipping 2019-07-19 15:15: [Errno 2] No such file or directory: '/gws/ssde/j25b/swift/nflics_nowcasts/2019/07/19/1515/Nowcast_201907191515_000.nc'
Skipping 2019-07-19 15:30: [Errno 2] No such file or directory: '/gws/ssde/j25b/swift/nflics_nowcasts/2019/07/19/1530/Nowcast_201907191530_000.nc'
Skipping 2019-07-19 15:45: [Errno 2] No such file or directory: '/gws/ssde/j25b/swift/nflics_nowcasts/2019/07/19/1545/Nowcast_201907191545_000.nc'
Skipping 2019-07-20 15:30: [Errno 2] No such file or directory: '/gws/ssde/j25b/swift/nflics_nowcasts/2019/07/20/1530/Nowcast_201907201530_000.nc'
Skipping 2019-07-20 15:45: [Errno 2] No such file or directory: '/gws/ssde/j25b/swift/nflics_nowcasts/2019/07/20/1545/Nowcast_201907201545_000.nc'
Skipping 2019-07-21 15:00: [Errno 2] No such file or directory: '/gws/ssde/j25b/swift/nflics_nowcasts/2019/07/21/1500/Nowcast_201907211500_000.nc'
Skipping 2019-07-21 15:15: [Errno 2] No such file or directory: '/gws/ssde/j25b/swift/nflics_nowcasts/2019/07/21/1515/Nowcast_201907211515_000.nc'
Skipping 2019-07-21 15:30: [Errno 2] No such file or directory: '/gws/ssde/j25b/swift/nflics_nowcasts/2019/07/21/1530/Nowcast_201907211530_000.nc'
Skipping 2019-07-21 15:45: [Errno 2] No such file or directory: '/gws/ssde/j25b/swift/nflics_nowcasts/2019/07/21/1545/Nowcast_201907211545_000.nc'
Skipping 2019-07-22 15:00: [Errno 2] No such file or directory: '/gws/ssde/j25b/swift/nflics_nowcasts/2019/07/22/1500/Nowcast_201907221500_000.nc'
Skipping 2019-07-22 15:15: [Errno 2] No such file or directory: '/gws/ssde/j25b/swift/nflics_nowcasts/2019/07/22/1515/Nowcast_201907221515_000.nc'
Skipping 2019-07-22 15:30: [Errno 2] No such file or directory: '/gws/ssde/j25b/swift/nflics_nowcasts/2019/07/22/1530/Nowcast_201907221530_000.nc'
Skipping 2019-07-22 15:45: [Errno 2] No such file or directory: '/gws/ssde/j25b/swift/nflics_nowcasts/2019/07/22/1545/Nowcast_201907221545_000.nc'
Skipping 2019-07-23 15:00: [Errno 2] No such file or directory: '/gws/ssde/j25b/swift/nflics_nowcasts/2019/07/23/1500/Nowcast_201907231500_000.nc'
Skipping 2019-07-23 15:15: [Errno 2] No such file or directory: '/gws/ssde/j25b/swift/nflics_nowcasts/2019/07/23/1515/Nowcast_201907231515_000.nc'
Skipping 2019-07-23 15:30: [Errno 2] No such file or directory: '/gws/ssde/j25b/swift/nflics_nowcasts/2019/07/23/1530/Nowcast_201907231530_000.nc'
Skipping 2019-07-23 15:45: [Errno 2] No such file or directory: '/gws/ssde/j25b/swift/nflics_nowcasts/2019/07/23/1545/Nowcast_201907231545_000.nc'
Skipping 2019-07-24 15:00: [Errno 2] No such file or directory: '/gws/ssde/j25b/swift/nflics_nowcasts/2019/07/24/1500/Nowcast_201907241500_000.nc'
Skipping 2019-07-24 15:15: [Errno 2] No such file or directory: '/gws/ssde/j25b/swift/nflics_nowcasts/2019/07/24/1515/Nowcast_201907241515_000.nc'
Skipping 2019-07-24 15:30: [Errno 2] No such file or directory: '/gws/ssde/j25b/swift/nflics_nowcasts/2019/07/24/1530/Nowcast_201907241530_000.nc'
Skipping 2019-07-24 15:45: [Errno 2] No such file or directory: '/gws/ssde/j25b/swift/nflics_nowcasts/2019/07/24/1545/Nowcast_201907241545_000.nc'
Skipping 2019-07-25 15:00: [Errno 2] No such file or directory: '/gws/ssde/j25b/swift/nflics_nowcasts/2019/07/25/1500/Nowcast_201907251500_000.nc'
Skipping 2019-07-25 15:15: [Errno 2] No such file or directory: '/gws/ssde/j25b/swift/nflics_nowcasts/2019/07/25/1515/Nowcast_201907251515_000.nc'
Skipping 2019-07-25 15:30: [Errno 2] No such file or directory: '/gws/ssde/j25b/swift/nflics_nowcasts/2019/07/25/1530/Nowcast_201907251530_000.nc'
Skipping 2019-07-25 15:45: [Errno 2] No such file or directory: '/gws/ssde/j25b/swift/nflics_nowcasts/2019/07/25/1545/Nowcast_201907251545_000.nc'
Skipping 2019-07-26 15:00: [Errno 2] No such file or directory: '/gws/ssde/j25b/swift/nflics_nowcasts/2019/07/26/1500/Nowcast_201907261500_000.nc'
Skipping 2019-07-26 15:15: [Errno 2] No such file or directory: '/gws/ssde/j25b/swift/nflics_nowcasts/2019/07/26/1515/Nowcast_201907261515_000.nc'
Skipping 2019-07-26 15:30: [Errno 2] No such file or directory: '/gws/ssde/j25b/swift/nflics_nowcasts/2019/07/26/1530/Nowcast_201907261530_000.nc'
Skipping 2019-07-26 15:45: [Errno 2] No such file or directory: '/gws/ssde/j25b/swift/nflics_nowcasts/2019/07/26/1545/Nowcast_201907261545_000.nc'
Skipping 2019-07-27 15:00: [Errno 2] No such file or directory: '/gws/ssde/j25b/swift/nflics_nowcasts/2019/07/27/1500/Nowcast_201907271500_000.nc'
Skipping 2019-07-27 15:15: [Errno 2] No such file or directory: '/gws/ssde/j25b/swift/nflics_nowcasts/2019/07/27/1515/Nowcast_201907271515_000.nc'
Skipping 2019-07-27 15:30: [Errno 2] No such file or directory: '/gws/ssde/j25b/swift/nflics_nowcasts/2019/07/27/1530/Nowcast_201907271530_000.nc'
Skipping 2019-07-27 15:45: [Errno 2] No such file or directory: '/gws/ssde/j25b/swift/nflics_nowcasts/2019/07/27/1545/Nowcast_201907271545_000.nc'
Skipping 2019-07-28 15:00: [Errno 2] No such file or directory: '/gws/ssde/j25b/swift/nflics_nowcasts/2019/07/28/1500/Nowcast_201907281500_000.nc'
Skipping 2019-07-28 15:15: [Errno 2] No such file or directory: '/gws/ssde/j25b/swift/nflics_nowcasts/2019/07/28/1515/Nowcast_201907281515_000.nc'
Skipping 2019-07-28 15:30: [Errno 2] No such file or directory: '/gws/ssde/j25b/swift/nflics_nowcasts/2019/07/28/1530/Nowcast_201907281530_000.nc'
Skipping 2019-07-28 15:45: [Errno 2] No such file or directory: '/gws/ssde/j25b/swift/nflics_nowcasts/2019/07/28/1545/Nowcast_201907281545_000.nc'
Skipping 2019-07-29 15:00: [Errno 2] No such file or directory: '/gws/ssde/j25b/swift/nflics_nowcasts/2019/07/29/1500/Nowcast_201907291500_000.nc'
Skipping 2019-07-29 15:15: [Errno 2] No such file or directory: '/gws/ssde/j25b/swift/nflics_nowcasts/2019/07/29/1515/Nowcast_201907291515_000.nc'
Skipping 2019-07-29 15:30: [Errno 2] No such file or directory: '/gws/ssde/j25b/swift/nflics_nowcasts/2019/07/29/1530/Nowcast_201907291530_000.nc'
Skipping 2019-07-29 15:45: [Errno 2] No such file or directory: '/gws/ssde/j25b/swift/nflics_nowcasts/2019/07/29/1545/Nowcast_201907291545_000.nc'
Skipping 2019-07-30 15:00: [Errno 2] No such file or directory: '/gws/ssde/j25b/swift/nflics_nowcasts/2019/07/30/1500/Nowcast_201907301500_000.nc'
Skipping 2019-07-30 15:15: [Errno 2] No such file or directory: '/gws/ssde/j25b/swift/nflics_nowcasts/2019/07/30/1515/Nowcast_201907301515_000.nc'
Skipping 2019-07-30 15:30: [Errno 2] No such file or directory: '/gws/ssde/j25b/swift/nflics_nowcasts/2019/07/30/1530/Nowcast_201907301530_000.nc'
Skipping 2019-07-30 15:45: [Errno 2] No such file or directory: '/gws/ssde/j25b/swift/nflics_nowcasts/2019/07/30/1545/Nowcast_201907301545_000.nc'
Skipping 2019-07-31 15:00: [Errno 2] No such file or directory: '/gws/ssde/j25b/swift/nflics_nowcasts/2019/07/31/1500/Nowcast_201907311500_000.nc'
Skipping 2019-07-31 15:15: [Errno 2] No such file or directory: '/gws/ssde/j25b/swift/nflics_nowcasts/2019/07/31/1515/Nowcast_201907311515_000.nc'
Skipping 2019-07-31 15:30: [Errno 2] No such file or directory: '/gws/ssde/j25b/swift/nflics_nowcasts/2019/07/31/1530/Nowcast_201907311530_000.nc'
Skipping 2019-07-31 15:45: [Errno 2] No such file or directory: '/gws/ssde/j25b/swift/nflics_nowcasts/2019/07/31/1545/Nowcast_201907311545_000.nc'
All ensemble nowcasts completed on CPU.
======================================================
 Job completed successfully at Sat 29 Nov 12:11:44 GMT 2025
======================================================
