======================================================
 Job started on host1086.jc.rl.ac.uk at Sat 29 Nov 12:12:17 GMT 2025
======================================================
Running ensemble nowcast inference:
 Lead time : 1
 Year      : 2019
 Month     : 08
 Hour      : 21
======================================================
Running on CPU with 8 threads
Loaded 5 ensemble models on CPU
Detected 94 inputs for 2019-08 21 UTC
Skipping 2019-08-01 21:00: [Errno 2] No such file or directory: '/gws/ssde/j25b/swift/nflics_nowcasts/2019/08/01/2100/Nowcast_201908012100_000.nc'
Skipping 2019-08-01 21:15: [Errno 2] No such file or directory: '/gws/ssde/j25b/swift/nflics_nowcasts/2019/08/01/2115/Nowcast_201908012115_000.nc'
Skipping 2019-08-01 21:30: [Errno 2] No such file or directory: '/gws/ssde/j25b/swift/nflics_nowcasts/2019/08/01/2130/Nowcast_201908012130_000.nc'
Skipping 2019-08-01 21:45: [Errno 2] No such file or directory: '/gws/ssde/j25b/swift/nflics_nowcasts/2019/08/01/2145/Nowcast_201908012145_000.nc'
Skipping 2019-08-02 21:00: [Errno 2] No such file or directory: '/gws/ssde/j25b/swift/nflics_nowcasts/2019/08/02/2100/Nowcast_201908022100_000.nc'
Skipping 2019-08-02 21:15: [Errno 2] No such file or directory: '/gws/ssde/j25b/swift/nflics_nowcasts/2019/08/02/2115/Nowcast_201908022115_000.nc'
Skipping 2019-08-02 21:30: [Errno 2] No such file or directory: '/gws/ssde/j25b/swift/nflics_nowcasts/2019/08/02/2130/Nowcast_201908022130_000.nc'
Skipping 2019-08-02 21:45: [Errno 2] No such file or directory: '/gws/ssde/j25b/swift/nflics_nowcasts/2019/08/02/2145/Nowcast_201908022145_000.nc'
Skipping 2019-08-03 21:00: [Errno 2] No such file or directory: '/gws/ssde/j25b/swift/nflics_nowcasts/2019/08/03/2100/Nowcast_201908032100_000.nc'
Skipping 2019-08-03 21:15: [Errno 2] No such file or directory: '/gws/ssde/j25b/swift/nflics_nowcasts/2019/08/03/2115/Nowcast_201908032115_000.nc'
Skipping 2019-08-03 21:30: [Errno 2] No such file or directory: '/gws/ssde/j25b/swift/nflics_nowcasts/2019/08/03/2130/Nowcast_201908032130_000.nc'
Skipping 2019-08-03 21:45: [Errno 2] No such file or directory: '/gws/ssde/j25b/swift/nflics_nowcasts/2019/08/03/2145/Nowcast_201908032145_000.nc'
Skipping 2019-08-05 21:00: [Errno 2] No such file or directory: '/gws/ssde/j25b/swift/nflics_nowcasts/2019/08/05/2100/Nowcast_201908052100_000.nc'
Skipping 2019-08-05 21:15: [Errno 2] No such file or directory: '/gws/ssde/j25b/swift/nflics_nowcasts/2019/08/05/2115/Nowcast_201908052115_000.nc'
Skipping 2019-08-05 21:30: [Errno 2] No such file or directory: '/gws/ssde/j25b/swift/nflics_nowcasts/2019/08/05/2130/Nowcast_201908052130_000.nc'
Skipping 2019-08-05 21:45: [Errno 2] No such file or directory: '/gws/ssde/j25b/swift/nflics_nowcasts/2019/08/05/2145/Nowcast_201908052145_000.nc'
Skipping 2019-08-06 21:00: [Errno 2] No such file or directory: '/gws/ssde/j25b/swift/nflics_nowcasts/2019/08/06/2100/Nowcast_201908062100_000.nc'
Skipping 2019-08-06 21:15: [Errno 2] No such file or directory: '/gws/ssde/j25b/swift/nflics_nowcasts/2019/08/06/2115/Nowcast_201908062115_000.nc'
Skipping 2019-08-06 21:30: [Errno 2] No such file or directory: '/gws/ssde/j25b/swift/nflics_nowcasts/2019/08/06/2130/Nowcast_201908062130_000.nc'
Skipping 2019-08-06 21:45: [Errno 2] No such file or directory: '/gws/ssde/j25b/swift/nflics_nowcasts/2019/08/06/2145/Nowcast_201908062145_000.nc'
Skipping 2019-08-10 21:00: [Errno 2] No such file or directory: '/gws/ssde/j25b/swift/nflics_nowcasts/2019/08/10/2100/Nowcast_201908102100_000.nc'
Skipping 2019-08-10 21:15: [Errno 2] No such file or directory: '/gws/ssde/j25b/swift/nflics_nowcasts/2019/08/10/2115/Nowcast_201908102115_000.nc'
Skipping 2019-08-10 21:30: [Errno 2] No such file or directory: '/gws/ssde/j25b/swift/nflics_nowcasts/2019/08/10/2130/Nowcast_201908102130_000.nc'
Skipping 2019-08-10 21:45: [Errno 2] No such file or directory: '/gws/ssde/j25b/swift/nflics_nowcasts/2019/08/10/2145/Nowcast_201908102145_000.nc'
Skipping 2019-08-11 21:15: [Errno 2] No such file or directory: '/gws/ssde/j25b/swift/nflics_nowcasts/2019/08/11/2115/Nowcast_201908112115_000.nc'
Skipping 2019-08-11 21:30: [Errno 2] No such file or directory: '/gws/ssde/j25b/swift/nflics_nowcasts/2019/08/11/2130/Nowcast_201908112130_000.nc'
Skipping 2019-08-13 21:00: [Errno 2] No such file or directory: '/gws/ssde/j25b/swift/nflics_nowcasts/2019/08/13/2100/Nowcast_201908132100_000.nc'
Skipping 2019-08-13 21:15: [Errno 2] No such file or directory: '/gws/ssde/j25b/swift/nflics_nowcasts/2019/08/13/2115/Nowcast_201908132115_000.nc'
Skipping 2019-08-13 21:30: [Errno 2] No such file or directory: '/gws/ssde/j25b/swift/nflics_nowcasts/2019/08/13/2130/Nowcast_201908132130_000.nc'
Skipping 2019-08-13 21:45: [Errno 2] No such file or directory: '/gws/ssde/j25b/swift/nflics_nowcasts/2019/08/13/2145/Nowcast_201908132145_000.nc'
Skipping 2019-08-14 21:00: [Errno 2] No such file or directory: '/gws/ssde/j25b/swift/nflics_nowcasts/2019/08/14/2100/Nowcast_201908142100_000.nc'
Skipping 2019-08-14 21:15: [Errno 2] No such file or directory: '/gws/ssde/j25b/swift/nflics_nowcasts/2019/08/14/2115/Nowcast_201908142115_000.nc'
Skipping 2019-08-14 21:30: [Errno 2] No such file or directory: '/gws/ssde/j25b/swift/nflics_nowcasts/2019/08/14/2130/Nowcast_201908142130_000.nc'
Skipping 2019-08-14 21:45: [Errno 2] No such file or directory: '/gws/ssde/j25b/swift/nflics_nowcasts/2019/08/14/2145/Nowcast_201908142145_000.nc'
Skipping 2019-08-15 21:00: [Errno 2] No such file or directory: '/gws/ssde/j25b/swift/nflics_nowcasts/2019/08/15/2100/Nowcast_201908152100_000.nc'
Skipping 2019-08-15 21:15: [Errno 2] No such file or directory: '/gws/ssde/j25b/swift/nflics_nowcasts/2019/08/15/2115/Nowcast_201908152115_000.nc'
Skipping 2019-08-15 21:30: [Errno 2] No such file or directory: '/gws/ssde/j25b/swift/nflics_nowcasts/2019/08/15/2130/Nowcast_201908152130_000.nc'
Skipping 2019-08-15 21:45: [Errno 2] No such file or directory: '/gws/ssde/j25b/swift/nflics_nowcasts/2019/08/15/2145/Nowcast_201908152145_000.nc'
Skipping 2019-08-16 21:00: [Errno 2] No such file or directory: '/gws/ssde/j25b/swift/nflics_nowcasts/2019/08/16/2100/Nowcast_201908162100_000.nc'
Skipping 2019-08-16 21:15: [Errno 2] No such file or directory: '/gws/ssde/j25b/swift/nflics_nowcasts/2019/08/16/2115/Nowcast_201908162115_000.nc'
Skipping 2019-08-16 21:30: [Errno 2] No such file or directory: '/gws/ssde/j25b/swift/nflics_nowcasts/2019/08/16/2130/Nowcast_201908162130_000.nc'
Skipping 2019-08-16 21:45: [Errno 2] No such file or directory: '/gws/ssde/j25b/swift/nflics_nowcasts/2019/08/16/2145/Nowcast_201908162145_000.nc'
Skipping 2019-08-17 21:00: [Errno 2] No such file or directory: '/gws/ssde/j25b/swift/nflics_nowcasts/2019/08/17/2100/Nowcast_201908172100_000.nc'
Skipping 2019-08-17 21:15: [Errno 2] No such file or directory: '/gws/ssde/j25b/swift/nflics_nowcasts/2019/08/17/2115/Nowcast_201908172115_000.nc'
Skipping 2019-08-17 21:30: [Errno 2] No such file or directory: '/gws/ssde/j25b/swift/nflics_nowcasts/2019/08/17/2130/Nowcast_201908172130_000.nc'
Skipping 2019-08-17 21:45: [Errno 2] No such file or directory: '/gws/ssde/j25b/swift/nflics_nowcasts/2019/08/17/2145/Nowcast_201908172145_000.nc'
Skipping 2019-08-18 21:00: [Errno 2] No such file or directory: '/gws/ssde/j25b/swift/nflics_nowcasts/2019/08/18/2100/Nowcast_201908182100_000.nc'
Skipping 2019-08-18 21:15: [Errno 2] No such file or directory: '/gws/ssde/j25b/swift/nflics_nowcasts/2019/08/18/2115/Nowcast_201908182115_000.nc'
Skipping 2019-08-18 21:30: [Errno 2] No such file or directory: '/gws/ssde/j25b/swift/nflics_nowcasts/2019/08/18/2130/Nowcast_201908182130_000.nc'
Skipping 2019-08-18 21:45: [Errno 2] No such file or directory: '/gws/ssde/j25b/swift/nflics_nowcasts/2019/08/18/2145/Nowcast_201908182145_000.nc'
Skipping 2019-08-19 21:00: [Errno 2] No such file or directory: '/gws/ssde/j25b/swift/nflics_nowcasts/2019/08/19/2100/Nowcast_201908192100_000.nc'
Skipping 2019-08-19 21:15: [Errno 2] No such file or directory: '/gws/ssde/j25b/swift/nflics_nowcasts/2019/08/19/2115/Nowcast_201908192115_000.nc'
Skipping 2019-08-19 21:30: [Errno 2] No such file or directory: '/gws/ssde/j25b/swift/nflics_nowcasts/2019/08/19/2130/Nowcast_201908192130_000.nc'
Skipping 2019-08-19 21:45: [Errno 2] No such file or directory: '/gws/ssde/j25b/swift/nflics_nowcasts/2019/08/19/2145/Nowcast_201908192145_000.nc'
Skipping 2019-08-20 21:00: [Errno 2] No such file or directory: '/gws/ssde/j25b/swift/nflics_nowcasts/2019/08/20/2100/Nowcast_201908202100_000.nc'
Skipping 2019-08-20 21:15: [Errno 2] No such file or directory: '/gws/ssde/j25b/swift/nflics_nowcasts/2019/08/20/2115/Nowcast_201908202115_000.nc'
Skipping 2019-08-20 21:30: [Errno 2] No such file or directory: '/gws/ssde/j25b/swift/nflics_nowcasts/2019/08/20/2130/Nowcast_201908202130_000.nc'
Skipping 2019-08-20 21:45: [Errno 2] No such file or directory: '/gws/ssde/j25b/swift/nflics_nowcasts/2019/08/20/2145/Nowcast_201908202145_000.nc'
Skipping 2019-08-21 21:00: [Errno 2] No such file or directory: '/gws/ssde/j25b/swift/nflics_nowcasts/2019/08/21/2100/Nowcast_201908212100_000.nc'
Skipping 2019-08-21 21:15: [Errno 2] No such file or directory: '/gws/ssde/j25b/swift/nflics_nowcasts/2019/08/21/2115/Nowcast_201908212115_000.nc'
Skipping 2019-08-21 21:30: [Errno 2] No such file or directory: '/gws/ssde/j25b/swift/nflics_nowcasts/2019/08/21/2130/Nowcast_201908212130_000.nc'
Skipping 2019-08-21 21:45: [Errno 2] No such file or directory: '/gws/ssde/j25b/swift/nflics_nowcasts/2019/08/21/2145/Nowcast_201908212145_000.nc'
Skipping 2019-08-23 21:00: [Errno 2] No such file or directory: '/gws/ssde/j25b/swift/nflics_nowcasts/2019/08/23/2100/Nowcast_201908232100_000.nc'
Skipping 2019-08-23 21:15: [Errno 2] No such file or directory: '/gws/ssde/j25b/swift/nflics_nowcasts/2019/08/23/2115/Nowcast_201908232115_000.nc'
Skipping 2019-08-23 21:30: [Errno 2] No such file or directory: '/gws/ssde/j25b/swift/nflics_nowcasts/2019/08/23/2130/Nowcast_201908232130_000.nc'
Skipping 2019-08-23 21:45: [Errno 2] No such file or directory: '/gws/ssde/j25b/swift/nflics_nowcasts/2019/08/23/2145/Nowcast_201908232145_000.nc'
Skipping 2019-08-24 21:00: [Errno 2] No such file or directory: '/gws/ssde/j25b/swift/nflics_nowcasts/2019/08/24/2100/Nowcast_201908242100_000.nc'
Skipping 2019-08-24 21:15: [Errno 2] No such file or directory: '/gws/ssde/j25b/swift/nflics_nowcasts/2019/08/24/2115/Nowcast_201908242115_000.nc'
Skipping 2019-08-24 21:30: [Errno 2] No such file or directory: '/gws/ssde/j25b/swift/nflics_nowcasts/2019/08/24/2130/Nowcast_201908242130_000.nc'
Skipping 2019-08-24 21:45: [Errno 2] No such file or directory: '/gws/ssde/j25b/swift/nflics_nowcasts/2019/08/24/2145/Nowcast_201908242145_000.nc'
Skipping 2019-08-26 21:00: [Errno 2] No such file or directory: '/gws/ssde/j25b/swift/nflics_nowcasts/2019/08/26/2100/Nowcast_201908262100_000.nc'
Skipping 2019-08-26 21:15: [Errno 2] No such file or directory: '/gws/ssde/j25b/swift/nflics_nowcasts/2019/08/26/2115/Nowcast_201908262115_000.nc'
Skipping 2019-08-26 21:30: [Errno 2] No such file or directory: '/gws/ssde/j25b/swift/nflics_nowcasts/2019/08/26/2130/Nowcast_201908262130_000.nc'
Skipping 2019-08-26 21:45: [Errno 2] No such file or directory: '/gws/ssde/j25b/swift/nflics_nowcasts/2019/08/26/2145/Nowcast_201908262145_000.nc'
Skipping 2019-08-27 21:00: [Errno 2] No such file or directory: '/gws/ssde/j25b/swift/nflics_nowcasts/2019/08/27/2100/Nowcast_201908272100_000.nc'
Skipping 2019-08-27 21:15: [Errno 2] No such file or directory: '/gws/ssde/j25b/swift/nflics_nowcasts/2019/08/27/2115/Nowcast_201908272115_000.nc'
Skipping 2019-08-27 21:30: [Errno 2] No such file or directory: '/gws/ssde/j25b/swift/nflics_nowcasts/2019/08/27/2130/Nowcast_201908272130_000.nc'
Skipping 2019-08-27 21:45: [Errno 2] No such file or directory: '/gws/ssde/j25b/swift/nflics_nowcasts/2019/08/27/2145/Nowcast_201908272145_000.nc'
Skipping 2019-08-28 21:00: [Errno 2] No such file or directory: '/gws/ssde/j25b/swift/nflics_nowcasts/2019/08/28/2100/Nowcast_201908282100_000.nc'
Skipping 2019-08-28 21:15: [Errno 2] No such file or directory: '/gws/ssde/j25b/swift/nflics_nowcasts/2019/08/28/2115/Nowcast_201908282115_000.nc'
Skipping 2019-08-28 21:30: [Errno 2] No such file or directory: '/gws/ssde/j25b/swift/nflics_nowcasts/2019/08/28/2130/Nowcast_201908282130_000.nc'
Skipping 2019-08-28 21:45: [Errno 2] No such file or directory: '/gws/ssde/j25b/swift/nflics_nowcasts/2019/08/28/2145/Nowcast_201908282145_000.nc'
Skipping 2019-08-29 21:00: [Errno 2] No such file or directory: '/gws/ssde/j25b/swift/nflics_nowcasts/2019/08/29/2100/Nowcast_201908292100_000.nc'
Skipping 2019-08-29 21:15: [Errno 2] No such file or directory: '/gws/ssde/j25b/swift/nflics_nowcasts/2019/08/29/2115/Nowcast_201908292115_000.nc'
Skipping 2019-08-29 21:30: [Errno 2] No such file or directory: '/gws/ssde/j25b/swift/nflics_nowcasts/2019/08/29/2130/Nowcast_201908292130_000.nc'
Skipping 2019-08-29 21:45: [Errno 2] No such file or directory: '/gws/ssde/j25b/swift/nflics_nowcasts/2019/08/29/2145/Nowcast_201908292145_000.nc'
Skipping 2019-08-30 21:00: [Errno 2] No such file or directory: '/gws/ssde/j25b/swift/nflics_nowcasts/2019/08/30/2100/Nowcast_201908302100_000.nc'
Skipping 2019-08-30 21:15: [Errno 2] No such file or directory: '/gws/ssde/j25b/swift/nflics_nowcasts/2019/08/30/2115/Nowcast_201908302115_000.nc'
Skipping 2019-08-30 21:30: [Errno 2] No such file or directory: '/gws/ssde/j25b/swift/nflics_nowcasts/2019/08/30/2130/Nowcast_201908302130_000.nc'
Skipping 2019-08-30 21:45: [Errno 2] No such file or directory: '/gws/ssde/j25b/swift/nflics_nowcasts/2019/08/30/2145/Nowcast_201908302145_000.nc'
Skipping 2019-08-31 21:00: [Errno 2] No such file or directory: '/gws/ssde/j25b/swift/nflics_nowcasts/2019/08/31/2100/Nowcast_201908312100_000.nc'
Skipping 2019-08-31 21:15: [Errno 2] No such file or directory: '/gws/ssde/j25b/swift/nflics_nowcasts/2019/08/31/2115/Nowcast_201908312115_000.nc'
Skipping 2019-08-31 21:30: [Errno 2] No such file or directory: '/gws/ssde/j25b/swift/nflics_nowcasts/2019/08/31/2130/Nowcast_201908312130_000.nc'
Skipping 2019-08-31 21:45: [Errno 2] No such file or directory: '/gws/ssde/j25b/swift/nflics_nowcasts/2019/08/31/2145/Nowcast_201908312145_000.nc'
All ensemble nowcasts completed on CPU.
======================================================
 Job completed successfully at Sat 29 Nov 12:12:27 GMT 2025
======================================================
