======================================================
 Job started on host1081.jc.rl.ac.uk at Sat 29 Nov 12:11:36 GMT 2025
======================================================
Running ensemble nowcast inference:
 Lead time : 3
 Year      : 2019
 Month     : 07
 Hour      : 11
======================================================
Running on CPU with 8 threads
Loaded 5 ensemble models on CPU
Detected 53 inputs for 2019-07 11 UTC
Skipping 2019-07-02 11:00: [Errno 2] No such file or directory: '/gws/ssde/j25b/swift/nflics_nowcasts/2019/07/02/1100/Nowcast_201907021100_000.nc'
Skipping 2019-07-02 11:15: [Errno 2] No such file or directory: '/gws/ssde/j25b/swift/nflics_nowcasts/2019/07/02/1115/Nowcast_201907021115_000.nc'
Skipping 2019-07-02 11:30: [Errno 2] No such file or directory: '/gws/ssde/j25b/swift/nflics_nowcasts/2019/07/02/1130/Nowcast_201907021130_000.nc'
Skipping 2019-07-02 11:45: [Errno 2] No such file or directory: '/gws/ssde/j25b/swift/nflics_nowcasts/2019/07/02/1145/Nowcast_201907021145_000.nc'
Skipping 2019-07-04 11:30: [Errno 2] No such file or directory: '/gws/ssde/j25b/swift/nflics_nowcasts/2019/07/04/1130/Nowcast_201907041130_000.nc'
Skipping 2019-07-05 11:00: [Errno 2] No such file or directory: '/gws/ssde/j25b/swift/nflics_nowcasts/2019/07/05/1100/Nowcast_201907051100_000.nc'
Skipping 2019-07-05 11:15: [Errno 2] No such file or directory: '/gws/ssde/j25b/swift/nflics_nowcasts/2019/07/05/1115/Nowcast_201907051115_000.nc'
Skipping 2019-07-05 11:30: [Errno 2] No such file or directory: '/gws/ssde/j25b/swift/nflics_nowcasts/2019/07/05/1130/Nowcast_201907051130_000.nc'
Skipping 2019-07-05 11:45: [Errno 2] No such file or directory: '/gws/ssde/j25b/swift/nflics_nowcasts/2019/07/05/1145/Nowcast_201907051145_000.nc'
Skipping 2019-07-07 11:00: [Errno 2] No such file or directory: '/gws/ssde/j25b/swift/nflics_nowcasts/2019/07/07/1100/Nowcast_201907071100_000.nc'
Skipping 2019-07-07 11:15: [Errno 2] No such file or directory: '/gws/ssde/j25b/swift/nflics_nowcasts/2019/07/07/1115/Nowcast_201907071115_000.nc'
Skipping 2019-07-07 11:30: [Errno 2] No such file or directory: '/gws/ssde/j25b/swift/nflics_nowcasts/2019/07/07/1130/Nowcast_201907071130_000.nc'
Skipping 2019-07-07 11:45: [Errno 2] No such file or directory: '/gws/ssde/j25b/swift/nflics_nowcasts/2019/07/07/1145/Nowcast_201907071145_000.nc'
Skipping 2019-07-08 11:00: [Errno 2] No such file or directory: '/gws/ssde/j25b/swift/nflics_nowcasts/2019/07/08/1100/Nowcast_201907081100_000.nc'
Skipping 2019-07-08 11:15: [Errno 2] No such file or directory: '/gws/ssde/j25b/swift/nflics_nowcasts/2019/07/08/1115/Nowcast_201907081115_000.nc'
Skipping 2019-07-08 11:30: [Errno 2] No such file or directory: '/gws/ssde/j25b/swift/nflics_nowcasts/2019/07/08/1130/Nowcast_201907081130_000.nc'
Skipping 2019-07-12 11:30: [Errno 2] No such file or directory: '/gws/ssde/j25b/swift/nflics_nowcasts/2019/07/12/1130/Nowcast_201907121130_000.nc'
Skipping 2019-07-12 11:45: [Errno 2] No such file or directory: '/gws/ssde/j25b/swift/nflics_nowcasts/2019/07/12/1145/Nowcast_201907121145_000.nc'
Skipping 2019-07-13 11:00: [Errno 2] No such file or directory: '/gws/ssde/j25b/swift/nflics_nowcasts/2019/07/13/1100/Nowcast_201907131100_000.nc'
Skipping 2019-07-13 11:15: [Errno 2] No such file or directory: '/gws/ssde/j25b/swift/nflics_nowcasts/2019/07/13/1115/Nowcast_201907131115_000.nc'
Skipping 2019-07-13 11:30: [Errno 2] No such file or directory: '/gws/ssde/j25b/swift/nflics_nowcasts/2019/07/13/1130/Nowcast_201907131130_000.nc'
Skipping 2019-07-15 11:00: [Errno 2] No such file or directory: '/gws/ssde/j25b/swift/nflics_nowcasts/2019/07/15/1100/Nowcast_201907151100_000.nc'
Skipping 2019-07-15 11:15: [Errno 2] No such file or directory: '/gws/ssde/j25b/swift/nflics_nowcasts/2019/07/15/1115/Nowcast_201907151115_000.nc'
Skipping 2019-07-15 11:45: [Errno 2] No such file or directory: '/gws/ssde/j25b/swift/nflics_nowcasts/2019/07/15/1145/Nowcast_201907151145_000.nc'
Skipping 2019-07-16 11:00: [Errno 2] No such file or directory: '/gws/ssde/j25b/swift/nflics_nowcasts/2019/07/16/1100/Nowcast_201907161100_000.nc'
Skipping 2019-07-16 11:15: [Errno 2] No such file or directory: '/gws/ssde/j25b/swift/nflics_nowcasts/2019/07/16/1115/Nowcast_201907161115_000.nc'
Skipping 2019-07-16 11:30: [Errno 2] No such file or directory: '/gws/ssde/j25b/swift/nflics_nowcasts/2019/07/16/1130/Nowcast_201907161130_000.nc'
Skipping 2019-07-16 11:45: [Errno 2] No such file or directory: '/gws/ssde/j25b/swift/nflics_nowcasts/2019/07/16/1145/Nowcast_201907161145_000.nc'
Skipping 2019-07-17 11:15: [Errno 2] No such file or directory: '/gws/ssde/j25b/swift/nflics_nowcasts/2019/07/17/1115/Nowcast_201907171115_000.nc'
Skipping 2019-07-17 11:30: [Errno 2] No such file or directory: '/gws/ssde/j25b/swift/nflics_nowcasts/2019/07/17/1130/Nowcast_201907171130_000.nc'
Skipping 2019-07-17 11:45: [Errno 2] No such file or directory: '/gws/ssde/j25b/swift/nflics_nowcasts/2019/07/17/1145/Nowcast_201907171145_000.nc'
Skipping 2019-07-19 11:30: [Errno 2] No such file or directory: '/gws/ssde/j25b/swift/nflics_nowcasts/2019/07/19/1130/Nowcast_201907191130_000.nc'
Skipping 2019-07-19 11:45: [Errno 2] No such file or directory: '/gws/ssde/j25b/swift/nflics_nowcasts/2019/07/19/1145/Nowcast_201907191145_000.nc'
Skipping 2019-07-23 11:00: [Errno 2] No such file or directory: '/gws/ssde/j25b/swift/nflics_nowcasts/2019/07/23/1100/Nowcast_201907231100_000.nc'
Skipping 2019-07-23 11:15: [Errno 2] No such file or directory: '/gws/ssde/j25b/swift/nflics_nowcasts/2019/07/23/1115/Nowcast_201907231115_000.nc'
Skipping 2019-07-23 11:30: [Errno 2] No such file or directory: '/gws/ssde/j25b/swift/nflics_nowcasts/2019/07/23/1130/Nowcast_201907231130_000.nc'
Skipping 2019-07-23 11:45: [Errno 2] No such file or directory: '/gws/ssde/j25b/swift/nflics_nowcasts/2019/07/23/1145/Nowcast_201907231145_000.nc'
Skipping 2019-07-26 11:00: [Errno 2] No such file or directory: '/gws/ssde/j25b/swift/nflics_nowcasts/2019/07/26/1100/Nowcast_201907261100_000.nc'
Skipping 2019-07-26 11:15: [Errno 2] No such file or directory: '/gws/ssde/j25b/swift/nflics_nowcasts/2019/07/26/1115/Nowcast_201907261115_000.nc'
Skipping 2019-07-26 11:30: [Errno 2] No such file or directory: '/gws/ssde/j25b/swift/nflics_nowcasts/2019/07/26/1130/Nowcast_201907261130_000.nc'
Skipping 2019-07-26 11:45: [Errno 2] No such file or directory: '/gws/ssde/j25b/swift/nflics_nowcasts/2019/07/26/1145/Nowcast_201907261145_000.nc'
Skipping 2019-07-27 11:15: [Errno 2] No such file or directory: '/gws/ssde/j25b/swift/nflics_nowcasts/2019/07/27/1115/Nowcast_201907271115_000.nc'
Skipping 2019-07-27 11:30: [Errno 2] No such file or directory: '/gws/ssde/j25b/swift/nflics_nowcasts/2019/07/27/1130/Nowcast_201907271130_000.nc'
Skipping 2019-07-27 11:45: [Errno 2] No such file or directory: '/gws/ssde/j25b/swift/nflics_nowcasts/2019/07/27/1145/Nowcast_201907271145_000.nc'
Skipping 2019-07-28 11:00: [Errno 2] No such file or directory: '/gws/ssde/j25b/swift/nflics_nowcasts/2019/07/28/1100/Nowcast_201907281100_000.nc'
Skipping 2019-07-28 11:15: [Errno 2] No such file or directory: '/gws/ssde/j25b/swift/nflics_nowcasts/2019/07/28/1115/Nowcast_201907281115_000.nc'
Skipping 2019-07-28 11:30: [Errno 2] No such file or directory: '/gws/ssde/j25b/swift/nflics_nowcasts/2019/07/28/1130/Nowcast_201907281130_000.nc'
Skipping 2019-07-28 11:45: [Errno 2] No such file or directory: '/gws/ssde/j25b/swift/nflics_nowcasts/2019/07/28/1145/Nowcast_201907281145_000.nc'
Skipping 2019-07-30 11:15: [Errno 2] No such file or directory: '/gws/ssde/j25b/swift/nflics_nowcasts/2019/07/30/1115/Nowcast_201907301115_000.nc'
Skipping 2019-07-31 11:00: [Errno 2] No such file or directory: '/gws/ssde/j25b/swift/nflics_nowcasts/2019/07/31/1100/Nowcast_201907311100_000.nc'
Skipping 2019-07-31 11:15: [Errno 2] No such file or directory: '/gws/ssde/j25b/swift/nflics_nowcasts/2019/07/31/1115/Nowcast_201907311115_000.nc'
Skipping 2019-07-31 11:30: [Errno 2] No such file or directory: '/gws/ssde/j25b/swift/nflics_nowcasts/2019/07/31/1130/Nowcast_201907311130_000.nc'
Skipping 2019-07-31 11:45: [Errno 2] No such file or directory: '/gws/ssde/j25b/swift/nflics_nowcasts/2019/07/31/1145/Nowcast_201907311145_000.nc'
All ensemble nowcasts completed on CPU.
======================================================
 Job completed successfully at Sat 29 Nov 12:11:43 GMT 2025
======================================================
