======================================================
 Job started on host1085.jc.rl.ac.uk at Sat 29 Nov 12:10:55 GMT 2025
======================================================
Running ensemble nowcast inference:
 Lead time : 1
 Year      : 2019
 Month     : 06
 Hour      : 16
======================================================
Running on CPU with 8 threads
Loaded 5 ensemble models on CPU
Detected 101 inputs for 2019-06 16 UTC
Skipping 2019-06-01 16:00: [Errno 2] No such file or directory: '/gws/ssde/j25b/swift/nflics_nowcasts/2019/06/01/1600/Nowcast_201906011600_000.nc'
Skipping 2019-06-01 16:15: [Errno 2] No such file or directory: '/gws/ssde/j25b/swift/nflics_nowcasts/2019/06/01/1615/Nowcast_201906011615_000.nc'
Skipping 2019-06-01 16:30: [Errno 2] No such file or directory: '/gws/ssde/j25b/swift/nflics_nowcasts/2019/06/01/1630/Nowcast_201906011630_000.nc'
Skipping 2019-06-01 16:45: [Errno 2] No such file or directory: '/gws/ssde/j25b/swift/nflics_nowcasts/2019/06/01/1645/Nowcast_201906011645_000.nc'
Skipping 2019-06-02 16:00: [Errno 2] No such file or directory: '/gws/ssde/j25b/swift/nflics_nowcasts/2019/06/02/1600/Nowcast_201906021600_000.nc'
Skipping 2019-06-02 16:15: [Errno 2] No such file or directory: '/gws/ssde/j25b/swift/nflics_nowcasts/2019/06/02/1615/Nowcast_201906021615_000.nc'
Skipping 2019-06-02 16:30: [Errno 2] No such file or directory: '/gws/ssde/j25b/swift/nflics_nowcasts/2019/06/02/1630/Nowcast_201906021630_000.nc'
Skipping 2019-06-02 16:45: [Errno 2] No such file or directory: '/gws/ssde/j25b/swift/nflics_nowcasts/2019/06/02/1645/Nowcast_201906021645_000.nc'
Skipping 2019-06-03 16:00: [Errno 2] No such file or directory: '/gws/ssde/j25b/swift/nflics_nowcasts/2019/06/03/1600/Nowcast_201906031600_000.nc'
Skipping 2019-06-03 16:15: [Errno 2] No such file or directory: '/gws/ssde/j25b/swift/nflics_nowcasts/2019/06/03/1615/Nowcast_201906031615_000.nc'
Skipping 2019-06-03 16:30: [Errno 2] No such file or directory: '/gws/ssde/j25b/swift/nflics_nowcasts/2019/06/03/1630/Nowcast_201906031630_000.nc'
Skipping 2019-06-03 16:45: [Errno 2] No such file or directory: '/gws/ssde/j25b/swift/nflics_nowcasts/2019/06/03/1645/Nowcast_201906031645_000.nc'
Skipping 2019-06-04 16:00: [Errno 2] No such file or directory: '/gws/ssde/j25b/swift/nflics_nowcasts/2019/06/04/1600/Nowcast_201906041600_000.nc'
Skipping 2019-06-04 16:15: [Errno 2] No such file or directory: '/gws/ssde/j25b/swift/nflics_nowcasts/2019/06/04/1615/Nowcast_201906041615_000.nc'
Skipping 2019-06-04 16:30: [Errno 2] No such file or directory: '/gws/ssde/j25b/swift/nflics_nowcasts/2019/06/04/1630/Nowcast_201906041630_000.nc'
Skipping 2019-06-04 16:45: [Errno 2] No such file or directory: '/gws/ssde/j25b/swift/nflics_nowcasts/2019/06/04/1645/Nowcast_201906041645_000.nc'
Skipping 2019-06-05 16:00: [Errno 2] No such file or directory: '/gws/ssde/j25b/swift/nflics_nowcasts/2019/06/05/1600/Nowcast_201906051600_000.nc'
Skipping 2019-06-05 16:15: [Errno 2] No such file or directory: '/gws/ssde/j25b/swift/nflics_nowcasts/2019/06/05/1615/Nowcast_201906051615_000.nc'
Skipping 2019-06-05 16:30: [Errno 2] No such file or directory: '/gws/ssde/j25b/swift/nflics_nowcasts/2019/06/05/1630/Nowcast_201906051630_000.nc'
Skipping 2019-06-05 16:45: [Errno 2] No such file or directory: '/gws/ssde/j25b/swift/nflics_nowcasts/2019/06/05/1645/Nowcast_201906051645_000.nc'
Skipping 2019-06-06 16:00: [Errno 2] No such file or directory: '/gws/ssde/j25b/swift/nflics_nowcasts/2019/06/06/1600/Nowcast_201906061600_000.nc'
Skipping 2019-06-06 16:15: [Errno 2] No such file or directory: '/gws/ssde/j25b/swift/nflics_nowcasts/2019/06/06/1615/Nowcast_201906061615_000.nc'
Skipping 2019-06-06 16:30: [Errno 2] No such file or directory: '/gws/ssde/j25b/swift/nflics_nowcasts/2019/06/06/1630/Nowcast_201906061630_000.nc'
Skipping 2019-06-06 16:45: [Errno 2] No such file or directory: '/gws/ssde/j25b/swift/nflics_nowcasts/2019/06/06/1645/Nowcast_201906061645_000.nc'
Skipping 2019-06-07 16:00: [Errno 2] No such file or directory: '/gws/ssde/j25b/swift/nflics_nowcasts/2019/06/07/1600/Nowcast_201906071600_000.nc'
Skipping 2019-06-07 16:15: [Errno 2] No such file or directory: '/gws/ssde/j25b/swift/nflics_nowcasts/2019/06/07/1615/Nowcast_201906071615_000.nc'
Skipping 2019-06-07 16:30: [Errno 2] No such file or directory: '/gws/ssde/j25b/swift/nflics_nowcasts/2019/06/07/1630/Nowcast_201906071630_000.nc'
Skipping 2019-06-07 16:45: [Errno 2] No such file or directory: '/gws/ssde/j25b/swift/nflics_nowcasts/2019/06/07/1645/Nowcast_201906071645_000.nc'
Skipping 2019-06-09 16:00: [Errno 2] No such file or directory: '/gws/ssde/j25b/swift/nflics_nowcasts/2019/06/09/1600/Nowcast_201906091600_000.nc'
Skipping 2019-06-09 16:15: [Errno 2] No such file or directory: '/gws/ssde/j25b/swift/nflics_nowcasts/2019/06/09/1615/Nowcast_201906091615_000.nc'
Skipping 2019-06-09 16:30: [Errno 2] No such file or directory: '/gws/ssde/j25b/swift/nflics_nowcasts/2019/06/09/1630/Nowcast_201906091630_000.nc'
Skipping 2019-06-09 16:45: [Errno 2] No such file or directory: '/gws/ssde/j25b/swift/nflics_nowcasts/2019/06/09/1645/Nowcast_201906091645_000.nc'
Skipping 2019-06-10 16:00: [Errno 2] No such file or directory: '/gws/ssde/j25b/swift/nflics_nowcasts/2019/06/10/1600/Nowcast_201906101600_000.nc'
Skipping 2019-06-10 16:15: [Errno 2] No such file or directory: '/gws/ssde/j25b/swift/nflics_nowcasts/2019/06/10/1615/Nowcast_201906101615_000.nc'
Skipping 2019-06-10 16:30: [Errno 2] No such file or directory: '/gws/ssde/j25b/swift/nflics_nowcasts/2019/06/10/1630/Nowcast_201906101630_000.nc'
Skipping 2019-06-10 16:45: [Errno 2] No such file or directory: '/gws/ssde/j25b/swift/nflics_nowcasts/2019/06/10/1645/Nowcast_201906101645_000.nc'
Skipping 2019-06-11 16:00: [Errno 2] No such file or directory: '/gws/ssde/j25b/swift/nflics_nowcasts/2019/06/11/1600/Nowcast_201906111600_000.nc'
Skipping 2019-06-11 16:15: [Errno 2] No such file or directory: '/gws/ssde/j25b/swift/nflics_nowcasts/2019/06/11/1615/Nowcast_201906111615_000.nc'
Skipping 2019-06-11 16:30: [Errno 2] No such file or directory: '/gws/ssde/j25b/swift/nflics_nowcasts/2019/06/11/1630/Nowcast_201906111630_000.nc'
Skipping 2019-06-11 16:45: [Errno 2] No such file or directory: '/gws/ssde/j25b/swift/nflics_nowcasts/2019/06/11/1645/Nowcast_201906111645_000.nc'
Skipping 2019-06-12 16:00: [Errno 2] No such file or directory: '/gws/ssde/j25b/swift/nflics_nowcasts/2019/06/12/1600/Nowcast_201906121600_000.nc'
Skipping 2019-06-12 16:15: [Errno 2] No such file or directory: '/gws/ssde/j25b/swift/nflics_nowcasts/2019/06/12/1615/Nowcast_201906121615_000.nc'
Skipping 2019-06-12 16:45: [Errno 2] No such file or directory: '/gws/ssde/j25b/swift/nflics_nowcasts/2019/06/12/1645/Nowcast_201906121645_000.nc'
Skipping 2019-06-13 16:00: [Errno 2] No such file or directory: '/gws/ssde/j25b/swift/nflics_nowcasts/2019/06/13/1600/Nowcast_201906131600_000.nc'
Skipping 2019-06-13 16:15: [Errno 2] No such file or directory: '/gws/ssde/j25b/swift/nflics_nowcasts/2019/06/13/1615/Nowcast_201906131615_000.nc'
Skipping 2019-06-13 16:30: [Errno 2] No such file or directory: '/gws/ssde/j25b/swift/nflics_nowcasts/2019/06/13/1630/Nowcast_201906131630_000.nc'
Skipping 2019-06-13 16:45: [Errno 2] No such file or directory: '/gws/ssde/j25b/swift/nflics_nowcasts/2019/06/13/1645/Nowcast_201906131645_000.nc'
Skipping 2019-06-14 16:00: [Errno 2] No such file or directory: '/gws/ssde/j25b/swift/nflics_nowcasts/2019/06/14/1600/Nowcast_201906141600_000.nc'
Skipping 2019-06-14 16:15: [Errno 2] No such file or directory: '/gws/ssde/j25b/swift/nflics_nowcasts/2019/06/14/1615/Nowcast_201906141615_000.nc'
Skipping 2019-06-14 16:30: [Errno 2] No such file or directory: '/gws/ssde/j25b/swift/nflics_nowcasts/2019/06/14/1630/Nowcast_201906141630_000.nc'
Skipping 2019-06-14 16:45: [Errno 2] No such file or directory: '/gws/ssde/j25b/swift/nflics_nowcasts/2019/06/14/1645/Nowcast_201906141645_000.nc'
Skipping 2019-06-15 16:15: [Errno 2] No such file or directory: '/gws/ssde/j25b/swift/nflics_nowcasts/2019/06/15/1615/Nowcast_201906151615_000.nc'
Skipping 2019-06-15 16:30: [Errno 2] No such file or directory: '/gws/ssde/j25b/swift/nflics_nowcasts/2019/06/15/1630/Nowcast_201906151630_000.nc'
Skipping 2019-06-15 16:45: [Errno 2] No such file or directory: '/gws/ssde/j25b/swift/nflics_nowcasts/2019/06/15/1645/Nowcast_201906151645_000.nc'
Skipping 2019-06-16 16:00: [Errno 2] No such file or directory: '/gws/ssde/j25b/swift/nflics_nowcasts/2019/06/16/1600/Nowcast_201906161600_000.nc'
Skipping 2019-06-16 16:15: [Errno 2] No such file or directory: '/gws/ssde/j25b/swift/nflics_nowcasts/2019/06/16/1615/Nowcast_201906161615_000.nc'
Skipping 2019-06-16 16:30: [Errno 2] No such file or directory: '/gws/ssde/j25b/swift/nflics_nowcasts/2019/06/16/1630/Nowcast_201906161630_000.nc'
Skipping 2019-06-16 16:45: [Errno 2] No such file or directory: '/gws/ssde/j25b/swift/nflics_nowcasts/2019/06/16/1645/Nowcast_201906161645_000.nc'
Skipping 2019-06-17 16:00: [Errno 2] No such file or directory: '/gws/ssde/j25b/swift/nflics_nowcasts/2019/06/17/1600/Nowcast_201906171600_000.nc'
Skipping 2019-06-17 16:15: [Errno 2] No such file or directory: '/gws/ssde/j25b/swift/nflics_nowcasts/2019/06/17/1615/Nowcast_201906171615_000.nc'
Skipping 2019-06-17 16:30: [Errno 2] No such file or directory: '/gws/ssde/j25b/swift/nflics_nowcasts/2019/06/17/1630/Nowcast_201906171630_000.nc'
Skipping 2019-06-17 16:45: [Errno 2] No such file or directory: '/gws/ssde/j25b/swift/nflics_nowcasts/2019/06/17/1645/Nowcast_201906171645_000.nc'
Skipping 2019-06-19 16:15: [Errno 2] No such file or directory: '/gws/ssde/j25b/swift/nflics_nowcasts/2019/06/19/1615/Nowcast_201906191615_000.nc'
Skipping 2019-06-19 16:30: [Errno 2] No such file or directory: '/gws/ssde/j25b/swift/nflics_nowcasts/2019/06/19/1630/Nowcast_201906191630_000.nc'
Skipping 2019-06-19 16:45: [Errno 2] No such file or directory: '/gws/ssde/j25b/swift/nflics_nowcasts/2019/06/19/1645/Nowcast_201906191645_000.nc'
Skipping 2019-06-20 16:00: [Errno 2] No such file or directory: '/gws/ssde/j25b/swift/nflics_nowcasts/2019/06/20/1600/Nowcast_201906201600_000.nc'
Skipping 2019-06-20 16:15: [Errno 2] No such file or directory: '/gws/ssde/j25b/swift/nflics_nowcasts/2019/06/20/1615/Nowcast_201906201615_000.nc'
Skipping 2019-06-20 16:30: [Errno 2] No such file or directory: '/gws/ssde/j25b/swift/nflics_nowcasts/2019/06/20/1630/Nowcast_201906201630_000.nc'
Skipping 2019-06-20 16:45: [Errno 2] No such file or directory: '/gws/ssde/j25b/swift/nflics_nowcasts/2019/06/20/1645/Nowcast_201906201645_000.nc'
Skipping 2019-06-21 16:00: [Errno 2] No such file or directory: '/gws/ssde/j25b/swift/nflics_nowcasts/2019/06/21/1600/Nowcast_201906211600_000.nc'
Skipping 2019-06-21 16:15: [Errno 2] No such file or directory: '/gws/ssde/j25b/swift/nflics_nowcasts/2019/06/21/1615/Nowcast_201906211615_000.nc'
Skipping 2019-06-21 16:30: [Errno 2] No such file or directory: '/gws/ssde/j25b/swift/nflics_nowcasts/2019/06/21/1630/Nowcast_201906211630_000.nc'
Skipping 2019-06-21 16:45: [Errno 2] No such file or directory: '/gws/ssde/j25b/swift/nflics_nowcasts/2019/06/21/1645/Nowcast_201906211645_000.nc'
Skipping 2019-06-22 16:00: [Errno 2] No such file or directory: '/gws/ssde/j25b/swift/nflics_nowcasts/2019/06/22/1600/Nowcast_201906221600_000.nc'
Skipping 2019-06-22 16:15: [Errno 2] No such file or directory: '/gws/ssde/j25b/swift/nflics_nowcasts/2019/06/22/1615/Nowcast_201906221615_000.nc'
Skipping 2019-06-22 16:30: [Errno 2] No such file or directory: '/gws/ssde/j25b/swift/nflics_nowcasts/2019/06/22/1630/Nowcast_201906221630_000.nc'
Skipping 2019-06-22 16:45: [Errno 2] No such file or directory: '/gws/ssde/j25b/swift/nflics_nowcasts/2019/06/22/1645/Nowcast_201906221645_000.nc'
Skipping 2019-06-24 16:00: [Errno 2] No such file or directory: '/gws/ssde/j25b/swift/nflics_nowcasts/2019/06/24/1600/Nowcast_201906241600_000.nc'
Skipping 2019-06-24 16:15: [Errno 2] No such file or directory: '/gws/ssde/j25b/swift/nflics_nowcasts/2019/06/24/1615/Nowcast_201906241615_000.nc'
Skipping 2019-06-24 16:30: [Errno 2] No such file or directory: '/gws/ssde/j25b/swift/nflics_nowcasts/2019/06/24/1630/Nowcast_201906241630_000.nc'
Skipping 2019-06-24 16:45: [Errno 2] No such file or directory: '/gws/ssde/j25b/swift/nflics_nowcasts/2019/06/24/1645/Nowcast_201906241645_000.nc'
Skipping 2019-06-26 16:00: [Errno 2] No such file or directory: '/gws/ssde/j25b/swift/nflics_nowcasts/2019/06/26/1600/Nowcast_201906261600_000.nc'
Skipping 2019-06-26 16:15: [Errno 2] No such file or directory: '/gws/ssde/j25b/swift/nflics_nowcasts/2019/06/26/1615/Nowcast_201906261615_000.nc'
Skipping 2019-06-26 16:30: [Errno 2] No such file or directory: '/gws/ssde/j25b/swift/nflics_nowcasts/2019/06/26/1630/Nowcast_201906261630_000.nc'
Skipping 2019-06-26 16:45: [Errno 2] No such file or directory: '/gws/ssde/j25b/swift/nflics_nowcasts/2019/06/26/1645/Nowcast_201906261645_000.nc'
Skipping 2019-06-27 16:00: [Errno 2] No such file or directory: '/gws/ssde/j25b/swift/nflics_nowcasts/2019/06/27/1600/Nowcast_201906271600_000.nc'
Skipping 2019-06-27 16:15: [Errno 2] No such file or directory: '/gws/ssde/j25b/swift/nflics_nowcasts/2019/06/27/1615/Nowcast_201906271615_000.nc'
Skipping 2019-06-27 16:30: [Errno 2] No such file or directory: '/gws/ssde/j25b/swift/nflics_nowcasts/2019/06/27/1630/Nowcast_201906271630_000.nc'
Skipping 2019-06-27 16:45: [Errno 2] No such file or directory: '/gws/ssde/j25b/swift/nflics_nowcasts/2019/06/27/1645/Nowcast_201906271645_000.nc'
Skipping 2019-06-28 16:00: [Errno 2] No such file or directory: '/gws/ssde/j25b/swift/nflics_nowcasts/2019/06/28/1600/Nowcast_201906281600_000.nc'
Skipping 2019-06-28 16:15: [Errno 2] No such file or directory: '/gws/ssde/j25b/swift/nflics_nowcasts/2019/06/28/1615/Nowcast_201906281615_000.nc'
Skipping 2019-06-28 16:30: [Errno 2] No such file or directory: '/gws/ssde/j25b/swift/nflics_nowcasts/2019/06/28/1630/Nowcast_201906281630_000.nc'
Skipping 2019-06-28 16:45: [Errno 2] No such file or directory: '/gws/ssde/j25b/swift/nflics_nowcasts/2019/06/28/1645/Nowcast_201906281645_000.nc'
Skipping 2019-06-29 16:00: [Errno 2] No such file or directory: '/gws/ssde/j25b/swift/nflics_nowcasts/2019/06/29/1600/Nowcast_201906291600_000.nc'
Skipping 2019-06-29 16:15: [Errno 2] No such file or directory: '/gws/ssde/j25b/swift/nflics_nowcasts/2019/06/29/1615/Nowcast_201906291615_000.nc'
Skipping 2019-06-29 16:30: [Errno 2] No such file or directory: '/gws/ssde/j25b/swift/nflics_nowcasts/2019/06/29/1630/Nowcast_201906291630_000.nc'
Skipping 2019-06-29 16:45: [Errno 2] No such file or directory: '/gws/ssde/j25b/swift/nflics_nowcasts/2019/06/29/1645/Nowcast_201906291645_000.nc'
Skipping 2019-06-30 16:00: [Errno 2] No such file or directory: '/gws/ssde/j25b/swift/nflics_nowcasts/2019/06/30/1600/Nowcast_201906301600_000.nc'
Skipping 2019-06-30 16:15: [Errno 2] No such file or directory: '/gws/ssde/j25b/swift/nflics_nowcasts/2019/06/30/1615/Nowcast_201906301615_000.nc'
Skipping 2019-06-30 16:30: [Errno 2] No such file or directory: '/gws/ssde/j25b/swift/nflics_nowcasts/2019/06/30/1630/Nowcast_201906301630_000.nc'
Skipping 2019-06-30 16:45: [Errno 2] No such file or directory: '/gws/ssde/j25b/swift/nflics_nowcasts/2019/06/30/1645/Nowcast_201906301645_000.nc'
All ensemble nowcasts completed on CPU.
======================================================
 Job completed successfully at Sat 29 Nov 12:11:02 GMT 2025
======================================================
