======================================================
 Job started on host1085.jc.rl.ac.uk at Sat 29 Nov 12:12:17 GMT 2025
======================================================
Running ensemble nowcast inference:
 Lead time : 6
 Year      : 2019
 Month     : 08
 Hour      : 17
======================================================
Running on CPU with 8 threads
Loaded 5 ensemble models on CPU
Detected 100 inputs for 2019-08 17 UTC
Skipping 2019-08-01 17:00: [Errno 2] No such file or directory: '/gws/ssde/j25b/swift/nflics_nowcasts/2019/08/01/1700/Nowcast_201908011700_000.nc'
Skipping 2019-08-01 17:15: [Errno 2] No such file or directory: '/gws/ssde/j25b/swift/nflics_nowcasts/2019/08/01/1715/Nowcast_201908011715_000.nc'
Skipping 2019-08-01 17:30: [Errno 2] No such file or directory: '/gws/ssde/j25b/swift/nflics_nowcasts/2019/08/01/1730/Nowcast_201908011730_000.nc'
Skipping 2019-08-01 17:45: [Errno 2] No such file or directory: '/gws/ssde/j25b/swift/nflics_nowcasts/2019/08/01/1745/Nowcast_201908011745_000.nc'
Skipping 2019-08-02 17:00: [Errno 2] No such file or directory: '/gws/ssde/j25b/swift/nflics_nowcasts/2019/08/02/1700/Nowcast_201908021700_000.nc'
Skipping 2019-08-02 17:15: [Errno 2] No such file or directory: '/gws/ssde/j25b/swift/nflics_nowcasts/2019/08/02/1715/Nowcast_201908021715_000.nc'
Skipping 2019-08-02 17:30: [Errno 2] No such file or directory: '/gws/ssde/j25b/swift/nflics_nowcasts/2019/08/02/1730/Nowcast_201908021730_000.nc'
Skipping 2019-08-02 17:45: [Errno 2] No such file or directory: '/gws/ssde/j25b/swift/nflics_nowcasts/2019/08/02/1745/Nowcast_201908021745_000.nc'
Skipping 2019-08-03 17:00: [Errno 2] No such file or directory: '/gws/ssde/j25b/swift/nflics_nowcasts/2019/08/03/1700/Nowcast_201908031700_000.nc'
Skipping 2019-08-03 17:15: [Errno 2] No such file or directory: '/gws/ssde/j25b/swift/nflics_nowcasts/2019/08/03/1715/Nowcast_201908031715_000.nc'
Skipping 2019-08-03 17:30: [Errno 2] No such file or directory: '/gws/ssde/j25b/swift/nflics_nowcasts/2019/08/03/1730/Nowcast_201908031730_000.nc'
Skipping 2019-08-03 17:45: [Errno 2] No such file or directory: '/gws/ssde/j25b/swift/nflics_nowcasts/2019/08/03/1745/Nowcast_201908031745_000.nc'
Skipping 2019-08-05 17:00: [Errno 2] No such file or directory: '/gws/ssde/j25b/swift/nflics_nowcasts/2019/08/05/1700/Nowcast_201908051700_000.nc'
Skipping 2019-08-05 17:15: [Errno 2] No such file or directory: '/gws/ssde/j25b/swift/nflics_nowcasts/2019/08/05/1715/Nowcast_201908051715_000.nc'
Skipping 2019-08-05 17:30: [Errno 2] No such file or directory: '/gws/ssde/j25b/swift/nflics_nowcasts/2019/08/05/1730/Nowcast_201908051730_000.nc'
Skipping 2019-08-05 17:45: [Errno 2] No such file or directory: '/gws/ssde/j25b/swift/nflics_nowcasts/2019/08/05/1745/Nowcast_201908051745_000.nc'
Skipping 2019-08-06 17:00: [Errno 2] No such file or directory: '/gws/ssde/j25b/swift/nflics_nowcasts/2019/08/06/1700/Nowcast_201908061700_000.nc'
Skipping 2019-08-06 17:15: [Errno 2] No such file or directory: '/gws/ssde/j25b/swift/nflics_nowcasts/2019/08/06/1715/Nowcast_201908061715_000.nc'
Skipping 2019-08-06 17:30: [Errno 2] No such file or directory: '/gws/ssde/j25b/swift/nflics_nowcasts/2019/08/06/1730/Nowcast_201908061730_000.nc'
Skipping 2019-08-06 17:45: [Errno 2] No such file or directory: '/gws/ssde/j25b/swift/nflics_nowcasts/2019/08/06/1745/Nowcast_201908061745_000.nc'
Skipping 2019-08-10 17:00: [Errno 2] No such file or directory: '/gws/ssde/j25b/swift/nflics_nowcasts/2019/08/10/1700/Nowcast_201908101700_000.nc'
Skipping 2019-08-10 17:15: [Errno 2] No such file or directory: '/gws/ssde/j25b/swift/nflics_nowcasts/2019/08/10/1715/Nowcast_201908101715_000.nc'
Skipping 2019-08-10 17:30: [Errno 2] No such file or directory: '/gws/ssde/j25b/swift/nflics_nowcasts/2019/08/10/1730/Nowcast_201908101730_000.nc'
Skipping 2019-08-10 17:45: [Errno 2] No such file or directory: '/gws/ssde/j25b/swift/nflics_nowcasts/2019/08/10/1745/Nowcast_201908101745_000.nc'
Skipping 2019-08-11 17:00: [Errno 2] No such file or directory: '/gws/ssde/j25b/swift/nflics_nowcasts/2019/08/11/1700/Nowcast_201908111700_000.nc'
Skipping 2019-08-11 17:15: [Errno 2] No such file or directory: '/gws/ssde/j25b/swift/nflics_nowcasts/2019/08/11/1715/Nowcast_201908111715_000.nc'
Skipping 2019-08-11 17:30: [Errno 2] No such file or directory: '/gws/ssde/j25b/swift/nflics_nowcasts/2019/08/11/1730/Nowcast_201908111730_000.nc'
Skipping 2019-08-13 17:00: [Errno 2] No such file or directory: '/gws/ssde/j25b/swift/nflics_nowcasts/2019/08/13/1700/Nowcast_201908131700_000.nc'
Skipping 2019-08-13 17:15: [Errno 2] No such file or directory: '/gws/ssde/j25b/swift/nflics_nowcasts/2019/08/13/1715/Nowcast_201908131715_000.nc'
Skipping 2019-08-13 17:30: [Errno 2] No such file or directory: '/gws/ssde/j25b/swift/nflics_nowcasts/2019/08/13/1730/Nowcast_201908131730_000.nc'
Skipping 2019-08-13 17:45: [Errno 2] No such file or directory: '/gws/ssde/j25b/swift/nflics_nowcasts/2019/08/13/1745/Nowcast_201908131745_000.nc'
Skipping 2019-08-14 17:00: [Errno 2] No such file or directory: '/gws/ssde/j25b/swift/nflics_nowcasts/2019/08/14/1700/Nowcast_201908141700_000.nc'
Skipping 2019-08-14 17:15: [Errno 2] No such file or directory: '/gws/ssde/j25b/swift/nflics_nowcasts/2019/08/14/1715/Nowcast_201908141715_000.nc'
Skipping 2019-08-14 17:30: [Errno 2] No such file or directory: '/gws/ssde/j25b/swift/nflics_nowcasts/2019/08/14/1730/Nowcast_201908141730_000.nc'
Skipping 2019-08-14 17:45: [Errno 2] No such file or directory: '/gws/ssde/j25b/swift/nflics_nowcasts/2019/08/14/1745/Nowcast_201908141745_000.nc'
Skipping 2019-08-15 17:00: [Errno 2] No such file or directory: '/gws/ssde/j25b/swift/nflics_nowcasts/2019/08/15/1700/Nowcast_201908151700_000.nc'
Skipping 2019-08-15 17:15: [Errno 2] No such file or directory: '/gws/ssde/j25b/swift/nflics_nowcasts/2019/08/15/1715/Nowcast_201908151715_000.nc'
Skipping 2019-08-15 17:30: [Errno 2] No such file or directory: '/gws/ssde/j25b/swift/nflics_nowcasts/2019/08/15/1730/Nowcast_201908151730_000.nc'
Skipping 2019-08-15 17:45: [Errno 2] No such file or directory: '/gws/ssde/j25b/swift/nflics_nowcasts/2019/08/15/1745/Nowcast_201908151745_000.nc'
Skipping 2019-08-16 17:00: [Errno 2] No such file or directory: '/gws/ssde/j25b/swift/nflics_nowcasts/2019/08/16/1700/Nowcast_201908161700_000.nc'
Skipping 2019-08-16 17:15: [Errno 2] No such file or directory: '/gws/ssde/j25b/swift/nflics_nowcasts/2019/08/16/1715/Nowcast_201908161715_000.nc'
Skipping 2019-08-16 17:30: [Errno 2] No such file or directory: '/gws/ssde/j25b/swift/nflics_nowcasts/2019/08/16/1730/Nowcast_201908161730_000.nc'
Skipping 2019-08-16 17:45: [Errno 2] No such file or directory: '/gws/ssde/j25b/swift/nflics_nowcasts/2019/08/16/1745/Nowcast_201908161745_000.nc'
Skipping 2019-08-17 17:00: [Errno 2] No such file or directory: '/gws/ssde/j25b/swift/nflics_nowcasts/2019/08/17/1700/Nowcast_201908171700_000.nc'
Skipping 2019-08-17 17:15: [Errno 2] No such file or directory: '/gws/ssde/j25b/swift/nflics_nowcasts/2019/08/17/1715/Nowcast_201908171715_000.nc'
Skipping 2019-08-17 17:30: [Errno 2] No such file or directory: '/gws/ssde/j25b/swift/nflics_nowcasts/2019/08/17/1730/Nowcast_201908171730_000.nc'
Skipping 2019-08-17 17:45: [Errno 2] No such file or directory: '/gws/ssde/j25b/swift/nflics_nowcasts/2019/08/17/1745/Nowcast_201908171745_000.nc'
Skipping 2019-08-18 17:00: [Errno 2] No such file or directory: '/gws/ssde/j25b/swift/nflics_nowcasts/2019/08/18/1700/Nowcast_201908181700_000.nc'
Skipping 2019-08-18 17:15: [Errno 2] No such file or directory: '/gws/ssde/j25b/swift/nflics_nowcasts/2019/08/18/1715/Nowcast_201908181715_000.nc'
Skipping 2019-08-18 17:30: [Errno 2] No such file or directory: '/gws/ssde/j25b/swift/nflics_nowcasts/2019/08/18/1730/Nowcast_201908181730_000.nc'
Skipping 2019-08-18 17:45: [Errno 2] No such file or directory: '/gws/ssde/j25b/swift/nflics_nowcasts/2019/08/18/1745/Nowcast_201908181745_000.nc'
Skipping 2019-08-19 17:00: [Errno 2] No such file or directory: '/gws/ssde/j25b/swift/nflics_nowcasts/2019/08/19/1700/Nowcast_201908191700_000.nc'
Skipping 2019-08-19 17:15: [Errno 2] No such file or directory: '/gws/ssde/j25b/swift/nflics_nowcasts/2019/08/19/1715/Nowcast_201908191715_000.nc'
Skipping 2019-08-19 17:30: [Errno 2] No such file or directory: '/gws/ssde/j25b/swift/nflics_nowcasts/2019/08/19/1730/Nowcast_201908191730_000.nc'
Skipping 2019-08-19 17:45: [Errno 2] No such file or directory: '/gws/ssde/j25b/swift/nflics_nowcasts/2019/08/19/1745/Nowcast_201908191745_000.nc'
Skipping 2019-08-20 17:00: [Errno 2] No such file or directory: '/gws/ssde/j25b/swift/nflics_nowcasts/2019/08/20/1700/Nowcast_201908201700_000.nc'
Skipping 2019-08-20 17:15: [Errno 2] No such file or directory: '/gws/ssde/j25b/swift/nflics_nowcasts/2019/08/20/1715/Nowcast_201908201715_000.nc'
Skipping 2019-08-20 17:30: [Errno 2] No such file or directory: '/gws/ssde/j25b/swift/nflics_nowcasts/2019/08/20/1730/Nowcast_201908201730_000.nc'
Skipping 2019-08-20 17:45: [Errno 2] No such file or directory: '/gws/ssde/j25b/swift/nflics_nowcasts/2019/08/20/1745/Nowcast_201908201745_000.nc'
Skipping 2019-08-21 17:00: [Errno 2] No such file or directory: '/gws/ssde/j25b/swift/nflics_nowcasts/2019/08/21/1700/Nowcast_201908211700_000.nc'
Skipping 2019-08-21 17:15: [Errno 2] No such file or directory: '/gws/ssde/j25b/swift/nflics_nowcasts/2019/08/21/1715/Nowcast_201908211715_000.nc'
Skipping 2019-08-21 17:30: [Errno 2] No such file or directory: '/gws/ssde/j25b/swift/nflics_nowcasts/2019/08/21/1730/Nowcast_201908211730_000.nc'
Skipping 2019-08-21 17:45: [Errno 2] No such file or directory: '/gws/ssde/j25b/swift/nflics_nowcasts/2019/08/21/1745/Nowcast_201908211745_000.nc'
Skipping 2019-08-22 17:45: [Errno 2] No such file or directory: '/gws/ssde/j25b/swift/nflics_nowcasts/2019/08/22/1745/Nowcast_201908221745_000.nc'
Skipping 2019-08-23 17:00: [Errno 2] No such file or directory: '/gws/ssde/j25b/swift/nflics_nowcasts/2019/08/23/1700/Nowcast_201908231700_000.nc'
Skipping 2019-08-23 17:15: [Errno 2] No such file or directory: '/gws/ssde/j25b/swift/nflics_nowcasts/2019/08/23/1715/Nowcast_201908231715_000.nc'
Skipping 2019-08-23 17:30: [Errno 2] No such file or directory: '/gws/ssde/j25b/swift/nflics_nowcasts/2019/08/23/1730/Nowcast_201908231730_000.nc'
Skipping 2019-08-23 17:45: [Errno 2] No such file or directory: '/gws/ssde/j25b/swift/nflics_nowcasts/2019/08/23/1745/Nowcast_201908231745_000.nc'
Skipping 2019-08-24 17:00: [Errno 2] No such file or directory: '/gws/ssde/j25b/swift/nflics_nowcasts/2019/08/24/1700/Nowcast_201908241700_000.nc'
Skipping 2019-08-24 17:15: [Errno 2] No such file or directory: '/gws/ssde/j25b/swift/nflics_nowcasts/2019/08/24/1715/Nowcast_201908241715_000.nc'
Skipping 2019-08-24 17:30: [Errno 2] No such file or directory: '/gws/ssde/j25b/swift/nflics_nowcasts/2019/08/24/1730/Nowcast_201908241730_000.nc'
Skipping 2019-08-24 17:45: [Errno 2] No such file or directory: '/gws/ssde/j25b/swift/nflics_nowcasts/2019/08/24/1745/Nowcast_201908241745_000.nc'
Skipping 2019-08-25 17:00: [Errno 2] No such file or directory: '/gws/ssde/j25b/swift/nflics_nowcasts/2019/08/25/1700/Nowcast_201908251700_000.nc'
Skipping 2019-08-25 17:15: [Errno 2] No such file or directory: '/gws/ssde/j25b/swift/nflics_nowcasts/2019/08/25/1715/Nowcast_201908251715_000.nc'
Skipping 2019-08-25 17:30: [Errno 2] No such file or directory: '/gws/ssde/j25b/swift/nflics_nowcasts/2019/08/25/1730/Nowcast_201908251730_000.nc'
Skipping 2019-08-25 17:45: [Errno 2] No such file or directory: '/gws/ssde/j25b/swift/nflics_nowcasts/2019/08/25/1745/Nowcast_201908251745_000.nc'
Skipping 2019-08-26 17:00: [Errno 2] No such file or directory: '/gws/ssde/j25b/swift/nflics_nowcasts/2019/08/26/1700/Nowcast_201908261700_000.nc'
Skipping 2019-08-26 17:15: [Errno 2] No such file or directory: '/gws/ssde/j25b/swift/nflics_nowcasts/2019/08/26/1715/Nowcast_201908261715_000.nc'
Skipping 2019-08-26 17:30: [Errno 2] No such file or directory: '/gws/ssde/j25b/swift/nflics_nowcasts/2019/08/26/1730/Nowcast_201908261730_000.nc'
Skipping 2019-08-26 17:45: [Errno 2] No such file or directory: '/gws/ssde/j25b/swift/nflics_nowcasts/2019/08/26/1745/Nowcast_201908261745_000.nc'
Skipping 2019-08-27 17:00: [Errno 2] No such file or directory: '/gws/ssde/j25b/swift/nflics_nowcasts/2019/08/27/1700/Nowcast_201908271700_000.nc'
Skipping 2019-08-27 17:15: [Errno 2] No such file or directory: '/gws/ssde/j25b/swift/nflics_nowcasts/2019/08/27/1715/Nowcast_201908271715_000.nc'
Skipping 2019-08-27 17:30: [Errno 2] No such file or directory: '/gws/ssde/j25b/swift/nflics_nowcasts/2019/08/27/1730/Nowcast_201908271730_000.nc'
Skipping 2019-08-27 17:45: [Errno 2] No such file or directory: '/gws/ssde/j25b/swift/nflics_nowcasts/2019/08/27/1745/Nowcast_201908271745_000.nc'
Skipping 2019-08-28 17:00: [Errno 2] No such file or directory: '/gws/ssde/j25b/swift/nflics_nowcasts/2019/08/28/1700/Nowcast_201908281700_000.nc'
Skipping 2019-08-28 17:15: [Errno 2] No such file or directory: '/gws/ssde/j25b/swift/nflics_nowcasts/2019/08/28/1715/Nowcast_201908281715_000.nc'
Skipping 2019-08-28 17:30: [Errno 2] No such file or directory: '/gws/ssde/j25b/swift/nflics_nowcasts/2019/08/28/1730/Nowcast_201908281730_000.nc'
Skipping 2019-08-28 17:45: [Errno 2] No such file or directory: '/gws/ssde/j25b/swift/nflics_nowcasts/2019/08/28/1745/Nowcast_201908281745_000.nc'
Skipping 2019-08-29 17:00: [Errno 2] No such file or directory: '/gws/ssde/j25b/swift/nflics_nowcasts/2019/08/29/1700/Nowcast_201908291700_000.nc'
Skipping 2019-08-29 17:15: [Errno 2] No such file or directory: '/gws/ssde/j25b/swift/nflics_nowcasts/2019/08/29/1715/Nowcast_201908291715_000.nc'
Skipping 2019-08-29 17:30: [Errno 2] No such file or directory: '/gws/ssde/j25b/swift/nflics_nowcasts/2019/08/29/1730/Nowcast_201908291730_000.nc'
Skipping 2019-08-29 17:45: [Errno 2] No such file or directory: '/gws/ssde/j25b/swift/nflics_nowcasts/2019/08/29/1745/Nowcast_201908291745_000.nc'
Skipping 2019-08-30 17:00: [Errno 2] No such file or directory: '/gws/ssde/j25b/swift/nflics_nowcasts/2019/08/30/1700/Nowcast_201908301700_000.nc'
Skipping 2019-08-30 17:15: [Errno 2] No such file or directory: '/gws/ssde/j25b/swift/nflics_nowcasts/2019/08/30/1715/Nowcast_201908301715_000.nc'
Skipping 2019-08-30 17:30: [Errno 2] No such file or directory: '/gws/ssde/j25b/swift/nflics_nowcasts/2019/08/30/1730/Nowcast_201908301730_000.nc'
Skipping 2019-08-30 17:45: [Errno 2] No such file or directory: '/gws/ssde/j25b/swift/nflics_nowcasts/2019/08/30/1745/Nowcast_201908301745_000.nc'
Skipping 2019-08-31 17:00: [Errno 2] No such file or directory: '/gws/ssde/j25b/swift/nflics_nowcasts/2019/08/31/1700/Nowcast_201908311700_000.nc'
Skipping 2019-08-31 17:15: [Errno 2] No such file or directory: '/gws/ssde/j25b/swift/nflics_nowcasts/2019/08/31/1715/Nowcast_201908311715_000.nc'
Skipping 2019-08-31 17:30: [Errno 2] No such file or directory: '/gws/ssde/j25b/swift/nflics_nowcasts/2019/08/31/1730/Nowcast_201908311730_000.nc'
Skipping 2019-08-31 17:45: [Errno 2] No such file or directory: '/gws/ssde/j25b/swift/nflics_nowcasts/2019/08/31/1745/Nowcast_201908311745_000.nc'
All ensemble nowcasts completed on CPU.
======================================================
 Job completed successfully at Sat 29 Nov 12:12:25 GMT 2025
======================================================
