======================================================
 Job started on host1081.jc.rl.ac.uk at Sat 29 Nov 12:10:37 GMT 2025
======================================================
Running ensemble nowcast inference:
 Lead time : 3
 Year      : 2019
 Month     : 06
 Hour      : 00
======================================================
Running on CPU with 8 threads
Loaded 5 ensemble models on CPU
Detected 75 inputs for 2019-06 00 UTC
Skipping 2019-06-01 00:00: [Errno 2] No such file or directory: '/gws/ssde/j25b/swift/nflics_nowcasts/2019/06/01/0000/Nowcast_201906010000_000.nc'
Skipping 2019-06-02 00:00: [Errno 2] No such file or directory: '/gws/ssde/j25b/swift/nflics_nowcasts/2019/06/02/0000/Nowcast_201906020000_000.nc'
Skipping 2019-06-02 00:15: [Errno 2] No such file or directory: '/gws/ssde/j25b/swift/nflics_nowcasts/2019/06/02/0015/Nowcast_201906020015_000.nc'
Skipping 2019-06-02 00:30: [Errno 2] No such file or directory: '/gws/ssde/j25b/swift/nflics_nowcasts/2019/06/02/0030/Nowcast_201906020030_000.nc'
Skipping 2019-06-02 00:45: [Errno 2] No such file or directory: '/gws/ssde/j25b/swift/nflics_nowcasts/2019/06/02/0045/Nowcast_201906020045_000.nc'
Skipping 2019-06-03 00:00: [Errno 2] No such file or directory: '/gws/ssde/j25b/swift/nflics_nowcasts/2019/06/03/0000/Nowcast_201906030000_000.nc'
Skipping 2019-06-03 00:15: [Errno 2] No such file or directory: '/gws/ssde/j25b/swift/nflics_nowcasts/2019/06/03/0015/Nowcast_201906030015_000.nc'
Skipping 2019-06-03 00:30: [Errno 2] No such file or directory: '/gws/ssde/j25b/swift/nflics_nowcasts/2019/06/03/0030/Nowcast_201906030030_000.nc'
Skipping 2019-06-03 00:45: [Errno 2] No such file or directory: '/gws/ssde/j25b/swift/nflics_nowcasts/2019/06/03/0045/Nowcast_201906030045_000.nc'
Skipping 2019-06-04 00:00: [Errno 2] No such file or directory: '/gws/ssde/j25b/swift/nflics_nowcasts/2019/06/04/0000/Nowcast_201906040000_000.nc'
Skipping 2019-06-04 00:15: [Errno 2] No such file or directory: '/gws/ssde/j25b/swift/nflics_nowcasts/2019/06/04/0015/Nowcast_201906040015_000.nc'
Skipping 2019-06-04 00:30: [Errno 2] No such file or directory: '/gws/ssde/j25b/swift/nflics_nowcasts/2019/06/04/0030/Nowcast_201906040030_000.nc'
Skipping 2019-06-04 00:45: [Errno 2] No such file or directory: '/gws/ssde/j25b/swift/nflics_nowcasts/2019/06/04/0045/Nowcast_201906040045_000.nc'
Skipping 2019-06-08 00:00: [Errno 2] No such file or directory: '/gws/ssde/j25b/swift/nflics_nowcasts/2019/06/08/0000/Nowcast_201906080000_000.nc'
Skipping 2019-06-08 00:15: [Errno 2] No such file or directory: '/gws/ssde/j25b/swift/nflics_nowcasts/2019/06/08/0015/Nowcast_201906080015_000.nc'
Skipping 2019-06-08 00:30: [Errno 2] No such file or directory: '/gws/ssde/j25b/swift/nflics_nowcasts/2019/06/08/0030/Nowcast_201906080030_000.nc'
Skipping 2019-06-08 00:45: [Errno 2] No such file or directory: '/gws/ssde/j25b/swift/nflics_nowcasts/2019/06/08/0045/Nowcast_201906080045_000.nc'
Skipping 2019-06-10 00:00: [Errno 2] No such file or directory: '/gws/ssde/j25b/swift/nflics_nowcasts/2019/06/10/0000/Nowcast_201906100000_000.nc'
Skipping 2019-06-10 00:15: [Errno 2] No such file or directory: '/gws/ssde/j25b/swift/nflics_nowcasts/2019/06/10/0015/Nowcast_201906100015_000.nc'
Skipping 2019-06-10 00:30: [Errno 2] No such file or directory: '/gws/ssde/j25b/swift/nflics_nowcasts/2019/06/10/0030/Nowcast_201906100030_000.nc'
Skipping 2019-06-10 00:45: [Errno 2] No such file or directory: '/gws/ssde/j25b/swift/nflics_nowcasts/2019/06/10/0045/Nowcast_201906100045_000.nc'
Skipping 2019-06-11 00:00: [Errno 2] No such file or directory: '/gws/ssde/j25b/swift/nflics_nowcasts/2019/06/11/0000/Nowcast_201906110000_000.nc'
Skipping 2019-06-11 00:15: [Errno 2] No such file or directory: '/gws/ssde/j25b/swift/nflics_nowcasts/2019/06/11/0015/Nowcast_201906110015_000.nc'
Skipping 2019-06-11 00:30: [Errno 2] No such file or directory: '/gws/ssde/j25b/swift/nflics_nowcasts/2019/06/11/0030/Nowcast_201906110030_000.nc'
Skipping 2019-06-11 00:45: [Errno 2] No such file or directory: '/gws/ssde/j25b/swift/nflics_nowcasts/2019/06/11/0045/Nowcast_201906110045_000.nc'
Skipping 2019-06-12 00:00: [Errno 2] No such file or directory: '/gws/ssde/j25b/swift/nflics_nowcasts/2019/06/12/0000/Nowcast_201906120000_000.nc'
Skipping 2019-06-12 00:15: [Errno 2] No such file or directory: '/gws/ssde/j25b/swift/nflics_nowcasts/2019/06/12/0015/Nowcast_201906120015_000.nc'
Skipping 2019-06-12 00:30: [Errno 2] No such file or directory: '/gws/ssde/j25b/swift/nflics_nowcasts/2019/06/12/0030/Nowcast_201906120030_000.nc'
Skipping 2019-06-12 00:45: [Errno 2] No such file or directory: '/gws/ssde/j25b/swift/nflics_nowcasts/2019/06/12/0045/Nowcast_201906120045_000.nc'
Skipping 2019-06-15 00:00: [Errno 2] No such file or directory: '/gws/ssde/j25b/swift/nflics_nowcasts/2019/06/15/0000/Nowcast_201906150000_000.nc'
Skipping 2019-06-15 00:15: [Errno 2] No such file or directory: '/gws/ssde/j25b/swift/nflics_nowcasts/2019/06/15/0015/Nowcast_201906150015_000.nc'
Skipping 2019-06-15 00:30: [Errno 2] No such file or directory: '/gws/ssde/j25b/swift/nflics_nowcasts/2019/06/15/0030/Nowcast_201906150030_000.nc'
Skipping 2019-06-15 00:45: [Errno 2] No such file or directory: '/gws/ssde/j25b/swift/nflics_nowcasts/2019/06/15/0045/Nowcast_201906150045_000.nc'
Skipping 2019-06-16 00:00: [Errno 2] No such file or directory: '/gws/ssde/j25b/swift/nflics_nowcasts/2019/06/16/0000/Nowcast_201906160000_000.nc'
Skipping 2019-06-16 00:15: [Errno 2] No such file or directory: '/gws/ssde/j25b/swift/nflics_nowcasts/2019/06/16/0015/Nowcast_201906160015_000.nc'
Skipping 2019-06-16 00:30: [Errno 2] No such file or directory: '/gws/ssde/j25b/swift/nflics_nowcasts/2019/06/16/0030/Nowcast_201906160030_000.nc'
Skipping 2019-06-16 00:45: [Errno 2] No such file or directory: '/gws/ssde/j25b/swift/nflics_nowcasts/2019/06/16/0045/Nowcast_201906160045_000.nc'
Skipping 2019-06-17 00:00: [Errno 2] No such file or directory: '/gws/ssde/j25b/swift/nflics_nowcasts/2019/06/17/0000/Nowcast_201906170000_000.nc'
Skipping 2019-06-17 00:15: [Errno 2] No such file or directory: '/gws/ssde/j25b/swift/nflics_nowcasts/2019/06/17/0015/Nowcast_201906170015_000.nc'
Skipping 2019-06-17 00:30: [Errno 2] No such file or directory: '/gws/ssde/j25b/swift/nflics_nowcasts/2019/06/17/0030/Nowcast_201906170030_000.nc'
Skipping 2019-06-17 00:45: [Errno 2] No such file or directory: '/gws/ssde/j25b/swift/nflics_nowcasts/2019/06/17/0045/Nowcast_201906170045_000.nc'
Skipping 2019-06-18 00:00: [Errno 2] No such file or directory: '/gws/ssde/j25b/swift/nflics_nowcasts/2019/06/18/0000/Nowcast_201906180000_000.nc'
Skipping 2019-06-18 00:15: [Errno 2] No such file or directory: '/gws/ssde/j25b/swift/nflics_nowcasts/2019/06/18/0015/Nowcast_201906180015_000.nc'
Skipping 2019-06-18 00:30: [Errno 2] No such file or directory: '/gws/ssde/j25b/swift/nflics_nowcasts/2019/06/18/0030/Nowcast_201906180030_000.nc'
Skipping 2019-06-18 00:45: [Errno 2] No such file or directory: '/gws/ssde/j25b/swift/nflics_nowcasts/2019/06/18/0045/Nowcast_201906180045_000.nc'
Skipping 2019-06-20 00:00: [Errno 2] No such file or directory: '/gws/ssde/j25b/swift/nflics_nowcasts/2019/06/20/0000/Nowcast_201906200000_000.nc'
Skipping 2019-06-20 00:15: [Errno 2] No such file or directory: '/gws/ssde/j25b/swift/nflics_nowcasts/2019/06/20/0015/Nowcast_201906200015_000.nc'
Skipping 2019-06-20 00:30: [Errno 2] No such file or directory: '/gws/ssde/j25b/swift/nflics_nowcasts/2019/06/20/0030/Nowcast_201906200030_000.nc'
Skipping 2019-06-20 00:45: [Errno 2] No such file or directory: '/gws/ssde/j25b/swift/nflics_nowcasts/2019/06/20/0045/Nowcast_201906200045_000.nc'
Skipping 2019-06-21 00:00: [Errno 2] No such file or directory: '/gws/ssde/j25b/swift/nflics_nowcasts/2019/06/21/0000/Nowcast_201906210000_000.nc'
Skipping 2019-06-21 00:15: [Errno 2] No such file or directory: '/gws/ssde/j25b/swift/nflics_nowcasts/2019/06/21/0015/Nowcast_201906210015_000.nc'
Skipping 2019-06-21 00:30: [Errno 2] No such file or directory: '/gws/ssde/j25b/swift/nflics_nowcasts/2019/06/21/0030/Nowcast_201906210030_000.nc'
Skipping 2019-06-21 00:45: [Errno 2] No such file or directory: '/gws/ssde/j25b/swift/nflics_nowcasts/2019/06/21/0045/Nowcast_201906210045_000.nc'
Skipping 2019-06-22 00:00: [Errno 2] No such file or directory: '/gws/ssde/j25b/swift/nflics_nowcasts/2019/06/22/0000/Nowcast_201906220000_000.nc'
Skipping 2019-06-22 00:15: [Errno 2] No such file or directory: '/gws/ssde/j25b/swift/nflics_nowcasts/2019/06/22/0015/Nowcast_201906220015_000.nc'
Skipping 2019-06-23 00:00: [Errno 2] No such file or directory: '/gws/ssde/j25b/swift/nflics_nowcasts/2019/06/23/0000/Nowcast_201906230000_000.nc'
Skipping 2019-06-23 00:15: [Errno 2] No such file or directory: '/gws/ssde/j25b/swift/nflics_nowcasts/2019/06/23/0015/Nowcast_201906230015_000.nc'
Skipping 2019-06-23 00:30: [Errno 2] No such file or directory: '/gws/ssde/j25b/swift/nflics_nowcasts/2019/06/23/0030/Nowcast_201906230030_000.nc'
Skipping 2019-06-23 00:45: [Errno 2] No such file or directory: '/gws/ssde/j25b/swift/nflics_nowcasts/2019/06/23/0045/Nowcast_201906230045_000.nc'
Skipping 2019-06-27 00:00: [Errno 2] No such file or directory: '/gws/ssde/j25b/swift/nflics_nowcasts/2019/06/27/0000/Nowcast_201906270000_000.nc'
Skipping 2019-06-27 00:15: [Errno 2] No such file or directory: '/gws/ssde/j25b/swift/nflics_nowcasts/2019/06/27/0015/Nowcast_201906270015_000.nc'
Skipping 2019-06-27 00:30: [Errno 2] No such file or directory: '/gws/ssde/j25b/swift/nflics_nowcasts/2019/06/27/0030/Nowcast_201906270030_000.nc'
Skipping 2019-06-27 00:45: [Errno 2] No such file or directory: '/gws/ssde/j25b/swift/nflics_nowcasts/2019/06/27/0045/Nowcast_201906270045_000.nc'
Skipping 2019-06-28 00:00: [Errno 2] No such file or directory: '/gws/ssde/j25b/swift/nflics_nowcasts/2019/06/28/0000/Nowcast_201906280000_000.nc'
Skipping 2019-06-28 00:15: [Errno 2] No such file or directory: '/gws/ssde/j25b/swift/nflics_nowcasts/2019/06/28/0015/Nowcast_201906280015_000.nc'
Skipping 2019-06-28 00:30: [Errno 2] No such file or directory: '/gws/ssde/j25b/swift/nflics_nowcasts/2019/06/28/0030/Nowcast_201906280030_000.nc'
Skipping 2019-06-28 00:45: [Errno 2] No such file or directory: '/gws/ssde/j25b/swift/nflics_nowcasts/2019/06/28/0045/Nowcast_201906280045_000.nc'
Skipping 2019-06-29 00:00: [Errno 2] No such file or directory: '/gws/ssde/j25b/swift/nflics_nowcasts/2019/06/29/0000/Nowcast_201906290000_000.nc'
Skipping 2019-06-29 00:15: [Errno 2] No such file or directory: '/gws/ssde/j25b/swift/nflics_nowcasts/2019/06/29/0015/Nowcast_201906290015_000.nc'
Skipping 2019-06-29 00:30: [Errno 2] No such file or directory: '/gws/ssde/j25b/swift/nflics_nowcasts/2019/06/29/0030/Nowcast_201906290030_000.nc'
Skipping 2019-06-29 00:45: [Errno 2] No such file or directory: '/gws/ssde/j25b/swift/nflics_nowcasts/2019/06/29/0045/Nowcast_201906290045_000.nc'
Skipping 2019-06-30 00:00: [Errno 2] No such file or directory: '/gws/ssde/j25b/swift/nflics_nowcasts/2019/06/30/0000/Nowcast_201906300000_000.nc'
Skipping 2019-06-30 00:15: [Errno 2] No such file or directory: '/gws/ssde/j25b/swift/nflics_nowcasts/2019/06/30/0015/Nowcast_201906300015_000.nc'
Skipping 2019-06-30 00:30: [Errno 2] No such file or directory: '/gws/ssde/j25b/swift/nflics_nowcasts/2019/06/30/0030/Nowcast_201906300030_000.nc'
Skipping 2019-06-30 00:45: [Errno 2] No such file or directory: '/gws/ssde/j25b/swift/nflics_nowcasts/2019/06/30/0045/Nowcast_201906300045_000.nc'
All ensemble nowcasts completed on CPU.
======================================================
 Job completed successfully at Sat 29 Nov 12:10:55 GMT 2025
======================================================
