======================================================
 Job started on host1086.jc.rl.ac.uk at Sat 29 Nov 12:10:37 GMT 2025
======================================================
Running ensemble nowcast inference:
 Lead time : 3
 Year      : 2019
 Month     : 06
 Hour      : 05
======================================================
Running on CPU with 8 threads
Loaded 5 ensemble models on CPU
Detected 47 inputs for 2019-06 05 UTC
Skipping 2019-06-02 05:00: [Errno 2] No such file or directory: '/gws/ssde/j25b/swift/nflics_nowcasts/2019/06/02/0500/Nowcast_201906020500_000.nc'
Skipping 2019-06-02 05:15: [Errno 2] No such file or directory: '/gws/ssde/j25b/swift/nflics_nowcasts/2019/06/02/0515/Nowcast_201906020515_000.nc'
Skipping 2019-06-02 05:30: [Errno 2] No such file or directory: '/gws/ssde/j25b/swift/nflics_nowcasts/2019/06/02/0530/Nowcast_201906020530_000.nc'
Skipping 2019-06-02 05:45: [Errno 2] No such file or directory: '/gws/ssde/j25b/swift/nflics_nowcasts/2019/06/02/0545/Nowcast_201906020545_000.nc'
Skipping 2019-06-03 05:00: [Errno 2] No such file or directory: '/gws/ssde/j25b/swift/nflics_nowcasts/2019/06/03/0500/Nowcast_201906030500_000.nc'
Skipping 2019-06-03 05:15: [Errno 2] No such file or directory: '/gws/ssde/j25b/swift/nflics_nowcasts/2019/06/03/0515/Nowcast_201906030515_000.nc'
Skipping 2019-06-03 05:30: [Errno 2] No such file or directory: '/gws/ssde/j25b/swift/nflics_nowcasts/2019/06/03/0530/Nowcast_201906030530_000.nc'
Skipping 2019-06-03 05:45: [Errno 2] No such file or directory: '/gws/ssde/j25b/swift/nflics_nowcasts/2019/06/03/0545/Nowcast_201906030545_000.nc'
Skipping 2019-06-04 05:00: [Errno 2] No such file or directory: '/gws/ssde/j25b/swift/nflics_nowcasts/2019/06/04/0500/Nowcast_201906040500_000.nc'
Skipping 2019-06-04 05:15: [Errno 2] No such file or directory: '/gws/ssde/j25b/swift/nflics_nowcasts/2019/06/04/0515/Nowcast_201906040515_000.nc'
Skipping 2019-06-04 05:30: [Errno 2] No such file or directory: '/gws/ssde/j25b/swift/nflics_nowcasts/2019/06/04/0530/Nowcast_201906040530_000.nc'
Skipping 2019-06-04 05:45: [Errno 2] No such file or directory: '/gws/ssde/j25b/swift/nflics_nowcasts/2019/06/04/0545/Nowcast_201906040545_000.nc'
Skipping 2019-06-08 05:00: [Errno 2] No such file or directory: '/gws/ssde/j25b/swift/nflics_nowcasts/2019/06/08/0500/Nowcast_201906080500_000.nc'
Skipping 2019-06-08 05:15: [Errno 2] No such file or directory: '/gws/ssde/j25b/swift/nflics_nowcasts/2019/06/08/0515/Nowcast_201906080515_000.nc'
Skipping 2019-06-08 05:30: [Errno 2] No such file or directory: '/gws/ssde/j25b/swift/nflics_nowcasts/2019/06/08/0530/Nowcast_201906080530_000.nc'
Skipping 2019-06-08 05:45: [Errno 2] No such file or directory: '/gws/ssde/j25b/swift/nflics_nowcasts/2019/06/08/0545/Nowcast_201906080545_000.nc'
Skipping 2019-06-09 05:15: [Errno 2] No such file or directory: '/gws/ssde/j25b/swift/nflics_nowcasts/2019/06/09/0515/Nowcast_201906090515_000.nc'
Skipping 2019-06-09 05:30: [Errno 2] No such file or directory: '/gws/ssde/j25b/swift/nflics_nowcasts/2019/06/09/0530/Nowcast_201906090530_000.nc'
Skipping 2019-06-10 05:00: [Errno 2] No such file or directory: '/gws/ssde/j25b/swift/nflics_nowcasts/2019/06/10/0500/Nowcast_201906100500_000.nc'
Skipping 2019-06-10 05:15: [Errno 2] No such file or directory: '/gws/ssde/j25b/swift/nflics_nowcasts/2019/06/10/0515/Nowcast_201906100515_000.nc'
Skipping 2019-06-10 05:30: [Errno 2] No such file or directory: '/gws/ssde/j25b/swift/nflics_nowcasts/2019/06/10/0530/Nowcast_201906100530_000.nc'
Skipping 2019-06-10 05:45: [Errno 2] No such file or directory: '/gws/ssde/j25b/swift/nflics_nowcasts/2019/06/10/0545/Nowcast_201906100545_000.nc'
Skipping 2019-06-11 05:00: [Errno 2] No such file or directory: '/gws/ssde/j25b/swift/nflics_nowcasts/2019/06/11/0500/Nowcast_201906110500_000.nc'
Skipping 2019-06-11 05:15: [Errno 2] No such file or directory: '/gws/ssde/j25b/swift/nflics_nowcasts/2019/06/11/0515/Nowcast_201906110515_000.nc'
Skipping 2019-06-11 05:30: [Errno 2] No such file or directory: '/gws/ssde/j25b/swift/nflics_nowcasts/2019/06/11/0530/Nowcast_201906110530_000.nc'
Skipping 2019-06-11 05:45: [Errno 2] No such file or directory: '/gws/ssde/j25b/swift/nflics_nowcasts/2019/06/11/0545/Nowcast_201906110545_000.nc'
Skipping 2019-06-12 05:00: [Errno 2] No such file or directory: '/gws/ssde/j25b/swift/nflics_nowcasts/2019/06/12/0500/Nowcast_201906120500_000.nc'
Skipping 2019-06-12 05:15: [Errno 2] No such file or directory: '/gws/ssde/j25b/swift/nflics_nowcasts/2019/06/12/0515/Nowcast_201906120515_000.nc'
Skipping 2019-06-12 05:45: [Errno 2] No such file or directory: '/gws/ssde/j25b/swift/nflics_nowcasts/2019/06/12/0545/Nowcast_201906120545_000.nc'
Skipping 2019-06-15 05:00: [Errno 2] No such file or directory: '/gws/ssde/j25b/swift/nflics_nowcasts/2019/06/15/0500/Nowcast_201906150500_000.nc'
Skipping 2019-06-15 05:15: [Errno 2] No such file or directory: '/gws/ssde/j25b/swift/nflics_nowcasts/2019/06/15/0515/Nowcast_201906150515_000.nc'
Skipping 2019-06-15 05:30: [Errno 2] No such file or directory: '/gws/ssde/j25b/swift/nflics_nowcasts/2019/06/15/0530/Nowcast_201906150530_000.nc'
Skipping 2019-06-15 05:45: [Errno 2] No such file or directory: '/gws/ssde/j25b/swift/nflics_nowcasts/2019/06/15/0545/Nowcast_201906150545_000.nc'
Skipping 2019-06-16 05:00: [Errno 2] No such file or directory: '/gws/ssde/j25b/swift/nflics_nowcasts/2019/06/16/0500/Nowcast_201906160500_000.nc'
Skipping 2019-06-16 05:15: [Errno 2] No such file or directory: '/gws/ssde/j25b/swift/nflics_nowcasts/2019/06/16/0515/Nowcast_201906160515_000.nc'
Skipping 2019-06-21 05:00: [Errno 2] No such file or directory: '/gws/ssde/j25b/swift/nflics_nowcasts/2019/06/21/0500/Nowcast_201906210500_000.nc'
Skipping 2019-06-21 05:15: [Errno 2] No such file or directory: '/gws/ssde/j25b/swift/nflics_nowcasts/2019/06/21/0515/Nowcast_201906210515_000.nc'
Skipping 2019-06-21 05:30: [Errno 2] No such file or directory: '/gws/ssde/j25b/swift/nflics_nowcasts/2019/06/21/0530/Nowcast_201906210530_000.nc'
Skipping 2019-06-21 05:45: [Errno 2] No such file or directory: '/gws/ssde/j25b/swift/nflics_nowcasts/2019/06/21/0545/Nowcast_201906210545_000.nc'
Skipping 2019-06-23 05:15: [Errno 2] No such file or directory: '/gws/ssde/j25b/swift/nflics_nowcasts/2019/06/23/0515/Nowcast_201906230515_000.nc'
Skipping 2019-06-23 05:30: [Errno 2] No such file or directory: '/gws/ssde/j25b/swift/nflics_nowcasts/2019/06/23/0530/Nowcast_201906230530_000.nc'
Skipping 2019-06-23 05:45: [Errno 2] No such file or directory: '/gws/ssde/j25b/swift/nflics_nowcasts/2019/06/23/0545/Nowcast_201906230545_000.nc'
Skipping 2019-06-27 05:00: [Errno 2] No such file or directory: '/gws/ssde/j25b/swift/nflics_nowcasts/2019/06/27/0500/Nowcast_201906270500_000.nc'
Skipping 2019-06-29 05:00: [Errno 2] No such file or directory: '/gws/ssde/j25b/swift/nflics_nowcasts/2019/06/29/0500/Nowcast_201906290500_000.nc'
Skipping 2019-06-29 05:15: [Errno 2] No such file or directory: '/gws/ssde/j25b/swift/nflics_nowcasts/2019/06/29/0515/Nowcast_201906290515_000.nc'
Skipping 2019-06-29 05:30: [Errno 2] No such file or directory: '/gws/ssde/j25b/swift/nflics_nowcasts/2019/06/29/0530/Nowcast_201906290530_000.nc'
Skipping 2019-06-29 05:45: [Errno 2] No such file or directory: '/gws/ssde/j25b/swift/nflics_nowcasts/2019/06/29/0545/Nowcast_201906290545_000.nc'
All ensemble nowcasts completed on CPU.
======================================================
 Job completed successfully at Sat 29 Nov 12:10:55 GMT 2025
======================================================
