======================================================
 Job started on host1085.jc.rl.ac.uk at Sat 29 Nov 12:11:56 GMT 2025
======================================================
Running ensemble nowcast inference:
 Lead time : 1
 Year      : 2019
 Month     : 08
 Hour      : 04
======================================================
Running on CPU with 8 threads
Loaded 5 ensemble models on CPU
Detected 56 inputs for 2019-08 04 UTC
Skipping 2019-08-01 04:00: [Errno 2] No such file or directory: '/gws/ssde/j25b/swift/nflics_nowcasts/2019/08/01/0400/Nowcast_201908010400_000.nc'
Skipping 2019-08-01 04:15: [Errno 2] No such file or directory: '/gws/ssde/j25b/swift/nflics_nowcasts/2019/08/01/0415/Nowcast_201908010415_000.nc'
Skipping 2019-08-01 04:30: [Errno 2] No such file or directory: '/gws/ssde/j25b/swift/nflics_nowcasts/2019/08/01/0430/Nowcast_201908010430_000.nc'
Skipping 2019-08-01 04:45: [Errno 2] No such file or directory: '/gws/ssde/j25b/swift/nflics_nowcasts/2019/08/01/0445/Nowcast_201908010445_000.nc'
Skipping 2019-08-02 04:00: [Errno 2] No such file or directory: '/gws/ssde/j25b/swift/nflics_nowcasts/2019/08/02/0400/Nowcast_201908020400_000.nc'
Skipping 2019-08-02 04:15: [Errno 2] No such file or directory: '/gws/ssde/j25b/swift/nflics_nowcasts/2019/08/02/0415/Nowcast_201908020415_000.nc'
Skipping 2019-08-02 04:30: [Errno 2] No such file or directory: '/gws/ssde/j25b/swift/nflics_nowcasts/2019/08/02/0430/Nowcast_201908020430_000.nc'
Skipping 2019-08-02 04:45: [Errno 2] No such file or directory: '/gws/ssde/j25b/swift/nflics_nowcasts/2019/08/02/0445/Nowcast_201908020445_000.nc'
Skipping 2019-08-06 04:00: [Errno 2] No such file or directory: '/gws/ssde/j25b/swift/nflics_nowcasts/2019/08/06/0400/Nowcast_201908060400_000.nc'
Skipping 2019-08-06 04:15: [Errno 2] No such file or directory: '/gws/ssde/j25b/swift/nflics_nowcasts/2019/08/06/0415/Nowcast_201908060415_000.nc'
Skipping 2019-08-06 04:30: [Errno 2] No such file or directory: '/gws/ssde/j25b/swift/nflics_nowcasts/2019/08/06/0430/Nowcast_201908060430_000.nc'
Skipping 2019-08-06 04:45: [Errno 2] No such file or directory: '/gws/ssde/j25b/swift/nflics_nowcasts/2019/08/06/0445/Nowcast_201908060445_000.nc'
Skipping 2019-08-11 04:00: [Errno 2] No such file or directory: '/gws/ssde/j25b/swift/nflics_nowcasts/2019/08/11/0400/Nowcast_201908110400_000.nc'
Skipping 2019-08-11 04:15: [Errno 2] No such file or directory: '/gws/ssde/j25b/swift/nflics_nowcasts/2019/08/11/0415/Nowcast_201908110415_000.nc'
Skipping 2019-08-11 04:30: [Errno 2] No such file or directory: '/gws/ssde/j25b/swift/nflics_nowcasts/2019/08/11/0430/Nowcast_201908110430_000.nc'
Skipping 2019-08-11 04:45: [Errno 2] No such file or directory: '/gws/ssde/j25b/swift/nflics_nowcasts/2019/08/11/0445/Nowcast_201908110445_000.nc'
Skipping 2019-08-15 04:30: [Errno 2] No such file or directory: '/gws/ssde/j25b/swift/nflics_nowcasts/2019/08/15/0430/Nowcast_201908150430_000.nc'
Skipping 2019-08-15 04:45: [Errno 2] No such file or directory: '/gws/ssde/j25b/swift/nflics_nowcasts/2019/08/15/0445/Nowcast_201908150445_000.nc'
Skipping 2019-08-16 04:00: [Errno 2] No such file or directory: '/gws/ssde/j25b/swift/nflics_nowcasts/2019/08/16/0400/Nowcast_201908160400_000.nc'
Skipping 2019-08-16 04:15: [Errno 2] No such file or directory: '/gws/ssde/j25b/swift/nflics_nowcasts/2019/08/16/0415/Nowcast_201908160415_000.nc'
Skipping 2019-08-16 04:30: [Errno 2] No such file or directory: '/gws/ssde/j25b/swift/nflics_nowcasts/2019/08/16/0430/Nowcast_201908160430_000.nc'
Skipping 2019-08-16 04:45: [Errno 2] No such file or directory: '/gws/ssde/j25b/swift/nflics_nowcasts/2019/08/16/0445/Nowcast_201908160445_000.nc'
Skipping 2019-08-18 04:00: [Errno 2] No such file or directory: '/gws/ssde/j25b/swift/nflics_nowcasts/2019/08/18/0400/Nowcast_201908180400_000.nc'
Skipping 2019-08-18 04:15: [Errno 2] No such file or directory: '/gws/ssde/j25b/swift/nflics_nowcasts/2019/08/18/0415/Nowcast_201908180415_000.nc'
Skipping 2019-08-18 04:30: [Errno 2] No such file or directory: '/gws/ssde/j25b/swift/nflics_nowcasts/2019/08/18/0430/Nowcast_201908180430_000.nc'
Skipping 2019-08-18 04:45: [Errno 2] No such file or directory: '/gws/ssde/j25b/swift/nflics_nowcasts/2019/08/18/0445/Nowcast_201908180445_000.nc'
Skipping 2019-08-20 04:00: [Errno 2] No such file or directory: '/gws/ssde/j25b/swift/nflics_nowcasts/2019/08/20/0400/Nowcast_201908200400_000.nc'
Skipping 2019-08-20 04:15: [Errno 2] No such file or directory: '/gws/ssde/j25b/swift/nflics_nowcasts/2019/08/20/0415/Nowcast_201908200415_000.nc'
Skipping 2019-08-20 04:30: [Errno 2] No such file or directory: '/gws/ssde/j25b/swift/nflics_nowcasts/2019/08/20/0430/Nowcast_201908200430_000.nc'
Skipping 2019-08-20 04:45: [Errno 2] No such file or directory: '/gws/ssde/j25b/swift/nflics_nowcasts/2019/08/20/0445/Nowcast_201908200445_000.nc'
Skipping 2019-08-21 04:00: [Errno 2] No such file or directory: '/gws/ssde/j25b/swift/nflics_nowcasts/2019/08/21/0400/Nowcast_201908210400_000.nc'
Skipping 2019-08-21 04:15: [Errno 2] No such file or directory: '/gws/ssde/j25b/swift/nflics_nowcasts/2019/08/21/0415/Nowcast_201908210415_000.nc'
Skipping 2019-08-21 04:30: [Errno 2] No such file or directory: '/gws/ssde/j25b/swift/nflics_nowcasts/2019/08/21/0430/Nowcast_201908210430_000.nc'
Skipping 2019-08-21 04:45: [Errno 2] No such file or directory: '/gws/ssde/j25b/swift/nflics_nowcasts/2019/08/21/0445/Nowcast_201908210445_000.nc'
Skipping 2019-08-22 04:00: [Errno 2] No such file or directory: '/gws/ssde/j25b/swift/nflics_nowcasts/2019/08/22/0400/Nowcast_201908220400_000.nc'
Skipping 2019-08-22 04:15: [Errno 2] No such file or directory: '/gws/ssde/j25b/swift/nflics_nowcasts/2019/08/22/0415/Nowcast_201908220415_000.nc'
Skipping 2019-08-22 04:30: [Errno 2] No such file or directory: '/gws/ssde/j25b/swift/nflics_nowcasts/2019/08/22/0430/Nowcast_201908220430_000.nc'
Skipping 2019-08-22 04:45: [Errno 2] No such file or directory: '/gws/ssde/j25b/swift/nflics_nowcasts/2019/08/22/0445/Nowcast_201908220445_000.nc'
Skipping 2019-08-24 04:00: [Errno 2] No such file or directory: '/gws/ssde/j25b/swift/nflics_nowcasts/2019/08/24/0400/Nowcast_201908240400_000.nc'
Skipping 2019-08-24 04:15: [Errno 2] No such file or directory: '/gws/ssde/j25b/swift/nflics_nowcasts/2019/08/24/0415/Nowcast_201908240415_000.nc'
Skipping 2019-08-24 04:30: [Errno 2] No such file or directory: '/gws/ssde/j25b/swift/nflics_nowcasts/2019/08/24/0430/Nowcast_201908240430_000.nc'
Skipping 2019-08-24 04:45: [Errno 2] No such file or directory: '/gws/ssde/j25b/swift/nflics_nowcasts/2019/08/24/0445/Nowcast_201908240445_000.nc'
Skipping 2019-08-25 04:00: [Errno 2] No such file or directory: '/gws/ssde/j25b/swift/nflics_nowcasts/2019/08/25/0400/Nowcast_201908250400_000.nc'
Skipping 2019-08-25 04:15: [Errno 2] No such file or directory: '/gws/ssde/j25b/swift/nflics_nowcasts/2019/08/25/0415/Nowcast_201908250415_000.nc'
Skipping 2019-08-25 04:30: [Errno 2] No such file or directory: '/gws/ssde/j25b/swift/nflics_nowcasts/2019/08/25/0430/Nowcast_201908250430_000.nc'
Skipping 2019-08-25 04:45: [Errno 2] No such file or directory: '/gws/ssde/j25b/swift/nflics_nowcasts/2019/08/25/0445/Nowcast_201908250445_000.nc'
Skipping 2019-08-27 04:00: [Errno 2] No such file or directory: '/gws/ssde/j25b/swift/nflics_nowcasts/2019/08/27/0400/Nowcast_201908270400_000.nc'
Skipping 2019-08-27 04:15: [Errno 2] No such file or directory: '/gws/ssde/j25b/swift/nflics_nowcasts/2019/08/27/0415/Nowcast_201908270415_000.nc'
Skipping 2019-08-28 04:00: [Errno 2] No such file or directory: '/gws/ssde/j25b/swift/nflics_nowcasts/2019/08/28/0400/Nowcast_201908280400_000.nc'
Skipping 2019-08-28 04:15: [Errno 2] No such file or directory: '/gws/ssde/j25b/swift/nflics_nowcasts/2019/08/28/0415/Nowcast_201908280415_000.nc'
Skipping 2019-08-28 04:45: [Errno 2] No such file or directory: '/gws/ssde/j25b/swift/nflics_nowcasts/2019/08/28/0445/Nowcast_201908280445_000.nc'
Skipping 2019-08-29 04:00: [Errno 2] No such file or directory: '/gws/ssde/j25b/swift/nflics_nowcasts/2019/08/29/0400/Nowcast_201908290400_000.nc'
Skipping 2019-08-29 04:15: [Errno 2] No such file or directory: '/gws/ssde/j25b/swift/nflics_nowcasts/2019/08/29/0415/Nowcast_201908290415_000.nc'
Skipping 2019-08-29 04:30: [Errno 2] No such file or directory: '/gws/ssde/j25b/swift/nflics_nowcasts/2019/08/29/0430/Nowcast_201908290430_000.nc'
Skipping 2019-08-29 04:45: [Errno 2] No such file or directory: '/gws/ssde/j25b/swift/nflics_nowcasts/2019/08/29/0445/Nowcast_201908290445_000.nc'
Skipping 2019-08-31 04:15: [Errno 2] No such file or directory: '/gws/ssde/j25b/swift/nflics_nowcasts/2019/08/31/0415/Nowcast_201908310415_000.nc'
All ensemble nowcasts completed on CPU.
======================================================
 Job completed successfully at Sat 29 Nov 12:12:03 GMT 2025
======================================================
