======================================================
 Job started on host1081.jc.rl.ac.uk at Sat 29 Nov 12:11:16 GMT 2025
======================================================
Running ensemble nowcast inference:
 Lead time : 3
 Year      : 2019
 Month     : 06
 Hour      : 22
======================================================
Running on CPU with 8 threads
Loaded 5 ensemble models on CPU
Detected 77 inputs for 2019-06 22 UTC
Skipping 2019-06-01 22:00: [Errno 2] No such file or directory: '/gws/ssde/j25b/swift/nflics_nowcasts/2019/06/01/2200/Nowcast_201906012200_000.nc'
Skipping 2019-06-01 22:15: [Errno 2] No such file or directory: '/gws/ssde/j25b/swift/nflics_nowcasts/2019/06/01/2215/Nowcast_201906012215_000.nc'
Skipping 2019-06-01 22:30: [Errno 2] No such file or directory: '/gws/ssde/j25b/swift/nflics_nowcasts/2019/06/01/2230/Nowcast_201906012230_000.nc'
Skipping 2019-06-01 22:45: [Errno 2] No such file or directory: '/gws/ssde/j25b/swift/nflics_nowcasts/2019/06/01/2245/Nowcast_201906012245_000.nc'
Skipping 2019-06-02 22:00: [Errno 2] No such file or directory: '/gws/ssde/j25b/swift/nflics_nowcasts/2019/06/02/2200/Nowcast_201906022200_000.nc'
Skipping 2019-06-02 22:15: [Errno 2] No such file or directory: '/gws/ssde/j25b/swift/nflics_nowcasts/2019/06/02/2215/Nowcast_201906022215_000.nc'
Skipping 2019-06-02 22:30: [Errno 2] No such file or directory: '/gws/ssde/j25b/swift/nflics_nowcasts/2019/06/02/2230/Nowcast_201906022230_000.nc'
Skipping 2019-06-02 22:45: [Errno 2] No such file or directory: '/gws/ssde/j25b/swift/nflics_nowcasts/2019/06/02/2245/Nowcast_201906022245_000.nc'
Skipping 2019-06-03 22:00: [Errno 2] No such file or directory: '/gws/ssde/j25b/swift/nflics_nowcasts/2019/06/03/2200/Nowcast_201906032200_000.nc'
Skipping 2019-06-03 22:15: [Errno 2] No such file or directory: '/gws/ssde/j25b/swift/nflics_nowcasts/2019/06/03/2215/Nowcast_201906032215_000.nc'
Skipping 2019-06-03 22:30: [Errno 2] No such file or directory: '/gws/ssde/j25b/swift/nflics_nowcasts/2019/06/03/2230/Nowcast_201906032230_000.nc'
Skipping 2019-06-03 22:45: [Errno 2] No such file or directory: '/gws/ssde/j25b/swift/nflics_nowcasts/2019/06/03/2245/Nowcast_201906032245_000.nc'
Skipping 2019-06-07 22:15: [Errno 2] No such file or directory: '/gws/ssde/j25b/swift/nflics_nowcasts/2019/06/07/2215/Nowcast_201906072215_000.nc'
Skipping 2019-06-07 22:30: [Errno 2] No such file or directory: '/gws/ssde/j25b/swift/nflics_nowcasts/2019/06/07/2230/Nowcast_201906072230_000.nc'
Skipping 2019-06-07 22:45: [Errno 2] No such file or directory: '/gws/ssde/j25b/swift/nflics_nowcasts/2019/06/07/2245/Nowcast_201906072245_000.nc'
Skipping 2019-06-09 22:00: [Errno 2] No such file or directory: '/gws/ssde/j25b/swift/nflics_nowcasts/2019/06/09/2200/Nowcast_201906092200_000.nc'
Skipping 2019-06-09 22:15: [Errno 2] No such file or directory: '/gws/ssde/j25b/swift/nflics_nowcasts/2019/06/09/2215/Nowcast_201906092215_000.nc'
Skipping 2019-06-09 22:30: [Errno 2] No such file or directory: '/gws/ssde/j25b/swift/nflics_nowcasts/2019/06/09/2230/Nowcast_201906092230_000.nc'
Skipping 2019-06-09 22:45: [Errno 2] No such file or directory: '/gws/ssde/j25b/swift/nflics_nowcasts/2019/06/09/2245/Nowcast_201906092245_000.nc'
Skipping 2019-06-10 22:00: [Errno 2] No such file or directory: '/gws/ssde/j25b/swift/nflics_nowcasts/2019/06/10/2200/Nowcast_201906102200_000.nc'
Skipping 2019-06-10 22:15: [Errno 2] No such file or directory: '/gws/ssde/j25b/swift/nflics_nowcasts/2019/06/10/2215/Nowcast_201906102215_000.nc'
Skipping 2019-06-10 22:30: [Errno 2] No such file or directory: '/gws/ssde/j25b/swift/nflics_nowcasts/2019/06/10/2230/Nowcast_201906102230_000.nc'
Skipping 2019-06-10 22:45: [Errno 2] No such file or directory: '/gws/ssde/j25b/swift/nflics_nowcasts/2019/06/10/2245/Nowcast_201906102245_000.nc'
Skipping 2019-06-11 22:00: [Errno 2] No such file or directory: '/gws/ssde/j25b/swift/nflics_nowcasts/2019/06/11/2200/Nowcast_201906112200_000.nc'
Skipping 2019-06-11 22:15: [Errno 2] No such file or directory: '/gws/ssde/j25b/swift/nflics_nowcasts/2019/06/11/2215/Nowcast_201906112215_000.nc'
Skipping 2019-06-11 22:30: [Errno 2] No such file or directory: '/gws/ssde/j25b/swift/nflics_nowcasts/2019/06/11/2230/Nowcast_201906112230_000.nc'
Skipping 2019-06-11 22:45: [Errno 2] No such file or directory: '/gws/ssde/j25b/swift/nflics_nowcasts/2019/06/11/2245/Nowcast_201906112245_000.nc'
Skipping 2019-06-13 22:00: [Errno 2] No such file or directory: '/gws/ssde/j25b/swift/nflics_nowcasts/2019/06/13/2200/Nowcast_201906132200_000.nc'
Skipping 2019-06-13 22:15: [Errno 2] No such file or directory: '/gws/ssde/j25b/swift/nflics_nowcasts/2019/06/13/2215/Nowcast_201906132215_000.nc'
Skipping 2019-06-14 22:00: [Errno 2] No such file or directory: '/gws/ssde/j25b/swift/nflics_nowcasts/2019/06/14/2200/Nowcast_201906142200_000.nc'
Skipping 2019-06-14 22:15: [Errno 2] No such file or directory: '/gws/ssde/j25b/swift/nflics_nowcasts/2019/06/14/2215/Nowcast_201906142215_000.nc'
Skipping 2019-06-14 22:30: [Errno 2] No such file or directory: '/gws/ssde/j25b/swift/nflics_nowcasts/2019/06/14/2230/Nowcast_201906142230_000.nc'
Skipping 2019-06-14 22:45: [Errno 2] No such file or directory: '/gws/ssde/j25b/swift/nflics_nowcasts/2019/06/14/2245/Nowcast_201906142245_000.nc'
Skipping 2019-06-15 22:15: [Errno 2] No such file or directory: '/gws/ssde/j25b/swift/nflics_nowcasts/2019/06/15/2215/Nowcast_201906152215_000.nc'
Skipping 2019-06-15 22:30: [Errno 2] No such file or directory: '/gws/ssde/j25b/swift/nflics_nowcasts/2019/06/15/2230/Nowcast_201906152230_000.nc'
Skipping 2019-06-15 22:45: [Errno 2] No such file or directory: '/gws/ssde/j25b/swift/nflics_nowcasts/2019/06/15/2245/Nowcast_201906152245_000.nc'
Skipping 2019-06-16 22:00: [Errno 2] No such file or directory: '/gws/ssde/j25b/swift/nflics_nowcasts/2019/06/16/2200/Nowcast_201906162200_000.nc'
Skipping 2019-06-16 22:15: [Errno 2] No such file or directory: '/gws/ssde/j25b/swift/nflics_nowcasts/2019/06/16/2215/Nowcast_201906162215_000.nc'
Skipping 2019-06-16 22:30: [Errno 2] No such file or directory: '/gws/ssde/j25b/swift/nflics_nowcasts/2019/06/16/2230/Nowcast_201906162230_000.nc'
Skipping 2019-06-16 22:45: [Errno 2] No such file or directory: '/gws/ssde/j25b/swift/nflics_nowcasts/2019/06/16/2245/Nowcast_201906162245_000.nc'
Skipping 2019-06-17 22:00: [Errno 2] No such file or directory: '/gws/ssde/j25b/swift/nflics_nowcasts/2019/06/17/2200/Nowcast_201906172200_000.nc'
Skipping 2019-06-17 22:15: [Errno 2] No such file or directory: '/gws/ssde/j25b/swift/nflics_nowcasts/2019/06/17/2215/Nowcast_201906172215_000.nc'
Skipping 2019-06-17 22:30: [Errno 2] No such file or directory: '/gws/ssde/j25b/swift/nflics_nowcasts/2019/06/17/2230/Nowcast_201906172230_000.nc'
Skipping 2019-06-17 22:45: [Errno 2] No such file or directory: '/gws/ssde/j25b/swift/nflics_nowcasts/2019/06/17/2245/Nowcast_201906172245_000.nc'
Skipping 2019-06-19 22:00: [Errno 2] No such file or directory: '/gws/ssde/j25b/swift/nflics_nowcasts/2019/06/19/2200/Nowcast_201906192200_000.nc'
Skipping 2019-06-19 22:15: [Errno 2] No such file or directory: '/gws/ssde/j25b/swift/nflics_nowcasts/2019/06/19/2215/Nowcast_201906192215_000.nc'
Skipping 2019-06-19 22:30: [Errno 2] No such file or directory: '/gws/ssde/j25b/swift/nflics_nowcasts/2019/06/19/2230/Nowcast_201906192230_000.nc'
Skipping 2019-06-19 22:45: [Errno 2] No such file or directory: '/gws/ssde/j25b/swift/nflics_nowcasts/2019/06/19/2245/Nowcast_201906192245_000.nc'
Skipping 2019-06-20 22:00: [Errno 2] No such file or directory: '/gws/ssde/j25b/swift/nflics_nowcasts/2019/06/20/2200/Nowcast_201906202200_000.nc'
Skipping 2019-06-20 22:15: [Errno 2] No such file or directory: '/gws/ssde/j25b/swift/nflics_nowcasts/2019/06/20/2215/Nowcast_201906202215_000.nc'
Skipping 2019-06-20 22:30: [Errno 2] No such file or directory: '/gws/ssde/j25b/swift/nflics_nowcasts/2019/06/20/2230/Nowcast_201906202230_000.nc'
Skipping 2019-06-20 22:45: [Errno 2] No such file or directory: '/gws/ssde/j25b/swift/nflics_nowcasts/2019/06/20/2245/Nowcast_201906202245_000.nc'
Skipping 2019-06-22 22:00: [Errno 2] No such file or directory: '/gws/ssde/j25b/swift/nflics_nowcasts/2019/06/22/2200/Nowcast_201906222200_000.nc'
Skipping 2019-06-22 22:15: [Errno 2] No such file or directory: '/gws/ssde/j25b/swift/nflics_nowcasts/2019/06/22/2215/Nowcast_201906222215_000.nc'
Skipping 2019-06-22 22:30: [Errno 2] No such file or directory: '/gws/ssde/j25b/swift/nflics_nowcasts/2019/06/22/2230/Nowcast_201906222230_000.nc'
Skipping 2019-06-22 22:45: [Errno 2] No such file or directory: '/gws/ssde/j25b/swift/nflics_nowcasts/2019/06/22/2245/Nowcast_201906222245_000.nc'
Skipping 2019-06-24 22:15: [Errno 2] No such file or directory: '/gws/ssde/j25b/swift/nflics_nowcasts/2019/06/24/2215/Nowcast_201906242215_000.nc'
Skipping 2019-06-26 22:00: [Errno 2] No such file or directory: '/gws/ssde/j25b/swift/nflics_nowcasts/2019/06/26/2200/Nowcast_201906262200_000.nc'
Skipping 2019-06-26 22:15: [Errno 2] No such file or directory: '/gws/ssde/j25b/swift/nflics_nowcasts/2019/06/26/2215/Nowcast_201906262215_000.nc'
Skipping 2019-06-26 22:30: [Errno 2] No such file or directory: '/gws/ssde/j25b/swift/nflics_nowcasts/2019/06/26/2230/Nowcast_201906262230_000.nc'
Skipping 2019-06-26 22:45: [Errno 2] No such file or directory: '/gws/ssde/j25b/swift/nflics_nowcasts/2019/06/26/2245/Nowcast_201906262245_000.nc'
Skipping 2019-06-27 22:00: [Errno 2] No such file or directory: '/gws/ssde/j25b/swift/nflics_nowcasts/2019/06/27/2200/Nowcast_201906272200_000.nc'
Skipping 2019-06-27 22:15: [Errno 2] No such file or directory: '/gws/ssde/j25b/swift/nflics_nowcasts/2019/06/27/2215/Nowcast_201906272215_000.nc'
Skipping 2019-06-27 22:30: [Errno 2] No such file or directory: '/gws/ssde/j25b/swift/nflics_nowcasts/2019/06/27/2230/Nowcast_201906272230_000.nc'
Skipping 2019-06-27 22:45: [Errno 2] No such file or directory: '/gws/ssde/j25b/swift/nflics_nowcasts/2019/06/27/2245/Nowcast_201906272245_000.nc'
Skipping 2019-06-28 22:00: [Errno 2] No such file or directory: '/gws/ssde/j25b/swift/nflics_nowcasts/2019/06/28/2200/Nowcast_201906282200_000.nc'
Skipping 2019-06-28 22:15: [Errno 2] No such file or directory: '/gws/ssde/j25b/swift/nflics_nowcasts/2019/06/28/2215/Nowcast_201906282215_000.nc'
Skipping 2019-06-28 22:30: [Errno 2] No such file or directory: '/gws/ssde/j25b/swift/nflics_nowcasts/2019/06/28/2230/Nowcast_201906282230_000.nc'
Skipping 2019-06-28 22:45: [Errno 2] No such file or directory: '/gws/ssde/j25b/swift/nflics_nowcasts/2019/06/28/2245/Nowcast_201906282245_000.nc'
Skipping 2019-06-29 22:00: [Errno 2] No such file or directory: '/gws/ssde/j25b/swift/nflics_nowcasts/2019/06/29/2200/Nowcast_201906292200_000.nc'
Skipping 2019-06-29 22:15: [Errno 2] No such file or directory: '/gws/ssde/j25b/swift/nflics_nowcasts/2019/06/29/2215/Nowcast_201906292215_000.nc'
Skipping 2019-06-29 22:30: [Errno 2] No such file or directory: '/gws/ssde/j25b/swift/nflics_nowcasts/2019/06/29/2230/Nowcast_201906292230_000.nc'
Skipping 2019-06-29 22:45: [Errno 2] No such file or directory: '/gws/ssde/j25b/swift/nflics_nowcasts/2019/06/29/2245/Nowcast_201906292245_000.nc'
Skipping 2019-06-30 22:00: [Errno 2] No such file or directory: '/gws/ssde/j25b/swift/nflics_nowcasts/2019/06/30/2200/Nowcast_201906302200_000.nc'
Skipping 2019-06-30 22:15: [Errno 2] No such file or directory: '/gws/ssde/j25b/swift/nflics_nowcasts/2019/06/30/2215/Nowcast_201906302215_000.nc'
Skipping 2019-06-30 22:30: [Errno 2] No such file or directory: '/gws/ssde/j25b/swift/nflics_nowcasts/2019/06/30/2230/Nowcast_201906302230_000.nc'
Skipping 2019-06-30 22:45: [Errno 2] No such file or directory: '/gws/ssde/j25b/swift/nflics_nowcasts/2019/06/30/2245/Nowcast_201906302245_000.nc'
All ensemble nowcasts completed on CPU.
======================================================
 Job completed successfully at Sat 29 Nov 12:11:24 GMT 2025
======================================================
