======================================================
 Job started on host1085.jc.rl.ac.uk at Sat 29 Nov 12:11:16 GMT 2025
======================================================
Running ensemble nowcast inference:
 Lead time : 3
 Year      : 2019
 Month     : 07
 Hour      : 07
======================================================
Running on CPU with 8 threads
Loaded 5 ensemble models on CPU
Detected 47 inputs for 2019-07 07 UTC
Skipping 2019-07-02 07:15: [Errno 2] No such file or directory: '/gws/ssde/j25b/swift/nflics_nowcasts/2019/07/02/0715/Nowcast_201907020715_000.nc'
Skipping 2019-07-02 07:30: [Errno 2] No such file or directory: '/gws/ssde/j25b/swift/nflics_nowcasts/2019/07/02/0730/Nowcast_201907020730_000.nc'
Skipping 2019-07-03 07:00: [Errno 2] No such file or directory: '/gws/ssde/j25b/swift/nflics_nowcasts/2019/07/03/0700/Nowcast_201907030700_000.nc'
Skipping 2019-07-04 07:30: [Errno 2] No such file or directory: '/gws/ssde/j25b/swift/nflics_nowcasts/2019/07/04/0730/Nowcast_201907040730_000.nc'
Skipping 2019-07-05 07:00: [Errno 2] No such file or directory: '/gws/ssde/j25b/swift/nflics_nowcasts/2019/07/05/0700/Nowcast_201907050700_000.nc'
Skipping 2019-07-05 07:15: [Errno 2] No such file or directory: '/gws/ssde/j25b/swift/nflics_nowcasts/2019/07/05/0715/Nowcast_201907050715_000.nc'
Skipping 2019-07-05 07:30: [Errno 2] No such file or directory: '/gws/ssde/j25b/swift/nflics_nowcasts/2019/07/05/0730/Nowcast_201907050730_000.nc'
Skipping 2019-07-05 07:45: [Errno 2] No such file or directory: '/gws/ssde/j25b/swift/nflics_nowcasts/2019/07/05/0745/Nowcast_201907050745_000.nc'
Skipping 2019-07-07 07:00: [Errno 2] No such file or directory: '/gws/ssde/j25b/swift/nflics_nowcasts/2019/07/07/0700/Nowcast_201907070700_000.nc'
Skipping 2019-07-07 07:15: [Errno 2] No such file or directory: '/gws/ssde/j25b/swift/nflics_nowcasts/2019/07/07/0715/Nowcast_201907070715_000.nc'
Skipping 2019-07-07 07:30: [Errno 2] No such file or directory: '/gws/ssde/j25b/swift/nflics_nowcasts/2019/07/07/0730/Nowcast_201907070730_000.nc'
Skipping 2019-07-07 07:45: [Errno 2] No such file or directory: '/gws/ssde/j25b/swift/nflics_nowcasts/2019/07/07/0745/Nowcast_201907070745_000.nc'
Skipping 2019-07-08 07:00: [Errno 2] No such file or directory: '/gws/ssde/j25b/swift/nflics_nowcasts/2019/07/08/0700/Nowcast_201907080700_000.nc'
Skipping 2019-07-08 07:15: [Errno 2] No such file or directory: '/gws/ssde/j25b/swift/nflics_nowcasts/2019/07/08/0715/Nowcast_201907080715_000.nc'
Skipping 2019-07-08 07:30: [Errno 2] No such file or directory: '/gws/ssde/j25b/swift/nflics_nowcasts/2019/07/08/0730/Nowcast_201907080730_000.nc'
Skipping 2019-07-08 07:45: [Errno 2] No such file or directory: '/gws/ssde/j25b/swift/nflics_nowcasts/2019/07/08/0745/Nowcast_201907080745_000.nc'
Skipping 2019-07-13 07:45: [Errno 2] No such file or directory: '/gws/ssde/j25b/swift/nflics_nowcasts/2019/07/13/0745/Nowcast_201907130745_000.nc'
Skipping 2019-07-16 07:00: [Errno 2] No such file or directory: '/gws/ssde/j25b/swift/nflics_nowcasts/2019/07/16/0700/Nowcast_201907160700_000.nc'
Skipping 2019-07-16 07:15: [Errno 2] No such file or directory: '/gws/ssde/j25b/swift/nflics_nowcasts/2019/07/16/0715/Nowcast_201907160715_000.nc'
Skipping 2019-07-16 07:30: [Errno 2] No such file or directory: '/gws/ssde/j25b/swift/nflics_nowcasts/2019/07/16/0730/Nowcast_201907160730_000.nc'
Skipping 2019-07-16 07:45: [Errno 2] No such file or directory: '/gws/ssde/j25b/swift/nflics_nowcasts/2019/07/16/0745/Nowcast_201907160745_000.nc'
Skipping 2019-07-19 07:00: [Errno 2] No such file or directory: '/gws/ssde/j25b/swift/nflics_nowcasts/2019/07/19/0700/Nowcast_201907190700_000.nc'
Skipping 2019-07-19 07:15: [Errno 2] No such file or directory: '/gws/ssde/j25b/swift/nflics_nowcasts/2019/07/19/0715/Nowcast_201907190715_000.nc'
Skipping 2019-07-19 07:30: [Errno 2] No such file or directory: '/gws/ssde/j25b/swift/nflics_nowcasts/2019/07/19/0730/Nowcast_201907190730_000.nc'
Skipping 2019-07-19 07:45: [Errno 2] No such file or directory: '/gws/ssde/j25b/swift/nflics_nowcasts/2019/07/19/0745/Nowcast_201907190745_000.nc'
Skipping 2019-07-23 07:00: [Errno 2] No such file or directory: '/gws/ssde/j25b/swift/nflics_nowcasts/2019/07/23/0700/Nowcast_201907230700_000.nc'
Skipping 2019-07-23 07:15: [Errno 2] No such file or directory: '/gws/ssde/j25b/swift/nflics_nowcasts/2019/07/23/0715/Nowcast_201907230715_000.nc'
Skipping 2019-07-23 07:30: [Errno 2] No such file or directory: '/gws/ssde/j25b/swift/nflics_nowcasts/2019/07/23/0730/Nowcast_201907230730_000.nc'
Skipping 2019-07-23 07:45: [Errno 2] No such file or directory: '/gws/ssde/j25b/swift/nflics_nowcasts/2019/07/23/0745/Nowcast_201907230745_000.nc'
Skipping 2019-07-24 07:15: [Errno 2] No such file or directory: '/gws/ssde/j25b/swift/nflics_nowcasts/2019/07/24/0715/Nowcast_201907240715_000.nc'
Skipping 2019-07-24 07:30: [Errno 2] No such file or directory: '/gws/ssde/j25b/swift/nflics_nowcasts/2019/07/24/0730/Nowcast_201907240730_000.nc'
Skipping 2019-07-24 07:45: [Errno 2] No such file or directory: '/gws/ssde/j25b/swift/nflics_nowcasts/2019/07/24/0745/Nowcast_201907240745_000.nc'
Skipping 2019-07-26 07:00: [Errno 2] No such file or directory: '/gws/ssde/j25b/swift/nflics_nowcasts/2019/07/26/0700/Nowcast_201907260700_000.nc'
Skipping 2019-07-26 07:15: [Errno 2] No such file or directory: '/gws/ssde/j25b/swift/nflics_nowcasts/2019/07/26/0715/Nowcast_201907260715_000.nc'
Skipping 2019-07-26 07:30: [Errno 2] No such file or directory: '/gws/ssde/j25b/swift/nflics_nowcasts/2019/07/26/0730/Nowcast_201907260730_000.nc'
Skipping 2019-07-26 07:45: [Errno 2] No such file or directory: '/gws/ssde/j25b/swift/nflics_nowcasts/2019/07/26/0745/Nowcast_201907260745_000.nc'
Skipping 2019-07-27 07:00: [Errno 2] No such file or directory: '/gws/ssde/j25b/swift/nflics_nowcasts/2019/07/27/0700/Nowcast_201907270700_000.nc'
Skipping 2019-07-27 07:15: [Errno 2] No such file or directory: '/gws/ssde/j25b/swift/nflics_nowcasts/2019/07/27/0715/Nowcast_201907270715_000.nc'
Skipping 2019-07-27 07:30: [Errno 2] No such file or directory: '/gws/ssde/j25b/swift/nflics_nowcasts/2019/07/27/0730/Nowcast_201907270730_000.nc'
Skipping 2019-07-27 07:45: [Errno 2] No such file or directory: '/gws/ssde/j25b/swift/nflics_nowcasts/2019/07/27/0745/Nowcast_201907270745_000.nc'
Skipping 2019-07-28 07:00: [Errno 2] No such file or directory: '/gws/ssde/j25b/swift/nflics_nowcasts/2019/07/28/0700/Nowcast_201907280700_000.nc'
Skipping 2019-07-28 07:15: [Errno 2] No such file or directory: '/gws/ssde/j25b/swift/nflics_nowcasts/2019/07/28/0715/Nowcast_201907280715_000.nc'
Skipping 2019-07-28 07:30: [Errno 2] No such file or directory: '/gws/ssde/j25b/swift/nflics_nowcasts/2019/07/28/0730/Nowcast_201907280730_000.nc'
Skipping 2019-07-28 07:45: [Errno 2] No such file or directory: '/gws/ssde/j25b/swift/nflics_nowcasts/2019/07/28/0745/Nowcast_201907280745_000.nc'
Skipping 2019-07-29 07:15: [Errno 2] No such file or directory: '/gws/ssde/j25b/swift/nflics_nowcasts/2019/07/29/0715/Nowcast_201907290715_000.nc'
Skipping 2019-07-31 07:15: [Errno 2] No such file or directory: '/gws/ssde/j25b/swift/nflics_nowcasts/2019/07/31/0715/Nowcast_201907310715_000.nc'
Skipping 2019-07-31 07:30: [Errno 2] No such file or directory: '/gws/ssde/j25b/swift/nflics_nowcasts/2019/07/31/0730/Nowcast_201907310730_000.nc'
All ensemble nowcasts completed on CPU.
======================================================
 Job completed successfully at Sat 29 Nov 12:11:23 GMT 2025
======================================================
