======================================================
 Job started on host1086.jc.rl.ac.uk at Sat 29 Nov 12:10:55 GMT 2025
======================================================
Running ensemble nowcast inference:
 Lead time : 3
 Year      : 2019
 Month     : 06
 Hour      : 17
======================================================
Running on CPU with 8 threads
Loaded 5 ensemble models on CPU
Detected 105 inputs for 2019-06 17 UTC
Skipping 2019-06-01 17:00: [Errno 2] No such file or directory: '/gws/ssde/j25b/swift/nflics_nowcasts/2019/06/01/1700/Nowcast_201906011700_000.nc'
Skipping 2019-06-01 17:15: [Errno 2] No such file or directory: '/gws/ssde/j25b/swift/nflics_nowcasts/2019/06/01/1715/Nowcast_201906011715_000.nc'
Skipping 2019-06-01 17:30: [Errno 2] No such file or directory: '/gws/ssde/j25b/swift/nflics_nowcasts/2019/06/01/1730/Nowcast_201906011730_000.nc'
Skipping 2019-06-01 17:45: [Errno 2] No such file or directory: '/gws/ssde/j25b/swift/nflics_nowcasts/2019/06/01/1745/Nowcast_201906011745_000.nc'
Skipping 2019-06-02 17:00: [Errno 2] No such file or directory: '/gws/ssde/j25b/swift/nflics_nowcasts/2019/06/02/1700/Nowcast_201906021700_000.nc'
Skipping 2019-06-02 17:15: [Errno 2] No such file or directory: '/gws/ssde/j25b/swift/nflics_nowcasts/2019/06/02/1715/Nowcast_201906021715_000.nc'
Skipping 2019-06-02 17:30: [Errno 2] No such file or directory: '/gws/ssde/j25b/swift/nflics_nowcasts/2019/06/02/1730/Nowcast_201906021730_000.nc'
Skipping 2019-06-02 17:45: [Errno 2] No such file or directory: '/gws/ssde/j25b/swift/nflics_nowcasts/2019/06/02/1745/Nowcast_201906021745_000.nc'
Skipping 2019-06-03 17:00: [Errno 2] No such file or directory: '/gws/ssde/j25b/swift/nflics_nowcasts/2019/06/03/1700/Nowcast_201906031700_000.nc'
Skipping 2019-06-03 17:15: [Errno 2] No such file or directory: '/gws/ssde/j25b/swift/nflics_nowcasts/2019/06/03/1715/Nowcast_201906031715_000.nc'
Skipping 2019-06-03 17:30: [Errno 2] No such file or directory: '/gws/ssde/j25b/swift/nflics_nowcasts/2019/06/03/1730/Nowcast_201906031730_000.nc'
Skipping 2019-06-03 17:45: [Errno 2] No such file or directory: '/gws/ssde/j25b/swift/nflics_nowcasts/2019/06/03/1745/Nowcast_201906031745_000.nc'
Skipping 2019-06-04 17:00: [Errno 2] No such file or directory: '/gws/ssde/j25b/swift/nflics_nowcasts/2019/06/04/1700/Nowcast_201906041700_000.nc'
Skipping 2019-06-04 17:15: [Errno 2] No such file or directory: '/gws/ssde/j25b/swift/nflics_nowcasts/2019/06/04/1715/Nowcast_201906041715_000.nc'
Skipping 2019-06-04 17:30: [Errno 2] No such file or directory: '/gws/ssde/j25b/swift/nflics_nowcasts/2019/06/04/1730/Nowcast_201906041730_000.nc'
Skipping 2019-06-05 17:00: [Errno 2] No such file or directory: '/gws/ssde/j25b/swift/nflics_nowcasts/2019/06/05/1700/Nowcast_201906051700_000.nc'
Skipping 2019-06-05 17:15: [Errno 2] No such file or directory: '/gws/ssde/j25b/swift/nflics_nowcasts/2019/06/05/1715/Nowcast_201906051715_000.nc'
Skipping 2019-06-05 17:30: [Errno 2] No such file or directory: '/gws/ssde/j25b/swift/nflics_nowcasts/2019/06/05/1730/Nowcast_201906051730_000.nc'
Skipping 2019-06-05 17:45: [Errno 2] No such file or directory: '/gws/ssde/j25b/swift/nflics_nowcasts/2019/06/05/1745/Nowcast_201906051745_000.nc'
Skipping 2019-06-06 17:00: [Errno 2] No such file or directory: '/gws/ssde/j25b/swift/nflics_nowcasts/2019/06/06/1700/Nowcast_201906061700_000.nc'
Skipping 2019-06-06 17:15: [Errno 2] No such file or directory: '/gws/ssde/j25b/swift/nflics_nowcasts/2019/06/06/1715/Nowcast_201906061715_000.nc'
Skipping 2019-06-06 17:30: [Errno 2] No such file or directory: '/gws/ssde/j25b/swift/nflics_nowcasts/2019/06/06/1730/Nowcast_201906061730_000.nc'
Skipping 2019-06-06 17:45: [Errno 2] No such file or directory: '/gws/ssde/j25b/swift/nflics_nowcasts/2019/06/06/1745/Nowcast_201906061745_000.nc'
Skipping 2019-06-07 17:00: [Errno 2] No such file or directory: '/gws/ssde/j25b/swift/nflics_nowcasts/2019/06/07/1700/Nowcast_201906071700_000.nc'
Skipping 2019-06-07 17:15: [Errno 2] No such file or directory: '/gws/ssde/j25b/swift/nflics_nowcasts/2019/06/07/1715/Nowcast_201906071715_000.nc'
Skipping 2019-06-07 17:30: [Errno 2] No such file or directory: '/gws/ssde/j25b/swift/nflics_nowcasts/2019/06/07/1730/Nowcast_201906071730_000.nc'
Skipping 2019-06-07 17:45: [Errno 2] No such file or directory: '/gws/ssde/j25b/swift/nflics_nowcasts/2019/06/07/1745/Nowcast_201906071745_000.nc'
Skipping 2019-06-09 17:00: [Errno 2] No such file or directory: '/gws/ssde/j25b/swift/nflics_nowcasts/2019/06/09/1700/Nowcast_201906091700_000.nc'
Skipping 2019-06-09 17:15: [Errno 2] No such file or directory: '/gws/ssde/j25b/swift/nflics_nowcasts/2019/06/09/1715/Nowcast_201906091715_000.nc'
Skipping 2019-06-09 17:30: [Errno 2] No such file or directory: '/gws/ssde/j25b/swift/nflics_nowcasts/2019/06/09/1730/Nowcast_201906091730_000.nc'
Skipping 2019-06-09 17:45: [Errno 2] No such file or directory: '/gws/ssde/j25b/swift/nflics_nowcasts/2019/06/09/1745/Nowcast_201906091745_000.nc'
Skipping 2019-06-10 17:00: [Errno 2] No such file or directory: '/gws/ssde/j25b/swift/nflics_nowcasts/2019/06/10/1700/Nowcast_201906101700_000.nc'
Skipping 2019-06-10 17:15: [Errno 2] No such file or directory: '/gws/ssde/j25b/swift/nflics_nowcasts/2019/06/10/1715/Nowcast_201906101715_000.nc'
Skipping 2019-06-10 17:30: [Errno 2] No such file or directory: '/gws/ssde/j25b/swift/nflics_nowcasts/2019/06/10/1730/Nowcast_201906101730_000.nc'
Skipping 2019-06-10 17:45: [Errno 2] No such file or directory: '/gws/ssde/j25b/swift/nflics_nowcasts/2019/06/10/1745/Nowcast_201906101745_000.nc'
Skipping 2019-06-11 17:00: [Errno 2] No such file or directory: '/gws/ssde/j25b/swift/nflics_nowcasts/2019/06/11/1700/Nowcast_201906111700_000.nc'
Skipping 2019-06-11 17:15: [Errno 2] No such file or directory: '/gws/ssde/j25b/swift/nflics_nowcasts/2019/06/11/1715/Nowcast_201906111715_000.nc'
Skipping 2019-06-11 17:30: [Errno 2] No such file or directory: '/gws/ssde/j25b/swift/nflics_nowcasts/2019/06/11/1730/Nowcast_201906111730_000.nc'
Skipping 2019-06-11 17:45: [Errno 2] No such file or directory: '/gws/ssde/j25b/swift/nflics_nowcasts/2019/06/11/1745/Nowcast_201906111745_000.nc'
Skipping 2019-06-12 17:00: [Errno 2] No such file or directory: '/gws/ssde/j25b/swift/nflics_nowcasts/2019/06/12/1700/Nowcast_201906121700_000.nc'
Skipping 2019-06-12 17:15: [Errno 2] No such file or directory: '/gws/ssde/j25b/swift/nflics_nowcasts/2019/06/12/1715/Nowcast_201906121715_000.nc'
Skipping 2019-06-12 17:30: [Errno 2] No such file or directory: '/gws/ssde/j25b/swift/nflics_nowcasts/2019/06/12/1730/Nowcast_201906121730_000.nc'
Skipping 2019-06-12 17:45: [Errno 2] No such file or directory: '/gws/ssde/j25b/swift/nflics_nowcasts/2019/06/12/1745/Nowcast_201906121745_000.nc'
Skipping 2019-06-13 17:00: [Errno 2] No such file or directory: '/gws/ssde/j25b/swift/nflics_nowcasts/2019/06/13/1700/Nowcast_201906131700_000.nc'
Skipping 2019-06-13 17:15: [Errno 2] No such file or directory: '/gws/ssde/j25b/swift/nflics_nowcasts/2019/06/13/1715/Nowcast_201906131715_000.nc'
Skipping 2019-06-13 17:30: [Errno 2] No such file or directory: '/gws/ssde/j25b/swift/nflics_nowcasts/2019/06/13/1730/Nowcast_201906131730_000.nc'
Skipping 2019-06-13 17:45: [Errno 2] No such file or directory: '/gws/ssde/j25b/swift/nflics_nowcasts/2019/06/13/1745/Nowcast_201906131745_000.nc'
Skipping 2019-06-14 17:00: [Errno 2] No such file or directory: '/gws/ssde/j25b/swift/nflics_nowcasts/2019/06/14/1700/Nowcast_201906141700_000.nc'
Skipping 2019-06-14 17:15: [Errno 2] No such file or directory: '/gws/ssde/j25b/swift/nflics_nowcasts/2019/06/14/1715/Nowcast_201906141715_000.nc'
Skipping 2019-06-14 17:30: [Errno 2] No such file or directory: '/gws/ssde/j25b/swift/nflics_nowcasts/2019/06/14/1730/Nowcast_201906141730_000.nc'
Skipping 2019-06-14 17:45: [Errno 2] No such file or directory: '/gws/ssde/j25b/swift/nflics_nowcasts/2019/06/14/1745/Nowcast_201906141745_000.nc'
Skipping 2019-06-15 17:00: [Errno 2] No such file or directory: '/gws/ssde/j25b/swift/nflics_nowcasts/2019/06/15/1700/Nowcast_201906151700_000.nc'
Skipping 2019-06-15 17:15: [Errno 2] No such file or directory: '/gws/ssde/j25b/swift/nflics_nowcasts/2019/06/15/1715/Nowcast_201906151715_000.nc'
Skipping 2019-06-15 17:30: [Errno 2] No such file or directory: '/gws/ssde/j25b/swift/nflics_nowcasts/2019/06/15/1730/Nowcast_201906151730_000.nc'
Skipping 2019-06-15 17:45: [Errno 2] No such file or directory: '/gws/ssde/j25b/swift/nflics_nowcasts/2019/06/15/1745/Nowcast_201906151745_000.nc'
Skipping 2019-06-16 17:00: [Errno 2] No such file or directory: '/gws/ssde/j25b/swift/nflics_nowcasts/2019/06/16/1700/Nowcast_201906161700_000.nc'
Skipping 2019-06-16 17:15: [Errno 2] No such file or directory: '/gws/ssde/j25b/swift/nflics_nowcasts/2019/06/16/1715/Nowcast_201906161715_000.nc'
Skipping 2019-06-16 17:30: [Errno 2] No such file or directory: '/gws/ssde/j25b/swift/nflics_nowcasts/2019/06/16/1730/Nowcast_201906161730_000.nc'
Skipping 2019-06-16 17:45: [Errno 2] No such file or directory: '/gws/ssde/j25b/swift/nflics_nowcasts/2019/06/16/1745/Nowcast_201906161745_000.nc'
Skipping 2019-06-17 17:00: [Errno 2] No such file or directory: '/gws/ssde/j25b/swift/nflics_nowcasts/2019/06/17/1700/Nowcast_201906171700_000.nc'
Skipping 2019-06-17 17:15: [Errno 2] No such file or directory: '/gws/ssde/j25b/swift/nflics_nowcasts/2019/06/17/1715/Nowcast_201906171715_000.nc'
Skipping 2019-06-17 17:30: [Errno 2] No such file or directory: '/gws/ssde/j25b/swift/nflics_nowcasts/2019/06/17/1730/Nowcast_201906171730_000.nc'
Skipping 2019-06-17 17:45: [Errno 2] No such file or directory: '/gws/ssde/j25b/swift/nflics_nowcasts/2019/06/17/1745/Nowcast_201906171745_000.nc'
Skipping 2019-06-18 17:15: [Errno 2] No such file or directory: '/gws/ssde/j25b/swift/nflics_nowcasts/2019/06/18/1715/Nowcast_201906181715_000.nc'
Skipping 2019-06-18 17:30: [Errno 2] No such file or directory: '/gws/ssde/j25b/swift/nflics_nowcasts/2019/06/18/1730/Nowcast_201906181730_000.nc'
Skipping 2019-06-18 17:45: [Errno 2] No such file or directory: '/gws/ssde/j25b/swift/nflics_nowcasts/2019/06/18/1745/Nowcast_201906181745_000.nc'
Skipping 2019-06-19 17:00: [Errno 2] No such file or directory: '/gws/ssde/j25b/swift/nflics_nowcasts/2019/06/19/1700/Nowcast_201906191700_000.nc'
Skipping 2019-06-19 17:15: [Errno 2] No such file or directory: '/gws/ssde/j25b/swift/nflics_nowcasts/2019/06/19/1715/Nowcast_201906191715_000.nc'
Skipping 2019-06-19 17:30: [Errno 2] No such file or directory: '/gws/ssde/j25b/swift/nflics_nowcasts/2019/06/19/1730/Nowcast_201906191730_000.nc'
Skipping 2019-06-19 17:45: [Errno 2] No such file or directory: '/gws/ssde/j25b/swift/nflics_nowcasts/2019/06/19/1745/Nowcast_201906191745_000.nc'
Skipping 2019-06-20 17:00: [Errno 2] No such file or directory: '/gws/ssde/j25b/swift/nflics_nowcasts/2019/06/20/1700/Nowcast_201906201700_000.nc'
Skipping 2019-06-20 17:15: [Errno 2] No such file or directory: '/gws/ssde/j25b/swift/nflics_nowcasts/2019/06/20/1715/Nowcast_201906201715_000.nc'
Skipping 2019-06-20 17:30: [Errno 2] No such file or directory: '/gws/ssde/j25b/swift/nflics_nowcasts/2019/06/20/1730/Nowcast_201906201730_000.nc'
Skipping 2019-06-20 17:45: [Errno 2] No such file or directory: '/gws/ssde/j25b/swift/nflics_nowcasts/2019/06/20/1745/Nowcast_201906201745_000.nc'
Skipping 2019-06-21 17:00: [Errno 2] No such file or directory: '/gws/ssde/j25b/swift/nflics_nowcasts/2019/06/21/1700/Nowcast_201906211700_000.nc'
Skipping 2019-06-21 17:15: [Errno 2] No such file or directory: '/gws/ssde/j25b/swift/nflics_nowcasts/2019/06/21/1715/Nowcast_201906211715_000.nc'
Skipping 2019-06-21 17:30: [Errno 2] No such file or directory: '/gws/ssde/j25b/swift/nflics_nowcasts/2019/06/21/1730/Nowcast_201906211730_000.nc'
Skipping 2019-06-21 17:45: [Errno 2] No such file or directory: '/gws/ssde/j25b/swift/nflics_nowcasts/2019/06/21/1745/Nowcast_201906211745_000.nc'
Skipping 2019-06-22 17:00: [Errno 2] No such file or directory: '/gws/ssde/j25b/swift/nflics_nowcasts/2019/06/22/1700/Nowcast_201906221700_000.nc'
Skipping 2019-06-22 17:15: [Errno 2] No such file or directory: '/gws/ssde/j25b/swift/nflics_nowcasts/2019/06/22/1715/Nowcast_201906221715_000.nc'
Skipping 2019-06-22 17:30: [Errno 2] No such file or directory: '/gws/ssde/j25b/swift/nflics_nowcasts/2019/06/22/1730/Nowcast_201906221730_000.nc'
Skipping 2019-06-22 17:45: [Errno 2] No such file or directory: '/gws/ssde/j25b/swift/nflics_nowcasts/2019/06/22/1745/Nowcast_201906221745_000.nc'
Skipping 2019-06-23 17:00: [Errno 2] No such file or directory: '/gws/ssde/j25b/swift/nflics_nowcasts/2019/06/23/1700/Nowcast_201906231700_000.nc'
Skipping 2019-06-24 17:00: [Errno 2] No such file or directory: '/gws/ssde/j25b/swift/nflics_nowcasts/2019/06/24/1700/Nowcast_201906241700_000.nc'
Skipping 2019-06-24 17:15: [Errno 2] No such file or directory: '/gws/ssde/j25b/swift/nflics_nowcasts/2019/06/24/1715/Nowcast_201906241715_000.nc'
Skipping 2019-06-26 17:00: [Errno 2] No such file or directory: '/gws/ssde/j25b/swift/nflics_nowcasts/2019/06/26/1700/Nowcast_201906261700_000.nc'
Skipping 2019-06-26 17:15: [Errno 2] No such file or directory: '/gws/ssde/j25b/swift/nflics_nowcasts/2019/06/26/1715/Nowcast_201906261715_000.nc'
Skipping 2019-06-26 17:30: [Errno 2] No such file or directory: '/gws/ssde/j25b/swift/nflics_nowcasts/2019/06/26/1730/Nowcast_201906261730_000.nc'
Skipping 2019-06-26 17:45: [Errno 2] No such file or directory: '/gws/ssde/j25b/swift/nflics_nowcasts/2019/06/26/1745/Nowcast_201906261745_000.nc'
Skipping 2019-06-27 17:00: [Errno 2] No such file or directory: '/gws/ssde/j25b/swift/nflics_nowcasts/2019/06/27/1700/Nowcast_201906271700_000.nc'
Skipping 2019-06-27 17:15: [Errno 2] No such file or directory: '/gws/ssde/j25b/swift/nflics_nowcasts/2019/06/27/1715/Nowcast_201906271715_000.nc'
Skipping 2019-06-27 17:30: [Errno 2] No such file or directory: '/gws/ssde/j25b/swift/nflics_nowcasts/2019/06/27/1730/Nowcast_201906271730_000.nc'
Skipping 2019-06-27 17:45: [Errno 2] No such file or directory: '/gws/ssde/j25b/swift/nflics_nowcasts/2019/06/27/1745/Nowcast_201906271745_000.nc'
Skipping 2019-06-28 17:00: [Errno 2] No such file or directory: '/gws/ssde/j25b/swift/nflics_nowcasts/2019/06/28/1700/Nowcast_201906281700_000.nc'
Skipping 2019-06-28 17:15: [Errno 2] No such file or directory: '/gws/ssde/j25b/swift/nflics_nowcasts/2019/06/28/1715/Nowcast_201906281715_000.nc'
Skipping 2019-06-28 17:30: [Errno 2] No such file or directory: '/gws/ssde/j25b/swift/nflics_nowcasts/2019/06/28/1730/Nowcast_201906281730_000.nc'
Skipping 2019-06-28 17:45: [Errno 2] No such file or directory: '/gws/ssde/j25b/swift/nflics_nowcasts/2019/06/28/1745/Nowcast_201906281745_000.nc'
Skipping 2019-06-29 17:00: [Errno 2] No such file or directory: '/gws/ssde/j25b/swift/nflics_nowcasts/2019/06/29/1700/Nowcast_201906291700_000.nc'
Skipping 2019-06-29 17:15: [Errno 2] No such file or directory: '/gws/ssde/j25b/swift/nflics_nowcasts/2019/06/29/1715/Nowcast_201906291715_000.nc'
Skipping 2019-06-29 17:30: [Errno 2] No such file or directory: '/gws/ssde/j25b/swift/nflics_nowcasts/2019/06/29/1730/Nowcast_201906291730_000.nc'
Skipping 2019-06-29 17:45: [Errno 2] No such file or directory: '/gws/ssde/j25b/swift/nflics_nowcasts/2019/06/29/1745/Nowcast_201906291745_000.nc'
Skipping 2019-06-30 17:00: [Errno 2] No such file or directory: '/gws/ssde/j25b/swift/nflics_nowcasts/2019/06/30/1700/Nowcast_201906301700_000.nc'
Skipping 2019-06-30 17:15: [Errno 2] No such file or directory: '/gws/ssde/j25b/swift/nflics_nowcasts/2019/06/30/1715/Nowcast_201906301715_000.nc'
Skipping 2019-06-30 17:30: [Errno 2] No such file or directory: '/gws/ssde/j25b/swift/nflics_nowcasts/2019/06/30/1730/Nowcast_201906301730_000.nc'
Skipping 2019-06-30 17:45: [Errno 2] No such file or directory: '/gws/ssde/j25b/swift/nflics_nowcasts/2019/06/30/1745/Nowcast_201906301745_000.nc'
All ensemble nowcasts completed on CPU.
======================================================
 Job completed successfully at Sat 29 Nov 12:11:02 GMT 2025
======================================================
