======================================================
 Job started on host1081.jc.rl.ac.uk at Sat 29 Nov 12:11:56 GMT 2025
======================================================
Running ensemble nowcast inference:
 Lead time : 3
 Year      : 2019
 Month     : 08
 Hour      : 00
======================================================
Running on CPU with 8 threads
Loaded 5 ensemble models on CPU
Detected 69 inputs for 2019-08 00 UTC
Skipping 2019-08-01 00:00: [Errno 2] No such file or directory: '/gws/ssde/j25b/swift/nflics_nowcasts/2019/08/01/0000/Nowcast_201908010000_000.nc'
Skipping 2019-08-01 00:15: [Errno 2] No such file or directory: '/gws/ssde/j25b/swift/nflics_nowcasts/2019/08/01/0015/Nowcast_201908010015_000.nc'
Skipping 2019-08-01 00:30: [Errno 2] No such file or directory: '/gws/ssde/j25b/swift/nflics_nowcasts/2019/08/01/0030/Nowcast_201908010030_000.nc'
Skipping 2019-08-01 00:45: [Errno 2] No such file or directory: '/gws/ssde/j25b/swift/nflics_nowcasts/2019/08/01/0045/Nowcast_201908010045_000.nc'
Skipping 2019-08-02 00:00: [Errno 2] No such file or directory: '/gws/ssde/j25b/swift/nflics_nowcasts/2019/08/02/0000/Nowcast_201908020000_000.nc'
Skipping 2019-08-02 00:15: [Errno 2] No such file or directory: '/gws/ssde/j25b/swift/nflics_nowcasts/2019/08/02/0015/Nowcast_201908020015_000.nc'
Skipping 2019-08-02 00:30: [Errno 2] No such file or directory: '/gws/ssde/j25b/swift/nflics_nowcasts/2019/08/02/0030/Nowcast_201908020030_000.nc'
Skipping 2019-08-02 00:45: [Errno 2] No such file or directory: '/gws/ssde/j25b/swift/nflics_nowcasts/2019/08/02/0045/Nowcast_201908020045_000.nc'
Skipping 2019-08-03 00:00: [Errno 2] No such file or directory: '/gws/ssde/j25b/swift/nflics_nowcasts/2019/08/03/0000/Nowcast_201908030000_000.nc'
Skipping 2019-08-03 00:15: [Errno 2] No such file or directory: '/gws/ssde/j25b/swift/nflics_nowcasts/2019/08/03/0015/Nowcast_201908030015_000.nc'
Skipping 2019-08-03 00:30: [Errno 2] No such file or directory: '/gws/ssde/j25b/swift/nflics_nowcasts/2019/08/03/0030/Nowcast_201908030030_000.nc'
Skipping 2019-08-06 00:00: [Errno 2] No such file or directory: '/gws/ssde/j25b/swift/nflics_nowcasts/2019/08/06/0000/Nowcast_201908060000_000.nc'
Skipping 2019-08-06 00:15: [Errno 2] No such file or directory: '/gws/ssde/j25b/swift/nflics_nowcasts/2019/08/06/0015/Nowcast_201908060015_000.nc'
Skipping 2019-08-06 00:30: [Errno 2] No such file or directory: '/gws/ssde/j25b/swift/nflics_nowcasts/2019/08/06/0030/Nowcast_201908060030_000.nc'
Skipping 2019-08-06 00:45: [Errno 2] No such file or directory: '/gws/ssde/j25b/swift/nflics_nowcasts/2019/08/06/0045/Nowcast_201908060045_000.nc'
Skipping 2019-08-07 00:00: [Errno 2] No such file or directory: '/gws/ssde/j25b/swift/nflics_nowcasts/2019/08/07/0000/Nowcast_201908070000_000.nc'
Skipping 2019-08-07 00:15: [Errno 2] No such file or directory: '/gws/ssde/j25b/swift/nflics_nowcasts/2019/08/07/0015/Nowcast_201908070015_000.nc'
Skipping 2019-08-07 00:30: [Errno 2] No such file or directory: '/gws/ssde/j25b/swift/nflics_nowcasts/2019/08/07/0030/Nowcast_201908070030_000.nc'
Skipping 2019-08-11 00:00: [Errno 2] No such file or directory: '/gws/ssde/j25b/swift/nflics_nowcasts/2019/08/11/0000/Nowcast_201908110000_000.nc'
Skipping 2019-08-11 00:15: [Errno 2] No such file or directory: '/gws/ssde/j25b/swift/nflics_nowcasts/2019/08/11/0015/Nowcast_201908110015_000.nc'
Skipping 2019-08-11 00:30: [Errno 2] No such file or directory: '/gws/ssde/j25b/swift/nflics_nowcasts/2019/08/11/0030/Nowcast_201908110030_000.nc'
Skipping 2019-08-11 00:45: [Errno 2] No such file or directory: '/gws/ssde/j25b/swift/nflics_nowcasts/2019/08/11/0045/Nowcast_201908110045_000.nc'
Skipping 2019-08-15 00:00: [Errno 2] No such file or directory: '/gws/ssde/j25b/swift/nflics_nowcasts/2019/08/15/0000/Nowcast_201908150000_000.nc'
Skipping 2019-08-15 00:15: [Errno 2] No such file or directory: '/gws/ssde/j25b/swift/nflics_nowcasts/2019/08/15/0015/Nowcast_201908150015_000.nc'
Skipping 2019-08-15 00:30: [Errno 2] No such file or directory: '/gws/ssde/j25b/swift/nflics_nowcasts/2019/08/15/0030/Nowcast_201908150030_000.nc'
Skipping 2019-08-15 00:45: [Errno 2] No such file or directory: '/gws/ssde/j25b/swift/nflics_nowcasts/2019/08/15/0045/Nowcast_201908150045_000.nc'
Skipping 2019-08-16 00:00: [Errno 2] No such file or directory: '/gws/ssde/j25b/swift/nflics_nowcasts/2019/08/16/0000/Nowcast_201908160000_000.nc'
Skipping 2019-08-16 00:15: [Errno 2] No such file or directory: '/gws/ssde/j25b/swift/nflics_nowcasts/2019/08/16/0015/Nowcast_201908160015_000.nc'
Skipping 2019-08-16 00:30: [Errno 2] No such file or directory: '/gws/ssde/j25b/swift/nflics_nowcasts/2019/08/16/0030/Nowcast_201908160030_000.nc'
Skipping 2019-08-16 00:45: [Errno 2] No such file or directory: '/gws/ssde/j25b/swift/nflics_nowcasts/2019/08/16/0045/Nowcast_201908160045_000.nc'
Skipping 2019-08-18 00:00: [Errno 2] No such file or directory: '/gws/ssde/j25b/swift/nflics_nowcasts/2019/08/18/0000/Nowcast_201908180000_000.nc'
Skipping 2019-08-18 00:15: [Errno 2] No such file or directory: '/gws/ssde/j25b/swift/nflics_nowcasts/2019/08/18/0015/Nowcast_201908180015_000.nc'
Skipping 2019-08-18 00:30: [Errno 2] No such file or directory: '/gws/ssde/j25b/swift/nflics_nowcasts/2019/08/18/0030/Nowcast_201908180030_000.nc'
Skipping 2019-08-18 00:45: [Errno 2] No such file or directory: '/gws/ssde/j25b/swift/nflics_nowcasts/2019/08/18/0045/Nowcast_201908180045_000.nc'
Skipping 2019-08-19 00:00: [Errno 2] No such file or directory: '/gws/ssde/j25b/swift/nflics_nowcasts/2019/08/19/0000/Nowcast_201908190000_000.nc'
Skipping 2019-08-20 00:00: [Errno 2] No such file or directory: '/gws/ssde/j25b/swift/nflics_nowcasts/2019/08/20/0000/Nowcast_201908200000_000.nc'
Skipping 2019-08-20 00:15: [Errno 2] No such file or directory: '/gws/ssde/j25b/swift/nflics_nowcasts/2019/08/20/0015/Nowcast_201908200015_000.nc'
Skipping 2019-08-20 00:30: [Errno 2] No such file or directory: '/gws/ssde/j25b/swift/nflics_nowcasts/2019/08/20/0030/Nowcast_201908200030_000.nc'
Skipping 2019-08-20 00:45: [Errno 2] No such file or directory: '/gws/ssde/j25b/swift/nflics_nowcasts/2019/08/20/0045/Nowcast_201908200045_000.nc'
Skipping 2019-08-21 00:00: [Errno 2] No such file or directory: '/gws/ssde/j25b/swift/nflics_nowcasts/2019/08/21/0000/Nowcast_201908210000_000.nc'
Skipping 2019-08-21 00:15: [Errno 2] No such file or directory: '/gws/ssde/j25b/swift/nflics_nowcasts/2019/08/21/0015/Nowcast_201908210015_000.nc'
Skipping 2019-08-21 00:30: [Errno 2] No such file or directory: '/gws/ssde/j25b/swift/nflics_nowcasts/2019/08/21/0030/Nowcast_201908210030_000.nc'
Skipping 2019-08-21 00:45: [Errno 2] No such file or directory: '/gws/ssde/j25b/swift/nflics_nowcasts/2019/08/21/0045/Nowcast_201908210045_000.nc'
Skipping 2019-08-22 00:00: [Errno 2] No such file or directory: '/gws/ssde/j25b/swift/nflics_nowcasts/2019/08/22/0000/Nowcast_201908220000_000.nc'
Skipping 2019-08-22 00:15: [Errno 2] No such file or directory: '/gws/ssde/j25b/swift/nflics_nowcasts/2019/08/22/0015/Nowcast_201908220015_000.nc'
Skipping 2019-08-22 00:30: [Errno 2] No such file or directory: '/gws/ssde/j25b/swift/nflics_nowcasts/2019/08/22/0030/Nowcast_201908220030_000.nc'
Skipping 2019-08-22 00:45: [Errno 2] No such file or directory: '/gws/ssde/j25b/swift/nflics_nowcasts/2019/08/22/0045/Nowcast_201908220045_000.nc'
Skipping 2019-08-24 00:00: [Errno 2] No such file or directory: '/gws/ssde/j25b/swift/nflics_nowcasts/2019/08/24/0000/Nowcast_201908240000_000.nc'
Skipping 2019-08-24 00:15: [Errno 2] No such file or directory: '/gws/ssde/j25b/swift/nflics_nowcasts/2019/08/24/0015/Nowcast_201908240015_000.nc'
Skipping 2019-08-24 00:30: [Errno 2] No such file or directory: '/gws/ssde/j25b/swift/nflics_nowcasts/2019/08/24/0030/Nowcast_201908240030_000.nc'
Skipping 2019-08-24 00:45: [Errno 2] No such file or directory: '/gws/ssde/j25b/swift/nflics_nowcasts/2019/08/24/0045/Nowcast_201908240045_000.nc'
Skipping 2019-08-25 00:00: [Errno 2] No such file or directory: '/gws/ssde/j25b/swift/nflics_nowcasts/2019/08/25/0000/Nowcast_201908250000_000.nc'
Skipping 2019-08-25 00:15: [Errno 2] No such file or directory: '/gws/ssde/j25b/swift/nflics_nowcasts/2019/08/25/0015/Nowcast_201908250015_000.nc'
Skipping 2019-08-25 00:30: [Errno 2] No such file or directory: '/gws/ssde/j25b/swift/nflics_nowcasts/2019/08/25/0030/Nowcast_201908250030_000.nc'
Skipping 2019-08-25 00:45: [Errno 2] No such file or directory: '/gws/ssde/j25b/swift/nflics_nowcasts/2019/08/25/0045/Nowcast_201908250045_000.nc'
Skipping 2019-08-28 00:00: [Errno 2] No such file or directory: '/gws/ssde/j25b/swift/nflics_nowcasts/2019/08/28/0000/Nowcast_201908280000_000.nc'
Skipping 2019-08-28 00:15: [Errno 2] No such file or directory: '/gws/ssde/j25b/swift/nflics_nowcasts/2019/08/28/0015/Nowcast_201908280015_000.nc'
Skipping 2019-08-28 00:30: [Errno 2] No such file or directory: '/gws/ssde/j25b/swift/nflics_nowcasts/2019/08/28/0030/Nowcast_201908280030_000.nc'
Skipping 2019-08-28 00:45: [Errno 2] No such file or directory: '/gws/ssde/j25b/swift/nflics_nowcasts/2019/08/28/0045/Nowcast_201908280045_000.nc'
Skipping 2019-08-29 00:00: [Errno 2] No such file or directory: '/gws/ssde/j25b/swift/nflics_nowcasts/2019/08/29/0000/Nowcast_201908290000_000.nc'
Skipping 2019-08-29 00:15: [Errno 2] No such file or directory: '/gws/ssde/j25b/swift/nflics_nowcasts/2019/08/29/0015/Nowcast_201908290015_000.nc'
Skipping 2019-08-29 00:30: [Errno 2] No such file or directory: '/gws/ssde/j25b/swift/nflics_nowcasts/2019/08/29/0030/Nowcast_201908290030_000.nc'
Skipping 2019-08-29 00:45: [Errno 2] No such file or directory: '/gws/ssde/j25b/swift/nflics_nowcasts/2019/08/29/0045/Nowcast_201908290045_000.nc'
Skipping 2019-08-30 00:00: [Errno 2] No such file or directory: '/gws/ssde/j25b/swift/nflics_nowcasts/2019/08/30/0000/Nowcast_201908300000_000.nc'
Skipping 2019-08-30 00:15: [Errno 2] No such file or directory: '/gws/ssde/j25b/swift/nflics_nowcasts/2019/08/30/0015/Nowcast_201908300015_000.nc'
Skipping 2019-08-31 00:00: [Errno 2] No such file or directory: '/gws/ssde/j25b/swift/nflics_nowcasts/2019/08/31/0000/Nowcast_201908310000_000.nc'
Skipping 2019-08-31 00:15: [Errno 2] No such file or directory: '/gws/ssde/j25b/swift/nflics_nowcasts/2019/08/31/0015/Nowcast_201908310015_000.nc'
Skipping 2019-08-31 00:30: [Errno 2] No such file or directory: '/gws/ssde/j25b/swift/nflics_nowcasts/2019/08/31/0030/Nowcast_201908310030_000.nc'
Skipping 2019-08-31 00:45: [Errno 2] No such file or directory: '/gws/ssde/j25b/swift/nflics_nowcasts/2019/08/31/0045/Nowcast_201908310045_000.nc'
All ensemble nowcasts completed on CPU.
======================================================
 Job completed successfully at Sat 29 Nov 12:12:03 GMT 2025
======================================================
