======================================================
 Job started on host1158.jc.rl.ac.uk at Sat 29 Nov 12:10:57 GMT 2025
======================================================
Running ensemble nowcast inference:
 Lead time : 1
 Year      : 2019
 Month     : 06
 Hour      : 19
======================================================
Running on CPU with 8 threads
Loaded 5 ensemble models on CPU
Detected 92 inputs for 2019-06 19 UTC
Skipping 2019-06-01 19:00: [Errno 2] No such file or directory: '/gws/ssde/j25b/swift/nflics_nowcasts/2019/06/01/1900/Nowcast_201906011900_000.nc'
Skipping 2019-06-01 19:15: [Errno 2] No such file or directory: '/gws/ssde/j25b/swift/nflics_nowcasts/2019/06/01/1915/Nowcast_201906011915_000.nc'
Skipping 2019-06-01 19:30: [Errno 2] No such file or directory: '/gws/ssde/j25b/swift/nflics_nowcasts/2019/06/01/1930/Nowcast_201906011930_000.nc'
Skipping 2019-06-01 19:45: [Errno 2] No such file or directory: '/gws/ssde/j25b/swift/nflics_nowcasts/2019/06/01/1945/Nowcast_201906011945_000.nc'
Skipping 2019-06-02 19:00: [Errno 2] No such file or directory: '/gws/ssde/j25b/swift/nflics_nowcasts/2019/06/02/1900/Nowcast_201906021900_000.nc'
Skipping 2019-06-02 19:15: [Errno 2] No such file or directory: '/gws/ssde/j25b/swift/nflics_nowcasts/2019/06/02/1915/Nowcast_201906021915_000.nc'
Skipping 2019-06-02 19:30: [Errno 2] No such file or directory: '/gws/ssde/j25b/swift/nflics_nowcasts/2019/06/02/1930/Nowcast_201906021930_000.nc'
Skipping 2019-06-02 19:45: [Errno 2] No such file or directory: '/gws/ssde/j25b/swift/nflics_nowcasts/2019/06/02/1945/Nowcast_201906021945_000.nc'
Skipping 2019-06-03 19:00: [Errno 2] No such file or directory: '/gws/ssde/j25b/swift/nflics_nowcasts/2019/06/03/1900/Nowcast_201906031900_000.nc'
Skipping 2019-06-03 19:15: [Errno 2] No such file or directory: '/gws/ssde/j25b/swift/nflics_nowcasts/2019/06/03/1915/Nowcast_201906031915_000.nc'
Skipping 2019-06-03 19:30: [Errno 2] No such file or directory: '/gws/ssde/j25b/swift/nflics_nowcasts/2019/06/03/1930/Nowcast_201906031930_000.nc'
Skipping 2019-06-03 19:45: [Errno 2] No such file or directory: '/gws/ssde/j25b/swift/nflics_nowcasts/2019/06/03/1945/Nowcast_201906031945_000.nc'
Skipping 2019-06-05 19:00: [Errno 2] No such file or directory: '/gws/ssde/j25b/swift/nflics_nowcasts/2019/06/05/1900/Nowcast_201906051900_000.nc'
Skipping 2019-06-05 19:15: [Errno 2] No such file or directory: '/gws/ssde/j25b/swift/nflics_nowcasts/2019/06/05/1915/Nowcast_201906051915_000.nc'
Skipping 2019-06-05 19:30: [Errno 2] No such file or directory: '/gws/ssde/j25b/swift/nflics_nowcasts/2019/06/05/1930/Nowcast_201906051930_000.nc'
Skipping 2019-06-06 19:00: [Errno 2] No such file or directory: '/gws/ssde/j25b/swift/nflics_nowcasts/2019/06/06/1900/Nowcast_201906061900_000.nc'
Skipping 2019-06-06 19:15: [Errno 2] No such file or directory: '/gws/ssde/j25b/swift/nflics_nowcasts/2019/06/06/1915/Nowcast_201906061915_000.nc'
Skipping 2019-06-07 19:00: [Errno 2] No such file or directory: '/gws/ssde/j25b/swift/nflics_nowcasts/2019/06/07/1900/Nowcast_201906071900_000.nc'
Skipping 2019-06-07 19:15: [Errno 2] No such file or directory: '/gws/ssde/j25b/swift/nflics_nowcasts/2019/06/07/1915/Nowcast_201906071915_000.nc'
Skipping 2019-06-07 19:30: [Errno 2] No such file or directory: '/gws/ssde/j25b/swift/nflics_nowcasts/2019/06/07/1930/Nowcast_201906071930_000.nc'
Skipping 2019-06-07 19:45: [Errno 2] No such file or directory: '/gws/ssde/j25b/swift/nflics_nowcasts/2019/06/07/1945/Nowcast_201906071945_000.nc'
Skipping 2019-06-09 19:00: [Errno 2] No such file or directory: '/gws/ssde/j25b/swift/nflics_nowcasts/2019/06/09/1900/Nowcast_201906091900_000.nc'
Skipping 2019-06-09 19:15: [Errno 2] No such file or directory: '/gws/ssde/j25b/swift/nflics_nowcasts/2019/06/09/1915/Nowcast_201906091915_000.nc'
Skipping 2019-06-09 19:30: [Errno 2] No such file or directory: '/gws/ssde/j25b/swift/nflics_nowcasts/2019/06/09/1930/Nowcast_201906091930_000.nc'
Skipping 2019-06-09 19:45: [Errno 2] No such file or directory: '/gws/ssde/j25b/swift/nflics_nowcasts/2019/06/09/1945/Nowcast_201906091945_000.nc'
Skipping 2019-06-10 19:00: [Errno 2] No such file or directory: '/gws/ssde/j25b/swift/nflics_nowcasts/2019/06/10/1900/Nowcast_201906101900_000.nc'
Skipping 2019-06-10 19:15: [Errno 2] No such file or directory: '/gws/ssde/j25b/swift/nflics_nowcasts/2019/06/10/1915/Nowcast_201906101915_000.nc'
Skipping 2019-06-10 19:30: [Errno 2] No such file or directory: '/gws/ssde/j25b/swift/nflics_nowcasts/2019/06/10/1930/Nowcast_201906101930_000.nc'
Skipping 2019-06-10 19:45: [Errno 2] No such file or directory: '/gws/ssde/j25b/swift/nflics_nowcasts/2019/06/10/1945/Nowcast_201906101945_000.nc'
Skipping 2019-06-11 19:00: [Errno 2] No such file or directory: '/gws/ssde/j25b/swift/nflics_nowcasts/2019/06/11/1900/Nowcast_201906111900_000.nc'
Skipping 2019-06-11 19:15: [Errno 2] No such file or directory: '/gws/ssde/j25b/swift/nflics_nowcasts/2019/06/11/1915/Nowcast_201906111915_000.nc'
Skipping 2019-06-11 19:30: [Errno 2] No such file or directory: '/gws/ssde/j25b/swift/nflics_nowcasts/2019/06/11/1930/Nowcast_201906111930_000.nc'
Skipping 2019-06-11 19:45: [Errno 2] No such file or directory: '/gws/ssde/j25b/swift/nflics_nowcasts/2019/06/11/1945/Nowcast_201906111945_000.nc'
Skipping 2019-06-13 19:00: [Errno 2] No such file or directory: '/gws/ssde/j25b/swift/nflics_nowcasts/2019/06/13/1900/Nowcast_201906131900_000.nc'
Skipping 2019-06-13 19:15: [Errno 2] No such file or directory: '/gws/ssde/j25b/swift/nflics_nowcasts/2019/06/13/1915/Nowcast_201906131915_000.nc'
Skipping 2019-06-13 19:30: [Errno 2] No such file or directory: '/gws/ssde/j25b/swift/nflics_nowcasts/2019/06/13/1930/Nowcast_201906131930_000.nc'
Skipping 2019-06-13 19:45: [Errno 2] No such file or directory: '/gws/ssde/j25b/swift/nflics_nowcasts/2019/06/13/1945/Nowcast_201906131945_000.nc'
Skipping 2019-06-14 19:00: [Errno 2] No such file or directory: '/gws/ssde/j25b/swift/nflics_nowcasts/2019/06/14/1900/Nowcast_201906141900_000.nc'
Skipping 2019-06-14 19:15: [Errno 2] No such file or directory: '/gws/ssde/j25b/swift/nflics_nowcasts/2019/06/14/1915/Nowcast_201906141915_000.nc'
Skipping 2019-06-14 19:30: [Errno 2] No such file or directory: '/gws/ssde/j25b/swift/nflics_nowcasts/2019/06/14/1930/Nowcast_201906141930_000.nc'
Skipping 2019-06-14 19:45: [Errno 2] No such file or directory: '/gws/ssde/j25b/swift/nflics_nowcasts/2019/06/14/1945/Nowcast_201906141945_000.nc'
Skipping 2019-06-15 19:15: [Errno 2] No such file or directory: '/gws/ssde/j25b/swift/nflics_nowcasts/2019/06/15/1915/Nowcast_201906151915_000.nc'
Skipping 2019-06-15 19:30: [Errno 2] No such file or directory: '/gws/ssde/j25b/swift/nflics_nowcasts/2019/06/15/1930/Nowcast_201906151930_000.nc'
Skipping 2019-06-15 19:45: [Errno 2] No such file or directory: '/gws/ssde/j25b/swift/nflics_nowcasts/2019/06/15/1945/Nowcast_201906151945_000.nc'
Skipping 2019-06-16 19:00: [Errno 2] No such file or directory: '/gws/ssde/j25b/swift/nflics_nowcasts/2019/06/16/1900/Nowcast_201906161900_000.nc'
Skipping 2019-06-16 19:15: [Errno 2] No such file or directory: '/gws/ssde/j25b/swift/nflics_nowcasts/2019/06/16/1915/Nowcast_201906161915_000.nc'
Skipping 2019-06-16 19:30: [Errno 2] No such file or directory: '/gws/ssde/j25b/swift/nflics_nowcasts/2019/06/16/1930/Nowcast_201906161930_000.nc'
Skipping 2019-06-16 19:45: [Errno 2] No such file or directory: '/gws/ssde/j25b/swift/nflics_nowcasts/2019/06/16/1945/Nowcast_201906161945_000.nc'
Skipping 2019-06-17 19:00: [Errno 2] No such file or directory: '/gws/ssde/j25b/swift/nflics_nowcasts/2019/06/17/1900/Nowcast_201906171900_000.nc'
Skipping 2019-06-17 19:15: [Errno 2] No such file or directory: '/gws/ssde/j25b/swift/nflics_nowcasts/2019/06/17/1915/Nowcast_201906171915_000.nc'
Skipping 2019-06-17 19:30: [Errno 2] No such file or directory: '/gws/ssde/j25b/swift/nflics_nowcasts/2019/06/17/1930/Nowcast_201906171930_000.nc'
Skipping 2019-06-17 19:45: [Errno 2] No such file or directory: '/gws/ssde/j25b/swift/nflics_nowcasts/2019/06/17/1945/Nowcast_201906171945_000.nc'
Skipping 2019-06-19 19:00: [Errno 2] No such file or directory: '/gws/ssde/j25b/swift/nflics_nowcasts/2019/06/19/1900/Nowcast_201906191900_000.nc'
Skipping 2019-06-19 19:15: [Errno 2] No such file or directory: '/gws/ssde/j25b/swift/nflics_nowcasts/2019/06/19/1915/Nowcast_201906191915_000.nc'
Skipping 2019-06-19 19:30: [Errno 2] No such file or directory: '/gws/ssde/j25b/swift/nflics_nowcasts/2019/06/19/1930/Nowcast_201906191930_000.nc'
Skipping 2019-06-19 19:45: [Errno 2] No such file or directory: '/gws/ssde/j25b/swift/nflics_nowcasts/2019/06/19/1945/Nowcast_201906191945_000.nc'
Skipping 2019-06-20 19:00: [Errno 2] No such file or directory: '/gws/ssde/j25b/swift/nflics_nowcasts/2019/06/20/1900/Nowcast_201906201900_000.nc'
Skipping 2019-06-20 19:15: [Errno 2] No such file or directory: '/gws/ssde/j25b/swift/nflics_nowcasts/2019/06/20/1915/Nowcast_201906201915_000.nc'
Skipping 2019-06-20 19:30: [Errno 2] No such file or directory: '/gws/ssde/j25b/swift/nflics_nowcasts/2019/06/20/1930/Nowcast_201906201930_000.nc'
Skipping 2019-06-20 19:45: [Errno 2] No such file or directory: '/gws/ssde/j25b/swift/nflics_nowcasts/2019/06/20/1945/Nowcast_201906201945_000.nc'
Skipping 2019-06-21 19:00: [Errno 2] No such file or directory: '/gws/ssde/j25b/swift/nflics_nowcasts/2019/06/21/1900/Nowcast_201906211900_000.nc'
Skipping 2019-06-21 19:15: [Errno 2] No such file or directory: '/gws/ssde/j25b/swift/nflics_nowcasts/2019/06/21/1915/Nowcast_201906211915_000.nc'
Skipping 2019-06-22 19:00: [Errno 2] No such file or directory: '/gws/ssde/j25b/swift/nflics_nowcasts/2019/06/22/1900/Nowcast_201906221900_000.nc'
Skipping 2019-06-22 19:15: [Errno 2] No such file or directory: '/gws/ssde/j25b/swift/nflics_nowcasts/2019/06/22/1915/Nowcast_201906221915_000.nc'
Skipping 2019-06-22 19:30: [Errno 2] No such file or directory: '/gws/ssde/j25b/swift/nflics_nowcasts/2019/06/22/1930/Nowcast_201906221930_000.nc'
Skipping 2019-06-22 19:45: [Errno 2] No such file or directory: '/gws/ssde/j25b/swift/nflics_nowcasts/2019/06/22/1945/Nowcast_201906221945_000.nc'
Skipping 2019-06-23 19:15: [Errno 2] No such file or directory: '/gws/ssde/j25b/swift/nflics_nowcasts/2019/06/23/1915/Nowcast_201906231915_000.nc'
Skipping 2019-06-23 19:30: [Errno 2] No such file or directory: '/gws/ssde/j25b/swift/nflics_nowcasts/2019/06/23/1930/Nowcast_201906231930_000.nc'
Skipping 2019-06-23 19:45: [Errno 2] No such file or directory: '/gws/ssde/j25b/swift/nflics_nowcasts/2019/06/23/1945/Nowcast_201906231945_000.nc'
Skipping 2019-06-24 19:15: [Errno 2] No such file or directory: '/gws/ssde/j25b/swift/nflics_nowcasts/2019/06/24/1915/Nowcast_201906241915_000.nc'
Skipping 2019-06-24 19:30: [Errno 2] No such file or directory: '/gws/ssde/j25b/swift/nflics_nowcasts/2019/06/24/1930/Nowcast_201906241930_000.nc'
Skipping 2019-06-24 19:45: [Errno 2] No such file or directory: '/gws/ssde/j25b/swift/nflics_nowcasts/2019/06/24/1945/Nowcast_201906241945_000.nc'
Skipping 2019-06-26 19:00: [Errno 2] No such file or directory: '/gws/ssde/j25b/swift/nflics_nowcasts/2019/06/26/1900/Nowcast_201906261900_000.nc'
Skipping 2019-06-26 19:15: [Errno 2] No such file or directory: '/gws/ssde/j25b/swift/nflics_nowcasts/2019/06/26/1915/Nowcast_201906261915_000.nc'
Skipping 2019-06-26 19:30: [Errno 2] No such file or directory: '/gws/ssde/j25b/swift/nflics_nowcasts/2019/06/26/1930/Nowcast_201906261930_000.nc'
Skipping 2019-06-26 19:45: [Errno 2] No such file or directory: '/gws/ssde/j25b/swift/nflics_nowcasts/2019/06/26/1945/Nowcast_201906261945_000.nc'
Skipping 2019-06-27 19:00: [Errno 2] No such file or directory: '/gws/ssde/j25b/swift/nflics_nowcasts/2019/06/27/1900/Nowcast_201906271900_000.nc'
Skipping 2019-06-27 19:15: [Errno 2] No such file or directory: '/gws/ssde/j25b/swift/nflics_nowcasts/2019/06/27/1915/Nowcast_201906271915_000.nc'
Skipping 2019-06-27 19:30: [Errno 2] No such file or directory: '/gws/ssde/j25b/swift/nflics_nowcasts/2019/06/27/1930/Nowcast_201906271930_000.nc'
Skipping 2019-06-27 19:45: [Errno 2] No such file or directory: '/gws/ssde/j25b/swift/nflics_nowcasts/2019/06/27/1945/Nowcast_201906271945_000.nc'
Skipping 2019-06-28 19:00: [Errno 2] No such file or directory: '/gws/ssde/j25b/swift/nflics_nowcasts/2019/06/28/1900/Nowcast_201906281900_000.nc'
Skipping 2019-06-28 19:15: [Errno 2] No such file or directory: '/gws/ssde/j25b/swift/nflics_nowcasts/2019/06/28/1915/Nowcast_201906281915_000.nc'
Skipping 2019-06-28 19:30: [Errno 2] No such file or directory: '/gws/ssde/j25b/swift/nflics_nowcasts/2019/06/28/1930/Nowcast_201906281930_000.nc'
Skipping 2019-06-28 19:45: [Errno 2] No such file or directory: '/gws/ssde/j25b/swift/nflics_nowcasts/2019/06/28/1945/Nowcast_201906281945_000.nc'
Skipping 2019-06-29 19:00: [Errno 2] No such file or directory: '/gws/ssde/j25b/swift/nflics_nowcasts/2019/06/29/1900/Nowcast_201906291900_000.nc'
Skipping 2019-06-29 19:15: [Errno 2] No such file or directory: '/gws/ssde/j25b/swift/nflics_nowcasts/2019/06/29/1915/Nowcast_201906291915_000.nc'
Skipping 2019-06-29 19:30: [Errno 2] No such file or directory: '/gws/ssde/j25b/swift/nflics_nowcasts/2019/06/29/1930/Nowcast_201906291930_000.nc'
Skipping 2019-06-29 19:45: [Errno 2] No such file or directory: '/gws/ssde/j25b/swift/nflics_nowcasts/2019/06/29/1945/Nowcast_201906291945_000.nc'
Skipping 2019-06-30 19:00: [Errno 2] No such file or directory: '/gws/ssde/j25b/swift/nflics_nowcasts/2019/06/30/1900/Nowcast_201906301900_000.nc'
Skipping 2019-06-30 19:15: [Errno 2] No such file or directory: '/gws/ssde/j25b/swift/nflics_nowcasts/2019/06/30/1915/Nowcast_201906301915_000.nc'
Skipping 2019-06-30 19:30: [Errno 2] No such file or directory: '/gws/ssde/j25b/swift/nflics_nowcasts/2019/06/30/1930/Nowcast_201906301930_000.nc'
Skipping 2019-06-30 19:45: [Errno 2] No such file or directory: '/gws/ssde/j25b/swift/nflics_nowcasts/2019/06/30/1945/Nowcast_201906301945_000.nc'
All ensemble nowcasts completed on CPU.
======================================================
 Job completed successfully at Sat 29 Nov 12:11:11 GMT 2025
======================================================
