======================================================
 Job started on host1086.jc.rl.ac.uk at Sat 29 Nov 12:11:37 GMT 2025
======================================================
Running ensemble nowcast inference:
 Lead time : 3
 Year      : 2019
 Month     : 07
 Hour      : 21
======================================================
Running on CPU with 8 threads
Loaded 5 ensemble models on CPU
Detected 100 inputs for 2019-07 21 UTC
Skipping 2019-07-01 21:00: [Errno 2] No such file or directory: '/gws/ssde/j25b/swift/nflics_nowcasts/2019/07/01/2100/Nowcast_201907012100_000.nc'
Skipping 2019-07-01 21:15: [Errno 2] No such file or directory: '/gws/ssde/j25b/swift/nflics_nowcasts/2019/07/01/2115/Nowcast_201907012115_000.nc'
Skipping 2019-07-01 21:30: [Errno 2] No such file or directory: '/gws/ssde/j25b/swift/nflics_nowcasts/2019/07/01/2130/Nowcast_201907012130_000.nc'
Skipping 2019-07-01 21:45: [Errno 2] No such file or directory: '/gws/ssde/j25b/swift/nflics_nowcasts/2019/07/01/2145/Nowcast_201907012145_000.nc'
Skipping 2019-07-02 21:00: [Errno 2] No such file or directory: '/gws/ssde/j25b/swift/nflics_nowcasts/2019/07/02/2100/Nowcast_201907022100_000.nc'
Skipping 2019-07-02 21:15: [Errno 2] No such file or directory: '/gws/ssde/j25b/swift/nflics_nowcasts/2019/07/02/2115/Nowcast_201907022115_000.nc'
Skipping 2019-07-02 21:30: [Errno 2] No such file or directory: '/gws/ssde/j25b/swift/nflics_nowcasts/2019/07/02/2130/Nowcast_201907022130_000.nc'
Skipping 2019-07-02 21:45: [Errno 2] No such file or directory: '/gws/ssde/j25b/swift/nflics_nowcasts/2019/07/02/2145/Nowcast_201907022145_000.nc'
Skipping 2019-07-04 21:00: [Errno 2] No such file or directory: '/gws/ssde/j25b/swift/nflics_nowcasts/2019/07/04/2100/Nowcast_201907042100_000.nc'
Skipping 2019-07-04 21:15: [Errno 2] No such file or directory: '/gws/ssde/j25b/swift/nflics_nowcasts/2019/07/04/2115/Nowcast_201907042115_000.nc'
Skipping 2019-07-04 21:30: [Errno 2] No such file or directory: '/gws/ssde/j25b/swift/nflics_nowcasts/2019/07/04/2130/Nowcast_201907042130_000.nc'
Skipping 2019-07-04 21:45: [Errno 2] No such file or directory: '/gws/ssde/j25b/swift/nflics_nowcasts/2019/07/04/2145/Nowcast_201907042145_000.nc'
Skipping 2019-07-05 21:00: [Errno 2] No such file or directory: '/gws/ssde/j25b/swift/nflics_nowcasts/2019/07/05/2100/Nowcast_201907052100_000.nc'
Skipping 2019-07-05 21:15: [Errno 2] No such file or directory: '/gws/ssde/j25b/swift/nflics_nowcasts/2019/07/05/2115/Nowcast_201907052115_000.nc'
Skipping 2019-07-05 21:30: [Errno 2] No such file or directory: '/gws/ssde/j25b/swift/nflics_nowcasts/2019/07/05/2130/Nowcast_201907052130_000.nc'
Skipping 2019-07-05 21:45: [Errno 2] No such file or directory: '/gws/ssde/j25b/swift/nflics_nowcasts/2019/07/05/2145/Nowcast_201907052145_000.nc'
Skipping 2019-07-07 21:00: [Errno 2] No such file or directory: '/gws/ssde/j25b/swift/nflics_nowcasts/2019/07/07/2100/Nowcast_201907072100_000.nc'
Skipping 2019-07-07 21:15: [Errno 2] No such file or directory: '/gws/ssde/j25b/swift/nflics_nowcasts/2019/07/07/2115/Nowcast_201907072115_000.nc'
Skipping 2019-07-07 21:30: [Errno 2] No such file or directory: '/gws/ssde/j25b/swift/nflics_nowcasts/2019/07/07/2130/Nowcast_201907072130_000.nc'
Skipping 2019-07-07 21:45: [Errno 2] No such file or directory: '/gws/ssde/j25b/swift/nflics_nowcasts/2019/07/07/2145/Nowcast_201907072145_000.nc'
Skipping 2019-07-08 21:00: [Errno 2] No such file or directory: '/gws/ssde/j25b/swift/nflics_nowcasts/2019/07/08/2100/Nowcast_201907082100_000.nc'
Skipping 2019-07-08 21:15: [Errno 2] No such file or directory: '/gws/ssde/j25b/swift/nflics_nowcasts/2019/07/08/2115/Nowcast_201907082115_000.nc'
Skipping 2019-07-08 21:30: [Errno 2] No such file or directory: '/gws/ssde/j25b/swift/nflics_nowcasts/2019/07/08/2130/Nowcast_201907082130_000.nc'
Skipping 2019-07-08 21:45: [Errno 2] No such file or directory: '/gws/ssde/j25b/swift/nflics_nowcasts/2019/07/08/2145/Nowcast_201907082145_000.nc'
Skipping 2019-07-10 21:00: [Errno 2] No such file or directory: '/gws/ssde/j25b/swift/nflics_nowcasts/2019/07/10/2100/Nowcast_201907102100_000.nc'
Skipping 2019-07-10 21:15: [Errno 2] No such file or directory: '/gws/ssde/j25b/swift/nflics_nowcasts/2019/07/10/2115/Nowcast_201907102115_000.nc'
Skipping 2019-07-10 21:30: [Errno 2] No such file or directory: '/gws/ssde/j25b/swift/nflics_nowcasts/2019/07/10/2130/Nowcast_201907102130_000.nc'
Skipping 2019-07-10 21:45: [Errno 2] No such file or directory: '/gws/ssde/j25b/swift/nflics_nowcasts/2019/07/10/2145/Nowcast_201907102145_000.nc'
Skipping 2019-07-11 21:00: [Errno 2] No such file or directory: '/gws/ssde/j25b/swift/nflics_nowcasts/2019/07/11/2100/Nowcast_201907112100_000.nc'
Skipping 2019-07-12 21:00: [Errno 2] No such file or directory: '/gws/ssde/j25b/swift/nflics_nowcasts/2019/07/12/2100/Nowcast_201907122100_000.nc'
Skipping 2019-07-12 21:15: [Errno 2] No such file or directory: '/gws/ssde/j25b/swift/nflics_nowcasts/2019/07/12/2115/Nowcast_201907122115_000.nc'
Skipping 2019-07-12 21:30: [Errno 2] No such file or directory: '/gws/ssde/j25b/swift/nflics_nowcasts/2019/07/12/2130/Nowcast_201907122130_000.nc'
Skipping 2019-07-12 21:45: [Errno 2] No such file or directory: '/gws/ssde/j25b/swift/nflics_nowcasts/2019/07/12/2145/Nowcast_201907122145_000.nc'
Skipping 2019-07-13 21:00: [Errno 2] No such file or directory: '/gws/ssde/j25b/swift/nflics_nowcasts/2019/07/13/2100/Nowcast_201907132100_000.nc'
Skipping 2019-07-13 21:15: [Errno 2] No such file or directory: '/gws/ssde/j25b/swift/nflics_nowcasts/2019/07/13/2115/Nowcast_201907132115_000.nc'
Skipping 2019-07-13 21:30: [Errno 2] No such file or directory: '/gws/ssde/j25b/swift/nflics_nowcasts/2019/07/13/2130/Nowcast_201907132130_000.nc'
Skipping 2019-07-15 21:00: [Errno 2] No such file or directory: '/gws/ssde/j25b/swift/nflics_nowcasts/2019/07/15/2100/Nowcast_201907152100_000.nc'
Skipping 2019-07-15 21:15: [Errno 2] No such file or directory: '/gws/ssde/j25b/swift/nflics_nowcasts/2019/07/15/2115/Nowcast_201907152115_000.nc'
Skipping 2019-07-15 21:30: [Errno 2] No such file or directory: '/gws/ssde/j25b/swift/nflics_nowcasts/2019/07/15/2130/Nowcast_201907152130_000.nc'
Skipping 2019-07-15 21:45: [Errno 2] No such file or directory: '/gws/ssde/j25b/swift/nflics_nowcasts/2019/07/15/2145/Nowcast_201907152145_000.nc'
Skipping 2019-07-16 21:00: [Errno 2] No such file or directory: '/gws/ssde/j25b/swift/nflics_nowcasts/2019/07/16/2100/Nowcast_201907162100_000.nc'
Skipping 2019-07-16 21:15: [Errno 2] No such file or directory: '/gws/ssde/j25b/swift/nflics_nowcasts/2019/07/16/2115/Nowcast_201907162115_000.nc'
Skipping 2019-07-16 21:30: [Errno 2] No such file or directory: '/gws/ssde/j25b/swift/nflics_nowcasts/2019/07/16/2130/Nowcast_201907162130_000.nc'
Skipping 2019-07-16 21:45: [Errno 2] No such file or directory: '/gws/ssde/j25b/swift/nflics_nowcasts/2019/07/16/2145/Nowcast_201907162145_000.nc'
Skipping 2019-07-17 21:00: [Errno 2] No such file or directory: '/gws/ssde/j25b/swift/nflics_nowcasts/2019/07/17/2100/Nowcast_201907172100_000.nc'
Skipping 2019-07-17 21:15: [Errno 2] No such file or directory: '/gws/ssde/j25b/swift/nflics_nowcasts/2019/07/17/2115/Nowcast_201907172115_000.nc'
Skipping 2019-07-17 21:30: [Errno 2] No such file or directory: '/gws/ssde/j25b/swift/nflics_nowcasts/2019/07/17/2130/Nowcast_201907172130_000.nc'
Skipping 2019-07-17 21:45: [Errno 2] No such file or directory: '/gws/ssde/j25b/swift/nflics_nowcasts/2019/07/17/2145/Nowcast_201907172145_000.nc'
Skipping 2019-07-18 21:00: [Errno 2] No such file or directory: '/gws/ssde/j25b/swift/nflics_nowcasts/2019/07/18/2100/Nowcast_201907182100_000.nc'
Skipping 2019-07-18 21:15: [Errno 2] No such file or directory: '/gws/ssde/j25b/swift/nflics_nowcasts/2019/07/18/2115/Nowcast_201907182115_000.nc'
Skipping 2019-07-18 21:30: [Errno 2] No such file or directory: '/gws/ssde/j25b/swift/nflics_nowcasts/2019/07/18/2130/Nowcast_201907182130_000.nc'
Skipping 2019-07-18 21:45: [Errno 2] No such file or directory: '/gws/ssde/j25b/swift/nflics_nowcasts/2019/07/18/2145/Nowcast_201907182145_000.nc'
Skipping 2019-07-20 21:00: [Errno 2] No such file or directory: '/gws/ssde/j25b/swift/nflics_nowcasts/2019/07/20/2100/Nowcast_201907202100_000.nc'
Skipping 2019-07-20 21:15: [Errno 2] No such file or directory: '/gws/ssde/j25b/swift/nflics_nowcasts/2019/07/20/2115/Nowcast_201907202115_000.nc'
Skipping 2019-07-20 21:30: [Errno 2] No such file or directory: '/gws/ssde/j25b/swift/nflics_nowcasts/2019/07/20/2130/Nowcast_201907202130_000.nc'
Skipping 2019-07-20 21:45: [Errno 2] No such file or directory: '/gws/ssde/j25b/swift/nflics_nowcasts/2019/07/20/2145/Nowcast_201907202145_000.nc'
Skipping 2019-07-21 21:00: [Errno 2] No such file or directory: '/gws/ssde/j25b/swift/nflics_nowcasts/2019/07/21/2100/Nowcast_201907212100_000.nc'
Skipping 2019-07-21 21:15: [Errno 2] No such file or directory: '/gws/ssde/j25b/swift/nflics_nowcasts/2019/07/21/2115/Nowcast_201907212115_000.nc'
Skipping 2019-07-21 21:30: [Errno 2] No such file or directory: '/gws/ssde/j25b/swift/nflics_nowcasts/2019/07/21/2130/Nowcast_201907212130_000.nc'
Skipping 2019-07-21 21:45: [Errno 2] No such file or directory: '/gws/ssde/j25b/swift/nflics_nowcasts/2019/07/21/2145/Nowcast_201907212145_000.nc'
Skipping 2019-07-22 21:00: [Errno 2] No such file or directory: '/gws/ssde/j25b/swift/nflics_nowcasts/2019/07/22/2100/Nowcast_201907222100_000.nc'
Skipping 2019-07-22 21:15: [Errno 2] No such file or directory: '/gws/ssde/j25b/swift/nflics_nowcasts/2019/07/22/2115/Nowcast_201907222115_000.nc'
Skipping 2019-07-22 21:30: [Errno 2] No such file or directory: '/gws/ssde/j25b/swift/nflics_nowcasts/2019/07/22/2130/Nowcast_201907222130_000.nc'
Skipping 2019-07-22 21:45: [Errno 2] No such file or directory: '/gws/ssde/j25b/swift/nflics_nowcasts/2019/07/22/2145/Nowcast_201907222145_000.nc'
Skipping 2019-07-23 21:00: [Errno 2] No such file or directory: '/gws/ssde/j25b/swift/nflics_nowcasts/2019/07/23/2100/Nowcast_201907232100_000.nc'
Skipping 2019-07-23 21:15: [Errno 2] No such file or directory: '/gws/ssde/j25b/swift/nflics_nowcasts/2019/07/23/2115/Nowcast_201907232115_000.nc'
Skipping 2019-07-23 21:30: [Errno 2] No such file or directory: '/gws/ssde/j25b/swift/nflics_nowcasts/2019/07/23/2130/Nowcast_201907232130_000.nc'
Skipping 2019-07-23 21:45: [Errno 2] No such file or directory: '/gws/ssde/j25b/swift/nflics_nowcasts/2019/07/23/2145/Nowcast_201907232145_000.nc'
Skipping 2019-07-24 21:00: [Errno 2] No such file or directory: '/gws/ssde/j25b/swift/nflics_nowcasts/2019/07/24/2100/Nowcast_201907242100_000.nc'
Skipping 2019-07-24 21:15: [Errno 2] No such file or directory: '/gws/ssde/j25b/swift/nflics_nowcasts/2019/07/24/2115/Nowcast_201907242115_000.nc'
Skipping 2019-07-24 21:30: [Errno 2] No such file or directory: '/gws/ssde/j25b/swift/nflics_nowcasts/2019/07/24/2130/Nowcast_201907242130_000.nc'
Skipping 2019-07-24 21:45: [Errno 2] No such file or directory: '/gws/ssde/j25b/swift/nflics_nowcasts/2019/07/24/2145/Nowcast_201907242145_000.nc'
Skipping 2019-07-25 21:00: [Errno 2] No such file or directory: '/gws/ssde/j25b/swift/nflics_nowcasts/2019/07/25/2100/Nowcast_201907252100_000.nc'
Skipping 2019-07-25 21:15: [Errno 2] No such file or directory: '/gws/ssde/j25b/swift/nflics_nowcasts/2019/07/25/2115/Nowcast_201907252115_000.nc'
Skipping 2019-07-25 21:30: [Errno 2] No such file or directory: '/gws/ssde/j25b/swift/nflics_nowcasts/2019/07/25/2130/Nowcast_201907252130_000.nc'
Skipping 2019-07-25 21:45: [Errno 2] No such file or directory: '/gws/ssde/j25b/swift/nflics_nowcasts/2019/07/25/2145/Nowcast_201907252145_000.nc'
Skipping 2019-07-26 21:00: [Errno 2] No such file or directory: '/gws/ssde/j25b/swift/nflics_nowcasts/2019/07/26/2100/Nowcast_201907262100_000.nc'
Skipping 2019-07-26 21:15: [Errno 2] No such file or directory: '/gws/ssde/j25b/swift/nflics_nowcasts/2019/07/26/2115/Nowcast_201907262115_000.nc'
Skipping 2019-07-26 21:30: [Errno 2] No such file or directory: '/gws/ssde/j25b/swift/nflics_nowcasts/2019/07/26/2130/Nowcast_201907262130_000.nc'
Skipping 2019-07-26 21:45: [Errno 2] No such file or directory: '/gws/ssde/j25b/swift/nflics_nowcasts/2019/07/26/2145/Nowcast_201907262145_000.nc'
Skipping 2019-07-27 21:00: [Errno 2] No such file or directory: '/gws/ssde/j25b/swift/nflics_nowcasts/2019/07/27/2100/Nowcast_201907272100_000.nc'
Skipping 2019-07-27 21:15: [Errno 2] No such file or directory: '/gws/ssde/j25b/swift/nflics_nowcasts/2019/07/27/2115/Nowcast_201907272115_000.nc'
Skipping 2019-07-27 21:30: [Errno 2] No such file or directory: '/gws/ssde/j25b/swift/nflics_nowcasts/2019/07/27/2130/Nowcast_201907272130_000.nc'
Skipping 2019-07-27 21:45: [Errno 2] No such file or directory: '/gws/ssde/j25b/swift/nflics_nowcasts/2019/07/27/2145/Nowcast_201907272145_000.nc'
Skipping 2019-07-28 21:00: [Errno 2] No such file or directory: '/gws/ssde/j25b/swift/nflics_nowcasts/2019/07/28/2100/Nowcast_201907282100_000.nc'
Skipping 2019-07-28 21:15: [Errno 2] No such file or directory: '/gws/ssde/j25b/swift/nflics_nowcasts/2019/07/28/2115/Nowcast_201907282115_000.nc'
Skipping 2019-07-28 21:30: [Errno 2] No such file or directory: '/gws/ssde/j25b/swift/nflics_nowcasts/2019/07/28/2130/Nowcast_201907282130_000.nc'
Skipping 2019-07-28 21:45: [Errno 2] No such file or directory: '/gws/ssde/j25b/swift/nflics_nowcasts/2019/07/28/2145/Nowcast_201907282145_000.nc'
Skipping 2019-07-29 21:00: [Errno 2] No such file or directory: '/gws/ssde/j25b/swift/nflics_nowcasts/2019/07/29/2100/Nowcast_201907292100_000.nc'
Skipping 2019-07-29 21:15: [Errno 2] No such file or directory: '/gws/ssde/j25b/swift/nflics_nowcasts/2019/07/29/2115/Nowcast_201907292115_000.nc'
Skipping 2019-07-29 21:30: [Errno 2] No such file or directory: '/gws/ssde/j25b/swift/nflics_nowcasts/2019/07/29/2130/Nowcast_201907292130_000.nc'
Skipping 2019-07-29 21:45: [Errno 2] No such file or directory: '/gws/ssde/j25b/swift/nflics_nowcasts/2019/07/29/2145/Nowcast_201907292145_000.nc'
Skipping 2019-07-30 21:00: [Errno 2] No such file or directory: '/gws/ssde/j25b/swift/nflics_nowcasts/2019/07/30/2100/Nowcast_201907302100_000.nc'
Skipping 2019-07-30 21:15: [Errno 2] No such file or directory: '/gws/ssde/j25b/swift/nflics_nowcasts/2019/07/30/2115/Nowcast_201907302115_000.nc'
Skipping 2019-07-30 21:30: [Errno 2] No such file or directory: '/gws/ssde/j25b/swift/nflics_nowcasts/2019/07/30/2130/Nowcast_201907302130_000.nc'
Skipping 2019-07-30 21:45: [Errno 2] No such file or directory: '/gws/ssde/j25b/swift/nflics_nowcasts/2019/07/30/2145/Nowcast_201907302145_000.nc'
Skipping 2019-07-31 21:00: [Errno 2] No such file or directory: '/gws/ssde/j25b/swift/nflics_nowcasts/2019/07/31/2100/Nowcast_201907312100_000.nc'
Skipping 2019-07-31 21:15: [Errno 2] No such file or directory: '/gws/ssde/j25b/swift/nflics_nowcasts/2019/07/31/2115/Nowcast_201907312115_000.nc'
Skipping 2019-07-31 21:30: [Errno 2] No such file or directory: '/gws/ssde/j25b/swift/nflics_nowcasts/2019/07/31/2130/Nowcast_201907312130_000.nc'
Skipping 2019-07-31 21:45: [Errno 2] No such file or directory: '/gws/ssde/j25b/swift/nflics_nowcasts/2019/07/31/2145/Nowcast_201907312145_000.nc'
All ensemble nowcasts completed on CPU.
======================================================
 Job completed successfully at Sat 29 Nov 12:11:44 GMT 2025
======================================================
