======================================================
 Job started on host1085.jc.rl.ac.uk at Sat 29 Nov 12:11:36 GMT 2025
======================================================
Running ensemble nowcast inference:
 Lead time : 3
 Year      : 2019
 Month     : 07
 Hour      : 19
======================================================
Running on CPU with 8 threads
Loaded 5 ensemble models on CPU
Detected 106 inputs for 2019-07 19 UTC
Skipping 2019-07-01 19:00: [Errno 2] No such file or directory: '/gws/ssde/j25b/swift/nflics_nowcasts/2019/07/01/1900/Nowcast_201907011900_000.nc'
Skipping 2019-07-01 19:15: [Errno 2] No such file or directory: '/gws/ssde/j25b/swift/nflics_nowcasts/2019/07/01/1915/Nowcast_201907011915_000.nc'
Skipping 2019-07-01 19:30: [Errno 2] No such file or directory: '/gws/ssde/j25b/swift/nflics_nowcasts/2019/07/01/1930/Nowcast_201907011930_000.nc'
Skipping 2019-07-01 19:45: [Errno 2] No such file or directory: '/gws/ssde/j25b/swift/nflics_nowcasts/2019/07/01/1945/Nowcast_201907011945_000.nc'
Skipping 2019-07-02 19:00: [Errno 2] No such file or directory: '/gws/ssde/j25b/swift/nflics_nowcasts/2019/07/02/1900/Nowcast_201907021900_000.nc'
Skipping 2019-07-02 19:15: [Errno 2] No such file or directory: '/gws/ssde/j25b/swift/nflics_nowcasts/2019/07/02/1915/Nowcast_201907021915_000.nc'
Skipping 2019-07-02 19:30: [Errno 2] No such file or directory: '/gws/ssde/j25b/swift/nflics_nowcasts/2019/07/02/1930/Nowcast_201907021930_000.nc'
Skipping 2019-07-02 19:45: [Errno 2] No such file or directory: '/gws/ssde/j25b/swift/nflics_nowcasts/2019/07/02/1945/Nowcast_201907021945_000.nc'
Skipping 2019-07-04 19:00: [Errno 2] No such file or directory: '/gws/ssde/j25b/swift/nflics_nowcasts/2019/07/04/1900/Nowcast_201907041900_000.nc'
Skipping 2019-07-04 19:15: [Errno 2] No such file or directory: '/gws/ssde/j25b/swift/nflics_nowcasts/2019/07/04/1915/Nowcast_201907041915_000.nc'
Skipping 2019-07-04 19:30: [Errno 2] No such file or directory: '/gws/ssde/j25b/swift/nflics_nowcasts/2019/07/04/1930/Nowcast_201907041930_000.nc'
Skipping 2019-07-04 19:45: [Errno 2] No such file or directory: '/gws/ssde/j25b/swift/nflics_nowcasts/2019/07/04/1945/Nowcast_201907041945_000.nc'
Skipping 2019-07-05 19:00: [Errno 2] No such file or directory: '/gws/ssde/j25b/swift/nflics_nowcasts/2019/07/05/1900/Nowcast_201907051900_000.nc'
Skipping 2019-07-05 19:15: [Errno 2] No such file or directory: '/gws/ssde/j25b/swift/nflics_nowcasts/2019/07/05/1915/Nowcast_201907051915_000.nc'
Skipping 2019-07-05 19:30: [Errno 2] No such file or directory: '/gws/ssde/j25b/swift/nflics_nowcasts/2019/07/05/1930/Nowcast_201907051930_000.nc'
Skipping 2019-07-05 19:45: [Errno 2] No such file or directory: '/gws/ssde/j25b/swift/nflics_nowcasts/2019/07/05/1945/Nowcast_201907051945_000.nc'
Skipping 2019-07-07 19:00: [Errno 2] No such file or directory: '/gws/ssde/j25b/swift/nflics_nowcasts/2019/07/07/1900/Nowcast_201907071900_000.nc'
Skipping 2019-07-07 19:15: [Errno 2] No such file or directory: '/gws/ssde/j25b/swift/nflics_nowcasts/2019/07/07/1915/Nowcast_201907071915_000.nc'
Skipping 2019-07-07 19:30: [Errno 2] No such file or directory: '/gws/ssde/j25b/swift/nflics_nowcasts/2019/07/07/1930/Nowcast_201907071930_000.nc'
Skipping 2019-07-07 19:45: [Errno 2] No such file or directory: '/gws/ssde/j25b/swift/nflics_nowcasts/2019/07/07/1945/Nowcast_201907071945_000.nc'
Skipping 2019-07-08 19:00: [Errno 2] No such file or directory: '/gws/ssde/j25b/swift/nflics_nowcasts/2019/07/08/1900/Nowcast_201907081900_000.nc'
Skipping 2019-07-08 19:15: [Errno 2] No such file or directory: '/gws/ssde/j25b/swift/nflics_nowcasts/2019/07/08/1915/Nowcast_201907081915_000.nc'
Skipping 2019-07-08 19:30: [Errno 2] No such file or directory: '/gws/ssde/j25b/swift/nflics_nowcasts/2019/07/08/1930/Nowcast_201907081930_000.nc'
Skipping 2019-07-08 19:45: [Errno 2] No such file or directory: '/gws/ssde/j25b/swift/nflics_nowcasts/2019/07/08/1945/Nowcast_201907081945_000.nc'
Skipping 2019-07-11 19:00: [Errno 2] No such file or directory: '/gws/ssde/j25b/swift/nflics_nowcasts/2019/07/11/1900/Nowcast_201907111900_000.nc'
Skipping 2019-07-11 19:15: [Errno 2] No such file or directory: '/gws/ssde/j25b/swift/nflics_nowcasts/2019/07/11/1915/Nowcast_201907111915_000.nc'
Skipping 2019-07-11 19:30: [Errno 2] No such file or directory: '/gws/ssde/j25b/swift/nflics_nowcasts/2019/07/11/1930/Nowcast_201907111930_000.nc'
Skipping 2019-07-11 19:45: [Errno 2] No such file or directory: '/gws/ssde/j25b/swift/nflics_nowcasts/2019/07/11/1945/Nowcast_201907111945_000.nc'
Skipping 2019-07-12 19:00: [Errno 2] No such file or directory: '/gws/ssde/j25b/swift/nflics_nowcasts/2019/07/12/1900/Nowcast_201907121900_000.nc'
Skipping 2019-07-12 19:15: [Errno 2] No such file or directory: '/gws/ssde/j25b/swift/nflics_nowcasts/2019/07/12/1915/Nowcast_201907121915_000.nc'
Skipping 2019-07-12 19:30: [Errno 2] No such file or directory: '/gws/ssde/j25b/swift/nflics_nowcasts/2019/07/12/1930/Nowcast_201907121930_000.nc'
Skipping 2019-07-12 19:45: [Errno 2] No such file or directory: '/gws/ssde/j25b/swift/nflics_nowcasts/2019/07/12/1945/Nowcast_201907121945_000.nc'
Skipping 2019-07-13 19:00: [Errno 2] No such file or directory: '/gws/ssde/j25b/swift/nflics_nowcasts/2019/07/13/1900/Nowcast_201907131900_000.nc'
Skipping 2019-07-13 19:15: [Errno 2] No such file or directory: '/gws/ssde/j25b/swift/nflics_nowcasts/2019/07/13/1915/Nowcast_201907131915_000.nc'
Skipping 2019-07-13 19:30: [Errno 2] No such file or directory: '/gws/ssde/j25b/swift/nflics_nowcasts/2019/07/13/1930/Nowcast_201907131930_000.nc'
Skipping 2019-07-13 19:45: [Errno 2] No such file or directory: '/gws/ssde/j25b/swift/nflics_nowcasts/2019/07/13/1945/Nowcast_201907131945_000.nc'
Skipping 2019-07-14 19:00: [Errno 2] No such file or directory: '/gws/ssde/j25b/swift/nflics_nowcasts/2019/07/14/1900/Nowcast_201907141900_000.nc'
Skipping 2019-07-14 19:15: [Errno 2] No such file or directory: '/gws/ssde/j25b/swift/nflics_nowcasts/2019/07/14/1915/Nowcast_201907141915_000.nc'
Skipping 2019-07-14 19:30: [Errno 2] No such file or directory: '/gws/ssde/j25b/swift/nflics_nowcasts/2019/07/14/1930/Nowcast_201907141930_000.nc'
Skipping 2019-07-14 19:45: [Errno 2] No such file or directory: '/gws/ssde/j25b/swift/nflics_nowcasts/2019/07/14/1945/Nowcast_201907141945_000.nc'
Skipping 2019-07-15 19:00: [Errno 2] No such file or directory: '/gws/ssde/j25b/swift/nflics_nowcasts/2019/07/15/1900/Nowcast_201907151900_000.nc'
Skipping 2019-07-15 19:15: [Errno 2] No such file or directory: '/gws/ssde/j25b/swift/nflics_nowcasts/2019/07/15/1915/Nowcast_201907151915_000.nc'
Skipping 2019-07-15 19:30: [Errno 2] No such file or directory: '/gws/ssde/j25b/swift/nflics_nowcasts/2019/07/15/1930/Nowcast_201907151930_000.nc'
Skipping 2019-07-15 19:45: [Errno 2] No such file or directory: '/gws/ssde/j25b/swift/nflics_nowcasts/2019/07/15/1945/Nowcast_201907151945_000.nc'
Skipping 2019-07-16 19:00: [Errno 2] No such file or directory: '/gws/ssde/j25b/swift/nflics_nowcasts/2019/07/16/1900/Nowcast_201907161900_000.nc'
Skipping 2019-07-16 19:15: [Errno 2] No such file or directory: '/gws/ssde/j25b/swift/nflics_nowcasts/2019/07/16/1915/Nowcast_201907161915_000.nc'
Skipping 2019-07-16 19:30: [Errno 2] No such file or directory: '/gws/ssde/j25b/swift/nflics_nowcasts/2019/07/16/1930/Nowcast_201907161930_000.nc'
Skipping 2019-07-16 19:45: [Errno 2] No such file or directory: '/gws/ssde/j25b/swift/nflics_nowcasts/2019/07/16/1945/Nowcast_201907161945_000.nc'
Skipping 2019-07-17 19:00: [Errno 2] No such file or directory: '/gws/ssde/j25b/swift/nflics_nowcasts/2019/07/17/1900/Nowcast_201907171900_000.nc'
Skipping 2019-07-17 19:15: [Errno 2] No such file or directory: '/gws/ssde/j25b/swift/nflics_nowcasts/2019/07/17/1915/Nowcast_201907171915_000.nc'
Skipping 2019-07-17 19:30: [Errno 2] No such file or directory: '/gws/ssde/j25b/swift/nflics_nowcasts/2019/07/17/1930/Nowcast_201907171930_000.nc'
Skipping 2019-07-17 19:45: [Errno 2] No such file or directory: '/gws/ssde/j25b/swift/nflics_nowcasts/2019/07/17/1945/Nowcast_201907171945_000.nc'
Skipping 2019-07-18 19:00: [Errno 2] No such file or directory: '/gws/ssde/j25b/swift/nflics_nowcasts/2019/07/18/1900/Nowcast_201907181900_000.nc'
Skipping 2019-07-18 19:15: [Errno 2] No such file or directory: '/gws/ssde/j25b/swift/nflics_nowcasts/2019/07/18/1915/Nowcast_201907181915_000.nc'
Skipping 2019-07-18 19:30: [Errno 2] No such file or directory: '/gws/ssde/j25b/swift/nflics_nowcasts/2019/07/18/1930/Nowcast_201907181930_000.nc'
Skipping 2019-07-18 19:45: [Errno 2] No such file or directory: '/gws/ssde/j25b/swift/nflics_nowcasts/2019/07/18/1945/Nowcast_201907181945_000.nc'
Skipping 2019-07-19 19:00: [Errno 2] No such file or directory: '/gws/ssde/j25b/swift/nflics_nowcasts/2019/07/19/1900/Nowcast_201907191900_000.nc'
Skipping 2019-07-19 19:15: [Errno 2] No such file or directory: '/gws/ssde/j25b/swift/nflics_nowcasts/2019/07/19/1915/Nowcast_201907191915_000.nc'
Skipping 2019-07-20 19:00: [Errno 2] No such file or directory: '/gws/ssde/j25b/swift/nflics_nowcasts/2019/07/20/1900/Nowcast_201907201900_000.nc'
Skipping 2019-07-20 19:15: [Errno 2] No such file or directory: '/gws/ssde/j25b/swift/nflics_nowcasts/2019/07/20/1915/Nowcast_201907201915_000.nc'
Skipping 2019-07-20 19:30: [Errno 2] No such file or directory: '/gws/ssde/j25b/swift/nflics_nowcasts/2019/07/20/1930/Nowcast_201907201930_000.nc'
Skipping 2019-07-20 19:45: [Errno 2] No such file or directory: '/gws/ssde/j25b/swift/nflics_nowcasts/2019/07/20/1945/Nowcast_201907201945_000.nc'
Skipping 2019-07-21 19:00: [Errno 2] No such file or directory: '/gws/ssde/j25b/swift/nflics_nowcasts/2019/07/21/1900/Nowcast_201907211900_000.nc'
Skipping 2019-07-21 19:15: [Errno 2] No such file or directory: '/gws/ssde/j25b/swift/nflics_nowcasts/2019/07/21/1915/Nowcast_201907211915_000.nc'
Skipping 2019-07-21 19:30: [Errno 2] No such file or directory: '/gws/ssde/j25b/swift/nflics_nowcasts/2019/07/21/1930/Nowcast_201907211930_000.nc'
Skipping 2019-07-21 19:45: [Errno 2] No such file or directory: '/gws/ssde/j25b/swift/nflics_nowcasts/2019/07/21/1945/Nowcast_201907211945_000.nc'
Skipping 2019-07-22 19:00: [Errno 2] No such file or directory: '/gws/ssde/j25b/swift/nflics_nowcasts/2019/07/22/1900/Nowcast_201907221900_000.nc'
Skipping 2019-07-22 19:15: [Errno 2] No such file or directory: '/gws/ssde/j25b/swift/nflics_nowcasts/2019/07/22/1915/Nowcast_201907221915_000.nc'
Skipping 2019-07-22 19:30: [Errno 2] No such file or directory: '/gws/ssde/j25b/swift/nflics_nowcasts/2019/07/22/1930/Nowcast_201907221930_000.nc'
Skipping 2019-07-22 19:45: [Errno 2] No such file or directory: '/gws/ssde/j25b/swift/nflics_nowcasts/2019/07/22/1945/Nowcast_201907221945_000.nc'
Skipping 2019-07-23 19:00: [Errno 2] No such file or directory: '/gws/ssde/j25b/swift/nflics_nowcasts/2019/07/23/1900/Nowcast_201907231900_000.nc'
Skipping 2019-07-23 19:15: [Errno 2] No such file or directory: '/gws/ssde/j25b/swift/nflics_nowcasts/2019/07/23/1915/Nowcast_201907231915_000.nc'
Skipping 2019-07-23 19:30: [Errno 2] No such file or directory: '/gws/ssde/j25b/swift/nflics_nowcasts/2019/07/23/1930/Nowcast_201907231930_000.nc'
Skipping 2019-07-23 19:45: [Errno 2] No such file or directory: '/gws/ssde/j25b/swift/nflics_nowcasts/2019/07/23/1945/Nowcast_201907231945_000.nc'
Skipping 2019-07-24 19:00: [Errno 2] No such file or directory: '/gws/ssde/j25b/swift/nflics_nowcasts/2019/07/24/1900/Nowcast_201907241900_000.nc'
Skipping 2019-07-24 19:15: [Errno 2] No such file or directory: '/gws/ssde/j25b/swift/nflics_nowcasts/2019/07/24/1915/Nowcast_201907241915_000.nc'
Skipping 2019-07-24 19:30: [Errno 2] No such file or directory: '/gws/ssde/j25b/swift/nflics_nowcasts/2019/07/24/1930/Nowcast_201907241930_000.nc'
Skipping 2019-07-24 19:45: [Errno 2] No such file or directory: '/gws/ssde/j25b/swift/nflics_nowcasts/2019/07/24/1945/Nowcast_201907241945_000.nc'
Skipping 2019-07-25 19:00: [Errno 2] No such file or directory: '/gws/ssde/j25b/swift/nflics_nowcasts/2019/07/25/1900/Nowcast_201907251900_000.nc'
Skipping 2019-07-25 19:15: [Errno 2] No such file or directory: '/gws/ssde/j25b/swift/nflics_nowcasts/2019/07/25/1915/Nowcast_201907251915_000.nc'
Skipping 2019-07-25 19:30: [Errno 2] No such file or directory: '/gws/ssde/j25b/swift/nflics_nowcasts/2019/07/25/1930/Nowcast_201907251930_000.nc'
Skipping 2019-07-25 19:45: [Errno 2] No such file or directory: '/gws/ssde/j25b/swift/nflics_nowcasts/2019/07/25/1945/Nowcast_201907251945_000.nc'
Skipping 2019-07-26 19:00: [Errno 2] No such file or directory: '/gws/ssde/j25b/swift/nflics_nowcasts/2019/07/26/1900/Nowcast_201907261900_000.nc'
Skipping 2019-07-26 19:15: [Errno 2] No such file or directory: '/gws/ssde/j25b/swift/nflics_nowcasts/2019/07/26/1915/Nowcast_201907261915_000.nc'
Skipping 2019-07-26 19:30: [Errno 2] No such file or directory: '/gws/ssde/j25b/swift/nflics_nowcasts/2019/07/26/1930/Nowcast_201907261930_000.nc'
Skipping 2019-07-26 19:45: [Errno 2] No such file or directory: '/gws/ssde/j25b/swift/nflics_nowcasts/2019/07/26/1945/Nowcast_201907261945_000.nc'
Skipping 2019-07-27 19:00: [Errno 2] No such file or directory: '/gws/ssde/j25b/swift/nflics_nowcasts/2019/07/27/1900/Nowcast_201907271900_000.nc'
Skipping 2019-07-27 19:15: [Errno 2] No such file or directory: '/gws/ssde/j25b/swift/nflics_nowcasts/2019/07/27/1915/Nowcast_201907271915_000.nc'
Skipping 2019-07-27 19:30: [Errno 2] No such file or directory: '/gws/ssde/j25b/swift/nflics_nowcasts/2019/07/27/1930/Nowcast_201907271930_000.nc'
Skipping 2019-07-27 19:45: [Errno 2] No such file or directory: '/gws/ssde/j25b/swift/nflics_nowcasts/2019/07/27/1945/Nowcast_201907271945_000.nc'
Skipping 2019-07-28 19:00: [Errno 2] No such file or directory: '/gws/ssde/j25b/swift/nflics_nowcasts/2019/07/28/1900/Nowcast_201907281900_000.nc'
Skipping 2019-07-28 19:15: [Errno 2] No such file or directory: '/gws/ssde/j25b/swift/nflics_nowcasts/2019/07/28/1915/Nowcast_201907281915_000.nc'
Skipping 2019-07-28 19:30: [Errno 2] No such file or directory: '/gws/ssde/j25b/swift/nflics_nowcasts/2019/07/28/1930/Nowcast_201907281930_000.nc'
Skipping 2019-07-28 19:45: [Errno 2] No such file or directory: '/gws/ssde/j25b/swift/nflics_nowcasts/2019/07/28/1945/Nowcast_201907281945_000.nc'
Skipping 2019-07-29 19:00: [Errno 2] No such file or directory: '/gws/ssde/j25b/swift/nflics_nowcasts/2019/07/29/1900/Nowcast_201907291900_000.nc'
Skipping 2019-07-29 19:15: [Errno 2] No such file or directory: '/gws/ssde/j25b/swift/nflics_nowcasts/2019/07/29/1915/Nowcast_201907291915_000.nc'
Skipping 2019-07-29 19:30: [Errno 2] No such file or directory: '/gws/ssde/j25b/swift/nflics_nowcasts/2019/07/29/1930/Nowcast_201907291930_000.nc'
Skipping 2019-07-29 19:45: [Errno 2] No such file or directory: '/gws/ssde/j25b/swift/nflics_nowcasts/2019/07/29/1945/Nowcast_201907291945_000.nc'
Skipping 2019-07-30 19:00: [Errno 2] No such file or directory: '/gws/ssde/j25b/swift/nflics_nowcasts/2019/07/30/1900/Nowcast_201907301900_000.nc'
Skipping 2019-07-30 19:15: [Errno 2] No such file or directory: '/gws/ssde/j25b/swift/nflics_nowcasts/2019/07/30/1915/Nowcast_201907301915_000.nc'
Skipping 2019-07-30 19:30: [Errno 2] No such file or directory: '/gws/ssde/j25b/swift/nflics_nowcasts/2019/07/30/1930/Nowcast_201907301930_000.nc'
Skipping 2019-07-30 19:45: [Errno 2] No such file or directory: '/gws/ssde/j25b/swift/nflics_nowcasts/2019/07/30/1945/Nowcast_201907301945_000.nc'
Skipping 2019-07-31 19:00: [Errno 2] No such file or directory: '/gws/ssde/j25b/swift/nflics_nowcasts/2019/07/31/1900/Nowcast_201907311900_000.nc'
Skipping 2019-07-31 19:15: [Errno 2] No such file or directory: '/gws/ssde/j25b/swift/nflics_nowcasts/2019/07/31/1915/Nowcast_201907311915_000.nc'
Skipping 2019-07-31 19:30: [Errno 2] No such file or directory: '/gws/ssde/j25b/swift/nflics_nowcasts/2019/07/31/1930/Nowcast_201907311930_000.nc'
Skipping 2019-07-31 19:45: [Errno 2] No such file or directory: '/gws/ssde/j25b/swift/nflics_nowcasts/2019/07/31/1945/Nowcast_201907311945_000.nc'
All ensemble nowcasts completed on CPU.
======================================================
 Job completed successfully at Sat 29 Nov 12:11:44 GMT 2025
======================================================
