[rank: 0] Seed set to 2025
[rank: 1] Seed set to 2025
[rank: 3] Seed set to 2025
[rank: 2] Seed set to 2025
Using 16bit Automatic Mixed Precision (AMP)
GPU available: True (cuda), used: True
TPU available: False, using: 0 TPU cores
HPU available: False, using: 0 HPUs
Initializing distributed: GLOBAL_RANK: 0, MEMBER: 1/4
----------------------------------------------------------------------------------------------------
distributed_backend=nccl
All distributed processes registered. Starting with 4 processes
----------------------------------------------------------------------------------------------------

Initializing distributed: GLOBAL_RANK: 3, MEMBER: 4/4
Initializing distributed: GLOBAL_RANK: 1, MEMBER: 2/4
Initializing distributed: GLOBAL_RANK: 2, MEMBER: 3/4
wandb: Currently logged in as: mgrakotomanga (mgrakotomanga-university-of-leeds) to https://api.wandb.ai. Use `wandb login --relogin` to force relogin
wandb: Tracking run with wandb version 0.20.1
wandb: Run data is saved locally in ./wandb/run-20251120_123258-3wzwrb2v
wandb: Run `wandb offline` to turn off syncing.
wandb: Syncing run t1_seed2025
wandb: ⭐️ View project at https://wandb.ai/mgrakotomanga-university-of-leeds/western_sahel_latent32
wandb: 🚀 View run at https://wandb.ai/mgrakotomanga-university-of-leeds/western_sahel_latent32/runs/3wzwrb2v
LOCAL_RANK: 0 - CUDA_VISIBLE_DEVICES: [0,1,2,3]
LOCAL_RANK: 2 - CUDA_VISIBLE_DEVICES: [0,1,2,3]
LOCAL_RANK: 3 - CUDA_VISIBLE_DEVICES: [0,1,2,3]
LOCAL_RANK: 1 - CUDA_VISIBLE_DEVICES: [0,1,2,3]

  | Name      | Type          | Params | Mode 
----------------------------------------------------
0 | lstm      | LSTM          | 929 K  | train
1 | map_proj  | Linear        | 16.8 M | train
2 | decoder   | SmoothDecoder | 98.5 K | train
3 | criterion | HybridLoss    | 0      | train
4 | val_auc   | BinaryAUROC   | 0      | train
----------------------------------------------------
17.9 M    Trainable params
0         Non-trainable params
17.9 M    Total params
71.484    Total estimated model params size (MB)
34        Modules in train mode
0         Modules in eval mode
